    esfull(1)=lambdaDelta1[fl1]*lambdaDelta1bar[fl1];
    esfull(2)=lambdaN[fl1]*lambdaNbar[fl1];
    esfull(3)=G[8*p2.p2*pol1.pol2*sSS^2*FourPi^(-2)*I*g1^2*MDelta1^(-2)
   *esfull(1) - 24*p2.p2*pol1.pol2*sSS^2*FourPi^(-2)*I*invepsilonbar*
   g1^2*MDelta1^(-2)*esfull(1) + 8*p2.p3*pol1.pol2*sSS^2*FourPi^(-2)*I*
   g1^2*MDelta1^(-2)*esfull(1) - 24*p2.p3*pol1.pol2*sSS^2*FourPi^(-2)*I
   *invepsilonbar*g1^2*MDelta1^(-2)*esfull(1) + 8*p2.p4*pol1.pol2*sSS^2
   *FourPi^(-2)*I*g1^2*MDelta1^(-2)*esfull(1) - 24*p2.p4*pol1.pol2*
   sSS^2*FourPi^(-2)*I*invepsilonbar*g1^2*MDelta1^(-2)*esfull(1) - 2*
   p2.pol1*p2.pol2*sSS^2*FourPi^(-2)*I*g1^2*MDelta1^(-2)*esfull(1) + 24
   *p2.pol1*p2.pol2*sSS^2*FourPi^(-2)*I*invepsilonbar*g1^2*MDelta1^(-2)
   *esfull(1) - 16*p2.pol1*p3.pol2*sSS^2*FourPi^(-2)*I*g1^2*
   MDelta1^(-2)*esfull(1) + 12*p2.pol1*p3.pol2*sSS^2*FourPi^(-2)*I*
   invepsilonbar*g1^2*MDelta1^(-2)*esfull(1) - 16*p2.pol1*p4.pol2*sSS^2
   *FourPi^(-2)*I*g1^2*MDelta1^(-2)*esfull(1) + 12*p2.pol1*p4.pol2*
   sSS^2*FourPi^(-2)*I*invepsilonbar*g1^2*MDelta1^(-2)*esfull(1) + 14*
   p2.pol2*p3.pol1*sSS^2*FourPi^(-2)*I*g1^2*MDelta1^(-2)*esfull(1) + 12
   *p2.pol2*p3.pol1*sSS^2*FourPi^(-2)*I*invepsilonbar*g1^2*MDelta1^(-2)
   *esfull(1) + 14*p2.pol2*p4.pol1*sSS^2*FourPi^(-2)*I*g1^2*
   MDelta1^(-2)*esfull(1) + 12*p2.pol2*p4.pol1*sSS^2*FourPi^(-2)*I*
   invepsilonbar*g1^2*MDelta1^(-2)*esfull(1) - 8*p3.p3*pol1.pol2*sSS^2*
   FourPi^(-2)*I*g1^2*MDelta1^(-2)*esfull(1) - 12*p3.p3*pol1.pol2*sSS^2
   *FourPi^(-2)*I*invepsilonbar*g1^2*MDelta1^(-2)*esfull(1) - 28*p3.p4*
   pol1.pol2*sSS^2*FourPi^(-2)*I*g1^2*MDelta1^(-2)*esfull(1) - 24*p3.p4
   *pol1.pol2*sSS^2*FourPi^(-2)*I*invepsilonbar*g1^2*MDelta1^(-2)*
   esfull(1) + 20*p3.pol1*p3.pol2*sSS^2*FourPi^(-2)*I*g1^2*MDelta1^(-2)
   *esfull(1) + 12*p3.pol1*p3.pol2*sSS^2*FourPi^(-2)*I*invepsilonbar*
   g1^2*MDelta1^(-2)*esfull(1) + 8*p3.pol1*p4.pol2*sSS^2*FourPi^(-2)*I*
   g1^2*MDelta1^(-2)*esfull(1) + 12*p3.pol1*p4.pol2*sSS^2*FourPi^(-2)*I
   *invepsilonbar*g1^2*MDelta1^(-2)*esfull(1) + 8*p3.pol2*p4.pol1*sSS^2
   *FourPi^(-2)*I*g1^2*MDelta1^(-2)*esfull(1) + 12*p3.pol2*p4.pol1*
   sSS^2*FourPi^(-2)*I*invepsilonbar*g1^2*MDelta1^(-2)*esfull(1) - 8*
   p4.p4*pol1.pol2*sSS^2*FourPi^(-2)*I*g1^2*MDelta1^(-2)*esfull(1) - 12
   *p4.p4*pol1.pol2*sSS^2*FourPi^(-2)*I*invepsilonbar*g1^2*MDelta1^(-2)
   *esfull(1) + 20*p4.pol1*p4.pol2*sSS^2*FourPi^(-2)*I*g1^2*
   MDelta1^(-2)*esfull(1) + 12*p4.pol1*p4.pol2*sSS^2*FourPi^(-2)*I*
   invepsilonbar*g1^2*MDelta1^(-2)*esfull(1) + 9*pol1.pol2*FourPi^(-2)*
   I*g1^2*esfull(1) + 18*pol1.pol2*FourPi^(-2)*I*invepsilonbar*g1^2*
   esfull(1) - 72*e_[p2,p3,pol1,pol2]*sSS^2*FourPi^(-2)*I*g1^2*
   MDelta1^(-2)*esfull(1) + 72*e_[p2,p4,pol1,pol2]*sSS^2*FourPi^(-2)*I*
   g1^2*MDelta1^(-2)*esfull(1) + 24*Log[MDelta1^2]*p2.p2*pol1.pol2*
   sSS^2*FourPi^(-2)*I*g1^2*MDelta1^(-2)*esfull(1) + 24*Log[MDelta1^2]*
   p2.p3*pol1.pol2*sSS^2*FourPi^(-2)*I*g1^2*MDelta1^(-2)*esfull(1) + 24
   *Log[MDelta1^2]*p2.p4*pol1.pol2*sSS^2*FourPi^(-2)*I*g1^2*
   MDelta1^(-2)*esfull(1) - 24*Log[MDelta1^2]*p2.pol1*p2.pol2*sSS^2*
   FourPi^(-2)*I*g1^2*MDelta1^(-2)*esfull(1) - 12*Log[MDelta1^2]*
   p2.pol1*p3.pol2*sSS^2*FourPi^(-2)*I*g1^2*MDelta1^(-2)*esfull(1) - 12
   *Log[MDelta1^2]*p2.pol1*p4.pol2*sSS^2*FourPi^(-2)*I*g1^2*
   MDelta1^(-2)*esfull(1) - 12*Log[MDelta1^2]*p2.pol2*p3.pol1*sSS^2*
   FourPi^(-2)*I*g1^2*MDelta1^(-2)*esfull(1) - 12*Log[MDelta1^2]*
   p2.pol2*p4.pol1*sSS^2*FourPi^(-2)*I*g1^2*MDelta1^(-2)*esfull(1) + 12
   *Log[MDelta1^2]*p3.p3*pol1.pol2*sSS^2*FourPi^(-2)*I*g1^2*
   MDelta1^(-2)*esfull(1) + 24*Log[MDelta1^2]*p3.p4*pol1.pol2*sSS^2*
   FourPi^(-2)*I*g1^2*MDelta1^(-2)*esfull(1) - 12*Log[MDelta1^2]*
   p3.pol1*p3.pol2*sSS^2*FourPi^(-2)*I*g1^2*MDelta1^(-2)*esfull(1) - 12
   *Log[MDelta1^2]*p3.pol1*p4.pol2*sSS^2*FourPi^(-2)*I*g1^2*
   MDelta1^(-2)*esfull(1) - 12*Log[MDelta1^2]*p3.pol2*p4.pol1*sSS^2*
   FourPi^(-2)*I*g1^2*MDelta1^(-2)*esfull(1) + 12*Log[MDelta1^2]*p4.p4*
   pol1.pol2*sSS^2*FourPi^(-2)*I*g1^2*MDelta1^(-2)*esfull(1) - 12*Log[
   MDelta1^2]*p4.pol1*p4.pol2*sSS^2*FourPi^(-2)*I*g1^2*MDelta1^(-2)*
   esfull(1) - 18*Log[MDelta1^2]*pol1.pol2*FourPi^(-2)*I*g1^2*esfull(1)
   ];
    esfull(4)=G[4*p2.p2*pol1.pol2*sSS^2*FourPi^(-2)*I*g1^2*MN^(-2)*
   esfull(2) + 12*p2.p2*pol1.pol2*sSS^2*FourPi^(-2)*I*invepsilonbar*
   g1^2*MN^(-2)*esfull(2) + 4*p2.p3*pol1.pol2*sSS^2*FourPi^(-2)*I*g1^2*
   MN^(-2)*esfull(2) + 12*p2.p3*pol1.pol2*sSS^2*FourPi^(-2)*I*
   invepsilonbar*g1^2*MN^(-2)*esfull(2) + 4*p2.p4*pol1.pol2*sSS^2*
   FourPi^(-2)*I*g1^2*MN^(-2)*esfull(2) + 12*p2.p4*pol1.pol2*sSS^2*
   FourPi^(-2)*I*invepsilonbar*g1^2*MN^(-2)*esfull(2) - 10*p2.pol1*
   p2.pol2*sSS^2*FourPi^(-2)*I*g1^2*MN^(-2)*esfull(2) - 12*p2.pol1*
   p2.pol2*sSS^2*FourPi^(-2)*I*invepsilonbar*g1^2*MN^(-2)*esfull(2) - 5
   *p2.pol1*p3.pol2*sSS^2*FourPi^(-2)*I*g1^2*MN^(-2)*esfull(2) - 6*
   p2.pol1*p3.pol2*sSS^2*FourPi^(-2)*I*invepsilonbar*g1^2*MN^(-2)*
   esfull(2) - 5*p2.pol1*p4.pol2*sSS^2*FourPi^(-2)*I*g1^2*MN^(-2)*
   esfull(2) - 6*p2.pol1*p4.pol2*sSS^2*FourPi^(-2)*I*invepsilonbar*g1^2
   *MN^(-2)*esfull(2) - 5*p2.pol2*p3.pol1*sSS^2*FourPi^(-2)*I*g1^2*
   MN^(-2)*esfull(2) - 6*p2.pol2*p3.pol1*sSS^2*FourPi^(-2)*I*
   invepsilonbar*g1^2*MN^(-2)*esfull(2) - 5*p2.pol2*p4.pol1*sSS^2*
   FourPi^(-2)*I*g1^2*MN^(-2)*esfull(2) - 6*p2.pol2*p4.pol1*sSS^2*
   FourPi^(-2)*I*invepsilonbar*g1^2*MN^(-2)*esfull(2) - p3.p3*pol1.pol2
   *sSS^2*FourPi^(-2)*I*g1^2*MN^(-2)*esfull(2) + 6*p3.p3*pol1.pol2*
   sSS^2*FourPi^(-2)*I*invepsilonbar*g1^2*MN^(-2)*esfull(2) + 10*p3.p4*
   pol1.pol2*sSS^2*FourPi^(-2)*I*g1^2*MN^(-2)*esfull(2) + 12*p3.p4*
   pol1.pol2*sSS^2*FourPi^(-2)*I*invepsilonbar*g1^2*MN^(-2)*esfull(2)
    - 11*p3.pol1*p3.pol2*sSS^2*FourPi^(-2)*I*g1^2*MN^(-2)*esfull(2) - 6
   *p3.pol1*p3.pol2*sSS^2*FourPi^(-2)*I*invepsilonbar*g1^2*MN^(-2)*
   esfull(2) + p3.pol1*p4.pol2*sSS^2*FourPi^(-2)*I*g1^2*MN^(-2)*
   esfull(2) - 6*p3.pol1*p4.pol2*sSS^2*FourPi^(-2)*I*invepsilonbar*g1^2
   *MN^(-2)*esfull(2) + p3.pol2*p4.pol1*sSS^2*FourPi^(-2)*I*g1^2*
   MN^(-2)*esfull(2) - 6*p3.pol2*p4.pol1*sSS^2*FourPi^(-2)*I*
   invepsilonbar*g1^2*MN^(-2)*esfull(2) - p4.p4*pol1.pol2*sSS^2*
   FourPi^(-2)*I*g1^2*MN^(-2)*esfull(2) + 6*p4.p4*pol1.pol2*sSS^2*
   FourPi^(-2)*I*invepsilonbar*g1^2*MN^(-2)*esfull(2) - 11*p4.pol1*
   p4.pol2*sSS^2*FourPi^(-2)*I*g1^2*MN^(-2)*esfull(2) - 6*p4.pol1*
   p4.pol2*sSS^2*FourPi^(-2)*I*invepsilonbar*g1^2*MN^(-2)*esfull(2) - 9
   *pol1.pol2*FourPi^(-2)*I*g1^2*esfull(2) - 18*pol1.pol2*FourPi^(-2)*I
   *invepsilonbar*g1^2*esfull(2) - 18*e_[p2,p3,pol1,pol2]*sSS^2*
   FourPi^(-2)*I*g1^2*MN^(-2)*esfull(2) + 18*e_[p2,p4,pol1,pol2]*sSS^2*
   FourPi^(-2)*I*g1^2*MN^(-2)*esfull(2) + 12*DEN[MN,MDelta1]*p2.p2*
   pol1.pol2*sSS^2*FourPi^(-2)*I*g1^2*lambdaHatNDelta1*
   lambdaHatNDelta1bar - 12*DEN[MN,MDelta1]*p2.p2*pol1.pol2*sSS^2*
   FourPi^(-2)*I*invepsilonbar*g1^2*lambdaHatNDelta1*
   lambdaHatNDelta1bar + 12*DEN[MN,MDelta1]*p2.p3*pol1.pol2*sSS^2*
   FourPi^(-2)*I*g1^2*lambdaHatNDelta1*lambdaHatNDelta1bar - 12*DEN[MN,
   MDelta1]*p2.p3*pol1.pol2*sSS^2*FourPi^(-2)*I*invepsilonbar*g1^2*
   lambdaHatNDelta1*lambdaHatNDelta1bar + 12*DEN[MN,MDelta1]*p2.p4*
   pol1.pol2*sSS^2*FourPi^(-2)*I*g1^2*lambdaHatNDelta1*
   lambdaHatNDelta1bar - 12*DEN[MN,MDelta1]*p2.p4*pol1.pol2*sSS^2*
   FourPi^(-2)*I*invepsilonbar*g1^2*lambdaHatNDelta1*
   lambdaHatNDelta1bar - 12*DEN[MN,MDelta1]*p2.pol1*p2.pol2*sSS^2*
   FourPi^(-2)*I*g1^2*lambdaHatNDelta1*lambdaHatNDelta1bar + 12*DEN[MN,
   MDelta1]*p2.pol1*p2.pol2*sSS^2*FourPi^(-2)*I*invepsilonbar*g1^2*
   lambdaHatNDelta1*lambdaHatNDelta1bar - 12*DEN[MN,MDelta1]*p2.pol1*
   p3.pol2*sSS^2*FourPi^(-2)*I*g1^2*lambdaHatNDelta1*
   lambdaHatNDelta1bar + 6*DEN[MN,MDelta1]*p2.pol1*p3.pol2*sSS^2*
   FourPi^(-2)*I*invepsilonbar*g1^2*lambdaHatNDelta1*
   lambdaHatNDelta1bar - 12*DEN[MN,MDelta1]*p2.pol1*p4.pol2*sSS^2*
   FourPi^(-2)*I*g1^2*lambdaHatNDelta1*lambdaHatNDelta1bar + 6*DEN[MN,
   MDelta1]*p2.pol1*p4.pol2*sSS^2*FourPi^(-2)*I*invepsilonbar*g1^2*
   lambdaHatNDelta1*lambdaHatNDelta1bar + 6*DEN[MN,MDelta1]*p2.pol2*
   p3.pol1*sSS^2*FourPi^(-2)*I*invepsilonbar*g1^2*lambdaHatNDelta1*
   lambdaHatNDelta1bar + 6*DEN[MN,MDelta1]*p2.pol2*p4.pol1*sSS^2*
   FourPi^(-2)*I*invepsilonbar*g1^2*lambdaHatNDelta1*
   lambdaHatNDelta1bar - 6*DEN[MN,MDelta1]*p3.p3*pol1.pol2*sSS^2*
   FourPi^(-2)*I*invepsilonbar*g1^2*lambdaHatNDelta1*
   lambdaHatNDelta1bar - 12*DEN[MN,MDelta1]*p3.p4*pol1.pol2*sSS^2*
   FourPi^(-2)*I*invepsilonbar*g1^2*lambdaHatNDelta1*
   lambdaHatNDelta1bar + 6*DEN[MN,MDelta1]*p3.pol1*p3.pol2*sSS^2*
   FourPi^(-2)*I*invepsilonbar*g1^2*lambdaHatNDelta1*
   lambdaHatNDelta1bar + 6*DEN[MN,MDelta1]*p3.pol1*p4.pol2*sSS^2*
   FourPi^(-2)*I*invepsilonbar*g1^2*lambdaHatNDelta1*
   lambdaHatNDelta1bar + 6*DEN[MN,MDelta1]*p3.pol2*p4.pol1*sSS^2*
   FourPi^(-2)*I*invepsilonbar*g1^2*lambdaHatNDelta1*
   lambdaHatNDelta1bar - 6*DEN[MN,MDelta1]*p4.p4*pol1.pol2*sSS^2*
   FourPi^(-2)*I*invepsilonbar*g1^2*lambdaHatNDelta1*
   lambdaHatNDelta1bar + 6*DEN[MN,MDelta1]*p4.pol1*p4.pol2*sSS^2*
   FourPi^(-2)*I*invepsilonbar*g1^2*lambdaHatNDelta1*
   lambdaHatNDelta1bar + 18*DEN[MN,MDelta1]*e_[p2,p3,pol1,pol2]*sSS^2*
   FourPi^(-2)*I*g1^2*lambdaHatNDelta1*lambdaHatNDelta1bar - 18*DEN[MN,
   MDelta1]*e_[p2,p4,pol1,pol2]*sSS^2*FourPi^(-2)*I*g1^2*
   lambdaHatNDelta1*lambdaHatNDelta1bar - 24*DEN[MN,MDelta1]^2*p2.p2*
   pol1.pol2*sSS^2*FourPi^(-2)*I*invepsilonbar*g1^2*lambdaHatNDelta1*
   MDelta1^2*lambdaHatNDelta1bar - 24*DEN[MN,MDelta1]^2*p2.p3*pol1.pol2
   *sSS^2*FourPi^(-2)*I*invepsilonbar*g1^2*lambdaHatNDelta1*MDelta1^2*
   lambdaHatNDelta1bar - 24*DEN[MN,MDelta1]^2*p2.p4*pol1.pol2*sSS^2*
   FourPi^(-2)*I*invepsilonbar*g1^2*lambdaHatNDelta1*MDelta1^2*
   lambdaHatNDelta1bar + 24*DEN[MN,MDelta1]^2*p2.pol1*p2.pol2*sSS^2*
   FourPi^(-2)*I*invepsilonbar*g1^2*lambdaHatNDelta1*MDelta1^2*
   lambdaHatNDelta1bar + 30*DEN[MN,MDelta1]^2*p2.pol1*p3.pol2*sSS^2*
   FourPi^(-2)*I*invepsilonbar*g1^2*lambdaHatNDelta1*MDelta1^2*
   lambdaHatNDelta1bar + 30*DEN[MN,MDelta1]^2*p2.pol1*p4.pol2*sSS^2*
   FourPi^(-2)*I*invepsilonbar*g1^2*lambdaHatNDelta1*MDelta1^2*
   lambdaHatNDelta1bar - 6*DEN[MN,MDelta1]^2*p2.pol2*p3.pol1*sSS^2*
   FourPi^(-2)*I*invepsilonbar*g1^2*lambdaHatNDelta1*MDelta1^2*
   lambdaHatNDelta1bar - 6*DEN[MN,MDelta1]^2*p2.pol2*p4.pol1*sSS^2*
   FourPi^(-2)*I*invepsilonbar*g1^2*lambdaHatNDelta1*MDelta1^2*
   lambdaHatNDelta1bar + 6*DEN[MN,MDelta1]^2*p3.p3*pol1.pol2*sSS^2*
   FourPi^(-2)*I*invepsilonbar*g1^2*lambdaHatNDelta1*MDelta1^2*
   lambdaHatNDelta1bar + 12*DEN[MN,MDelta1]^2*p3.p4*pol1.pol2*sSS^2*
   FourPi^(-2)*I*invepsilonbar*g1^2*lambdaHatNDelta1*MDelta1^2*
   lambdaHatNDelta1bar - 6*DEN[MN,MDelta1]^2*p3.pol1*p3.pol2*sSS^2*
   FourPi^(-2)*I*invepsilonbar*g1^2*lambdaHatNDelta1*MDelta1^2*
   lambdaHatNDelta1bar - 6*DEN[MN,MDelta1]^2*p3.pol1*p4.pol2*sSS^2*
   FourPi^(-2)*I*invepsilonbar*g1^2*lambdaHatNDelta1*MDelta1^2*
   lambdaHatNDelta1bar - 6*DEN[MN,MDelta1]^2*p3.pol2*p4.pol1*sSS^2*
   FourPi^(-2)*I*invepsilonbar*g1^2*lambdaHatNDelta1*MDelta1^2*
   lambdaHatNDelta1bar + 6*DEN[MN,MDelta1]^2*p4.p4*pol1.pol2*sSS^2*
   FourPi^(-2)*I*invepsilonbar*g1^2*lambdaHatNDelta1*MDelta1^2*
   lambdaHatNDelta1bar - 6*DEN[MN,MDelta1]^2*p4.pol1*p4.pol2*sSS^2*
   FourPi^(-2)*I*invepsilonbar*g1^2*lambdaHatNDelta1*MDelta1^2*
   lambdaHatNDelta1bar - 63*DEN[MN,MDelta1]^2*pol1.pol2*FourPi^(-2)*I*
   g1^2*lambdaHatNDelta1*MDelta1^4*lambdaHatNDelta1bar - 54*DEN[MN,
   MDelta1]^2*pol1.pol2*FourPi^(-2)*I*invepsilonbar*g1^2*
   lambdaHatNDelta1*MDelta1^4*lambdaHatNDelta1bar + 36*DEN[MN,MDelta1]^
   2*e_[p2,p3,pol1,pol2]*sSS^2*FourPi^(-2)*I*g1^2*lambdaHatNDelta1*
   MDelta1^2*lambdaHatNDelta1bar - 36*DEN[MN,MDelta1]^2*e_[p2,p4,pol1,
   pol2]*sSS^2*FourPi^(-2)*I*g1^2*lambdaHatNDelta1*MDelta1^2*
   lambdaHatNDelta1bar - 36*DEN[MN,MDelta1]^3*p2.p2*pol1.pol2*sSS^2*
   FourPi^(-2)*I*g1^2*lambdaHatNDelta1*MDelta1^4*lambdaHatNDelta1bar - 
   36*DEN[MN,MDelta1]^3*p2.p2*pol1.pol2*sSS^2*FourPi^(-2)*I*
   invepsilonbar*g1^2*lambdaHatNDelta1*MDelta1^4*lambdaHatNDelta1bar - 
   36*DEN[MN,MDelta1]^3*p2.p3*pol1.pol2*sSS^2*FourPi^(-2)*I*g1^2*
   lambdaHatNDelta1*MDelta1^4*lambdaHatNDelta1bar - 36*DEN[MN,MDelta1]^
   3*p2.p3*pol1.pol2*sSS^2*FourPi^(-2)*I*invepsilonbar*g1^2*
   lambdaHatNDelta1*MDelta1^4*lambdaHatNDelta1bar - 36*DEN[MN,MDelta1]^
   3*p2.p4*pol1.pol2*sSS^2*FourPi^(-2)*I*g1^2*lambdaHatNDelta1*
   MDelta1^4*lambdaHatNDelta1bar - 36*DEN[MN,MDelta1]^3*p2.p4*pol1.pol2
   *sSS^2*FourPi^(-2)*I*invepsilonbar*g1^2*lambdaHatNDelta1*MDelta1^4*
   lambdaHatNDelta1bar - 54*DEN[MN,MDelta1]^3*p2.pol1*p2.pol2*sSS^2*
   FourPi^(-2)*I*g1^2*lambdaHatNDelta1*MDelta1^4*lambdaHatNDelta1bar - 
   36*DEN[MN,MDelta1]^3*p2.pol1*p2.pol2*sSS^2*FourPi^(-2)*I*
   invepsilonbar*g1^2*lambdaHatNDelta1*MDelta1^4*lambdaHatNDelta1bar + 
   9*DEN[MN,MDelta1]^3*p2.pol1*p3.pol2*sSS^2*FourPi^(-2)*I*g1^2*
   lambdaHatNDelta1*MDelta1^4*lambdaHatNDelta1bar + 18*DEN[MN,MDelta1]^
   3*p2.pol1*p3.pol2*sSS^2*FourPi^(-2)*I*invepsilonbar*g1^2*
   lambdaHatNDelta1*MDelta1^4*lambdaHatNDelta1bar + 9*DEN[MN,MDelta1]^3
   *p2.pol1*p4.pol2*sSS^2*FourPi^(-2)*I*g1^2*lambdaHatNDelta1*MDelta1^4
   *lambdaHatNDelta1bar + 18*DEN[MN,MDelta1]^3*p2.pol1*p4.pol2*sSS^2*
   FourPi^(-2)*I*invepsilonbar*g1^2*lambdaHatNDelta1*MDelta1^4*
   lambdaHatNDelta1bar - 63*DEN[MN,MDelta1]^3*p2.pol2*p3.pol1*sSS^2*
   FourPi^(-2)*I*g1^2*lambdaHatNDelta1*MDelta1^4*lambdaHatNDelta1bar - 
   54*DEN[MN,MDelta1]^3*p2.pol2*p3.pol1*sSS^2*FourPi^(-2)*I*
   invepsilonbar*g1^2*lambdaHatNDelta1*MDelta1^4*lambdaHatNDelta1bar - 
   63*DEN[MN,MDelta1]^3*p2.pol2*p4.pol1*sSS^2*FourPi^(-2)*I*g1^2*
   lambdaHatNDelta1*MDelta1^4*lambdaHatNDelta1bar - 54*DEN[MN,MDelta1]^
   3*p2.pol2*p4.pol1*sSS^2*FourPi^(-2)*I*invepsilonbar*g1^2*
   lambdaHatNDelta1*MDelta1^4*lambdaHatNDelta1bar - 27*DEN[MN,MDelta1]^
   3*p3.p3*pol1.pol2*sSS^2*FourPi^(-2)*I*g1^2*lambdaHatNDelta1*
   MDelta1^4*lambdaHatNDelta1bar - 18*DEN[MN,MDelta1]^3*p3.p3*pol1.pol2
   *sSS^2*FourPi^(-2)*I*g1^2*MN^4*lambdaHatNDelta1*lambdaHatNDelta1bar
    - 18*DEN[MN,MDelta1]^3*p3.p3*pol1.pol2*sSS^2*FourPi^(-2)*I*
   invepsilonbar*g1^2*lambdaHatNDelta1*MDelta1^4*lambdaHatNDelta1bar - 
   18*DEN[MN,MDelta1]^3*p3.p3*pol1.pol2*sSS^2*FourPi^(-2)*I*
   invepsilonbar*g1^2*MN^4*lambdaHatNDelta1*lambdaHatNDelta1bar + 126*
   DEN[MN,MDelta1]^3*p3.p4*pol1.pol2*sSS^2*FourPi^(-2)*I*g1^2*
   lambdaHatNDelta1*MDelta1^4*lambdaHatNDelta1bar + 54*DEN[MN,MDelta1]^
   3*p3.p4*pol1.pol2*sSS^2*FourPi^(-2)*I*g1^2*MN^4*lambdaHatNDelta1*
   lambdaHatNDelta1bar + 108*DEN[MN,MDelta1]^3*p3.p4*pol1.pol2*sSS^2*
   FourPi^(-2)*I*invepsilonbar*g1^2*lambdaHatNDelta1*MDelta1^4*
   lambdaHatNDelta1bar + 36*DEN[MN,MDelta1]^3*p3.p4*pol1.pol2*sSS^2*
   FourPi^(-2)*I*invepsilonbar*g1^2*MN^4*lambdaHatNDelta1*
   lambdaHatNDelta1bar - 153*DEN[MN,MDelta1]^3*p3.pol1*p3.pol2*sSS^2*
   FourPi^(-2)*I*g1^2*lambdaHatNDelta1*MDelta1^4*lambdaHatNDelta1bar + 
   36*DEN[MN,MDelta1]^3*p3.pol1*p3.pol2*sSS^2*FourPi^(-2)*I*g1^2*MN^4*
   lambdaHatNDelta1*lambdaHatNDelta1bar - 126*DEN[MN,MDelta1]^3*p3.pol1
   *p3.pol2*sSS^2*FourPi^(-2)*I*invepsilonbar*g1^2*lambdaHatNDelta1*
   MDelta1^4*lambdaHatNDelta1bar + 36*DEN[MN,MDelta1]^3*p3.pol1*p3.pol2
   *sSS^2*FourPi^(-2)*I*invepsilonbar*g1^2*MN^4*lambdaHatNDelta1*
   lambdaHatNDelta1bar + 27*DEN[MN,MDelta1]^3*p3.pol1*p4.pol2*sSS^2*
   FourPi^(-2)*I*g1^2*lambdaHatNDelta1*MDelta1^4*lambdaHatNDelta1bar - 
   63*DEN[MN,MDelta1]^3*p3.pol1*p4.pol2*sSS^2*FourPi^(-2)*I*g1^2*MN^4*
   lambdaHatNDelta1*lambdaHatNDelta1bar + 18*DEN[MN,MDelta1]^3*p3.pol1*
   p4.pol2*sSS^2*FourPi^(-2)*I*invepsilonbar*g1^2*lambdaHatNDelta1*
   MDelta1^4*lambdaHatNDelta1bar - 54*DEN[MN,MDelta1]^3*p3.pol1*p4.pol2
   *sSS^2*FourPi^(-2)*I*invepsilonbar*g1^2*MN^4*lambdaHatNDelta1*
   lambdaHatNDelta1bar + 27*DEN[MN,MDelta1]^3*p3.pol2*p4.pol1*sSS^2*
   FourPi^(-2)*I*g1^2*lambdaHatNDelta1*MDelta1^4*lambdaHatNDelta1bar - 
   63*DEN[MN,MDelta1]^3*p3.pol2*p4.pol1*sSS^2*FourPi^(-2)*I*g1^2*MN^4*
   lambdaHatNDelta1*lambdaHatNDelta1bar + 18*DEN[MN,MDelta1]^3*p3.pol2*
   p4.pol1*sSS^2*FourPi^(-2)*I*invepsilonbar*g1^2*lambdaHatNDelta1*
   MDelta1^4*lambdaHatNDelta1bar - 54*DEN[MN,MDelta1]^3*p3.pol2*p4.pol1
   *sSS^2*FourPi^(-2)*I*invepsilonbar*g1^2*MN^4*lambdaHatNDelta1*
   lambdaHatNDelta1bar - 27*DEN[MN,MDelta1]^3*p4.p4*pol1.pol2*sSS^2*
   FourPi^(-2)*I*g1^2*lambdaHatNDelta1*MDelta1^4*lambdaHatNDelta1bar - 
   18*DEN[MN,MDelta1]^3*p4.p4*pol1.pol2*sSS^2*FourPi^(-2)*I*g1^2*MN^4*
   lambdaHatNDelta1*lambdaHatNDelta1bar - 18*DEN[MN,MDelta1]^3*p4.p4*
   pol1.pol2*sSS^2*FourPi^(-2)*I*invepsilonbar*g1^2*lambdaHatNDelta1*
   MDelta1^4*lambdaHatNDelta1bar - 18*DEN[MN,MDelta1]^3*p4.p4*pol1.pol2
   *sSS^2*FourPi^(-2)*I*invepsilonbar*g1^2*MN^4*lambdaHatNDelta1*
   lambdaHatNDelta1bar - 153*DEN[MN,MDelta1]^3*p4.pol1*p4.pol2*sSS^2*
   FourPi^(-2)*I*g1^2*lambdaHatNDelta1*MDelta1^4*lambdaHatNDelta1bar + 
   36*DEN[MN,MDelta1]^3*p4.pol1*p4.pol2*sSS^2*FourPi^(-2)*I*g1^2*MN^4*
   lambdaHatNDelta1*lambdaHatNDelta1bar - 126*DEN[MN,MDelta1]^3*p4.pol1
   *p4.pol2*sSS^2*FourPi^(-2)*I*invepsilonbar*g1^2*lambdaHatNDelta1*
   MDelta1^4*lambdaHatNDelta1bar + 36*DEN[MN,MDelta1]^3*p4.pol1*p4.pol2
   *sSS^2*FourPi^(-2)*I*invepsilonbar*g1^2*MN^4*lambdaHatNDelta1*
   lambdaHatNDelta1bar - 54*DEN[MN,MDelta1]^3*pol1.pol2*FourPi^(-2)*I*
   g1^2*lambdaHatNDelta1*MDelta1^6*lambdaHatNDelta1bar + 63*DEN[MN,
   MDelta1]^3*pol1.pol2*FourPi^(-2)*I*g1^2*MN^4*lambdaHatNDelta1*
   MDelta1^2*lambdaHatNDelta1bar - 9*DEN[MN,MDelta1]^3*pol1.pol2*
   FourPi^(-2)*I*g1^2*MN^6*lambdaHatNDelta1*lambdaHatNDelta1bar - 36*
   DEN[MN,MDelta1]^3*pol1.pol2*FourPi^(-2)*I*invepsilonbar*g1^2*
   lambdaHatNDelta1*MDelta1^6*lambdaHatNDelta1bar + 54*DEN[MN,MDelta1]^
   3*pol1.pol2*FourPi^(-2)*I*invepsilonbar*g1^2*MN^4*lambdaHatNDelta1*
   MDelta1^2*lambdaHatNDelta1bar - 18*DEN[MN,MDelta1]^3*pol1.pol2*
   FourPi^(-2)*I*invepsilonbar*g1^2*MN^6*lambdaHatNDelta1*
   lambdaHatNDelta1bar + 18*DEN[MN,MDelta1]^3*e_[p2,p3,pol1,pol2]*sSS^2
   *FourPi^(-2)*I*g1^2*lambdaHatNDelta1*MDelta1^4*lambdaHatNDelta1bar
    + 36*DEN[MN,MDelta1]^3*e_[p2,p3,pol1,pol2]*sSS^2*FourPi^(-2)*I*g1^2
   *MN^4*lambdaHatNDelta1*lambdaHatNDelta1bar + 36*DEN[MN,MDelta1]^3*
   e_[p2,p3,pol1,pol2]*sSS^2*FourPi^(-2)*I*invepsilonbar*g1^2*MN^4*
   lambdaHatNDelta1*lambdaHatNDelta1bar - 18*DEN[MN,MDelta1]^3*e_[p2,p4
   ,pol1,pol2]*sSS^2*FourPi^(-2)*I*g1^2*lambdaHatNDelta1*MDelta1^4*
   lambdaHatNDelta1bar - 36*DEN[MN,MDelta1]^3*e_[p2,p4,pol1,pol2]*sSS^2
   *FourPi^(-2)*I*g1^2*MN^4*lambdaHatNDelta1*lambdaHatNDelta1bar - 36*
   DEN[MN,MDelta1]^3*e_[p2,p4,pol1,pol2]*sSS^2*FourPi^(-2)*I*
   invepsilonbar*g1^2*MN^4*lambdaHatNDelta1*lambdaHatNDelta1bar - 54*
   DEN[MN,MDelta1]^3*e_[p3,p4,pol1,pol2]*sSS^2*FourPi^(-2)*I*g1^2*MN^4*
   lambdaHatNDelta1*lambdaHatNDelta1bar - 36*DEN[MN,MDelta1]^3*e_[p3,p4
   ,pol1,pol2]*sSS^2*FourPi^(-2)*I*invepsilonbar*g1^2*MN^4*
   lambdaHatNDelta1*lambdaHatNDelta1bar - 76*DEN[MN,MDelta1]^4*p2.p2*
   pol1.pol2*sSS^2*FourPi^(-2)*I*g1^2*lambdaHatNDelta1*MDelta1^6*
   lambdaHatNDelta1bar - 36*DEN[MN,MDelta1]^4*p2.p2*pol1.pol2*sSS^2*
   FourPi^(-2)*I*g1^2*MN^4*lambdaHatNDelta1*MDelta1^2*
   lambdaHatNDelta1bar + 36*DEN[MN,MDelta1]^4*p2.p2*pol1.pol2*sSS^2*
   FourPi^(-2)*I*g1^2*MN^6*lambdaHatNDelta1*lambdaHatNDelta1bar - 48*
   DEN[MN,MDelta1]^4*p2.p2*pol1.pol2*sSS^2*FourPi^(-2)*I*invepsilonbar*
   g1^2*lambdaHatNDelta1*MDelta1^6*lambdaHatNDelta1bar - 36*DEN[MN,
   MDelta1]^4*p2.p2*pol1.pol2*sSS^2*FourPi^(-2)*I*invepsilonbar*g1^2*
   MN^4*lambdaHatNDelta1*MDelta1^2*lambdaHatNDelta1bar + 36*DEN[MN,
   MDelta1]^4*p2.p2*pol1.pol2*sSS^2*FourPi^(-2)*I*invepsilonbar*g1^2*
   MN^6*lambdaHatNDelta1*lambdaHatNDelta1bar - 76*DEN[MN,MDelta1]^4*
   p2.p3*pol1.pol2*sSS^2*FourPi^(-2)*I*g1^2*lambdaHatNDelta1*MDelta1^6*
   lambdaHatNDelta1bar - 36*DEN[MN,MDelta1]^4*p2.p3*pol1.pol2*sSS^2*
   FourPi^(-2)*I*g1^2*MN^4*lambdaHatNDelta1*MDelta1^2*
   lambdaHatNDelta1bar + 36*DEN[MN,MDelta1]^4*p2.p3*pol1.pol2*sSS^2*
   FourPi^(-2)*I*g1^2*MN^6*lambdaHatNDelta1*lambdaHatNDelta1bar - 48*
   DEN[MN,MDelta1]^4*p2.p3*pol1.pol2*sSS^2*FourPi^(-2)*I*invepsilonbar*
   g1^2*lambdaHatNDelta1*MDelta1^6*lambdaHatNDelta1bar - 36*DEN[MN,
   MDelta1]^4*p2.p3*pol1.pol2*sSS^2*FourPi^(-2)*I*invepsilonbar*g1^2*
   MN^4*lambdaHatNDelta1*MDelta1^2*lambdaHatNDelta1bar + 36*DEN[MN,
   MDelta1]^4*p2.p3*pol1.pol2*sSS^2*FourPi^(-2)*I*invepsilonbar*g1^2*
   MN^6*lambdaHatNDelta1*lambdaHatNDelta1bar - 76*DEN[MN,MDelta1]^4*
   p2.p4*pol1.pol2*sSS^2*FourPi^(-2)*I*g1^2*lambdaHatNDelta1*MDelta1^6*
   lambdaHatNDelta1bar - 36*DEN[MN,MDelta1]^4*p2.p4*pol1.pol2*sSS^2*
   FourPi^(-2)*I*g1^2*MN^4*lambdaHatNDelta1*MDelta1^2*
   lambdaHatNDelta1bar + 36*DEN[MN,MDelta1]^4*p2.p4*pol1.pol2*sSS^2*
   FourPi^(-2)*I*g1^2*MN^6*lambdaHatNDelta1*lambdaHatNDelta1bar - 48*
   DEN[MN,MDelta1]^4*p2.p4*pol1.pol2*sSS^2*FourPi^(-2)*I*invepsilonbar*
   g1^2*lambdaHatNDelta1*MDelta1^6*lambdaHatNDelta1bar - 36*DEN[MN,
   MDelta1]^4*p2.p4*pol1.pol2*sSS^2*FourPi^(-2)*I*invepsilonbar*g1^2*
   MN^4*lambdaHatNDelta1*MDelta1^2*lambdaHatNDelta1bar + 36*DEN[MN,
   MDelta1]^4*p2.p4*pol1.pol2*sSS^2*FourPi^(-2)*I*invepsilonbar*g1^2*
   MN^6*lambdaHatNDelta1*lambdaHatNDelta1bar - 152*DEN[MN,MDelta1]^4*
   p2.pol1*p2.pol2*sSS^2*FourPi^(-2)*I*g1^2*lambdaHatNDelta1*MDelta1^6*
   lambdaHatNDelta1bar - 54*DEN[MN,MDelta1]^4*p2.pol1*p2.pol2*sSS^2*
   FourPi^(-2)*I*g1^2*MN^4*lambdaHatNDelta1*MDelta1^2*
   lambdaHatNDelta1bar - 54*DEN[MN,MDelta1]^4*p2.pol1*p2.pol2*sSS^2*
   FourPi^(-2)*I*g1^2*MN^6*lambdaHatNDelta1*lambdaHatNDelta1bar - 96*
   DEN[MN,MDelta1]^4*p2.pol1*p2.pol2*sSS^2*FourPi^(-2)*I*invepsilonbar*
   g1^2*lambdaHatNDelta1*MDelta1^6*lambdaHatNDelta1bar - 36*DEN[MN,
   MDelta1]^4*p2.pol1*p2.pol2*sSS^2*FourPi^(-2)*I*invepsilonbar*g1^2*
   MN^4*lambdaHatNDelta1*MDelta1^2*lambdaHatNDelta1bar - 36*DEN[MN,
   MDelta1]^4*p2.pol1*p2.pol2*sSS^2*FourPi^(-2)*I*invepsilonbar*g1^2*
   MN^6*lambdaHatNDelta1*lambdaHatNDelta1bar - 49*DEN[MN,MDelta1]^4*
   p2.pol1*p3.pol2*sSS^2*FourPi^(-2)*I*g1^2*lambdaHatNDelta1*MDelta1^6*
   lambdaHatNDelta1bar - 54*DEN[MN,MDelta1]^4*p2.pol1*p3.pol2*sSS^2*
   FourPi^(-2)*I*g1^2*MN^4*lambdaHatNDelta1*MDelta1^2*
   lambdaHatNDelta1bar - 27*DEN[MN,MDelta1]^4*p2.pol1*p3.pol2*sSS^2*
   FourPi^(-2)*I*g1^2*MN^6*lambdaHatNDelta1*lambdaHatNDelta1bar - 30*
   DEN[MN,MDelta1]^4*p2.pol1*p3.pol2*sSS^2*FourPi^(-2)*I*invepsilonbar*
   g1^2*lambdaHatNDelta1*MDelta1^6*lambdaHatNDelta1bar - 36*DEN[MN,
   MDelta1]^4*p2.pol1*p3.pol2*sSS^2*FourPi^(-2)*I*invepsilonbar*g1^2*
   MN^4*lambdaHatNDelta1*MDelta1^2*lambdaHatNDelta1bar - 18*DEN[MN,
   MDelta1]^4*p2.pol1*p3.pol2*sSS^2*FourPi^(-2)*I*invepsilonbar*g1^2*
   MN^6*lambdaHatNDelta1*lambdaHatNDelta1bar - 49*DEN[MN,MDelta1]^4*
   p2.pol1*p4.pol2*sSS^2*FourPi^(-2)*I*g1^2*lambdaHatNDelta1*MDelta1^6*
   lambdaHatNDelta1bar - 54*DEN[MN,MDelta1]^4*p2.pol1*p4.pol2*sSS^2*
   FourPi^(-2)*I*g1^2*MN^4*lambdaHatNDelta1*MDelta1^2*
   lambdaHatNDelta1bar - 27*DEN[MN,MDelta1]^4*p2.pol1*p4.pol2*sSS^2*
   FourPi^(-2)*I*g1^2*MN^6*lambdaHatNDelta1*lambdaHatNDelta1bar - 30*
   DEN[MN,MDelta1]^4*p2.pol1*p4.pol2*sSS^2*FourPi^(-2)*I*invepsilonbar*
   g1^2*lambdaHatNDelta1*MDelta1^6*lambdaHatNDelta1bar - 36*DEN[MN,
   MDelta1]^4*p2.pol1*p4.pol2*sSS^2*FourPi^(-2)*I*invepsilonbar*g1^2*
   MN^4*lambdaHatNDelta1*MDelta1^2*lambdaHatNDelta1bar - 18*DEN[MN,
   MDelta1]^4*p2.pol1*p4.pol2*sSS^2*FourPi^(-2)*I*invepsilonbar*g1^2*
   MN^6*lambdaHatNDelta1*lambdaHatNDelta1bar - 103*DEN[MN,MDelta1]^4*
   p2.pol2*p3.pol1*sSS^2*FourPi^(-2)*I*g1^2*lambdaHatNDelta1*MDelta1^6*
   lambdaHatNDelta1bar - 27*DEN[MN,MDelta1]^4*p2.pol2*p3.pol1*sSS^2*
   FourPi^(-2)*I*g1^2*MN^6*lambdaHatNDelta1*lambdaHatNDelta1bar - 66*
   DEN[MN,MDelta1]^4*p2.pol2*p3.pol1*sSS^2*FourPi^(-2)*I*invepsilonbar*
   g1^2*lambdaHatNDelta1*MDelta1^6*lambdaHatNDelta1bar - 18*DEN[MN,
   MDelta1]^4*p2.pol2*p3.pol1*sSS^2*FourPi^(-2)*I*invepsilonbar*g1^2*
   MN^6*lambdaHatNDelta1*lambdaHatNDelta1bar - 103*DEN[MN,MDelta1]^4*
   p2.pol2*p4.pol1*sSS^2*FourPi^(-2)*I*g1^2*lambdaHatNDelta1*MDelta1^6*
   lambdaHatNDelta1bar - 27*DEN[MN,MDelta1]^4*p2.pol2*p4.pol1*sSS^2*
   FourPi^(-2)*I*g1^2*MN^6*lambdaHatNDelta1*lambdaHatNDelta1bar - 66*
   DEN[MN,MDelta1]^4*p2.pol2*p4.pol1*sSS^2*FourPi^(-2)*I*invepsilonbar*
   g1^2*lambdaHatNDelta1*MDelta1^6*lambdaHatNDelta1bar - 18*DEN[MN,
   MDelta1]^4*p2.pol2*p4.pol1*sSS^2*FourPi^(-2)*I*invepsilonbar*g1^2*
   MN^6*lambdaHatNDelta1*lambdaHatNDelta1bar - 125*DEN[MN,MDelta1]^4*
   p3.p3*pol1.pol2*sSS^2*FourPi^(-2)*I*g1^2*lambdaHatNDelta1*MDelta1^6*
   lambdaHatNDelta1bar - 108*DEN[MN,MDelta1]^4*p3.p3*pol1.pol2*sSS^2*
   FourPi^(-2)*I*g1^2*MN^4*lambdaHatNDelta1*MDelta1^2*
   lambdaHatNDelta1bar + 81*DEN[MN,MDelta1]^4*p3.p3*pol1.pol2*sSS^2*
   FourPi^(-2)*I*g1^2*MN^6*lambdaHatNDelta1*lambdaHatNDelta1bar - 78*
   DEN[MN,MDelta1]^4*p3.p3*pol1.pol2*sSS^2*FourPi^(-2)*I*invepsilonbar*
   g1^2*lambdaHatNDelta1*MDelta1^6*lambdaHatNDelta1bar - 90*DEN[MN,
   MDelta1]^4*p3.p3*pol1.pol2*sSS^2*FourPi^(-2)*I*invepsilonbar*g1^2*
   MN^4*lambdaHatNDelta1*MDelta1^2*lambdaHatNDelta1bar + 72*DEN[MN,
   MDelta1]^4*p3.p3*pol1.pol2*sSS^2*FourPi^(-2)*I*invepsilonbar*g1^2*
   MN^6*lambdaHatNDelta1*lambdaHatNDelta1bar + 206*DEN[MN,MDelta1]^4*
   p3.p4*pol1.pol2*sSS^2*FourPi^(-2)*I*g1^2*lambdaHatNDelta1*MDelta1^6*
   lambdaHatNDelta1bar + 54*DEN[MN,MDelta1]^4*p3.p4*pol1.pol2*sSS^2*
   FourPi^(-2)*I*g1^2*MN^4*lambdaHatNDelta1*MDelta1^2*
   lambdaHatNDelta1bar - 108*DEN[MN,MDelta1]^4*p3.p4*pol1.pol2*sSS^2*
   FourPi^(-2)*I*g1^2*MN^6*lambdaHatNDelta1*lambdaHatNDelta1bar + 132*
   DEN[MN,MDelta1]^4*p3.p4*pol1.pol2*sSS^2*FourPi^(-2)*I*invepsilonbar*
   g1^2*lambdaHatNDelta1*MDelta1^6*lambdaHatNDelta1bar + 36*DEN[MN,
   MDelta1]^4*p3.p4*pol1.pol2*sSS^2*FourPi^(-2)*I*invepsilonbar*g1^2*
   MN^4*lambdaHatNDelta1*MDelta1^2*lambdaHatNDelta1bar - 72*DEN[MN,
   MDelta1]^4*p3.p4*pol1.pol2*sSS^2*FourPi^(-2)*I*invepsilonbar*g1^2*
   MN^6*lambdaHatNDelta1*lambdaHatNDelta1bar - 331*DEN[MN,MDelta1]^4*
   p3.pol1*p3.pol2*sSS^2*FourPi^(-2)*I*g1^2*lambdaHatNDelta1*MDelta1^6*
   lambdaHatNDelta1bar - 54*DEN[MN,MDelta1]^4*p3.pol1*p3.pol2*sSS^2*
   FourPi^(-2)*I*g1^2*MN^4*lambdaHatNDelta1*MDelta1^2*
   lambdaHatNDelta1bar - 135*DEN[MN,MDelta1]^4*p3.pol1*p3.pol2*sSS^2*
   FourPi^(-2)*I*g1^2*MN^6*lambdaHatNDelta1*lambdaHatNDelta1bar - 210*
   DEN[MN,MDelta1]^4*p3.pol1*p3.pol2*sSS^2*FourPi^(-2)*I*invepsilonbar*
   g1^2*lambdaHatNDelta1*MDelta1^6*lambdaHatNDelta1bar - 36*DEN[MN,
   MDelta1]^4*p3.pol1*p3.pol2*sSS^2*FourPi^(-2)*I*invepsilonbar*g1^2*
   MN^4*lambdaHatNDelta1*MDelta1^2*lambdaHatNDelta1bar - 90*DEN[MN,
   MDelta1]^4*p3.pol1*p3.pol2*sSS^2*FourPi^(-2)*I*invepsilonbar*g1^2*
   MN^6*lambdaHatNDelta1*lambdaHatNDelta1bar + 125*DEN[MN,MDelta1]^4*
   p3.pol1*p4.pol2*sSS^2*FourPi^(-2)*I*g1^2*lambdaHatNDelta1*MDelta1^6*
   lambdaHatNDelta1bar + 27*DEN[MN,MDelta1]^4*p3.pol1*p4.pol2*sSS^2*
   FourPi^(-2)*I*g1^2*MN^4*lambdaHatNDelta1*MDelta1^2*
   lambdaHatNDelta1bar + 108*DEN[MN,MDelta1]^4*p3.pol1*p4.pol2*sSS^2*
   FourPi^(-2)*I*g1^2*MN^6*lambdaHatNDelta1*lambdaHatNDelta1bar + 78*
   DEN[MN,MDelta1]^4*p3.pol1*p4.pol2*sSS^2*FourPi^(-2)*I*invepsilonbar*
   g1^2*lambdaHatNDelta1*MDelta1^6*lambdaHatNDelta1bar + 18*DEN[MN,
   MDelta1]^4*p3.pol1*p4.pol2*sSS^2*FourPi^(-2)*I*invepsilonbar*g1^2*
   MN^4*lambdaHatNDelta1*MDelta1^2*lambdaHatNDelta1bar + 72*DEN[MN,
   MDelta1]^4*p3.pol1*p4.pol2*sSS^2*FourPi^(-2)*I*invepsilonbar*g1^2*
   MN^6*lambdaHatNDelta1*lambdaHatNDelta1bar + 125*DEN[MN,MDelta1]^4*
   p3.pol2*p4.pol1*sSS^2*FourPi^(-2)*I*g1^2*lambdaHatNDelta1*MDelta1^6*
   lambdaHatNDelta1bar + 27*DEN[MN,MDelta1]^4*p3.pol2*p4.pol1*sSS^2*
   FourPi^(-2)*I*g1^2*MN^4*lambdaHatNDelta1*MDelta1^2*
   lambdaHatNDelta1bar + 108*DEN[MN,MDelta1]^4*p3.pol2*p4.pol1*sSS^2*
   FourPi^(-2)*I*g1^2*MN^6*lambdaHatNDelta1*lambdaHatNDelta1bar + 78*
   DEN[MN,MDelta1]^4*p3.pol2*p4.pol1*sSS^2*FourPi^(-2)*I*invepsilonbar*
   g1^2*lambdaHatNDelta1*MDelta1^6*lambdaHatNDelta1bar + 18*DEN[MN,
   MDelta1]^4*p3.pol2*p4.pol1*sSS^2*FourPi^(-2)*I*invepsilonbar*g1^2*
   MN^4*lambdaHatNDelta1*MDelta1^2*lambdaHatNDelta1bar + 72*DEN[MN,
   MDelta1]^4*p3.pol2*p4.pol1*sSS^2*FourPi^(-2)*I*invepsilonbar*g1^2*
   MN^6*lambdaHatNDelta1*lambdaHatNDelta1bar - 125*DEN[MN,MDelta1]^4*
   p4.p4*pol1.pol2*sSS^2*FourPi^(-2)*I*g1^2*lambdaHatNDelta1*MDelta1^6*
   lambdaHatNDelta1bar - 108*DEN[MN,MDelta1]^4*p4.p4*pol1.pol2*sSS^2*
   FourPi^(-2)*I*g1^2*MN^4*lambdaHatNDelta1*MDelta1^2*
   lambdaHatNDelta1bar + 81*DEN[MN,MDelta1]^4*p4.p4*pol1.pol2*sSS^2*
   FourPi^(-2)*I*g1^2*MN^6*lambdaHatNDelta1*lambdaHatNDelta1bar - 78*
   DEN[MN,MDelta1]^4*p4.p4*pol1.pol2*sSS^2*FourPi^(-2)*I*invepsilonbar*
   g1^2*lambdaHatNDelta1*MDelta1^6*lambdaHatNDelta1bar - 90*DEN[MN,
   MDelta1]^4*p4.p4*pol1.pol2*sSS^2*FourPi^(-2)*I*invepsilonbar*g1^2*
   MN^4*lambdaHatNDelta1*MDelta1^2*lambdaHatNDelta1bar + 72*DEN[MN,
   MDelta1]^4*p4.p4*pol1.pol2*sSS^2*FourPi^(-2)*I*invepsilonbar*g1^2*
   MN^6*lambdaHatNDelta1*lambdaHatNDelta1bar - 331*DEN[MN,MDelta1]^4*
   p4.pol1*p4.pol2*sSS^2*FourPi^(-2)*I*g1^2*lambdaHatNDelta1*MDelta1^6*
   lambdaHatNDelta1bar - 54*DEN[MN,MDelta1]^4*p4.pol1*p4.pol2*sSS^2*
   FourPi^(-2)*I*g1^2*MN^4*lambdaHatNDelta1*MDelta1^2*
   lambdaHatNDelta1bar - 135*DEN[MN,MDelta1]^4*p4.pol1*p4.pol2*sSS^2*
   FourPi^(-2)*I*g1^2*MN^6*lambdaHatNDelta1*lambdaHatNDelta1bar - 210*
   DEN[MN,MDelta1]^4*p4.pol1*p4.pol2*sSS^2*FourPi^(-2)*I*invepsilonbar*
   g1^2*lambdaHatNDelta1*MDelta1^6*lambdaHatNDelta1bar - 36*DEN[MN,
   MDelta1]^4*p4.pol1*p4.pol2*sSS^2*FourPi^(-2)*I*invepsilonbar*g1^2*
   MN^4*lambdaHatNDelta1*MDelta1^2*lambdaHatNDelta1bar - 90*DEN[MN,
   MDelta1]^4*p4.pol1*p4.pol2*sSS^2*FourPi^(-2)*I*invepsilonbar*g1^2*
   MN^6*lambdaHatNDelta1*lambdaHatNDelta1bar + 54*DEN[MN,MDelta1]^4*e_[
   p2,p3,pol1,pol2]*sSS^2*FourPi^(-2)*I*g1^2*MN^4*lambdaHatNDelta1*
   MDelta1^2*lambdaHatNDelta1bar - 54*DEN[MN,MDelta1]^4*e_[p2,p3,pol1,
   pol2]*sSS^2*FourPi^(-2)*I*g1^2*MN^6*lambdaHatNDelta1*
   lambdaHatNDelta1bar + 36*DEN[MN,MDelta1]^4*e_[p2,p3,pol1,pol2]*sSS^2
   *FourPi^(-2)*I*invepsilonbar*g1^2*MN^4*lambdaHatNDelta1*MDelta1^2*
   lambdaHatNDelta1bar - 36*DEN[MN,MDelta1]^4*e_[p2,p3,pol1,pol2]*sSS^2
   *FourPi^(-2)*I*invepsilonbar*g1^2*MN^6*lambdaHatNDelta1*
   lambdaHatNDelta1bar - 54*DEN[MN,MDelta1]^4*e_[p2,p4,pol1,pol2]*sSS^2
   *FourPi^(-2)*I*g1^2*MN^4*lambdaHatNDelta1*MDelta1^2*
   lambdaHatNDelta1bar + 54*DEN[MN,MDelta1]^4*e_[p2,p4,pol1,pol2]*sSS^2
   *FourPi^(-2)*I*g1^2*MN^6*lambdaHatNDelta1*lambdaHatNDelta1bar - 36*
   DEN[MN,MDelta1]^4*e_[p2,p4,pol1,pol2]*sSS^2*FourPi^(-2)*I*
   invepsilonbar*g1^2*MN^4*lambdaHatNDelta1*MDelta1^2*
   lambdaHatNDelta1bar + 36*DEN[MN,MDelta1]^4*e_[p2,p4,pol1,pol2]*sSS^2
   *FourPi^(-2)*I*invepsilonbar*g1^2*MN^6*lambdaHatNDelta1*
   lambdaHatNDelta1bar - 54*DEN[MN,MDelta1]^4*e_[p3,p4,pol1,pol2]*sSS^2
   *FourPi^(-2)*I*g1^2*MN^4*lambdaHatNDelta1*MDelta1^2*
   lambdaHatNDelta1bar + 54*DEN[MN,MDelta1]^4*e_[p3,p4,pol1,pol2]*sSS^2
   *FourPi^(-2)*I*g1^2*MN^6*lambdaHatNDelta1*lambdaHatNDelta1bar - 36*
   DEN[MN,MDelta1]^4*e_[p3,p4,pol1,pol2]*sSS^2*FourPi^(-2)*I*
   invepsilonbar*g1^2*MN^4*lambdaHatNDelta1*MDelta1^2*
   lambdaHatNDelta1bar + 36*DEN[MN,MDelta1]^4*e_[p3,p4,pol1,pol2]*sSS^2
   *FourPi^(-2)*I*invepsilonbar*g1^2*MN^6*lambdaHatNDelta1*
   lambdaHatNDelta1bar - 44*DEN[MN,MDelta1]^5*p2.p2*pol1.pol2*sSS^2*
   FourPi^(-2)*I*g1^2*lambdaHatNDelta1*MDelta1^8*lambdaHatNDelta1bar + 
   76*DEN[MN,MDelta1]^5*p2.p2*pol1.pol2*sSS^2*FourPi^(-2)*I*g1^2*MN^6*
   lambdaHatNDelta1*MDelta1^2*lambdaHatNDelta1bar - 32*DEN[MN,MDelta1]^
   5*p2.p2*pol1.pol2*sSS^2*FourPi^(-2)*I*g1^2*MN^8*lambdaHatNDelta1*
   lambdaHatNDelta1bar - 24*DEN[MN,MDelta1]^5*p2.p2*pol1.pol2*sSS^2*
   FourPi^(-2)*I*invepsilonbar*g1^2*lambdaHatNDelta1*MDelta1^8*
   lambdaHatNDelta1bar + 48*DEN[MN,MDelta1]^5*p2.p2*pol1.pol2*sSS^2*
   FourPi^(-2)*I*invepsilonbar*g1^2*MN^6*lambdaHatNDelta1*MDelta1^2*
   lambdaHatNDelta1bar - 24*DEN[MN,MDelta1]^5*p2.p2*pol1.pol2*sSS^2*
   FourPi^(-2)*I*invepsilonbar*g1^2*MN^8*lambdaHatNDelta1*
   lambdaHatNDelta1bar - 44*DEN[MN,MDelta1]^5*p2.p3*pol1.pol2*sSS^2*
   FourPi^(-2)*I*g1^2*lambdaHatNDelta1*MDelta1^8*lambdaHatNDelta1bar + 
   76*DEN[MN,MDelta1]^5*p2.p3*pol1.pol2*sSS^2*FourPi^(-2)*I*g1^2*MN^6*
   lambdaHatNDelta1*MDelta1^2*lambdaHatNDelta1bar - 32*DEN[MN,MDelta1]^
   5*p2.p3*pol1.pol2*sSS^2*FourPi^(-2)*I*g1^2*MN^8*lambdaHatNDelta1*
   lambdaHatNDelta1bar - 24*DEN[MN,MDelta1]^5*p2.p3*pol1.pol2*sSS^2*
   FourPi^(-2)*I*invepsilonbar*g1^2*lambdaHatNDelta1*MDelta1^8*
   lambdaHatNDelta1bar + 48*DEN[MN,MDelta1]^5*p2.p3*pol1.pol2*sSS^2*
   FourPi^(-2)*I*invepsilonbar*g1^2*MN^6*lambdaHatNDelta1*MDelta1^2*
   lambdaHatNDelta1bar - 24*DEN[MN,MDelta1]^5*p2.p3*pol1.pol2*sSS^2*
   FourPi^(-2)*I*invepsilonbar*g1^2*MN^8*lambdaHatNDelta1*
   lambdaHatNDelta1bar - 44*DEN[MN,MDelta1]^5*p2.p4*pol1.pol2*sSS^2*
   FourPi^(-2)*I*g1^2*lambdaHatNDelta1*MDelta1^8*lambdaHatNDelta1bar + 
   76*DEN[MN,MDelta1]^5*p2.p4*pol1.pol2*sSS^2*FourPi^(-2)*I*g1^2*MN^6*
   lambdaHatNDelta1*MDelta1^2*lambdaHatNDelta1bar - 32*DEN[MN,MDelta1]^
   5*p2.p4*pol1.pol2*sSS^2*FourPi^(-2)*I*g1^2*MN^8*lambdaHatNDelta1*
   lambdaHatNDelta1bar - 24*DEN[MN,MDelta1]^5*p2.p4*pol1.pol2*sSS^2*
   FourPi^(-2)*I*invepsilonbar*g1^2*lambdaHatNDelta1*MDelta1^8*
   lambdaHatNDelta1bar + 48*DEN[MN,MDelta1]^5*p2.p4*pol1.pol2*sSS^2*
   FourPi^(-2)*I*invepsilonbar*g1^2*MN^6*lambdaHatNDelta1*MDelta1^2*
   lambdaHatNDelta1bar - 24*DEN[MN,MDelta1]^5*p2.p4*pol1.pol2*sSS^2*
   FourPi^(-2)*I*invepsilonbar*g1^2*MN^8*lambdaHatNDelta1*
   lambdaHatNDelta1bar - 88*DEN[MN,MDelta1]^5*p2.pol1*p2.pol2*sSS^2*
   FourPi^(-2)*I*g1^2*lambdaHatNDelta1*MDelta1^8*lambdaHatNDelta1bar + 
   44*DEN[MN,MDelta1]^5*p2.pol1*p2.pol2*sSS^2*FourPi^(-2)*I*g1^2*MN^6*
   lambdaHatNDelta1*MDelta1^2*lambdaHatNDelta1bar + 44*DEN[MN,MDelta1]^
   5*p2.pol1*p2.pol2*sSS^2*FourPi^(-2)*I*g1^2*MN^8*lambdaHatNDelta1*
   lambdaHatNDelta1bar - 48*DEN[MN,MDelta1]^5*p2.pol1*p2.pol2*sSS^2*
   FourPi^(-2)*I*invepsilonbar*g1^2*lambdaHatNDelta1*MDelta1^8*
   lambdaHatNDelta1bar + 24*DEN[MN,MDelta1]^5*p2.pol1*p2.pol2*sSS^2*
   FourPi^(-2)*I*invepsilonbar*g1^2*MN^6*lambdaHatNDelta1*MDelta1^2*
   lambdaHatNDelta1bar + 24*DEN[MN,MDelta1]^5*p2.pol1*p2.pol2*sSS^2*
   FourPi^(-2)*I*invepsilonbar*g1^2*MN^8*lambdaHatNDelta1*
   lambdaHatNDelta1bar - 44*DEN[MN,MDelta1]^5*p2.pol1*p3.pol2*sSS^2*
   FourPi^(-2)*I*g1^2*lambdaHatNDelta1*MDelta1^8*lambdaHatNDelta1bar + 
   22*DEN[MN,MDelta1]^5*p2.pol1*p3.pol2*sSS^2*FourPi^(-2)*I*g1^2*MN^6*
   lambdaHatNDelta1*MDelta1^2*lambdaHatNDelta1bar + 22*DEN[MN,MDelta1]^
   5*p2.pol1*p3.pol2*sSS^2*FourPi^(-2)*I*g1^2*MN^8*lambdaHatNDelta1*
   lambdaHatNDelta1bar - 24*DEN[MN,MDelta1]^5*p2.pol1*p3.pol2*sSS^2*
   FourPi^(-2)*I*invepsilonbar*g1^2*lambdaHatNDelta1*MDelta1^8*
   lambdaHatNDelta1bar + 12*DEN[MN,MDelta1]^5*p2.pol1*p3.pol2*sSS^2*
   FourPi^(-2)*I*invepsilonbar*g1^2*MN^6*lambdaHatNDelta1*MDelta1^2*
   lambdaHatNDelta1bar + 12*DEN[MN,MDelta1]^5*p2.pol1*p3.pol2*sSS^2*
   FourPi^(-2)*I*invepsilonbar*g1^2*MN^8*lambdaHatNDelta1*
   lambdaHatNDelta1bar - 44*DEN[MN,MDelta1]^5*p2.pol1*p4.pol2*sSS^2*
   FourPi^(-2)*I*g1^2*lambdaHatNDelta1*MDelta1^8*lambdaHatNDelta1bar + 
   22*DEN[MN,MDelta1]^5*p2.pol1*p4.pol2*sSS^2*FourPi^(-2)*I*g1^2*MN^6*
   lambdaHatNDelta1*MDelta1^2*lambdaHatNDelta1bar + 22*DEN[MN,MDelta1]^
   5*p2.pol1*p4.pol2*sSS^2*FourPi^(-2)*I*g1^2*MN^8*lambdaHatNDelta1*
   lambdaHatNDelta1bar - 24*DEN[MN,MDelta1]^5*p2.pol1*p4.pol2*sSS^2*
   FourPi^(-2)*I*invepsilonbar*g1^2*lambdaHatNDelta1*MDelta1^8*
   lambdaHatNDelta1bar + 12*DEN[MN,MDelta1]^5*p2.pol1*p4.pol2*sSS^2*
   FourPi^(-2)*I*invepsilonbar*g1^2*MN^6*lambdaHatNDelta1*MDelta1^2*
   lambdaHatNDelta1bar + 12*DEN[MN,MDelta1]^5*p2.pol1*p4.pol2*sSS^2*
   FourPi^(-2)*I*invepsilonbar*g1^2*MN^8*lambdaHatNDelta1*
   lambdaHatNDelta1bar - 44*DEN[MN,MDelta1]^5*p2.pol2*p3.pol1*sSS^2*
   FourPi^(-2)*I*g1^2*lambdaHatNDelta1*MDelta1^8*lambdaHatNDelta1bar + 
   22*DEN[MN,MDelta1]^5*p2.pol2*p3.pol1*sSS^2*FourPi^(-2)*I*g1^2*MN^6*
   lambdaHatNDelta1*MDelta1^2*lambdaHatNDelta1bar + 22*DEN[MN,MDelta1]^
   5*p2.pol2*p3.pol1*sSS^2*FourPi^(-2)*I*g1^2*MN^8*lambdaHatNDelta1*
   lambdaHatNDelta1bar - 24*DEN[MN,MDelta1]^5*p2.pol2*p3.pol1*sSS^2*
   FourPi^(-2)*I*invepsilonbar*g1^2*lambdaHatNDelta1*MDelta1^8*
   lambdaHatNDelta1bar + 12*DEN[MN,MDelta1]^5*p2.pol2*p3.pol1*sSS^2*
   FourPi^(-2)*I*invepsilonbar*g1^2*MN^6*lambdaHatNDelta1*MDelta1^2*
   lambdaHatNDelta1bar + 12*DEN[MN,MDelta1]^5*p2.pol2*p3.pol1*sSS^2*
   FourPi^(-2)*I*invepsilonbar*g1^2*MN^8*lambdaHatNDelta1*
   lambdaHatNDelta1bar - 44*DEN[MN,MDelta1]^5*p2.pol2*p4.pol1*sSS^2*
   FourPi^(-2)*I*g1^2*lambdaHatNDelta1*MDelta1^8*lambdaHatNDelta1bar + 
   22*DEN[MN,MDelta1]^5*p2.pol2*p4.pol1*sSS^2*FourPi^(-2)*I*g1^2*MN^6*
   lambdaHatNDelta1*MDelta1^2*lambdaHatNDelta1bar + 22*DEN[MN,MDelta1]^
   5*p2.pol2*p4.pol1*sSS^2*FourPi^(-2)*I*g1^2*MN^8*lambdaHatNDelta1*
   lambdaHatNDelta1bar - 24*DEN[MN,MDelta1]^5*p2.pol2*p4.pol1*sSS^2*
   FourPi^(-2)*I*invepsilonbar*g1^2*lambdaHatNDelta1*MDelta1^8*
   lambdaHatNDelta1bar + 12*DEN[MN,MDelta1]^5*p2.pol2*p4.pol1*sSS^2*
   FourPi^(-2)*I*invepsilonbar*g1^2*MN^6*lambdaHatNDelta1*MDelta1^2*
   lambdaHatNDelta1bar + 12*DEN[MN,MDelta1]^5*p2.pol2*p4.pol1*sSS^2*
   FourPi^(-2)*I*invepsilonbar*g1^2*MN^8*lambdaHatNDelta1*
   lambdaHatNDelta1bar - 88*DEN[MN,MDelta1]^5*p3.p3*pol1.pol2*sSS^2*
   FourPi^(-2)*I*g1^2*lambdaHatNDelta1*MDelta1^8*lambdaHatNDelta1bar + 
   152*DEN[MN,MDelta1]^5*p3.p3*pol1.pol2*sSS^2*FourPi^(-2)*I*g1^2*MN^6*
   lambdaHatNDelta1*MDelta1^2*lambdaHatNDelta1bar - 64*DEN[MN,MDelta1]^
   5*p3.p3*pol1.pol2*sSS^2*FourPi^(-2)*I*g1^2*MN^8*lambdaHatNDelta1*
   lambdaHatNDelta1bar - 48*DEN[MN,MDelta1]^5*p3.p3*pol1.pol2*sSS^2*
   FourPi^(-2)*I*invepsilonbar*g1^2*lambdaHatNDelta1*MDelta1^8*
   lambdaHatNDelta1bar + 96*DEN[MN,MDelta1]^5*p3.p3*pol1.pol2*sSS^2*
   FourPi^(-2)*I*invepsilonbar*g1^2*MN^6*lambdaHatNDelta1*MDelta1^2*
   lambdaHatNDelta1bar - 48*DEN[MN,MDelta1]^5*p3.p3*pol1.pol2*sSS^2*
   FourPi^(-2)*I*invepsilonbar*g1^2*MN^8*lambdaHatNDelta1*
   lambdaHatNDelta1bar + 88*DEN[MN,MDelta1]^5*p3.p4*pol1.pol2*sSS^2*
   FourPi^(-2)*I*g1^2*lambdaHatNDelta1*MDelta1^8*lambdaHatNDelta1bar - 
   152*DEN[MN,MDelta1]^5*p3.p4*pol1.pol2*sSS^2*FourPi^(-2)*I*g1^2*MN^6*
   lambdaHatNDelta1*MDelta1^2*lambdaHatNDelta1bar + 64*DEN[MN,MDelta1]^
   5*p3.p4*pol1.pol2*sSS^2*FourPi^(-2)*I*g1^2*MN^8*lambdaHatNDelta1*
   lambdaHatNDelta1bar + 48*DEN[MN,MDelta1]^5*p3.p4*pol1.pol2*sSS^2*
   FourPi^(-2)*I*invepsilonbar*g1^2*lambdaHatNDelta1*MDelta1^8*
   lambdaHatNDelta1bar - 96*DEN[MN,MDelta1]^5*p3.p4*pol1.pol2*sSS^2*
   FourPi^(-2)*I*invepsilonbar*g1^2*MN^6*lambdaHatNDelta1*MDelta1^2*
   lambdaHatNDelta1bar + 48*DEN[MN,MDelta1]^5*p3.p4*pol1.pol2*sSS^2*
   FourPi^(-2)*I*invepsilonbar*g1^2*MN^8*lambdaHatNDelta1*
   lambdaHatNDelta1bar - 176*DEN[MN,MDelta1]^5*p3.pol1*p3.pol2*sSS^2*
   FourPi^(-2)*I*g1^2*lambdaHatNDelta1*MDelta1^8*lambdaHatNDelta1bar + 
   88*DEN[MN,MDelta1]^5*p3.pol1*p3.pol2*sSS^2*FourPi^(-2)*I*g1^2*MN^6*
   lambdaHatNDelta1*MDelta1^2*lambdaHatNDelta1bar + 88*DEN[MN,MDelta1]^
   5*p3.pol1*p3.pol2*sSS^2*FourPi^(-2)*I*g1^2*MN^8*lambdaHatNDelta1*
   lambdaHatNDelta1bar - 96*DEN[MN,MDelta1]^5*p3.pol1*p3.pol2*sSS^2*
   FourPi^(-2)*I*invepsilonbar*g1^2*lambdaHatNDelta1*MDelta1^8*
   lambdaHatNDelta1bar + 48*DEN[MN,MDelta1]^5*p3.pol1*p3.pol2*sSS^2*
   FourPi^(-2)*I*invepsilonbar*g1^2*MN^6*lambdaHatNDelta1*MDelta1^2*
   lambdaHatNDelta1bar + 48*DEN[MN,MDelta1]^5*p3.pol1*p3.pol2*sSS^2*
   FourPi^(-2)*I*invepsilonbar*g1^2*MN^8*lambdaHatNDelta1*
   lambdaHatNDelta1bar + 88*DEN[MN,MDelta1]^5*p3.pol1*p4.pol2*sSS^2*
   FourPi^(-2)*I*g1^2*lambdaHatNDelta1*MDelta1^8*lambdaHatNDelta1bar - 
   44*DEN[MN,MDelta1]^5*p3.pol1*p4.pol2*sSS^2*FourPi^(-2)*I*g1^2*MN^6*
   lambdaHatNDelta1*MDelta1^2*lambdaHatNDelta1bar - 44*DEN[MN,MDelta1]^
   5*p3.pol1*p4.pol2*sSS^2*FourPi^(-2)*I*g1^2*MN^8*lambdaHatNDelta1*
   lambdaHatNDelta1bar + 48*DEN[MN,MDelta1]^5*p3.pol1*p4.pol2*sSS^2*
   FourPi^(-2)*I*invepsilonbar*g1^2*lambdaHatNDelta1*MDelta1^8*
   lambdaHatNDelta1bar - 24*DEN[MN,MDelta1]^5*p3.pol1*p4.pol2*sSS^2*
   FourPi^(-2)*I*invepsilonbar*g1^2*MN^6*lambdaHatNDelta1*MDelta1^2*
   lambdaHatNDelta1bar - 24*DEN[MN,MDelta1]^5*p3.pol1*p4.pol2*sSS^2*
   FourPi^(-2)*I*invepsilonbar*g1^2*MN^8*lambdaHatNDelta1*
   lambdaHatNDelta1bar + 88*DEN[MN,MDelta1]^5*p3.pol2*p4.pol1*sSS^2*
   FourPi^(-2)*I*g1^2*lambdaHatNDelta1*MDelta1^8*lambdaHatNDelta1bar - 
   44*DEN[MN,MDelta1]^5*p3.pol2*p4.pol1*sSS^2*FourPi^(-2)*I*g1^2*MN^6*
   lambdaHatNDelta1*MDelta1^2*lambdaHatNDelta1bar - 44*DEN[MN,MDelta1]^
   5*p3.pol2*p4.pol1*sSS^2*FourPi^(-2)*I*g1^2*MN^8*lambdaHatNDelta1*
   lambdaHatNDelta1bar + 48*DEN[MN,MDelta1]^5*p3.pol2*p4.pol1*sSS^2*
   FourPi^(-2)*I*invepsilonbar*g1^2*lambdaHatNDelta1*MDelta1^8*
   lambdaHatNDelta1bar - 24*DEN[MN,MDelta1]^5*p3.pol2*p4.pol1*sSS^2*
   FourPi^(-2)*I*invepsilonbar*g1^2*MN^6*lambdaHatNDelta1*MDelta1^2*
   lambdaHatNDelta1bar - 24*DEN[MN,MDelta1]^5*p3.pol2*p4.pol1*sSS^2*
   FourPi^(-2)*I*invepsilonbar*g1^2*MN^8*lambdaHatNDelta1*
   lambdaHatNDelta1bar - 88*DEN[MN,MDelta1]^5*p4.p4*pol1.pol2*sSS^2*
   FourPi^(-2)*I*g1^2*lambdaHatNDelta1*MDelta1^8*lambdaHatNDelta1bar + 
   152*DEN[MN,MDelta1]^5*p4.p4*pol1.pol2*sSS^2*FourPi^(-2)*I*g1^2*MN^6*
   lambdaHatNDelta1*MDelta1^2*lambdaHatNDelta1bar - 64*DEN[MN,MDelta1]^
   5*p4.p4*pol1.pol2*sSS^2*FourPi^(-2)*I*g1^2*MN^8*lambdaHatNDelta1*
   lambdaHatNDelta1bar - 48*DEN[MN,MDelta1]^5*p4.p4*pol1.pol2*sSS^2*
   FourPi^(-2)*I*invepsilonbar*g1^2*lambdaHatNDelta1*MDelta1^8*
   lambdaHatNDelta1bar + 96*DEN[MN,MDelta1]^5*p4.p4*pol1.pol2*sSS^2*
   FourPi^(-2)*I*invepsilonbar*g1^2*MN^6*lambdaHatNDelta1*MDelta1^2*
   lambdaHatNDelta1bar - 48*DEN[MN,MDelta1]^5*p4.p4*pol1.pol2*sSS^2*
   FourPi^(-2)*I*invepsilonbar*g1^2*MN^8*lambdaHatNDelta1*
   lambdaHatNDelta1bar - 176*DEN[MN,MDelta1]^5*p4.pol1*p4.pol2*sSS^2*
   FourPi^(-2)*I*g1^2*lambdaHatNDelta1*MDelta1^8*lambdaHatNDelta1bar + 
   88*DEN[MN,MDelta1]^5*p4.pol1*p4.pol2*sSS^2*FourPi^(-2)*I*g1^2*MN^6*
   lambdaHatNDelta1*MDelta1^2*lambdaHatNDelta1bar + 88*DEN[MN,MDelta1]^
   5*p4.pol1*p4.pol2*sSS^2*FourPi^(-2)*I*g1^2*MN^8*lambdaHatNDelta1*
   lambdaHatNDelta1bar - 96*DEN[MN,MDelta1]^5*p4.pol1*p4.pol2*sSS^2*
   FourPi^(-2)*I*invepsilonbar*g1^2*lambdaHatNDelta1*MDelta1^8*
   lambdaHatNDelta1bar + 48*DEN[MN,MDelta1]^5*p4.pol1*p4.pol2*sSS^2*
   FourPi^(-2)*I*invepsilonbar*g1^2*MN^6*lambdaHatNDelta1*MDelta1^2*
   lambdaHatNDelta1bar + 48*DEN[MN,MDelta1]^5*p4.pol1*p4.pol2*sSS^2*
   FourPi^(-2)*I*invepsilonbar*g1^2*MN^8*lambdaHatNDelta1*
   lambdaHatNDelta1bar + 24*DEN[MN,MDelta1]^5*Log[MDelta1^2]*p2.p2*
   pol1.pol2*sSS^2*FourPi^(-2)*I*g1^2*lambdaHatNDelta1*MDelta1^8*
   lambdaHatNDelta1bar + 24*DEN[MN,MDelta1]^5*Log[MDelta1^2]*p2.p3*
   pol1.pol2*sSS^2*FourPi^(-2)*I*g1^2*lambdaHatNDelta1*MDelta1^8*
   lambdaHatNDelta1bar + 24*DEN[MN,MDelta1]^5*Log[MDelta1^2]*p2.p4*
   pol1.pol2*sSS^2*FourPi^(-2)*I*g1^2*lambdaHatNDelta1*MDelta1^8*
   lambdaHatNDelta1bar + 48*DEN[MN,MDelta1]^5*Log[MDelta1^2]*p2.pol1*
   p2.pol2*sSS^2*FourPi^(-2)*I*g1^2*lambdaHatNDelta1*MDelta1^8*
   lambdaHatNDelta1bar + 24*DEN[MN,MDelta1]^5*Log[MDelta1^2]*p2.pol1*
   p3.pol2*sSS^2*FourPi^(-2)*I*g1^2*lambdaHatNDelta1*MDelta1^8*
   lambdaHatNDelta1bar + 24*DEN[MN,MDelta1]^5*Log[MDelta1^2]*p2.pol1*
   p4.pol2*sSS^2*FourPi^(-2)*I*g1^2*lambdaHatNDelta1*MDelta1^8*
   lambdaHatNDelta1bar + 24*DEN[MN,MDelta1]^5*Log[MDelta1^2]*p2.pol2*
   p3.pol1*sSS^2*FourPi^(-2)*I*g1^2*lambdaHatNDelta1*MDelta1^8*
   lambdaHatNDelta1bar + 24*DEN[MN,MDelta1]^5*Log[MDelta1^2]*p2.pol2*
   p4.pol1*sSS^2*FourPi^(-2)*I*g1^2*lambdaHatNDelta1*MDelta1^8*
   lambdaHatNDelta1bar + 48*DEN[MN,MDelta1]^5*Log[MDelta1^2]*p3.p3*
   pol1.pol2*sSS^2*FourPi^(-2)*I*g1^2*lambdaHatNDelta1*MDelta1^8*
   lambdaHatNDelta1bar - 48*DEN[MN,MDelta1]^5*Log[MDelta1^2]*p3.p4*
   pol1.pol2*sSS^2*FourPi^(-2)*I*g1^2*lambdaHatNDelta1*MDelta1^8*
   lambdaHatNDelta1bar + 96*DEN[MN,MDelta1]^5*Log[MDelta1^2]*p3.pol1*
   p3.pol2*sSS^2*FourPi^(-2)*I*g1^2*lambdaHatNDelta1*MDelta1^8*
   lambdaHatNDelta1bar - 48*DEN[MN,MDelta1]^5*Log[MDelta1^2]*p3.pol1*
   p4.pol2*sSS^2*FourPi^(-2)*I*g1^2*lambdaHatNDelta1*MDelta1^8*
   lambdaHatNDelta1bar - 48*DEN[MN,MDelta1]^5*Log[MDelta1^2]*p3.pol2*
   p4.pol1*sSS^2*FourPi^(-2)*I*g1^2*lambdaHatNDelta1*MDelta1^8*
   lambdaHatNDelta1bar + 48*DEN[MN,MDelta1]^5*Log[MDelta1^2]*p4.p4*
   pol1.pol2*sSS^2*FourPi^(-2)*I*g1^2*lambdaHatNDelta1*MDelta1^8*
   lambdaHatNDelta1bar + 96*DEN[MN,MDelta1]^5*Log[MDelta1^2]*p4.pol1*
   p4.pol2*sSS^2*FourPi^(-2)*I*g1^2*lambdaHatNDelta1*MDelta1^8*
   lambdaHatNDelta1bar - 48*DEN[MN,MDelta1]^5*Log[MN^2]*p2.p2*pol1.pol2
   *sSS^2*FourPi^(-2)*I*g1^2*MN^6*lambdaHatNDelta1*MDelta1^2*
   lambdaHatNDelta1bar + 24*DEN[MN,MDelta1]^5*Log[MN^2]*p2.p2*pol1.pol2
   *sSS^2*FourPi^(-2)*I*g1^2*MN^8*lambdaHatNDelta1*lambdaHatNDelta1bar
    - 48*DEN[MN,MDelta1]^5*Log[MN^2]*p2.p3*pol1.pol2*sSS^2*FourPi^(-2)*
   I*g1^2*MN^6*lambdaHatNDelta1*MDelta1^2*lambdaHatNDelta1bar + 24*DEN[
   MN,MDelta1]^5*Log[MN^2]*p2.p3*pol1.pol2*sSS^2*FourPi^(-2)*I*g1^2*
   MN^8*lambdaHatNDelta1*lambdaHatNDelta1bar - 48*DEN[MN,MDelta1]^5*
   Log[MN^2]*p2.p4*pol1.pol2*sSS^2*FourPi^(-2)*I*g1^2*MN^6*
   lambdaHatNDelta1*MDelta1^2*lambdaHatNDelta1bar + 24*DEN[MN,MDelta1]^
   5*Log[MN^2]*p2.p4*pol1.pol2*sSS^2*FourPi^(-2)*I*g1^2*MN^8*
   lambdaHatNDelta1*lambdaHatNDelta1bar - 24*DEN[MN,MDelta1]^5*Log[MN^2
   ]*p2.pol1*p2.pol2*sSS^2*FourPi^(-2)*I*g1^2*MN^6*lambdaHatNDelta1*
   MDelta1^2*lambdaHatNDelta1bar - 24*DEN[MN,MDelta1]^5*Log[MN^2]*
   p2.pol1*p2.pol2*sSS^2*FourPi^(-2)*I*g1^2*MN^8*lambdaHatNDelta1*
   lambdaHatNDelta1bar - 12*DEN[MN,MDelta1]^5*Log[MN^2]*p2.pol1*p3.pol2
   *sSS^2*FourPi^(-2)*I*g1^2*MN^6*lambdaHatNDelta1*MDelta1^2*
   lambdaHatNDelta1bar - 12*DEN[MN,MDelta1]^5*Log[MN^2]*p2.pol1*p3.pol2
   *sSS^2*FourPi^(-2)*I*g1^2*MN^8*lambdaHatNDelta1*lambdaHatNDelta1bar
    - 12*DEN[MN,MDelta1]^5*Log[MN^2]*p2.pol1*p4.pol2*sSS^2*FourPi^(-2)*
   I*g1^2*MN^6*lambdaHatNDelta1*MDelta1^2*lambdaHatNDelta1bar - 12*DEN[
   MN,MDelta1]^5*Log[MN^2]*p2.pol1*p4.pol2*sSS^2*FourPi^(-2)*I*g1^2*
   MN^8*lambdaHatNDelta1*lambdaHatNDelta1bar - 12*DEN[MN,MDelta1]^5*
   Log[MN^2]*p2.pol2*p3.pol1*sSS^2*FourPi^(-2)*I*g1^2*MN^6*
   lambdaHatNDelta1*MDelta1^2*lambdaHatNDelta1bar - 12*DEN[MN,MDelta1]^
   5*Log[MN^2]*p2.pol2*p3.pol1*sSS^2*FourPi^(-2)*I*g1^2*MN^8*
   lambdaHatNDelta1*lambdaHatNDelta1bar - 12*DEN[MN,MDelta1]^5*Log[MN^2
   ]*p2.pol2*p4.pol1*sSS^2*FourPi^(-2)*I*g1^2*MN^6*lambdaHatNDelta1*
   MDelta1^2*lambdaHatNDelta1bar - 12*DEN[MN,MDelta1]^5*Log[MN^2]*
   p2.pol2*p4.pol1*sSS^2*FourPi^(-2)*I*g1^2*MN^8*lambdaHatNDelta1*
   lambdaHatNDelta1bar - 96*DEN[MN,MDelta1]^5*Log[MN^2]*p3.p3*pol1.pol2
   *sSS^2*FourPi^(-2)*I*g1^2*MN^6*lambdaHatNDelta1*MDelta1^2*
   lambdaHatNDelta1bar + 48*DEN[MN,MDelta1]^5*Log[MN^2]*p3.p3*pol1.pol2
   *sSS^2*FourPi^(-2)*I*g1^2*MN^8*lambdaHatNDelta1*lambdaHatNDelta1bar
    + 96*DEN[MN,MDelta1]^5*Log[MN^2]*p3.p4*pol1.pol2*sSS^2*FourPi^(-2)*
   I*g1^2*MN^6*lambdaHatNDelta1*MDelta1^2*lambdaHatNDelta1bar - 48*DEN[
   MN,MDelta1]^5*Log[MN^2]*p3.p4*pol1.pol2*sSS^2*FourPi^(-2)*I*g1^2*
   MN^8*lambdaHatNDelta1*lambdaHatNDelta1bar - 48*DEN[MN,MDelta1]^5*
   Log[MN^2]*p3.pol1*p3.pol2*sSS^2*FourPi^(-2)*I*g1^2*MN^6*
   lambdaHatNDelta1*MDelta1^2*lambdaHatNDelta1bar - 48*DEN[MN,MDelta1]^
   5*Log[MN^2]*p3.pol1*p3.pol2*sSS^2*FourPi^(-2)*I*g1^2*MN^8*
   lambdaHatNDelta1*lambdaHatNDelta1bar + 24*DEN[MN,MDelta1]^5*Log[MN^2
   ]*p3.pol1*p4.pol2*sSS^2*FourPi^(-2)*I*g1^2*MN^6*lambdaHatNDelta1*
   MDelta1^2*lambdaHatNDelta1bar + 24*DEN[MN,MDelta1]^5*Log[MN^2]*
   p3.pol1*p4.pol2*sSS^2*FourPi^(-2)*I*g1^2*MN^8*lambdaHatNDelta1*
   lambdaHatNDelta1bar + 24*DEN[MN,MDelta1]^5*Log[MN^2]*p3.pol2*p4.pol1
   *sSS^2*FourPi^(-2)*I*g1^2*MN^6*lambdaHatNDelta1*MDelta1^2*
   lambdaHatNDelta1bar + 24*DEN[MN,MDelta1]^5*Log[MN^2]*p3.pol2*p4.pol1
   *sSS^2*FourPi^(-2)*I*g1^2*MN^8*lambdaHatNDelta1*lambdaHatNDelta1bar
    - 96*DEN[MN,MDelta1]^5*Log[MN^2]*p4.p4*pol1.pol2*sSS^2*FourPi^(-2)*
   I*g1^2*MN^6*lambdaHatNDelta1*MDelta1^2*lambdaHatNDelta1bar + 48*DEN[
   MN,MDelta1]^5*Log[MN^2]*p4.p4*pol1.pol2*sSS^2*FourPi^(-2)*I*g1^2*
   MN^8*lambdaHatNDelta1*lambdaHatNDelta1bar - 48*DEN[MN,MDelta1]^5*
   Log[MN^2]*p4.pol1*p4.pol2*sSS^2*FourPi^(-2)*I*g1^2*MN^6*
   lambdaHatNDelta1*MDelta1^2*lambdaHatNDelta1bar - 48*DEN[MN,MDelta1]^
   5*Log[MN^2]*p4.pol1*p4.pol2*sSS^2*FourPi^(-2)*I*g1^2*MN^8*
   lambdaHatNDelta1*lambdaHatNDelta1bar + 48*DEN[MN,MDelta1]^4*Log[
   MDelta1^2]*p2.p2*pol1.pol2*sSS^2*FourPi^(-2)*I*g1^2*lambdaHatNDelta1
   *MDelta1^6*lambdaHatNDelta1bar + 48*DEN[MN,MDelta1]^4*Log[MDelta1^2]
   *p2.p3*pol1.pol2*sSS^2*FourPi^(-2)*I*g1^2*lambdaHatNDelta1*MDelta1^6
   *lambdaHatNDelta1bar + 48*DEN[MN,MDelta1]^4*Log[MDelta1^2]*p2.p4*
   pol1.pol2*sSS^2*FourPi^(-2)*I*g1^2*lambdaHatNDelta1*MDelta1^6*
   lambdaHatNDelta1bar + 96*DEN[MN,MDelta1]^4*Log[MDelta1^2]*p2.pol1*
   p2.pol2*sSS^2*FourPi^(-2)*I*g1^2*lambdaHatNDelta1*MDelta1^6*
   lambdaHatNDelta1bar + 30*DEN[MN,MDelta1]^4*Log[MDelta1^2]*p2.pol1*
   p3.pol2*sSS^2*FourPi^(-2)*I*g1^2*lambdaHatNDelta1*MDelta1^6*
   lambdaHatNDelta1bar + 30*DEN[MN,MDelta1]^4*Log[MDelta1^2]*p2.pol1*
   p4.pol2*sSS^2*FourPi^(-2)*I*g1^2*lambdaHatNDelta1*MDelta1^6*
   lambdaHatNDelta1bar + 66*DEN[MN,MDelta1]^4*Log[MDelta1^2]*p2.pol2*
   p3.pol1*sSS^2*FourPi^(-2)*I*g1^2*lambdaHatNDelta1*MDelta1^6*
   lambdaHatNDelta1bar + 66*DEN[MN,MDelta1]^4*Log[MDelta1^2]*p2.pol2*
   p4.pol1*sSS^2*FourPi^(-2)*I*g1^2*lambdaHatNDelta1*MDelta1^6*
   lambdaHatNDelta1bar + 78*DEN[MN,MDelta1]^4*Log[MDelta1^2]*p3.p3*
   pol1.pol2*sSS^2*FourPi^(-2)*I*g1^2*lambdaHatNDelta1*MDelta1^6*
   lambdaHatNDelta1bar - 132*DEN[MN,MDelta1]^4*Log[MDelta1^2]*p3.p4*
   pol1.pol2*sSS^2*FourPi^(-2)*I*g1^2*lambdaHatNDelta1*MDelta1^6*
   lambdaHatNDelta1bar + 210*DEN[MN,MDelta1]^4*Log[MDelta1^2]*p3.pol1*
   p3.pol2*sSS^2*FourPi^(-2)*I*g1^2*lambdaHatNDelta1*MDelta1^6*
   lambdaHatNDelta1bar - 78*DEN[MN,MDelta1]^4*Log[MDelta1^2]*p3.pol1*
   p4.pol2*sSS^2*FourPi^(-2)*I*g1^2*lambdaHatNDelta1*MDelta1^6*
   lambdaHatNDelta1bar - 78*DEN[MN,MDelta1]^4*Log[MDelta1^2]*p3.pol2*
   p4.pol1*sSS^2*FourPi^(-2)*I*g1^2*lambdaHatNDelta1*MDelta1^6*
   lambdaHatNDelta1bar + 78*DEN[MN,MDelta1]^4*Log[MDelta1^2]*p4.p4*
   pol1.pol2*sSS^2*FourPi^(-2)*I*g1^2*lambdaHatNDelta1*MDelta1^6*
   lambdaHatNDelta1bar + 210*DEN[MN,MDelta1]^4*Log[MDelta1^2]*p4.pol1*
   p4.pol2*sSS^2*FourPi^(-2)*I*g1^2*lambdaHatNDelta1*MDelta1^6*
   lambdaHatNDelta1bar + 36*DEN[MN,MDelta1]^4*Log[MN^2]*p2.p2*pol1.pol2
   *sSS^2*FourPi^(-2)*I*g1^2*MN^4*lambdaHatNDelta1*MDelta1^2*
   lambdaHatNDelta1bar - 36*DEN[MN,MDelta1]^4*Log[MN^2]*p2.p2*pol1.pol2
   *sSS^2*FourPi^(-2)*I*g1^2*MN^6*lambdaHatNDelta1*lambdaHatNDelta1bar
    + 36*DEN[MN,MDelta1]^4*Log[MN^2]*p2.p3*pol1.pol2*sSS^2*FourPi^(-2)*
   I*g1^2*MN^4*lambdaHatNDelta1*MDelta1^2*lambdaHatNDelta1bar - 36*DEN[
   MN,MDelta1]^4*Log[MN^2]*p2.p3*pol1.pol2*sSS^2*FourPi^(-2)*I*g1^2*
   MN^6*lambdaHatNDelta1*lambdaHatNDelta1bar + 36*DEN[MN,MDelta1]^4*
   Log[MN^2]*p2.p4*pol1.pol2*sSS^2*FourPi^(-2)*I*g1^2*MN^4*
   lambdaHatNDelta1*MDelta1^2*lambdaHatNDelta1bar - 36*DEN[MN,MDelta1]^
   4*Log[MN^2]*p2.p4*pol1.pol2*sSS^2*FourPi^(-2)*I*g1^2*MN^6*
   lambdaHatNDelta1*lambdaHatNDelta1bar + 36*DEN[MN,MDelta1]^4*Log[MN^2
   ]*p2.pol1*p2.pol2*sSS^2*FourPi^(-2)*I*g1^2*MN^4*lambdaHatNDelta1*
   MDelta1^2*lambdaHatNDelta1bar + 36*DEN[MN,MDelta1]^4*Log[MN^2]*
   p2.pol1*p2.pol2*sSS^2*FourPi^(-2)*I*g1^2*MN^6*lambdaHatNDelta1*
   lambdaHatNDelta1bar + 36*DEN[MN,MDelta1]^4*Log[MN^2]*p2.pol1*p3.pol2
   *sSS^2*FourPi^(-2)*I*g1^2*MN^4*lambdaHatNDelta1*MDelta1^2*
   lambdaHatNDelta1bar + 18*DEN[MN,MDelta1]^4*Log[MN^2]*p2.pol1*p3.pol2
   *sSS^2*FourPi^(-2)*I*g1^2*MN^6*lambdaHatNDelta1*lambdaHatNDelta1bar
    + 36*DEN[MN,MDelta1]^4*Log[MN^2]*p2.pol1*p4.pol2*sSS^2*FourPi^(-2)*
   I*g1^2*MN^4*lambdaHatNDelta1*MDelta1^2*lambdaHatNDelta1bar + 18*DEN[
   MN,MDelta1]^4*Log[MN^2]*p2.pol1*p4.pol2*sSS^2*FourPi^(-2)*I*g1^2*
   MN^6*lambdaHatNDelta1*lambdaHatNDelta1bar + 18*DEN[MN,MDelta1]^4*
   Log[MN^2]*p2.pol2*p3.pol1*sSS^2*FourPi^(-2)*I*g1^2*MN^6*
   lambdaHatNDelta1*lambdaHatNDelta1bar + 18*DEN[MN,MDelta1]^4*Log[MN^2
   ]*p2.pol2*p4.pol1*sSS^2*FourPi^(-2)*I*g1^2*MN^6*lambdaHatNDelta1*
   lambdaHatNDelta1bar + 90*DEN[MN,MDelta1]^4*Log[MN^2]*p3.p3*pol1.pol2
   *sSS^2*FourPi^(-2)*I*g1^2*MN^4*lambdaHatNDelta1*MDelta1^2*
   lambdaHatNDelta1bar - 72*DEN[MN,MDelta1]^4*Log[MN^2]*p3.p3*pol1.pol2
   *sSS^2*FourPi^(-2)*I*g1^2*MN^6*lambdaHatNDelta1*lambdaHatNDelta1bar
    - 36*DEN[MN,MDelta1]^4*Log[MN^2]*p3.p4*pol1.pol2*sSS^2*FourPi^(-2)*
   I*g1^2*MN^4*lambdaHatNDelta1*MDelta1^2*lambdaHatNDelta1bar + 72*DEN[
   MN,MDelta1]^4*Log[MN^2]*p3.p4*pol1.pol2*sSS^2*FourPi^(-2)*I*g1^2*
   MN^6*lambdaHatNDelta1*lambdaHatNDelta1bar + 36*DEN[MN,MDelta1]^4*
   Log[MN^2]*p3.pol1*p3.pol2*sSS^2*FourPi^(-2)*I*g1^2*MN^4*
   lambdaHatNDelta1*MDelta1^2*lambdaHatNDelta1bar + 90*DEN[MN,MDelta1]^
   4*Log[MN^2]*p3.pol1*p3.pol2*sSS^2*FourPi^(-2)*I*g1^2*MN^6*
   lambdaHatNDelta1*lambdaHatNDelta1bar - 18*DEN[MN,MDelta1]^4*Log[MN^2
   ]*p3.pol1*p4.pol2*sSS^2*FourPi^(-2)*I*g1^2*MN^4*lambdaHatNDelta1*
   MDelta1^2*lambdaHatNDelta1bar - 72*DEN[MN,MDelta1]^4*Log[MN^2]*
   p3.pol1*p4.pol2*sSS^2*FourPi^(-2)*I*g1^2*MN^6*lambdaHatNDelta1*
   lambdaHatNDelta1bar - 18*DEN[MN,MDelta1]^4*Log[MN^2]*p3.pol2*p4.pol1
   *sSS^2*FourPi^(-2)*I*g1^2*MN^4*lambdaHatNDelta1*MDelta1^2*
   lambdaHatNDelta1bar - 72*DEN[MN,MDelta1]^4*Log[MN^2]*p3.pol2*p4.pol1
   *sSS^2*FourPi^(-2)*I*g1^2*MN^6*lambdaHatNDelta1*lambdaHatNDelta1bar
    + 90*DEN[MN,MDelta1]^4*Log[MN^2]*p4.p4*pol1.pol2*sSS^2*FourPi^(-2)*
   I*g1^2*MN^4*lambdaHatNDelta1*MDelta1^2*lambdaHatNDelta1bar - 72*DEN[
   MN,MDelta1]^4*Log[MN^2]*p4.p4*pol1.pol2*sSS^2*FourPi^(-2)*I*g1^2*
   MN^6*lambdaHatNDelta1*lambdaHatNDelta1bar + 36*DEN[MN,MDelta1]^4*
   Log[MN^2]*p4.pol1*p4.pol2*sSS^2*FourPi^(-2)*I*g1^2*MN^4*
   lambdaHatNDelta1*MDelta1^2*lambdaHatNDelta1bar + 90*DEN[MN,MDelta1]^
   4*Log[MN^2]*p4.pol1*p4.pol2*sSS^2*FourPi^(-2)*I*g1^2*MN^6*
   lambdaHatNDelta1*lambdaHatNDelta1bar - 36*DEN[MN,MDelta1]^4*Log[MN^2
   ]*e_[p2,p3,pol1,pol2]*sSS^2*FourPi^(-2)*I*g1^2*MN^4*lambdaHatNDelta1
   *MDelta1^2*lambdaHatNDelta1bar + 36*DEN[MN,MDelta1]^4*Log[MN^2]*e_[
   p2,p3,pol1,pol2]*sSS^2*FourPi^(-2)*I*g1^2*MN^6*lambdaHatNDelta1*
   lambdaHatNDelta1bar + 36*DEN[MN,MDelta1]^4*Log[MN^2]*e_[p2,p4,pol1,
   pol2]*sSS^2*FourPi^(-2)*I*g1^2*MN^4*lambdaHatNDelta1*MDelta1^2*
   lambdaHatNDelta1bar - 36*DEN[MN,MDelta1]^4*Log[MN^2]*e_[p2,p4,pol1,
   pol2]*sSS^2*FourPi^(-2)*I*g1^2*MN^6*lambdaHatNDelta1*
   lambdaHatNDelta1bar + 36*DEN[MN,MDelta1]^4*Log[MN^2]*e_[p3,p4,pol1,
   pol2]*sSS^2*FourPi^(-2)*I*g1^2*MN^4*lambdaHatNDelta1*MDelta1^2*
   lambdaHatNDelta1bar - 36*DEN[MN,MDelta1]^4*Log[MN^2]*e_[p3,p4,pol1,
   pol2]*sSS^2*FourPi^(-2)*I*g1^2*MN^6*lambdaHatNDelta1*
   lambdaHatNDelta1bar + 36*DEN[MN,MDelta1]^3*Log[MDelta1^2]*p2.p2*
   pol1.pol2*sSS^2*FourPi^(-2)*I*g1^2*lambdaHatNDelta1*MDelta1^4*
   lambdaHatNDelta1bar + 36*DEN[MN,MDelta1]^3*Log[MDelta1^2]*p2.p3*
   pol1.pol2*sSS^2*FourPi^(-2)*I*g1^2*lambdaHatNDelta1*MDelta1^4*
   lambdaHatNDelta1bar + 36*DEN[MN,MDelta1]^3*Log[MDelta1^2]*p2.p4*
   pol1.pol2*sSS^2*FourPi^(-2)*I*g1^2*lambdaHatNDelta1*MDelta1^4*
   lambdaHatNDelta1bar + 36*DEN[MN,MDelta1]^3*Log[MDelta1^2]*p2.pol1*
   p2.pol2*sSS^2*FourPi^(-2)*I*g1^2*lambdaHatNDelta1*MDelta1^4*
   lambdaHatNDelta1bar - 18*DEN[MN,MDelta1]^3*Log[MDelta1^2]*p2.pol1*
   p3.pol2*sSS^2*FourPi^(-2)*I*g1^2*lambdaHatNDelta1*MDelta1^4*
   lambdaHatNDelta1bar - 18*DEN[MN,MDelta1]^3*Log[MDelta1^2]*p2.pol1*
   p4.pol2*sSS^2*FourPi^(-2)*I*g1^2*lambdaHatNDelta1*MDelta1^4*
   lambdaHatNDelta1bar + 54*DEN[MN,MDelta1]^3*Log[MDelta1^2]*p2.pol2*
   p3.pol1*sSS^2*FourPi^(-2)*I*g1^2*lambdaHatNDelta1*MDelta1^4*
   lambdaHatNDelta1bar + 54*DEN[MN,MDelta1]^3*Log[MDelta1^2]*p2.pol2*
   p4.pol1*sSS^2*FourPi^(-2)*I*g1^2*lambdaHatNDelta1*MDelta1^4*
   lambdaHatNDelta1bar + 18*DEN[MN,MDelta1]^3*Log[MDelta1^2]*p3.p3*
   pol1.pol2*sSS^2*FourPi^(-2)*I*g1^2*lambdaHatNDelta1*MDelta1^4*
   lambdaHatNDelta1bar - 108*DEN[MN,MDelta1]^3*Log[MDelta1^2]*p3.p4*
   pol1.pol2*sSS^2*FourPi^(-2)*I*g1^2*lambdaHatNDelta1*MDelta1^4*
   lambdaHatNDelta1bar + 126*DEN[MN,MDelta1]^3*Log[MDelta1^2]*p3.pol1*
   p3.pol2*sSS^2*FourPi^(-2)*I*g1^2*lambdaHatNDelta1*MDelta1^4*
   lambdaHatNDelta1bar - 18*DEN[MN,MDelta1]^3*Log[MDelta1^2]*p3.pol1*
   p4.pol2*sSS^2*FourPi^(-2)*I*g1^2*lambdaHatNDelta1*MDelta1^4*
   lambdaHatNDelta1bar - 18*DEN[MN,MDelta1]^3*Log[MDelta1^2]*p3.pol2*
   p4.pol1*sSS^2*FourPi^(-2)*I*g1^2*lambdaHatNDelta1*MDelta1^4*
   lambdaHatNDelta1bar + 18*DEN[MN,MDelta1]^3*Log[MDelta1^2]*p4.p4*
   pol1.pol2*sSS^2*FourPi^(-2)*I*g1^2*lambdaHatNDelta1*MDelta1^4*
   lambdaHatNDelta1bar + 126*DEN[MN,MDelta1]^3*Log[MDelta1^2]*p4.pol1*
   p4.pol2*sSS^2*FourPi^(-2)*I*g1^2*lambdaHatNDelta1*MDelta1^4*
   lambdaHatNDelta1bar + 36*DEN[MN,MDelta1]^3*Log[MDelta1^2]*pol1.pol2*
   FourPi^(-2)*I*g1^2*lambdaHatNDelta1*MDelta1^6*lambdaHatNDelta1bar + 
   18*DEN[MN,MDelta1]^3*Log[MN^2]*p3.p3*pol1.pol2*sSS^2*FourPi^(-2)*I*
   g1^2*MN^4*lambdaHatNDelta1*lambdaHatNDelta1bar - 36*DEN[MN,MDelta1]^
   3*Log[MN^2]*p3.p4*pol1.pol2*sSS^2*FourPi^(-2)*I*g1^2*MN^4*
   lambdaHatNDelta1*lambdaHatNDelta1bar - 36*DEN[MN,MDelta1]^3*Log[MN^2
   ]*p3.pol1*p3.pol2*sSS^2*FourPi^(-2)*I*g1^2*MN^4*lambdaHatNDelta1*
   lambdaHatNDelta1bar + 54*DEN[MN,MDelta1]^3*Log[MN^2]*p3.pol1*p4.pol2
   *sSS^2*FourPi^(-2)*I*g1^2*MN^4*lambdaHatNDelta1*lambdaHatNDelta1bar
    + 54*DEN[MN,MDelta1]^3*Log[MN^2]*p3.pol2*p4.pol1*sSS^2*FourPi^(-2)*
   I*g1^2*MN^4*lambdaHatNDelta1*lambdaHatNDelta1bar + 18*DEN[MN,MDelta1
   ]^3*Log[MN^2]*p4.p4*pol1.pol2*sSS^2*FourPi^(-2)*I*g1^2*MN^4*
   lambdaHatNDelta1*lambdaHatNDelta1bar - 36*DEN[MN,MDelta1]^3*Log[MN^2
   ]*p4.pol1*p4.pol2*sSS^2*FourPi^(-2)*I*g1^2*MN^4*lambdaHatNDelta1*
   lambdaHatNDelta1bar - 54*DEN[MN,MDelta1]^3*Log[MN^2]*pol1.pol2*
   FourPi^(-2)*I*g1^2*MN^4*lambdaHatNDelta1*MDelta1^2*
   lambdaHatNDelta1bar + 18*DEN[MN,MDelta1]^3*Log[MN^2]*pol1.pol2*
   FourPi^(-2)*I*g1^2*MN^6*lambdaHatNDelta1*lambdaHatNDelta1bar - 36*
   DEN[MN,MDelta1]^3*Log[MN^2]*e_[p2,p3,pol1,pol2]*sSS^2*FourPi^(-2)*I*
   g1^2*MN^4*lambdaHatNDelta1*lambdaHatNDelta1bar + 36*DEN[MN,MDelta1]^
   3*Log[MN^2]*e_[p2,p4,pol1,pol2]*sSS^2*FourPi^(-2)*I*g1^2*MN^4*
   lambdaHatNDelta1*lambdaHatNDelta1bar + 36*DEN[MN,MDelta1]^3*Log[MN^2
   ]*e_[p3,p4,pol1,pol2]*sSS^2*FourPi^(-2)*I*g1^2*MN^4*lambdaHatNDelta1
   *lambdaHatNDelta1bar + 24*DEN[MN,MDelta1]^2*Log[MDelta1^2]*p2.p2*
   pol1.pol2*sSS^2*FourPi^(-2)*I*g1^2*lambdaHatNDelta1*MDelta1^2*
   lambdaHatNDelta1bar + 24*DEN[MN,MDelta1]^2*Log[MDelta1^2]*p2.p3*
   pol1.pol2*sSS^2*FourPi^(-2)*I*g1^2*lambdaHatNDelta1*MDelta1^2*
   lambdaHatNDelta1bar + 24*DEN[MN,MDelta1]^2*Log[MDelta1^2]*p2.p4*
   pol1.pol2*sSS^2*FourPi^(-2)*I*g1^2*lambdaHatNDelta1*MDelta1^2*
   lambdaHatNDelta1bar - 24*DEN[MN,MDelta1]^2*Log[MDelta1^2]*p2.pol1*
   p2.pol2*sSS^2*FourPi^(-2)*I*g1^2*lambdaHatNDelta1*MDelta1^2*
   lambdaHatNDelta1bar - 30*DEN[MN,MDelta1]^2*Log[MDelta1^2]*p2.pol1*
   p3.pol2*sSS^2*FourPi^(-2)*I*g1^2*lambdaHatNDelta1*MDelta1^2*
   lambdaHatNDelta1bar - 30*DEN[MN,MDelta1]^2*Log[MDelta1^2]*p2.pol1*
   p4.pol2*sSS^2*FourPi^(-2)*I*g1^2*lambdaHatNDelta1*MDelta1^2*
   lambdaHatNDelta1bar + 6*DEN[MN,MDelta1]^2*Log[MDelta1^2]*p2.pol2*
   p3.pol1*sSS^2*FourPi^(-2)*I*g1^2*lambdaHatNDelta1*MDelta1^2*
   lambdaHatNDelta1bar + 6*DEN[MN,MDelta1]^2*Log[MDelta1^2]*p2.pol2*
   p4.pol1*sSS^2*FourPi^(-2)*I*g1^2*lambdaHatNDelta1*MDelta1^2*
   lambdaHatNDelta1bar - 6*DEN[MN,MDelta1]^2*Log[MDelta1^2]*p3.p3*
   pol1.pol2*sSS^2*FourPi^(-2)*I*g1^2*lambdaHatNDelta1*MDelta1^2*
   lambdaHatNDelta1bar - 12*DEN[MN,MDelta1]^2*Log[MDelta1^2]*p3.p4*
   pol1.pol2*sSS^2*FourPi^(-2)*I*g1^2*lambdaHatNDelta1*MDelta1^2*
   lambdaHatNDelta1bar + 6*DEN[MN,MDelta1]^2*Log[MDelta1^2]*p3.pol1*
   p3.pol2*sSS^2*FourPi^(-2)*I*g1^2*lambdaHatNDelta1*MDelta1^2*
   lambdaHatNDelta1bar + 6*DEN[MN,MDelta1]^2*Log[MDelta1^2]*p3.pol1*
   p4.pol2*sSS^2*FourPi^(-2)*I*g1^2*lambdaHatNDelta1*MDelta1^2*
   lambdaHatNDelta1bar + 6*DEN[MN,MDelta1]^2*Log[MDelta1^2]*p3.pol2*
   p4.pol1*sSS^2*FourPi^(-2)*I*g1^2*lambdaHatNDelta1*MDelta1^2*
   lambdaHatNDelta1bar - 6*DEN[MN,MDelta1]^2*Log[MDelta1^2]*p4.p4*
   pol1.pol2*sSS^2*FourPi^(-2)*I*g1^2*lambdaHatNDelta1*MDelta1^2*
   lambdaHatNDelta1bar + 6*DEN[MN,MDelta1]^2*Log[MDelta1^2]*p4.pol1*
   p4.pol2*sSS^2*FourPi^(-2)*I*g1^2*lambdaHatNDelta1*MDelta1^2*
   lambdaHatNDelta1bar + 54*DEN[MN,MDelta1]^2*Log[MDelta1^2]*pol1.pol2*
   FourPi^(-2)*I*g1^2*lambdaHatNDelta1*MDelta1^4*lambdaHatNDelta1bar + 
   12*DEN[MN,MDelta1]*Log[MDelta1^2]*p2.p2*pol1.pol2*sSS^2*FourPi^(-2)*
   I*g1^2*lambdaHatNDelta1*lambdaHatNDelta1bar + 12*DEN[MN,MDelta1]*
   Log[MDelta1^2]*p2.p3*pol1.pol2*sSS^2*FourPi^(-2)*I*g1^2*
   lambdaHatNDelta1*lambdaHatNDelta1bar + 12*DEN[MN,MDelta1]*Log[
   MDelta1^2]*p2.p4*pol1.pol2*sSS^2*FourPi^(-2)*I*g1^2*lambdaHatNDelta1
   *lambdaHatNDelta1bar - 12*DEN[MN,MDelta1]*Log[MDelta1^2]*p2.pol1*
   p2.pol2*sSS^2*FourPi^(-2)*I*g1^2*lambdaHatNDelta1*
   lambdaHatNDelta1bar - 6*DEN[MN,MDelta1]*Log[MDelta1^2]*p2.pol1*
   p3.pol2*sSS^2*FourPi^(-2)*I*g1^2*lambdaHatNDelta1*
   lambdaHatNDelta1bar - 6*DEN[MN,MDelta1]*Log[MDelta1^2]*p2.pol1*
   p4.pol2*sSS^2*FourPi^(-2)*I*g1^2*lambdaHatNDelta1*
   lambdaHatNDelta1bar - 6*DEN[MN,MDelta1]*Log[MDelta1^2]*p2.pol2*
   p3.pol1*sSS^2*FourPi^(-2)*I*g1^2*lambdaHatNDelta1*
   lambdaHatNDelta1bar - 6*DEN[MN,MDelta1]*Log[MDelta1^2]*p2.pol2*
   p4.pol1*sSS^2*FourPi^(-2)*I*g1^2*lambdaHatNDelta1*
   lambdaHatNDelta1bar + 6*DEN[MN,MDelta1]*Log[MDelta1^2]*p3.p3*
   pol1.pol2*sSS^2*FourPi^(-2)*I*g1^2*lambdaHatNDelta1*
   lambdaHatNDelta1bar + 12*DEN[MN,MDelta1]*Log[MDelta1^2]*p3.p4*
   pol1.pol2*sSS^2*FourPi^(-2)*I*g1^2*lambdaHatNDelta1*
   lambdaHatNDelta1bar - 6*DEN[MN,MDelta1]*Log[MDelta1^2]*p3.pol1*
   p3.pol2*sSS^2*FourPi^(-2)*I*g1^2*lambdaHatNDelta1*
   lambdaHatNDelta1bar - 6*DEN[MN,MDelta1]*Log[MDelta1^2]*p3.pol1*
   p4.pol2*sSS^2*FourPi^(-2)*I*g1^2*lambdaHatNDelta1*
   lambdaHatNDelta1bar - 6*DEN[MN,MDelta1]*Log[MDelta1^2]*p3.pol2*
   p4.pol1*sSS^2*FourPi^(-2)*I*g1^2*lambdaHatNDelta1*
   lambdaHatNDelta1bar + 6*DEN[MN,MDelta1]*Log[MDelta1^2]*p4.p4*
   pol1.pol2*sSS^2*FourPi^(-2)*I*g1^2*lambdaHatNDelta1*
   lambdaHatNDelta1bar - 6*DEN[MN,MDelta1]*Log[MDelta1^2]*p4.pol1*
   p4.pol2*sSS^2*FourPi^(-2)*I*g1^2*lambdaHatNDelta1*
   lambdaHatNDelta1bar - 12*Log[MN^2]*p2.p2*pol1.pol2*sSS^2*FourPi^(-2)
   *I*g1^2*MN^(-2)*esfull(2) - 12*Log[MN^2]*p2.p3*pol1.pol2*sSS^2*
   FourPi^(-2)*I*g1^2*MN^(-2)*esfull(2) - 12*Log[MN^2]*p2.p4*pol1.pol2*
   sSS^2*FourPi^(-2)*I*g1^2*MN^(-2)*esfull(2) + 12*Log[MN^2]*p2.pol1*
   p2.pol2*sSS^2*FourPi^(-2)*I*g1^2*MN^(-2)*esfull(2) + 6*Log[MN^2]*
   p2.pol1*p3.pol2*sSS^2*FourPi^(-2)*I*g1^2*MN^(-2)*esfull(2) + 6*Log[
   MN^2]*p2.pol1*p4.pol2*sSS^2*FourPi^(-2)*I*g1^2*MN^(-2)*esfull(2) + 6
   *Log[MN^2]*p2.pol2*p3.pol1*sSS^2*FourPi^(-2)*I*g1^2*MN^(-2)*
   esfull(2) + 6*Log[MN^2]*p2.pol2*p4.pol1*sSS^2*FourPi^(-2)*I*g1^2*
   MN^(-2)*esfull(2) - 6*Log[MN^2]*p3.p3*pol1.pol2*sSS^2*FourPi^(-2)*I*
   g1^2*MN^(-2)*esfull(2) - 12*Log[MN^2]*p3.p4*pol1.pol2*sSS^2*
   FourPi^(-2)*I*g1^2*MN^(-2)*esfull(2) + 6*Log[MN^2]*p3.pol1*p3.pol2*
   sSS^2*FourPi^(-2)*I*g1^2*MN^(-2)*esfull(2) + 6*Log[MN^2]*p3.pol1*
   p4.pol2*sSS^2*FourPi^(-2)*I*g1^2*MN^(-2)*esfull(2) + 6*Log[MN^2]*
   p3.pol2*p4.pol1*sSS^2*FourPi^(-2)*I*g1^2*MN^(-2)*esfull(2) - 6*Log[
   MN^2]*p4.p4*pol1.pol2*sSS^2*FourPi^(-2)*I*g1^2*MN^(-2)*esfull(2) + 6
   *Log[MN^2]*p4.pol1*p4.pol2*sSS^2*FourPi^(-2)*I*g1^2*MN^(-2)*
   esfull(2) + 18*Log[MN^2]*pol1.pol2*FourPi^(-2)*I*g1^2*esfull(2)];

