    esfull(1)=lambdaDelta1[fl1]*lambdaDelta1bar[fl1];
    esfull(2)=lambdaN[fl1]*lambdaNbar[fl1];
    esfull(3)=G[6*p2.p2*p2.pol1*sSS^3*FourPi^(-2)*I*g1*MDelta1^(-2)*
   esfull(1) + 22*p2.p2*p3.pol1*sSS^3*FourPi^(-2)*I*g1*MDelta1^(-2)*
   esfull(1) + 24*p2.p2*p3.pol1*sSS^3*FourPi^(-2)*I*invepsilonbar*g1*
   MDelta1^(-2)*esfull(1) - 28*p2.p3*p2.pol1*sSS^3*FourPi^(-2)*I*g1*
   MDelta1^(-2)*esfull(1) - 24*p2.p3*p2.pol1*sSS^3*FourPi^(-2)*I*
   invepsilonbar*g1*MDelta1^(-2)*esfull(1) + 28*p2.p3*p3.pol1*sSS^3*
   FourPi^(-2)*I*g1*MDelta1^(-2)*esfull(1) + 24*p2.p3*p3.pol1*sSS^3*
   FourPi^(-2)*I*invepsilonbar*g1*MDelta1^(-2)*esfull(1) - 22*p2.pol1*
   p3.p3*sSS^3*FourPi^(-2)*I*g1*MDelta1^(-2)*esfull(1) - 24*p2.pol1*
   p3.p3*sSS^3*FourPi^(-2)*I*invepsilonbar*g1*MDelta1^(-2)*esfull(1) + 
   9*p2.pol1*sSS*FourPi^(-2)*I*g1*esfull(1) + 18*p2.pol1*sSS*
   FourPi^(-2)*I*invepsilonbar*g1*esfull(1) - 6*p3.p3*p3.pol1*sSS^3*
   FourPi^(-2)*I*g1*MDelta1^(-2)*esfull(1) - 9*p3.pol1*sSS*FourPi^(-2)*
   I*g1*esfull(1) - 18*p3.pol1*sSS*FourPi^(-2)*I*invepsilonbar*g1*
   esfull(1) - 24*Log[MDelta1^2]*p2.p2*p3.pol1*sSS^3*FourPi^(-2)*I*g1*
   MDelta1^(-2)*esfull(1) + 24*Log[MDelta1^2]*p2.p3*p2.pol1*sSS^3*
   FourPi^(-2)*I*g1*MDelta1^(-2)*esfull(1) - 24*Log[MDelta1^2]*p2.p3*
   p3.pol1*sSS^3*FourPi^(-2)*I*g1*MDelta1^(-2)*esfull(1) + 24*Log[
   MDelta1^2]*p2.pol1*p3.p3*sSS^3*FourPi^(-2)*I*g1*MDelta1^(-2)*
   esfull(1) - 18*Log[MDelta1^2]*p2.pol1*sSS*FourPi^(-2)*I*g1*esfull(1)
    + 18*Log[MDelta1^2]*p3.pol1*sSS*FourPi^(-2)*I*g1*esfull(1)];
    esfull(4)=G[6*p2.p2*p2.pol1*sSS^3*FourPi^(-2)*I*g1*MN^(-2)*
   esfull(2) + 4*p2.p2*p3.pol1*sSS^3*FourPi^(-2)*I*g1*MN^(-2)*esfull(2)
    + 12*p2.p2*p3.pol1*sSS^3*FourPi^(-2)*I*invepsilonbar*g1*MN^(-2)*
   esfull(2) - 10*p2.p3*p2.pol1*sSS^3*FourPi^(-2)*I*g1*MN^(-2)*
   esfull(2) - 12*p2.p3*p2.pol1*sSS^3*FourPi^(-2)*I*invepsilonbar*g1*
   MN^(-2)*esfull(2) + 10*p2.p3*p3.pol1*sSS^3*FourPi^(-2)*I*g1*MN^(-2)*
   esfull(2) + 12*p2.p3*p3.pol1*sSS^3*FourPi^(-2)*I*invepsilonbar*g1*
   MN^(-2)*esfull(2) - 4*p2.pol1*p3.p3*sSS^3*FourPi^(-2)*I*g1*MN^(-2)*
   esfull(2) - 12*p2.pol1*p3.p3*sSS^3*FourPi^(-2)*I*invepsilonbar*g1*
   MN^(-2)*esfull(2) + 9*p2.pol1*sSS*FourPi^(-2)*I*g1*esfull(2) + 18*
   p2.pol1*sSS*FourPi^(-2)*I*invepsilonbar*g1*esfull(2) - 6*p3.p3*
   p3.pol1*sSS^3*FourPi^(-2)*I*g1*MN^(-2)*esfull(2) - 9*p3.pol1*sSS*
   FourPi^(-2)*I*g1*esfull(2) - 18*p3.pol1*sSS*FourPi^(-2)*I*
   invepsilonbar*g1*esfull(2) - 12*DEN[MN,MDelta1]*p2.p2*p3.pol1*sSS^3*
   FourPi^(-2)*I*invepsilonbar*g1*lambdaHatNDelta1*lambdaHatNDelta1bar
    + 12*DEN[MN,MDelta1]*p2.p3*p2.pol1*sSS^3*FourPi^(-2)*I*
   invepsilonbar*g1*lambdaHatNDelta1*lambdaHatNDelta1bar - 12*DEN[MN,
   MDelta1]*p2.p3*p3.pol1*sSS^3*FourPi^(-2)*I*invepsilonbar*g1*
   lambdaHatNDelta1*lambdaHatNDelta1bar + 12*DEN[MN,MDelta1]*p2.pol1*
   p3.p3*sSS^3*FourPi^(-2)*I*invepsilonbar*g1*lambdaHatNDelta1*
   lambdaHatNDelta1bar + 12*DEN[MN,MDelta1]^2*p2.p2*p3.pol1*sSS^3*
   FourPi^(-2)*I*invepsilonbar*g1*lambdaHatNDelta1*MDelta1^2*
   lambdaHatNDelta1bar - 12*DEN[MN,MDelta1]^2*p2.p3*p2.pol1*sSS^3*
   FourPi^(-2)*I*invepsilonbar*g1*lambdaHatNDelta1*MDelta1^2*
   lambdaHatNDelta1bar + 12*DEN[MN,MDelta1]^2*p2.p3*p3.pol1*sSS^3*
   FourPi^(-2)*I*invepsilonbar*g1*lambdaHatNDelta1*MDelta1^2*
   lambdaHatNDelta1bar - 12*DEN[MN,MDelta1]^2*p2.pol1*p3.p3*sSS^3*
   FourPi^(-2)*I*invepsilonbar*g1*lambdaHatNDelta1*MDelta1^2*
   lambdaHatNDelta1bar + 63*DEN[MN,MDelta1]^2*p2.pol1*sSS*FourPi^(-2)*I
   *g1*lambdaHatNDelta1*MDelta1^4*lambdaHatNDelta1bar + 36*DEN[MN,
   MDelta1]^2*p2.pol1*sSS*FourPi^(-2)*I*g1*MN^4*lambdaHatNDelta1*
   lambdaHatNDelta1bar + 54*DEN[MN,MDelta1]^2*p2.pol1*sSS*FourPi^(-2)*I
   *invepsilonbar*g1*lambdaHatNDelta1*MDelta1^4*lambdaHatNDelta1bar + 
   36*DEN[MN,MDelta1]^2*p2.pol1*sSS*FourPi^(-2)*I*invepsilonbar*g1*MN^4
   *lambdaHatNDelta1*lambdaHatNDelta1bar - 63*DEN[MN,MDelta1]^2*p3.pol1
   *sSS*FourPi^(-2)*I*g1*lambdaHatNDelta1*MDelta1^4*lambdaHatNDelta1bar
    - 36*DEN[MN,MDelta1]^2*p3.pol1*sSS*FourPi^(-2)*I*g1*MN^4*
   lambdaHatNDelta1*lambdaHatNDelta1bar - 54*DEN[MN,MDelta1]^2*p3.pol1*
   sSS*FourPi^(-2)*I*invepsilonbar*g1*lambdaHatNDelta1*MDelta1^4*
   lambdaHatNDelta1bar - 36*DEN[MN,MDelta1]^2*p3.pol1*sSS*FourPi^(-2)*I
   *invepsilonbar*g1*MN^4*lambdaHatNDelta1*lambdaHatNDelta1bar + 90*
   DEN[MN,MDelta1]^3*p2.p2*p2.pol1*sSS^3*FourPi^(-2)*I*g1*
   lambdaHatNDelta1*MDelta1^4*lambdaHatNDelta1bar - 36*DEN[MN,MDelta1]^
   3*p2.p2*p2.pol1*sSS^3*FourPi^(-2)*I*g1*MN^4*lambdaHatNDelta1*
   lambdaHatNDelta1bar + 72*DEN[MN,MDelta1]^3*p2.p2*p2.pol1*sSS^3*
   FourPi^(-2)*I*invepsilonbar*g1*lambdaHatNDelta1*MDelta1^4*
   lambdaHatNDelta1bar - 36*DEN[MN,MDelta1]^3*p2.p2*p2.pol1*sSS^3*
   FourPi^(-2)*I*invepsilonbar*g1*MN^4*lambdaHatNDelta1*
   lambdaHatNDelta1bar + 36*DEN[MN,MDelta1]^3*p2.p2*p3.pol1*sSS^3*
   FourPi^(-2)*I*g1*lambdaHatNDelta1*MDelta1^4*lambdaHatNDelta1bar + 63
   *DEN[MN,MDelta1]^3*p2.p2*p3.pol1*sSS^3*FourPi^(-2)*I*g1*MN^4*
   lambdaHatNDelta1*lambdaHatNDelta1bar + 36*DEN[MN,MDelta1]^3*p2.p2*
   p3.pol1*sSS^3*FourPi^(-2)*I*invepsilonbar*g1*lambdaHatNDelta1*
   MDelta1^4*lambdaHatNDelta1bar + 54*DEN[MN,MDelta1]^3*p2.p2*p3.pol1*
   sSS^3*FourPi^(-2)*I*invepsilonbar*g1*MN^4*lambdaHatNDelta1*
   lambdaHatNDelta1bar - 126*DEN[MN,MDelta1]^3*p2.p3*p2.pol1*sSS^3*
   FourPi^(-2)*I*g1*lambdaHatNDelta1*MDelta1^4*lambdaHatNDelta1bar - 
   108*DEN[MN,MDelta1]^3*p2.p3*p2.pol1*sSS^3*FourPi^(-2)*I*
   invepsilonbar*g1*lambdaHatNDelta1*MDelta1^4*lambdaHatNDelta1bar + 
   126*DEN[MN,MDelta1]^3*p2.p3*p3.pol1*sSS^3*FourPi^(-2)*I*g1*
   lambdaHatNDelta1*MDelta1^4*lambdaHatNDelta1bar + 108*DEN[MN,MDelta1]
   ^3*p2.p3*p3.pol1*sSS^3*FourPi^(-2)*I*invepsilonbar*g1*
   lambdaHatNDelta1*MDelta1^4*lambdaHatNDelta1bar - 36*DEN[MN,MDelta1]^
   3*p2.pol1*p3.p3*sSS^3*FourPi^(-2)*I*g1*lambdaHatNDelta1*MDelta1^4*
   lambdaHatNDelta1bar - 63*DEN[MN,MDelta1]^3*p2.pol1*p3.p3*sSS^3*
   FourPi^(-2)*I*g1*MN^4*lambdaHatNDelta1*lambdaHatNDelta1bar - 36*DEN[
   MN,MDelta1]^3*p2.pol1*p3.p3*sSS^3*FourPi^(-2)*I*invepsilonbar*g1*
   lambdaHatNDelta1*MDelta1^4*lambdaHatNDelta1bar - 54*DEN[MN,MDelta1]^
   3*p2.pol1*p3.p3*sSS^3*FourPi^(-2)*I*invepsilonbar*g1*MN^4*
   lambdaHatNDelta1*lambdaHatNDelta1bar + 54*DEN[MN,MDelta1]^3*p2.pol1*
   sSS*FourPi^(-2)*I*g1*lambdaHatNDelta1*MDelta1^6*lambdaHatNDelta1bar
    - 27*DEN[MN,MDelta1]^3*p2.pol1*sSS*FourPi^(-2)*I*g1*MN^4*
   lambdaHatNDelta1*MDelta1^2*lambdaHatNDelta1bar - 27*DEN[MN,MDelta1]^
   3*p2.pol1*sSS*FourPi^(-2)*I*g1*MN^6*lambdaHatNDelta1*
   lambdaHatNDelta1bar + 36*DEN[MN,MDelta1]^3*p2.pol1*sSS*FourPi^(-2)*I
   *invepsilonbar*g1*lambdaHatNDelta1*MDelta1^6*lambdaHatNDelta1bar - 
   18*DEN[MN,MDelta1]^3*p2.pol1*sSS*FourPi^(-2)*I*invepsilonbar*g1*MN^4
   *lambdaHatNDelta1*MDelta1^2*lambdaHatNDelta1bar - 18*DEN[MN,MDelta1]
   ^3*p2.pol1*sSS*FourPi^(-2)*I*invepsilonbar*g1*MN^6*lambdaHatNDelta1*
   lambdaHatNDelta1bar - 90*DEN[MN,MDelta1]^3*p3.p3*p3.pol1*sSS^3*
   FourPi^(-2)*I*g1*lambdaHatNDelta1*MDelta1^4*lambdaHatNDelta1bar + 36
   *DEN[MN,MDelta1]^3*p3.p3*p3.pol1*sSS^3*FourPi^(-2)*I*g1*MN^4*
   lambdaHatNDelta1*lambdaHatNDelta1bar - 72*DEN[MN,MDelta1]^3*p3.p3*
   p3.pol1*sSS^3*FourPi^(-2)*I*invepsilonbar*g1*lambdaHatNDelta1*
   MDelta1^4*lambdaHatNDelta1bar + 36*DEN[MN,MDelta1]^3*p3.p3*p3.pol1*
   sSS^3*FourPi^(-2)*I*invepsilonbar*g1*MN^4*lambdaHatNDelta1*
   lambdaHatNDelta1bar - 54*DEN[MN,MDelta1]^3*p3.pol1*sSS*FourPi^(-2)*I
   *g1*lambdaHatNDelta1*MDelta1^6*lambdaHatNDelta1bar + 27*DEN[MN,
   MDelta1]^3*p3.pol1*sSS*FourPi^(-2)*I*g1*MN^4*lambdaHatNDelta1*
   MDelta1^2*lambdaHatNDelta1bar + 27*DEN[MN,MDelta1]^3*p3.pol1*sSS*
   FourPi^(-2)*I*g1*MN^6*lambdaHatNDelta1*lambdaHatNDelta1bar - 36*DEN[
   MN,MDelta1]^3*p3.pol1*sSS*FourPi^(-2)*I*invepsilonbar*g1*
   lambdaHatNDelta1*MDelta1^6*lambdaHatNDelta1bar + 18*DEN[MN,MDelta1]^
   3*p3.pol1*sSS*FourPi^(-2)*I*invepsilonbar*g1*MN^4*lambdaHatNDelta1*
   MDelta1^2*lambdaHatNDelta1bar + 18*DEN[MN,MDelta1]^3*p3.pol1*sSS*
   FourPi^(-2)*I*invepsilonbar*g1*MN^6*lambdaHatNDelta1*
   lambdaHatNDelta1bar + 228*DEN[MN,MDelta1]^4*p2.p2*p2.pol1*sSS^3*
   FourPi^(-2)*I*g1*lambdaHatNDelta1*MDelta1^6*lambdaHatNDelta1bar + 54
   *DEN[MN,MDelta1]^4*p2.p2*p2.pol1*sSS^3*FourPi^(-2)*I*g1*MN^4*
   lambdaHatNDelta1*MDelta1^2*lambdaHatNDelta1bar + 108*DEN[MN,MDelta1]
   ^4*p2.p2*p2.pol1*sSS^3*FourPi^(-2)*I*g1*MN^6*lambdaHatNDelta1*
   lambdaHatNDelta1bar + 144*DEN[MN,MDelta1]^4*p2.p2*p2.pol1*sSS^3*
   FourPi^(-2)*I*invepsilonbar*g1*lambdaHatNDelta1*MDelta1^6*
   lambdaHatNDelta1bar + 36*DEN[MN,MDelta1]^4*p2.p2*p2.pol1*sSS^3*
   FourPi^(-2)*I*invepsilonbar*g1*MN^4*lambdaHatNDelta1*MDelta1^2*
   lambdaHatNDelta1bar + 72*DEN[MN,MDelta1]^4*p2.p2*p2.pol1*sSS^3*
   FourPi^(-2)*I*invepsilonbar*g1*MN^6*lambdaHatNDelta1*
   lambdaHatNDelta1bar - 22*DEN[MN,MDelta1]^4*p2.p2*p3.pol1*sSS^3*
   FourPi^(-2)*I*g1*lambdaHatNDelta1*MDelta1^6*lambdaHatNDelta1bar - 27
   *DEN[MN,MDelta1]^4*p2.p2*p3.pol1*sSS^3*FourPi^(-2)*I*g1*MN^4*
   lambdaHatNDelta1*MDelta1^2*lambdaHatNDelta1bar - 81*DEN[MN,MDelta1]^
   4*p2.p2*p3.pol1*sSS^3*FourPi^(-2)*I*g1*MN^6*lambdaHatNDelta1*
   lambdaHatNDelta1bar - 12*DEN[MN,MDelta1]^4*p2.p2*p3.pol1*sSS^3*
   FourPi^(-2)*I*invepsilonbar*g1*lambdaHatNDelta1*MDelta1^6*
   lambdaHatNDelta1bar - 18*DEN[MN,MDelta1]^4*p2.p2*p3.pol1*sSS^3*
   FourPi^(-2)*I*invepsilonbar*g1*MN^4*lambdaHatNDelta1*MDelta1^2*
   lambdaHatNDelta1bar - 54*DEN[MN,MDelta1]^4*p2.p2*p3.pol1*sSS^3*
   FourPi^(-2)*I*invepsilonbar*g1*MN^6*lambdaHatNDelta1*
   lambdaHatNDelta1bar - 206*DEN[MN,MDelta1]^4*p2.p3*p2.pol1*sSS^3*
   FourPi^(-2)*I*g1*lambdaHatNDelta1*MDelta1^6*lambdaHatNDelta1bar - 54
   *DEN[MN,MDelta1]^4*p2.p3*p2.pol1*sSS^3*FourPi^(-2)*I*g1*MN^6*
   lambdaHatNDelta1*lambdaHatNDelta1bar - 132*DEN[MN,MDelta1]^4*p2.p3*
   p2.pol1*sSS^3*FourPi^(-2)*I*invepsilonbar*g1*lambdaHatNDelta1*
   MDelta1^6*lambdaHatNDelta1bar - 36*DEN[MN,MDelta1]^4*p2.p3*p2.pol1*
   sSS^3*FourPi^(-2)*I*invepsilonbar*g1*MN^6*lambdaHatNDelta1*
   lambdaHatNDelta1bar + 206*DEN[MN,MDelta1]^4*p2.p3*p3.pol1*sSS^3*
   FourPi^(-2)*I*g1*lambdaHatNDelta1*MDelta1^6*lambdaHatNDelta1bar + 54
   *DEN[MN,MDelta1]^4*p2.p3*p3.pol1*sSS^3*FourPi^(-2)*I*g1*MN^6*
   lambdaHatNDelta1*lambdaHatNDelta1bar + 132*DEN[MN,MDelta1]^4*p2.p3*
   p3.pol1*sSS^3*FourPi^(-2)*I*invepsilonbar*g1*lambdaHatNDelta1*
   MDelta1^6*lambdaHatNDelta1bar + 36*DEN[MN,MDelta1]^4*p2.p3*p3.pol1*
   sSS^3*FourPi^(-2)*I*invepsilonbar*g1*MN^6*lambdaHatNDelta1*
   lambdaHatNDelta1bar + 22*DEN[MN,MDelta1]^4*p2.pol1*p3.p3*sSS^3*
   FourPi^(-2)*I*g1*lambdaHatNDelta1*MDelta1^6*lambdaHatNDelta1bar + 27
   *DEN[MN,MDelta1]^4*p2.pol1*p3.p3*sSS^3*FourPi^(-2)*I*g1*MN^4*
   lambdaHatNDelta1*MDelta1^2*lambdaHatNDelta1bar + 81*DEN[MN,MDelta1]^
   4*p2.pol1*p3.p3*sSS^3*FourPi^(-2)*I*g1*MN^6*lambdaHatNDelta1*
   lambdaHatNDelta1bar + 12*DEN[MN,MDelta1]^4*p2.pol1*p3.p3*sSS^3*
   FourPi^(-2)*I*invepsilonbar*g1*lambdaHatNDelta1*MDelta1^6*
   lambdaHatNDelta1bar + 18*DEN[MN,MDelta1]^4*p2.pol1*p3.p3*sSS^3*
   FourPi^(-2)*I*invepsilonbar*g1*MN^4*lambdaHatNDelta1*MDelta1^2*
   lambdaHatNDelta1bar + 54*DEN[MN,MDelta1]^4*p2.pol1*p3.p3*sSS^3*
   FourPi^(-2)*I*invepsilonbar*g1*MN^6*lambdaHatNDelta1*
   lambdaHatNDelta1bar - 228*DEN[MN,MDelta1]^4*p3.p3*p3.pol1*sSS^3*
   FourPi^(-2)*I*g1*lambdaHatNDelta1*MDelta1^6*lambdaHatNDelta1bar - 54
   *DEN[MN,MDelta1]^4*p3.p3*p3.pol1*sSS^3*FourPi^(-2)*I*g1*MN^4*
   lambdaHatNDelta1*MDelta1^2*lambdaHatNDelta1bar - 108*DEN[MN,MDelta1]
   ^4*p3.p3*p3.pol1*sSS^3*FourPi^(-2)*I*g1*MN^6*lambdaHatNDelta1*
   lambdaHatNDelta1bar - 144*DEN[MN,MDelta1]^4*p3.p3*p3.pol1*sSS^3*
   FourPi^(-2)*I*invepsilonbar*g1*lambdaHatNDelta1*MDelta1^6*
   lambdaHatNDelta1bar - 36*DEN[MN,MDelta1]^4*p3.p3*p3.pol1*sSS^3*
   FourPi^(-2)*I*invepsilonbar*g1*MN^4*lambdaHatNDelta1*MDelta1^2*
   lambdaHatNDelta1bar - 72*DEN[MN,MDelta1]^4*p3.p3*p3.pol1*sSS^3*
   FourPi^(-2)*I*invepsilonbar*g1*MN^6*lambdaHatNDelta1*
   lambdaHatNDelta1bar + 132*DEN[MN,MDelta1]^5*p2.p2*p2.pol1*sSS^3*
   FourPi^(-2)*I*g1*lambdaHatNDelta1*MDelta1^8*lambdaHatNDelta1bar - 66
   *DEN[MN,MDelta1]^5*p2.p2*p2.pol1*sSS^3*FourPi^(-2)*I*g1*MN^6*
   lambdaHatNDelta1*MDelta1^2*lambdaHatNDelta1bar - 66*DEN[MN,MDelta1]^
   5*p2.p2*p2.pol1*sSS^3*FourPi^(-2)*I*g1*MN^8*lambdaHatNDelta1*
   lambdaHatNDelta1bar + 72*DEN[MN,MDelta1]^5*p2.p2*p2.pol1*sSS^3*
   FourPi^(-2)*I*invepsilonbar*g1*lambdaHatNDelta1*MDelta1^8*
   lambdaHatNDelta1bar - 36*DEN[MN,MDelta1]^5*p2.p2*p2.pol1*sSS^3*
   FourPi^(-2)*I*invepsilonbar*g1*MN^6*lambdaHatNDelta1*MDelta1^2*
   lambdaHatNDelta1bar - 36*DEN[MN,MDelta1]^5*p2.p2*p2.pol1*sSS^3*
   FourPi^(-2)*I*invepsilonbar*g1*MN^8*lambdaHatNDelta1*
   lambdaHatNDelta1bar - 44*DEN[MN,MDelta1]^5*p2.p2*p3.pol1*sSS^3*
   FourPi^(-2)*I*g1*lambdaHatNDelta1*MDelta1^8*lambdaHatNDelta1bar + 22
   *DEN[MN,MDelta1]^5*p2.p2*p3.pol1*sSS^3*FourPi^(-2)*I*g1*MN^6*
   lambdaHatNDelta1*MDelta1^2*lambdaHatNDelta1bar + 22*DEN[MN,MDelta1]^
   5*p2.p2*p3.pol1*sSS^3*FourPi^(-2)*I*g1*MN^8*lambdaHatNDelta1*
   lambdaHatNDelta1bar - 24*DEN[MN,MDelta1]^5*p2.p2*p3.pol1*sSS^3*
   FourPi^(-2)*I*invepsilonbar*g1*lambdaHatNDelta1*MDelta1^8*
   lambdaHatNDelta1bar + 12*DEN[MN,MDelta1]^5*p2.p2*p3.pol1*sSS^3*
   FourPi^(-2)*I*invepsilonbar*g1*MN^6*lambdaHatNDelta1*MDelta1^2*
   lambdaHatNDelta1bar + 12*DEN[MN,MDelta1]^5*p2.p2*p3.pol1*sSS^3*
   FourPi^(-2)*I*invepsilonbar*g1*MN^8*lambdaHatNDelta1*
   lambdaHatNDelta1bar - 88*DEN[MN,MDelta1]^5*p2.p3*p2.pol1*sSS^3*
   FourPi^(-2)*I*g1*lambdaHatNDelta1*MDelta1^8*lambdaHatNDelta1bar + 44
   *DEN[MN,MDelta1]^5*p2.p3*p2.pol1*sSS^3*FourPi^(-2)*I*g1*MN^6*
   lambdaHatNDelta1*MDelta1^2*lambdaHatNDelta1bar + 44*DEN[MN,MDelta1]^
   5*p2.p3*p2.pol1*sSS^3*FourPi^(-2)*I*g1*MN^8*lambdaHatNDelta1*
   lambdaHatNDelta1bar - 48*DEN[MN,MDelta1]^5*p2.p3*p2.pol1*sSS^3*
   FourPi^(-2)*I*invepsilonbar*g1*lambdaHatNDelta1*MDelta1^8*
   lambdaHatNDelta1bar + 24*DEN[MN,MDelta1]^5*p2.p3*p2.pol1*sSS^3*
   FourPi^(-2)*I*invepsilonbar*g1*MN^6*lambdaHatNDelta1*MDelta1^2*
   lambdaHatNDelta1bar + 24*DEN[MN,MDelta1]^5*p2.p3*p2.pol1*sSS^3*
   FourPi^(-2)*I*invepsilonbar*g1*MN^8*lambdaHatNDelta1*
   lambdaHatNDelta1bar + 88*DEN[MN,MDelta1]^5*p2.p3*p3.pol1*sSS^3*
   FourPi^(-2)*I*g1*lambdaHatNDelta1*MDelta1^8*lambdaHatNDelta1bar - 44
   *DEN[MN,MDelta1]^5*p2.p3*p3.pol1*sSS^3*FourPi^(-2)*I*g1*MN^6*
   lambdaHatNDelta1*MDelta1^2*lambdaHatNDelta1bar - 44*DEN[MN,MDelta1]^
   5*p2.p3*p3.pol1*sSS^3*FourPi^(-2)*I*g1*MN^8*lambdaHatNDelta1*
   lambdaHatNDelta1bar + 48*DEN[MN,MDelta1]^5*p2.p3*p3.pol1*sSS^3*
   FourPi^(-2)*I*invepsilonbar*g1*lambdaHatNDelta1*MDelta1^8*
   lambdaHatNDelta1bar - 24*DEN[MN,MDelta1]^5*p2.p3*p3.pol1*sSS^3*
   FourPi^(-2)*I*invepsilonbar*g1*MN^6*lambdaHatNDelta1*MDelta1^2*
   lambdaHatNDelta1bar - 24*DEN[MN,MDelta1]^5*p2.p3*p3.pol1*sSS^3*
   FourPi^(-2)*I*invepsilonbar*g1*MN^8*lambdaHatNDelta1*
   lambdaHatNDelta1bar + 44*DEN[MN,MDelta1]^5*p2.pol1*p3.p3*sSS^3*
   FourPi^(-2)*I*g1*lambdaHatNDelta1*MDelta1^8*lambdaHatNDelta1bar - 22
   *DEN[MN,MDelta1]^5*p2.pol1*p3.p3*sSS^3*FourPi^(-2)*I*g1*MN^6*
   lambdaHatNDelta1*MDelta1^2*lambdaHatNDelta1bar - 22*DEN[MN,MDelta1]^
   5*p2.pol1*p3.p3*sSS^3*FourPi^(-2)*I*g1*MN^8*lambdaHatNDelta1*
   lambdaHatNDelta1bar + 24*DEN[MN,MDelta1]^5*p2.pol1*p3.p3*sSS^3*
   FourPi^(-2)*I*invepsilonbar*g1*lambdaHatNDelta1*MDelta1^8*
   lambdaHatNDelta1bar - 12*DEN[MN,MDelta1]^5*p2.pol1*p3.p3*sSS^3*
   FourPi^(-2)*I*invepsilonbar*g1*MN^6*lambdaHatNDelta1*MDelta1^2*
   lambdaHatNDelta1bar - 12*DEN[MN,MDelta1]^5*p2.pol1*p3.p3*sSS^3*
   FourPi^(-2)*I*invepsilonbar*g1*MN^8*lambdaHatNDelta1*
   lambdaHatNDelta1bar - 132*DEN[MN,MDelta1]^5*p3.p3*p3.pol1*sSS^3*
   FourPi^(-2)*I*g1*lambdaHatNDelta1*MDelta1^8*lambdaHatNDelta1bar + 66
   *DEN[MN,MDelta1]^5*p3.p3*p3.pol1*sSS^3*FourPi^(-2)*I*g1*MN^6*
   lambdaHatNDelta1*MDelta1^2*lambdaHatNDelta1bar + 66*DEN[MN,MDelta1]^
   5*p3.p3*p3.pol1*sSS^3*FourPi^(-2)*I*g1*MN^8*lambdaHatNDelta1*
   lambdaHatNDelta1bar - 72*DEN[MN,MDelta1]^5*p3.p3*p3.pol1*sSS^3*
   FourPi^(-2)*I*invepsilonbar*g1*lambdaHatNDelta1*MDelta1^8*
   lambdaHatNDelta1bar + 36*DEN[MN,MDelta1]^5*p3.p3*p3.pol1*sSS^3*
   FourPi^(-2)*I*invepsilonbar*g1*MN^6*lambdaHatNDelta1*MDelta1^2*
   lambdaHatNDelta1bar + 36*DEN[MN,MDelta1]^5*p3.p3*p3.pol1*sSS^3*
   FourPi^(-2)*I*invepsilonbar*g1*MN^8*lambdaHatNDelta1*
   lambdaHatNDelta1bar - 72*DEN[MN,MDelta1]^5*Log[MDelta1^2]*p2.p2*
   p2.pol1*sSS^3*FourPi^(-2)*I*g1*lambdaHatNDelta1*MDelta1^8*
   lambdaHatNDelta1bar + 24*DEN[MN,MDelta1]^5*Log[MDelta1^2]*p2.p2*
   p3.pol1*sSS^3*FourPi^(-2)*I*g1*lambdaHatNDelta1*MDelta1^8*
   lambdaHatNDelta1bar + 48*DEN[MN,MDelta1]^5*Log[MDelta1^2]*p2.p3*
   p2.pol1*sSS^3*FourPi^(-2)*I*g1*lambdaHatNDelta1*MDelta1^8*
   lambdaHatNDelta1bar - 48*DEN[MN,MDelta1]^5*Log[MDelta1^2]*p2.p3*
   p3.pol1*sSS^3*FourPi^(-2)*I*g1*lambdaHatNDelta1*MDelta1^8*
   lambdaHatNDelta1bar - 24*DEN[MN,MDelta1]^5*Log[MDelta1^2]*p2.pol1*
   p3.p3*sSS^3*FourPi^(-2)*I*g1*lambdaHatNDelta1*MDelta1^8*
   lambdaHatNDelta1bar + 72*DEN[MN,MDelta1]^5*Log[MDelta1^2]*p3.p3*
   p3.pol1*sSS^3*FourPi^(-2)*I*g1*lambdaHatNDelta1*MDelta1^8*
   lambdaHatNDelta1bar + 36*DEN[MN,MDelta1]^5*Log[MN^2]*p2.p2*p2.pol1*
   sSS^3*FourPi^(-2)*I*g1*MN^6*lambdaHatNDelta1*MDelta1^2*
   lambdaHatNDelta1bar + 36*DEN[MN,MDelta1]^5*Log[MN^2]*p2.p2*p2.pol1*
   sSS^3*FourPi^(-2)*I*g1*MN^8*lambdaHatNDelta1*lambdaHatNDelta1bar - 
   12*DEN[MN,MDelta1]^5*Log[MN^2]*p2.p2*p3.pol1*sSS^3*FourPi^(-2)*I*g1*
   MN^6*lambdaHatNDelta1*MDelta1^2*lambdaHatNDelta1bar - 12*DEN[MN,
   MDelta1]^5*Log[MN^2]*p2.p2*p3.pol1*sSS^3*FourPi^(-2)*I*g1*MN^8*
   lambdaHatNDelta1*lambdaHatNDelta1bar - 24*DEN[MN,MDelta1]^5*Log[MN^2
   ]*p2.p3*p2.pol1*sSS^3*FourPi^(-2)*I*g1*MN^6*lambdaHatNDelta1*
   MDelta1^2*lambdaHatNDelta1bar - 24*DEN[MN,MDelta1]^5*Log[MN^2]*p2.p3
   *p2.pol1*sSS^3*FourPi^(-2)*I*g1*MN^8*lambdaHatNDelta1*
   lambdaHatNDelta1bar + 24*DEN[MN,MDelta1]^5*Log[MN^2]*p2.p3*p3.pol1*
   sSS^3*FourPi^(-2)*I*g1*MN^6*lambdaHatNDelta1*MDelta1^2*
   lambdaHatNDelta1bar + 24*DEN[MN,MDelta1]^5*Log[MN^2]*p2.p3*p3.pol1*
   sSS^3*FourPi^(-2)*I*g1*MN^8*lambdaHatNDelta1*lambdaHatNDelta1bar + 
   12*DEN[MN,MDelta1]^5*Log[MN^2]*p2.pol1*p3.p3*sSS^3*FourPi^(-2)*I*g1*
   MN^6*lambdaHatNDelta1*MDelta1^2*lambdaHatNDelta1bar + 12*DEN[MN,
   MDelta1]^5*Log[MN^2]*p2.pol1*p3.p3*sSS^3*FourPi^(-2)*I*g1*MN^8*
   lambdaHatNDelta1*lambdaHatNDelta1bar - 36*DEN[MN,MDelta1]^5*Log[MN^2
   ]*p3.p3*p3.pol1*sSS^3*FourPi^(-2)*I*g1*MN^6*lambdaHatNDelta1*
   MDelta1^2*lambdaHatNDelta1bar - 36*DEN[MN,MDelta1]^5*Log[MN^2]*p3.p3
   *p3.pol1*sSS^3*FourPi^(-2)*I*g1*MN^8*lambdaHatNDelta1*
   lambdaHatNDelta1bar - 144*DEN[MN,MDelta1]^4*Log[MDelta1^2]*p2.p2*
   p2.pol1*sSS^3*FourPi^(-2)*I*g1*lambdaHatNDelta1*MDelta1^6*
   lambdaHatNDelta1bar + 12*DEN[MN,MDelta1]^4*Log[MDelta1^2]*p2.p2*
   p3.pol1*sSS^3*FourPi^(-2)*I*g1*lambdaHatNDelta1*MDelta1^6*
   lambdaHatNDelta1bar + 132*DEN[MN,MDelta1]^4*Log[MDelta1^2]*p2.p3*
   p2.pol1*sSS^3*FourPi^(-2)*I*g1*lambdaHatNDelta1*MDelta1^6*
   lambdaHatNDelta1bar - 132*DEN[MN,MDelta1]^4*Log[MDelta1^2]*p2.p3*
   p3.pol1*sSS^3*FourPi^(-2)*I*g1*lambdaHatNDelta1*MDelta1^6*
   lambdaHatNDelta1bar - 12*DEN[MN,MDelta1]^4*Log[MDelta1^2]*p2.pol1*
   p3.p3*sSS^3*FourPi^(-2)*I*g1*lambdaHatNDelta1*MDelta1^6*
   lambdaHatNDelta1bar + 144*DEN[MN,MDelta1]^4*Log[MDelta1^2]*p3.p3*
   p3.pol1*sSS^3*FourPi^(-2)*I*g1*lambdaHatNDelta1*MDelta1^6*
   lambdaHatNDelta1bar - 36*DEN[MN,MDelta1]^4*Log[MN^2]*p2.p2*p2.pol1*
   sSS^3*FourPi^(-2)*I*g1*MN^4*lambdaHatNDelta1*MDelta1^2*
   lambdaHatNDelta1bar - 72*DEN[MN,MDelta1]^4*Log[MN^2]*p2.p2*p2.pol1*
   sSS^3*FourPi^(-2)*I*g1*MN^6*lambdaHatNDelta1*lambdaHatNDelta1bar + 
   18*DEN[MN,MDelta1]^4*Log[MN^2]*p2.p2*p3.pol1*sSS^3*FourPi^(-2)*I*g1*
   MN^4*lambdaHatNDelta1*MDelta1^2*lambdaHatNDelta1bar + 54*DEN[MN,
   MDelta1]^4*Log[MN^2]*p2.p2*p3.pol1*sSS^3*FourPi^(-2)*I*g1*MN^6*
   lambdaHatNDelta1*lambdaHatNDelta1bar + 36*DEN[MN,MDelta1]^4*Log[MN^2
   ]*p2.p3*p2.pol1*sSS^3*FourPi^(-2)*I*g1*MN^6*lambdaHatNDelta1*
   lambdaHatNDelta1bar - 36*DEN[MN,MDelta1]^4*Log[MN^2]*p2.p3*p3.pol1*
   sSS^3*FourPi^(-2)*I*g1*MN^6*lambdaHatNDelta1*lambdaHatNDelta1bar - 
   18*DEN[MN,MDelta1]^4*Log[MN^2]*p2.pol1*p3.p3*sSS^3*FourPi^(-2)*I*g1*
   MN^4*lambdaHatNDelta1*MDelta1^2*lambdaHatNDelta1bar - 54*DEN[MN,
   MDelta1]^4*Log[MN^2]*p2.pol1*p3.p3*sSS^3*FourPi^(-2)*I*g1*MN^6*
   lambdaHatNDelta1*lambdaHatNDelta1bar + 36*DEN[MN,MDelta1]^4*Log[MN^2
   ]*p3.p3*p3.pol1*sSS^3*FourPi^(-2)*I*g1*MN^4*lambdaHatNDelta1*
   MDelta1^2*lambdaHatNDelta1bar + 72*DEN[MN,MDelta1]^4*Log[MN^2]*p3.p3
   *p3.pol1*sSS^3*FourPi^(-2)*I*g1*MN^6*lambdaHatNDelta1*
   lambdaHatNDelta1bar - 72*DEN[MN,MDelta1]^3*Log[MDelta1^2]*p2.p2*
   p2.pol1*sSS^3*FourPi^(-2)*I*g1*lambdaHatNDelta1*MDelta1^4*
   lambdaHatNDelta1bar - 36*DEN[MN,MDelta1]^3*Log[MDelta1^2]*p2.p2*
   p3.pol1*sSS^3*FourPi^(-2)*I*g1*lambdaHatNDelta1*MDelta1^4*
   lambdaHatNDelta1bar + 108*DEN[MN,MDelta1]^3*Log[MDelta1^2]*p2.p3*
   p2.pol1*sSS^3*FourPi^(-2)*I*g1*lambdaHatNDelta1*MDelta1^4*
   lambdaHatNDelta1bar - 108*DEN[MN,MDelta1]^3*Log[MDelta1^2]*p2.p3*
   p3.pol1*sSS^3*FourPi^(-2)*I*g1*lambdaHatNDelta1*MDelta1^4*
   lambdaHatNDelta1bar + 36*DEN[MN,MDelta1]^3*Log[MDelta1^2]*p2.pol1*
   p3.p3*sSS^3*FourPi^(-2)*I*g1*lambdaHatNDelta1*MDelta1^4*
   lambdaHatNDelta1bar - 36*DEN[MN,MDelta1]^3*Log[MDelta1^2]*p2.pol1*
   sSS*FourPi^(-2)*I*g1*lambdaHatNDelta1*MDelta1^6*lambdaHatNDelta1bar
    + 72*DEN[MN,MDelta1]^3*Log[MDelta1^2]*p3.p3*p3.pol1*sSS^3*
   FourPi^(-2)*I*g1*lambdaHatNDelta1*MDelta1^4*lambdaHatNDelta1bar + 36
   *DEN[MN,MDelta1]^3*Log[MDelta1^2]*p3.pol1*sSS*FourPi^(-2)*I*g1*
   lambdaHatNDelta1*MDelta1^6*lambdaHatNDelta1bar + 36*DEN[MN,MDelta1]^
   3*Log[MN^2]*p2.p2*p2.pol1*sSS^3*FourPi^(-2)*I*g1*MN^4*
   lambdaHatNDelta1*lambdaHatNDelta1bar - 54*DEN[MN,MDelta1]^3*Log[MN^2
   ]*p2.p2*p3.pol1*sSS^3*FourPi^(-2)*I*g1*MN^4*lambdaHatNDelta1*
   lambdaHatNDelta1bar + 54*DEN[MN,MDelta1]^3*Log[MN^2]*p2.pol1*p3.p3*
   sSS^3*FourPi^(-2)*I*g1*MN^4*lambdaHatNDelta1*lambdaHatNDelta1bar + 
   18*DEN[MN,MDelta1]^3*Log[MN^2]*p2.pol1*sSS*FourPi^(-2)*I*g1*MN^4*
   lambdaHatNDelta1*MDelta1^2*lambdaHatNDelta1bar + 18*DEN[MN,MDelta1]^
   3*Log[MN^2]*p2.pol1*sSS*FourPi^(-2)*I*g1*MN^6*lambdaHatNDelta1*
   lambdaHatNDelta1bar - 36*DEN[MN,MDelta1]^3*Log[MN^2]*p3.p3*p3.pol1*
   sSS^3*FourPi^(-2)*I*g1*MN^4*lambdaHatNDelta1*lambdaHatNDelta1bar - 
   18*DEN[MN,MDelta1]^3*Log[MN^2]*p3.pol1*sSS*FourPi^(-2)*I*g1*MN^4*
   lambdaHatNDelta1*MDelta1^2*lambdaHatNDelta1bar - 18*DEN[MN,MDelta1]^
   3*Log[MN^2]*p3.pol1*sSS*FourPi^(-2)*I*g1*MN^6*lambdaHatNDelta1*
   lambdaHatNDelta1bar - 12*DEN[MN,MDelta1]^2*Log[MDelta1^2]*p2.p2*
   p3.pol1*sSS^3*FourPi^(-2)*I*g1*lambdaHatNDelta1*MDelta1^2*
   lambdaHatNDelta1bar + 12*DEN[MN,MDelta1]^2*Log[MDelta1^2]*p2.p3*
   p2.pol1*sSS^3*FourPi^(-2)*I*g1*lambdaHatNDelta1*MDelta1^2*
   lambdaHatNDelta1bar - 12*DEN[MN,MDelta1]^2*Log[MDelta1^2]*p2.p3*
   p3.pol1*sSS^3*FourPi^(-2)*I*g1*lambdaHatNDelta1*MDelta1^2*
   lambdaHatNDelta1bar + 12*DEN[MN,MDelta1]^2*Log[MDelta1^2]*p2.pol1*
   p3.p3*sSS^3*FourPi^(-2)*I*g1*lambdaHatNDelta1*MDelta1^2*
   lambdaHatNDelta1bar - 54*DEN[MN,MDelta1]^2*Log[MDelta1^2]*p2.pol1*
   sSS*FourPi^(-2)*I*g1*lambdaHatNDelta1*MDelta1^4*lambdaHatNDelta1bar
    + 54*DEN[MN,MDelta1]^2*Log[MDelta1^2]*p3.pol1*sSS*FourPi^(-2)*I*g1*
   lambdaHatNDelta1*MDelta1^4*lambdaHatNDelta1bar - 36*DEN[MN,MDelta1]^
   2*Log[MN^2]*p2.pol1*sSS*FourPi^(-2)*I*g1*MN^4*lambdaHatNDelta1*
   lambdaHatNDelta1bar + 36*DEN[MN,MDelta1]^2*Log[MN^2]*p3.pol1*sSS*
   FourPi^(-2)*I*g1*MN^4*lambdaHatNDelta1*lambdaHatNDelta1bar + 12*DEN[
   MN,MDelta1]*Log[MDelta1^2]*p2.p2*p3.pol1*sSS^3*FourPi^(-2)*I*g1*
   lambdaHatNDelta1*lambdaHatNDelta1bar - 12*DEN[MN,MDelta1]*Log[
   MDelta1^2]*p2.p3*p2.pol1*sSS^3*FourPi^(-2)*I*g1*lambdaHatNDelta1*
   lambdaHatNDelta1bar + 12*DEN[MN,MDelta1]*Log[MDelta1^2]*p2.p3*
   p3.pol1*sSS^3*FourPi^(-2)*I*g1*lambdaHatNDelta1*lambdaHatNDelta1bar
    - 12*DEN[MN,MDelta1]*Log[MDelta1^2]*p2.pol1*p3.p3*sSS^3*FourPi^(-2)
   *I*g1*lambdaHatNDelta1*lambdaHatNDelta1bar - 12*Log[MN^2]*p2.p2*
   p3.pol1*sSS^3*FourPi^(-2)*I*g1*MN^(-2)*esfull(2) + 12*Log[MN^2]*
   p2.p3*p2.pol1*sSS^3*FourPi^(-2)*I*g1*MN^(-2)*esfull(2) - 12*Log[MN^2
   ]*p2.p3*p3.pol1*sSS^3*FourPi^(-2)*I*g1*MN^(-2)*esfull(2) + 12*Log[
   MN^2]*p2.pol1*p3.p3*sSS^3*FourPi^(-2)*I*g1*MN^(-2)*esfull(2) - 18*
   Log[MN^2]*p2.pol1*sSS*FourPi^(-2)*I*g1*esfull(2) + 18*Log[MN^2]*
   p3.pol1*sSS*FourPi^(-2)*I*g1*esfull(2)];

