    esfull(1)=lambdaN[fl97]*lambdaDelta1bar[fl99];
    esfull(2)=lambdaN[fl1]*lambdaN[fl97]*lambdaDelta1bar[fl99]*
   lambdaNbar[fl1];
    esfull(3)=lambdaN[fl97]*lambdaNbar[fl1]*ylbar[fl1,fl99];
    esfull(4)=lambdaDelta1[fl1]*lambdaDelta1bar[fl99]*ylbar[fl97,fl1];
    esfull(5)=lambdaN[fl1]*lambdaN[fl97]*lambdaNbar[fl1]*lambdaNbar[fl2
   ]*ylbar[fl2,fl99];
    esfull(6)=G[8*gam[y99,FIVE,y97]*FourPi^(-2)*I*lam*MDelta1^(-2)*
   esfull(4) - gam[y99,FIVE,y97]*FourPi^(-2)*I*g1^2*MDelta1^(-2)*
   esfull(4) + 8*gam[y99,FIVE,y97]*FourPi^(-2)*I*invepsilonbar*lam*
   MDelta1^(-2)*esfull(4) - 3*gam[y99,FIVE,y97]*FourPi^(-2)*I*
   invepsilonbar*g1^2*MDelta1^(-2)*esfull(4) - 8*gam[y99,FIVE,y97]*Log[
   MDelta1^2]*FourPi^(-2)*I*lam*MDelta1^(-2)*esfull(4) + 3*gam[y99,FIVE
   ,y97]*Log[MDelta1^2]*FourPi^(-2)*I*g1^2*MDelta1^(-2)*esfull(4) - 8*
   gam[y99,y97]*FourPi^(-2)*I*lam*MDelta1^(-2)*esfull(4) + gam[y99,y97]
   *FourPi^(-2)*I*g1^2*MDelta1^(-2)*esfull(4) - 8*gam[y99,y97]*
   FourPi^(-2)*I*invepsilonbar*lam*MDelta1^(-2)*esfull(4) + 3*gam[y99,
   y97]*FourPi^(-2)*I*invepsilonbar*g1^2*MDelta1^(-2)*esfull(4) + 8*
   gam[y99,y97]*Log[MDelta1^2]*FourPi^(-2)*I*lam*MDelta1^(-2)*esfull(4)
    - 3*gam[y99,y97]*Log[MDelta1^2]*FourPi^(-2)*I*g1^2*MDelta1^(-2)*
   esfull(4)];
    esfull(7)=G[DEN[MN,MDelta1]*gam[y99,FIVE,y97]*FourPi^(-2)*I*lam*
   MN^(-2)*MDelta1^2*lambdaHatNDelta1bar*esfull(1) - DEN[MN,MDelta1]*
   gam[y99,FIVE,y97]*FourPi^(-2)*I*lam*lambdaHatNDelta1bar*esfull(1) + 
   DEN[MN,MDelta1]*gam[y99,FIVE,y97]*FourPi^(-2)*I*invepsilonbar*lam*
   MN^(-2)*MDelta1^2*lambdaHatNDelta1bar*esfull(1) - DEN[MN,MDelta1]*
   gam[y99,FIVE,y97]*FourPi^(-2)*I*invepsilonbar*lam*
   lambdaHatNDelta1bar*esfull(1) - DEN[MN,MDelta1]*gam[y99,FIVE,y97]*
   Log[MDelta1^2]*FourPi^(-2)*I*lam*MN^(-2)*MDelta1^2*
   lambdaHatNDelta1bar*esfull(1) + DEN[MN,MDelta1]*gam[y99,FIVE,y97]*
   Log[MN^2]*FourPi^(-2)*I*lam*lambdaHatNDelta1bar*esfull(1) - DEN[MN,
   MDelta1]*gam[y99,y97]*FourPi^(-2)*I*lam*MN^(-2)*MDelta1^2*
   lambdaHatNDelta1bar*esfull(1) + DEN[MN,MDelta1]*gam[y99,y97]*
   FourPi^(-2)*I*lam*lambdaHatNDelta1bar*esfull(1) - DEN[MN,MDelta1]*
   gam[y99,y97]*FourPi^(-2)*I*invepsilonbar*lam*MN^(-2)*MDelta1^2*
   lambdaHatNDelta1bar*esfull(1) + DEN[MN,MDelta1]*gam[y99,y97]*
   FourPi^(-2)*I*invepsilonbar*lam*lambdaHatNDelta1bar*esfull(1) + DEN[
   MN,MDelta1]*gam[y99,y97]*Log[MDelta1^2]*FourPi^(-2)*I*lam*MN^(-2)*
   MDelta1^2*lambdaHatNDelta1bar*esfull(1) - DEN[MN,MDelta1]*gam[y99,
   y97]*Log[MN^2]*FourPi^(-2)*I*lam*lambdaHatNDelta1bar*esfull(1) + 
   gam[y99,FIVE,y97]*FourPi^(-2)*I*lam*MN^(-2)*esfull(3) + gam[y99,FIVE
   ,y97]*FourPi^(-2)*I*lam*MN^(-2)*lambdaHatNDelta1bar*esfull(1) + gam[
   y99,FIVE,y97]*FourPi^(-2)*I*invepsilonbar*lam*MN^(-2)*esfull(3) + 
   gam[y99,FIVE,y97]*FourPi^(-2)*I*invepsilonbar*lam*MN^(-2)*
   lambdaHatNDelta1bar*esfull(1) - gam[y99,FIVE,y97]*Log[MDelta1^2]*
   FourPi^(-2)*I*lam*MN^(-2)*lambdaHatNDelta1bar*esfull(1) - gam[y99,
   FIVE,y97]*Log[MN^2]*FourPi^(-2)*I*lam*MN^(-2)*esfull(3) - gam[y99,
   y97]*FourPi^(-2)*I*lam*MN^(-2)*esfull(3) - gam[y99,y97]*FourPi^(-2)*
   I*lam*MN^(-2)*lambdaHatNDelta1bar*esfull(1) - gam[y99,y97]*
   FourPi^(-2)*I*invepsilonbar*lam*MN^(-2)*esfull(3) - gam[y99,y97]*
   FourPi^(-2)*I*invepsilonbar*lam*MN^(-2)*lambdaHatNDelta1bar*
   esfull(1) + gam[y99,y97]*Log[MDelta1^2]*FourPi^(-2)*I*lam*MN^(-2)*
   lambdaHatNDelta1bar*esfull(1) + gam[y99,y97]*Log[MN^2]*FourPi^(-2)*I
   *lam*MN^(-2)*esfull(3)];
    esfull(8)=G[gam[y99,FIVE,y97]*FourPi^(-2)*I*g2^2*MN^(-2)*esfull(3)
    + gam[y99,FIVE,y97]*FourPi^(-2)*I*invepsilonbar*g2^2*MN^(-2)*
   esfull(3) - gam[y99,FIVE,y97]*Log[MN^2]*FourPi^(-2)*I*g2^2*MN^(-2)*
   esfull(3) - gam[y99,y97]*FourPi^(-2)*I*g2^2*MN^(-2)*esfull(3) - gam[
   y99,y97]*FourPi^(-2)*I*invepsilonbar*g2^2*MN^(-2)*esfull(3) + gam[
   y99,y97]*Log[MN^2]*FourPi^(-2)*I*g2^2*MN^(-2)*esfull(3)];
    esfull(9)=G[DEN[MN,MDelta1]*gam[y99,FIVE,y97]*FourPi^(-2)*I*g2^2*
   MN^(-2)*MDelta1^2*lambdaHatNDelta1bar*esfull(1) - DEN[MN,MDelta1]*
   gam[y99,FIVE,y97]*FourPi^(-2)*I*g2^2*lambdaHatNDelta1bar*esfull(1)
    + 3*DEN[MN,MDelta1]*gam[y99,FIVE,y97]*FourPi^(-2)*I*invepsilonbar*
   g2^2*MN^(-2)*MDelta1^2*lambdaHatNDelta1bar*esfull(1) - 3*DEN[MN,
   MDelta1]*gam[y99,FIVE,y97]*FourPi^(-2)*I*invepsilonbar*g2^2*
   lambdaHatNDelta1bar*esfull(1) - 3*DEN[MN,MDelta1]*gam[y99,FIVE,y97]*
   Log[MDelta1^2]*FourPi^(-2)*I*g2^2*MN^(-2)*MDelta1^2*
   lambdaHatNDelta1bar*esfull(1) + 3*DEN[MN,MDelta1]*gam[y99,FIVE,y97]*
   Log[MN^2]*FourPi^(-2)*I*g2^2*lambdaHatNDelta1bar*esfull(1) - DEN[MN,
   MDelta1]*gam[y99,y97]*FourPi^(-2)*I*g2^2*MN^(-2)*MDelta1^2*
   lambdaHatNDelta1bar*esfull(1) + DEN[MN,MDelta1]*gam[y99,y97]*
   FourPi^(-2)*I*g2^2*lambdaHatNDelta1bar*esfull(1) - 3*DEN[MN,MDelta1]
   *gam[y99,y97]*FourPi^(-2)*I*invepsilonbar*g2^2*MN^(-2)*MDelta1^2*
   lambdaHatNDelta1bar*esfull(1) + 3*DEN[MN,MDelta1]*gam[y99,y97]*
   FourPi^(-2)*I*invepsilonbar*g2^2*lambdaHatNDelta1bar*esfull(1) + 3*
   DEN[MN,MDelta1]*gam[y99,y97]*Log[MDelta1^2]*FourPi^(-2)*I*g2^2*
   MN^(-2)*MDelta1^2*lambdaHatNDelta1bar*esfull(1) - 3*DEN[MN,MDelta1]*
   gam[y99,y97]*Log[MN^2]*FourPi^(-2)*I*g2^2*lambdaHatNDelta1bar*
   esfull(1) - gam[y99,FIVE,y97]*FourPi^(-2)*I*g2^2*MN^(-2)*esfull(3)
    + gam[y99,FIVE,y97]*FourPi^(-2)*I*g2^2*MN^(-2)*lambdaHatNDelta1bar*
   esfull(1) - gam[y99,FIVE,y97]*FourPi^(-2)*I*invepsilonbar*g2^2*
   MN^(-2)*esfull(3) + 3*gam[y99,FIVE,y97]*FourPi^(-2)*I*invepsilonbar*
   g2^2*MN^(-2)*lambdaHatNDelta1bar*esfull(1) - 3*gam[y99,FIVE,y97]*
   Log[MDelta1^2]*FourPi^(-2)*I*g2^2*MN^(-2)*lambdaHatNDelta1bar*
   esfull(1) + gam[y99,FIVE,y97]*Log[MN^2]*FourPi^(-2)*I*g2^2*MN^(-2)*
   esfull(3) + gam[y99,y97]*FourPi^(-2)*I*g2^2*MN^(-2)*esfull(3) - gam[
   y99,y97]*FourPi^(-2)*I*g2^2*MN^(-2)*lambdaHatNDelta1bar*esfull(1) + 
   gam[y99,y97]*FourPi^(-2)*I*invepsilonbar*g2^2*MN^(-2)*esfull(3) - 3*
   gam[y99,y97]*FourPi^(-2)*I*invepsilonbar*g2^2*MN^(-2)*
   lambdaHatNDelta1bar*esfull(1) + 3*gam[y99,y97]*Log[MDelta1^2]*
   FourPi^(-2)*I*g2^2*MN^(-2)*lambdaHatNDelta1bar*esfull(1) - gam[y99,
   y97]*Log[MN^2]*FourPi^(-2)*I*g2^2*MN^(-2)*esfull(3)];
    esfull(10)=G[gam[y99,FIVE,y97]*FourPi^(-2)*I*g2^2*MDelta1^(-2)*
   esfull(4) + 3*gam[y99,FIVE,y97]*FourPi^(-2)*I*invepsilonbar*g2^2*
   MDelta1^(-2)*esfull(4) - 3*gam[y99,FIVE,y97]*Log[MDelta1^2]*
   FourPi^(-2)*I*g2^2*MDelta1^(-2)*esfull(4) - gam[y99,y97]*FourPi^(-2)
   *I*g2^2*MDelta1^(-2)*esfull(4) - 3*gam[y99,y97]*FourPi^(-2)*I*
   invepsilonbar*g2^2*MDelta1^(-2)*esfull(4) + 3*gam[y99,y97]*Log[
   MDelta1^2]*FourPi^(-2)*I*g2^2*MDelta1^(-2)*esfull(4)];
    esfull(11)=G[2*DEN[MN,MDelta1]^3*gam[y99,FIVE,y97]*FourPi^(-2)*I*
   lambdaHatNDelta1*MDelta1^4*lambdaHatNDelta1bar^2*esfull(1) + 2*DEN[
   MN,MDelta1]^3*gam[y99,FIVE,y97]*FourPi^(-2)*I*MN^2*lambdaHatNDelta1*
   MDelta1^2*lambdaHatNDelta1bar^2*esfull(1) - 4*DEN[MN,MDelta1]^3*gam[
   y99,FIVE,y97]*FourPi^(-2)*I*MN^4*lambdaHatNDelta1*
   lambdaHatNDelta1bar^2*esfull(1) + 2*DEN[MN,MDelta1]^3*gam[y99,FIVE,
   y97]*FourPi^(-2)*I*invepsilonbar*lambdaHatNDelta1*MDelta1^4*
   lambdaHatNDelta1bar^2*esfull(1) + 2*DEN[MN,MDelta1]^3*gam[y99,FIVE,
   y97]*FourPi^(-2)*I*invepsilonbar*MN^2*lambdaHatNDelta1*MDelta1^2*
   lambdaHatNDelta1bar^2*esfull(1) - 4*DEN[MN,MDelta1]^3*gam[y99,FIVE,
   y97]*FourPi^(-2)*I*invepsilonbar*MN^4*lambdaHatNDelta1*
   lambdaHatNDelta1bar^2*esfull(1) - 2*DEN[MN,MDelta1]^3*gam[y99,FIVE,
   y97]*Log[MDelta1^2]*FourPi^(-2)*I*lambdaHatNDelta1*MDelta1^4*
   lambdaHatNDelta1bar^2*esfull(1) - 2*DEN[MN,MDelta1]^3*gam[y99,FIVE,
   y97]*Log[MDelta1^2]*FourPi^(-2)*I*MN^2*lambdaHatNDelta1*MDelta1^2*
   lambdaHatNDelta1bar^2*esfull(1) + 4*DEN[MN,MDelta1]^3*gam[y99,FIVE,
   y97]*Log[MN^2]*FourPi^(-2)*I*MN^4*lambdaHatNDelta1*
   lambdaHatNDelta1bar^2*esfull(1) - 2*DEN[MN,MDelta1]^3*gam[y99,y97]*
   FourPi^(-2)*I*lambdaHatNDelta1*MDelta1^4*lambdaHatNDelta1bar^2*
   esfull(1) - 2*DEN[MN,MDelta1]^3*gam[y99,y97]*FourPi^(-2)*I*MN^2*
   lambdaHatNDelta1*MDelta1^2*lambdaHatNDelta1bar^2*esfull(1) + 4*DEN[
   MN,MDelta1]^3*gam[y99,y97]*FourPi^(-2)*I*MN^4*lambdaHatNDelta1*
   lambdaHatNDelta1bar^2*esfull(1) - 2*DEN[MN,MDelta1]^3*gam[y99,y97]*
   FourPi^(-2)*I*invepsilonbar*lambdaHatNDelta1*MDelta1^4*
   lambdaHatNDelta1bar^2*esfull(1) - 2*DEN[MN,MDelta1]^3*gam[y99,y97]*
   FourPi^(-2)*I*invepsilonbar*MN^2*lambdaHatNDelta1*MDelta1^2*
   lambdaHatNDelta1bar^2*esfull(1) + 4*DEN[MN,MDelta1]^3*gam[y99,y97]*
   FourPi^(-2)*I*invepsilonbar*MN^4*lambdaHatNDelta1*
   lambdaHatNDelta1bar^2*esfull(1) + 2*DEN[MN,MDelta1]^3*gam[y99,y97]*
   Log[MDelta1^2]*FourPi^(-2)*I*lambdaHatNDelta1*MDelta1^4*
   lambdaHatNDelta1bar^2*esfull(1) + 2*DEN[MN,MDelta1]^3*gam[y99,y97]*
   Log[MDelta1^2]*FourPi^(-2)*I*MN^2*lambdaHatNDelta1*MDelta1^2*
   lambdaHatNDelta1bar^2*esfull(1) - 4*DEN[MN,MDelta1]^3*gam[y99,y97]*
   Log[MN^2]*FourPi^(-2)*I*MN^4*lambdaHatNDelta1*lambdaHatNDelta1bar^2*
   esfull(1) + 2*DEN[MN,MDelta1]^2*gam[y99,FIVE,y97]*FourPi^(-2)*I*
   MDelta1^2*lambdaHatNDelta1bar*esfull(2) - 2*DEN[MN,MDelta1]^2*gam[
   y99,FIVE,y97]*FourPi^(-2)*I*lambdaHatNDelta1*MDelta1^2*
   lambdaHatNDelta1bar*esfull(3) + DEN[MN,MDelta1]^2*gam[y99,FIVE,y97]*
   FourPi^(-2)*I*lambdaHatNDelta1*MDelta1^2*lambdaHatNDelta1bar^2*
   esfull(1) - 2*DEN[MN,MDelta1]^2*gam[y99,FIVE,y97]*FourPi^(-2)*I*MN^2
   *lambdaHatNDelta1bar*esfull(2) + 2*DEN[MN,MDelta1]^2*gam[y99,FIVE,
   y97]*FourPi^(-2)*I*MN^2*lambdaHatNDelta1*lambdaHatNDelta1bar*
   esfull(3) + DEN[MN,MDelta1]^2*gam[y99,FIVE,y97]*FourPi^(-2)*I*MN^2*
   lambdaHatNDelta1*lambdaHatNDelta1bar^2*esfull(1) + 2*DEN[MN,MDelta1]
   ^2*gam[y99,FIVE,y97]*FourPi^(-2)*I*invepsilonbar*MDelta1^2*
   lambdaHatNDelta1bar*esfull(2) - 2*DEN[MN,MDelta1]^2*gam[y99,FIVE,y97
   ]*FourPi^(-2)*I*invepsilonbar*lambdaHatNDelta1*MDelta1^2*
   lambdaHatNDelta1bar*esfull(3) + 2*DEN[MN,MDelta1]^2*gam[y99,FIVE,y97
   ]*FourPi^(-2)*I*invepsilonbar*lambdaHatNDelta1*MDelta1^2*
   lambdaHatNDelta1bar^2*esfull(1) - 2*DEN[MN,MDelta1]^2*gam[y99,FIVE,
   y97]*FourPi^(-2)*I*invepsilonbar*MN^2*lambdaHatNDelta1bar*esfull(2)
    + 2*DEN[MN,MDelta1]^2*gam[y99,FIVE,y97]*FourPi^(-2)*I*invepsilonbar
   *MN^2*lambdaHatNDelta1*lambdaHatNDelta1bar*esfull(3) + 4*DEN[MN,
   MDelta1]^2*gam[y99,FIVE,y97]*FourPi^(-2)*I*invepsilonbar*MN^2*
   lambdaHatNDelta1*lambdaHatNDelta1bar^2*esfull(1) - 2*DEN[MN,MDelta1]
   ^2*gam[y99,FIVE,y97]*Log[MDelta1^2]*FourPi^(-2)*I*MDelta1^2*
   lambdaHatNDelta1bar*esfull(2) + 2*DEN[MN,MDelta1]^2*gam[y99,FIVE,y97
   ]*Log[MDelta1^2]*FourPi^(-2)*I*lambdaHatNDelta1*MDelta1^2*
   lambdaHatNDelta1bar*esfull(3) - 2*DEN[MN,MDelta1]^2*gam[y99,FIVE,y97
   ]*Log[MDelta1^2]*FourPi^(-2)*I*lambdaHatNDelta1*MDelta1^2*
   lambdaHatNDelta1bar^2*esfull(1) - DEN[MN,MDelta1]^2*gam[y99,FIVE,y97
   ]*Log[MDelta1^2]*FourPi^(-2)*I*MN^2*lambdaHatNDelta1*
   lambdaHatNDelta1bar^2*esfull(1) + 2*DEN[MN,MDelta1]^2*gam[y99,FIVE,
   y97]*Log[MN^2]*FourPi^(-2)*I*MN^2*lambdaHatNDelta1bar*esfull(2) - 2*
   DEN[MN,MDelta1]^2*gam[y99,FIVE,y97]*Log[MN^2]*FourPi^(-2)*I*MN^2*
   lambdaHatNDelta1*lambdaHatNDelta1bar*esfull(3) - 3*DEN[MN,MDelta1]^2
   *gam[y99,FIVE,y97]*Log[MN^2]*FourPi^(-2)*I*MN^2*lambdaHatNDelta1*
   lambdaHatNDelta1bar^2*esfull(1) - 2*DEN[MN,MDelta1]^2*gam[y99,y97]*
   FourPi^(-2)*I*MDelta1^2*lambdaHatNDelta1bar*esfull(2) + 2*DEN[MN,
   MDelta1]^2*gam[y99,y97]*FourPi^(-2)*I*lambdaHatNDelta1*MDelta1^2*
   lambdaHatNDelta1bar*esfull(3) - DEN[MN,MDelta1]^2*gam[y99,y97]*
   FourPi^(-2)*I*lambdaHatNDelta1*MDelta1^2*lambdaHatNDelta1bar^2*
   esfull(1) + 2*DEN[MN,MDelta1]^2*gam[y99,y97]*FourPi^(-2)*I*MN^2*
   lambdaHatNDelta1bar*esfull(2) - 2*DEN[MN,MDelta1]^2*gam[y99,y97]*
   FourPi^(-2)*I*MN^2*lambdaHatNDelta1*lambdaHatNDelta1bar*esfull(3) - 
   DEN[MN,MDelta1]^2*gam[y99,y97]*FourPi^(-2)*I*MN^2*lambdaHatNDelta1*
   lambdaHatNDelta1bar^2*esfull(1) - 2*DEN[MN,MDelta1]^2*gam[y99,y97]*
   FourPi^(-2)*I*invepsilonbar*MDelta1^2*lambdaHatNDelta1bar*esfull(2)
    + 2*DEN[MN,MDelta1]^2*gam[y99,y97]*FourPi^(-2)*I*invepsilonbar*
   lambdaHatNDelta1*MDelta1^2*lambdaHatNDelta1bar*esfull(3) - 2*DEN[MN,
   MDelta1]^2*gam[y99,y97]*FourPi^(-2)*I*invepsilonbar*lambdaHatNDelta1
   *MDelta1^2*lambdaHatNDelta1bar^2*esfull(1) + 2*DEN[MN,MDelta1]^2*
   gam[y99,y97]*FourPi^(-2)*I*invepsilonbar*MN^2*lambdaHatNDelta1bar*
   esfull(2) - 2*DEN[MN,MDelta1]^2*gam[y99,y97]*FourPi^(-2)*I*
   invepsilonbar*MN^2*lambdaHatNDelta1*lambdaHatNDelta1bar*esfull(3) - 
   4*DEN[MN,MDelta1]^2*gam[y99,y97]*FourPi^(-2)*I*invepsilonbar*MN^2*
   lambdaHatNDelta1*lambdaHatNDelta1bar^2*esfull(1) + 2*DEN[MN,MDelta1]
   ^2*gam[y99,y97]*Log[MDelta1^2]*FourPi^(-2)*I*MDelta1^2*
   lambdaHatNDelta1bar*esfull(2) - 2*DEN[MN,MDelta1]^2*gam[y99,y97]*
   Log[MDelta1^2]*FourPi^(-2)*I*lambdaHatNDelta1*MDelta1^2*
   lambdaHatNDelta1bar*esfull(3) + 2*DEN[MN,MDelta1]^2*gam[y99,y97]*
   Log[MDelta1^2]*FourPi^(-2)*I*lambdaHatNDelta1*MDelta1^2*
   lambdaHatNDelta1bar^2*esfull(1) + DEN[MN,MDelta1]^2*gam[y99,y97]*
   Log[MDelta1^2]*FourPi^(-2)*I*MN^2*lambdaHatNDelta1*
   lambdaHatNDelta1bar^2*esfull(1) - 2*DEN[MN,MDelta1]^2*gam[y99,y97]*
   Log[MN^2]*FourPi^(-2)*I*MN^2*lambdaHatNDelta1bar*esfull(2) + 2*DEN[
   MN,MDelta1]^2*gam[y99,y97]*Log[MN^2]*FourPi^(-2)*I*MN^2*
   lambdaHatNDelta1*lambdaHatNDelta1bar*esfull(3) + 3*DEN[MN,MDelta1]^2
   *gam[y99,y97]*Log[MN^2]*FourPi^(-2)*I*MN^2*lambdaHatNDelta1*
   lambdaHatNDelta1bar^2*esfull(1) + DEN[MN,MDelta1]*gam[y99,FIVE,y97]*
   FourPi^(-2)*I*MN^(-2)*MDelta1^2*lambdaHatNDelta1bar*esfull(2) - DEN[
   MN,MDelta1]*gam[y99,FIVE,y97]*FourPi^(-2)*I*MN^(-2)*lambdaHatNDelta1
   *MDelta1^2*lambdaHatNDelta1bar*esfull(3) - DEN[MN,MDelta1]*gam[y99,
   FIVE,y97]*FourPi^(-2)*I*lambdaHatNDelta1bar*esfull(2) + DEN[MN,
   MDelta1]*gam[y99,FIVE,y97]*FourPi^(-2)*I*lambdaHatNDelta1*
   lambdaHatNDelta1bar*esfull(3) + DEN[MN,MDelta1]*gam[y99,FIVE,y97]*
   FourPi^(-2)*I*invepsilonbar*MN^(-2)*MDelta1^2*lambdaHatNDelta1bar*
   esfull(2) - DEN[MN,MDelta1]*gam[y99,FIVE,y97]*FourPi^(-2)*I*
   invepsilonbar*MN^(-2)*lambdaHatNDelta1*MDelta1^2*lambdaHatNDelta1bar
   *esfull(3) + DEN[MN,MDelta1]*gam[y99,FIVE,y97]*FourPi^(-2)*I*
   invepsilonbar*lambdaHatNDelta1bar*esfull(2) - DEN[MN,MDelta1]*gam[
   y99,FIVE,y97]*FourPi^(-2)*I*invepsilonbar*lambdaHatNDelta1*
   lambdaHatNDelta1bar*esfull(3) - DEN[MN,MDelta1]*gam[y99,FIVE,y97]*
   Log[MDelta1^2]*FourPi^(-2)*I*MN^(-2)*MDelta1^2*lambdaHatNDelta1bar*
   esfull(2) + DEN[MN,MDelta1]*gam[y99,FIVE,y97]*Log[MDelta1^2]*
   FourPi^(-2)*I*MN^(-2)*lambdaHatNDelta1*MDelta1^2*lambdaHatNDelta1bar
   *esfull(3) - DEN[MN,MDelta1]*gam[y99,FIVE,y97]*Log[MN^2]*FourPi^(-2)
   *I*lambdaHatNDelta1bar*esfull(2) + DEN[MN,MDelta1]*gam[y99,FIVE,y97]
   *Log[MN^2]*FourPi^(-2)*I*lambdaHatNDelta1*lambdaHatNDelta1bar*
   esfull(3) - DEN[MN,MDelta1]*gam[y99,y97]*FourPi^(-2)*I*MN^(-2)*
   MDelta1^2*lambdaHatNDelta1bar*esfull(2) + DEN[MN,MDelta1]*gam[y99,
   y97]*FourPi^(-2)*I*MN^(-2)*lambdaHatNDelta1*MDelta1^2*
   lambdaHatNDelta1bar*esfull(3) + DEN[MN,MDelta1]*gam[y99,y97]*
   FourPi^(-2)*I*lambdaHatNDelta1bar*esfull(2) - DEN[MN,MDelta1]*gam[
   y99,y97]*FourPi^(-2)*I*lambdaHatNDelta1*lambdaHatNDelta1bar*
   esfull(3) - DEN[MN,MDelta1]*gam[y99,y97]*FourPi^(-2)*I*invepsilonbar
   *MN^(-2)*MDelta1^2*lambdaHatNDelta1bar*esfull(2) + DEN[MN,MDelta1]*
   gam[y99,y97]*FourPi^(-2)*I*invepsilonbar*MN^(-2)*lambdaHatNDelta1*
   MDelta1^2*lambdaHatNDelta1bar*esfull(3) - DEN[MN,MDelta1]*gam[y99,
   y97]*FourPi^(-2)*I*invepsilonbar*lambdaHatNDelta1bar*esfull(2) + 
   DEN[MN,MDelta1]*gam[y99,y97]*FourPi^(-2)*I*invepsilonbar*
   lambdaHatNDelta1*lambdaHatNDelta1bar*esfull(3) + DEN[MN,MDelta1]*
   gam[y99,y97]*Log[MDelta1^2]*FourPi^(-2)*I*MN^(-2)*MDelta1^2*
   lambdaHatNDelta1bar*esfull(2) - DEN[MN,MDelta1]*gam[y99,y97]*Log[
   MDelta1^2]*FourPi^(-2)*I*MN^(-2)*lambdaHatNDelta1*MDelta1^2*
   lambdaHatNDelta1bar*esfull(3) + DEN[MN,MDelta1]*gam[y99,y97]*Log[
   MN^2]*FourPi^(-2)*I*lambdaHatNDelta1bar*esfull(2) - DEN[MN,MDelta1]*
   gam[y99,y97]*Log[MN^2]*FourPi^(-2)*I*lambdaHatNDelta1*
   lambdaHatNDelta1bar*esfull(3) + 3*gam[y99,FIVE,y97]*FourPi^(-2)*I*
   MN^(-2)*esfull(5) + gam[y99,FIVE,y97]*FourPi^(-2)*I*MN^(-2)*
   lambdaHatNDelta1bar*esfull(2) - gam[y99,FIVE,y97]*FourPi^(-2)*I*
   MN^(-2)*lambdaHatNDelta1*lambdaHatNDelta1bar*esfull(3) + gam[y99,
   FIVE,y97]*FourPi^(-2)*I*invepsilonbar*MN^(-2)*esfull(5) + gam[y99,
   FIVE,y97]*FourPi^(-2)*I*invepsilonbar*MN^(-2)*lambdaHatNDelta1bar*
   esfull(2) - gam[y99,FIVE,y97]*FourPi^(-2)*I*invepsilonbar*MN^(-2)*
   lambdaHatNDelta1*lambdaHatNDelta1bar*esfull(3) - gam[y99,FIVE,y97]*
   Log[MDelta1^2]*FourPi^(-2)*I*MN^(-2)*lambdaHatNDelta1bar*esfull(2)
    + gam[y99,FIVE,y97]*Log[MDelta1^2]*FourPi^(-2)*I*MN^(-2)*
   lambdaHatNDelta1*lambdaHatNDelta1bar*esfull(3) - gam[y99,FIVE,y97]*
   Log[MN^2]*FourPi^(-2)*I*MN^(-2)*esfull(5) - 3*gam[y99,y97]*
   FourPi^(-2)*I*MN^(-2)*esfull(5) - gam[y99,y97]*FourPi^(-2)*I*MN^(-2)
   *lambdaHatNDelta1bar*esfull(2) + gam[y99,y97]*FourPi^(-2)*I*MN^(-2)*
   lambdaHatNDelta1*lambdaHatNDelta1bar*esfull(3) - gam[y99,y97]*
   FourPi^(-2)*I*invepsilonbar*MN^(-2)*esfull(5) - gam[y99,y97]*
   FourPi^(-2)*I*invepsilonbar*MN^(-2)*lambdaHatNDelta1bar*esfull(2) + 
   gam[y99,y97]*FourPi^(-2)*I*invepsilonbar*MN^(-2)*lambdaHatNDelta1*
   lambdaHatNDelta1bar*esfull(3) + gam[y99,y97]*Log[MDelta1^2]*
   FourPi^(-2)*I*MN^(-2)*lambdaHatNDelta1bar*esfull(2) - gam[y99,y97]*
   Log[MDelta1^2]*FourPi^(-2)*I*MN^(-2)*lambdaHatNDelta1*
   lambdaHatNDelta1bar*esfull(3) + gam[y99,y97]*Log[MN^2]*FourPi^(-2)*I
   *MN^(-2)*esfull(5)];
    esfull(12)=G[DEN[MN,MDelta1]^2*gam[y99,FIVE,y97]*FourPi^(-2)*I*
   lambdaHatNDelta1*MDelta1^2*lambdaHatNDelta1bar^2*esfull(1) - DEN[MN,
   MDelta1]^2*gam[y99,FIVE,y97]*FourPi^(-2)*I*MN^2*lambdaHatNDelta1*
   lambdaHatNDelta1bar^2*esfull(1) + DEN[MN,MDelta1]^2*gam[y99,FIVE,y97
   ]*FourPi^(-2)*I*invepsilonbar*lambdaHatNDelta1*MDelta1^2*
   lambdaHatNDelta1bar^2*esfull(1) - DEN[MN,MDelta1]^2*gam[y99,FIVE,y97
   ]*FourPi^(-2)*I*invepsilonbar*MN^2*lambdaHatNDelta1*
   lambdaHatNDelta1bar^2*esfull(1) - DEN[MN,MDelta1]^2*gam[y99,FIVE,y97
   ]*Log[MDelta1^2]*FourPi^(-2)*I*lambdaHatNDelta1*MDelta1^2*
   lambdaHatNDelta1bar^2*esfull(1) + DEN[MN,MDelta1]^2*gam[y99,FIVE,y97
   ]*Log[MN^2]*FourPi^(-2)*I*MN^2*lambdaHatNDelta1*
   lambdaHatNDelta1bar^2*esfull(1) - DEN[MN,MDelta1]^2*gam[y99,y97]*
   FourPi^(-2)*I*lambdaHatNDelta1*MDelta1^2*lambdaHatNDelta1bar^2*
   esfull(1) + DEN[MN,MDelta1]^2*gam[y99,y97]*FourPi^(-2)*I*MN^2*
   lambdaHatNDelta1*lambdaHatNDelta1bar^2*esfull(1) - DEN[MN,MDelta1]^2
   *gam[y99,y97]*FourPi^(-2)*I*invepsilonbar*lambdaHatNDelta1*MDelta1^2
   *lambdaHatNDelta1bar^2*esfull(1) + DEN[MN,MDelta1]^2*gam[y99,y97]*
   FourPi^(-2)*I*invepsilonbar*MN^2*lambdaHatNDelta1*
   lambdaHatNDelta1bar^2*esfull(1) + DEN[MN,MDelta1]^2*gam[y99,y97]*
   Log[MDelta1^2]*FourPi^(-2)*I*lambdaHatNDelta1*MDelta1^2*
   lambdaHatNDelta1bar^2*esfull(1) - DEN[MN,MDelta1]^2*gam[y99,y97]*
   Log[MN^2]*FourPi^(-2)*I*MN^2*lambdaHatNDelta1*lambdaHatNDelta1bar^2*
   esfull(1) + DEN[MN,MDelta1]*gam[y99,FIVE,y97]*FourPi^(-2)*I*MN^(-2)*
   MDelta1^2*lambdaHatNDelta1bar*esfull(2) - DEN[MN,MDelta1]*gam[y99,
   FIVE,y97]*FourPi^(-2)*I*MN^(-2)*lambdaHatNDelta1*MDelta1^2*
   lambdaHatNDelta1bar*esfull(3) - DEN[MN,MDelta1]*gam[y99,FIVE,y97]*
   FourPi^(-2)*I*lambdaHatNDelta1bar*esfull(2) + DEN[MN,MDelta1]*gam[
   y99,FIVE,y97]*FourPi^(-2)*I*lambdaHatNDelta1*lambdaHatNDelta1bar*
   esfull(3) + DEN[MN,MDelta1]*gam[y99,FIVE,y97]*FourPi^(-2)*I*
   invepsilonbar*MN^(-2)*MDelta1^2*lambdaHatNDelta1bar*esfull(2) - DEN[
   MN,MDelta1]*gam[y99,FIVE,y97]*FourPi^(-2)*I*invepsilonbar*MN^(-2)*
   lambdaHatNDelta1*MDelta1^2*lambdaHatNDelta1bar*esfull(3) - DEN[MN,
   MDelta1]*gam[y99,FIVE,y97]*FourPi^(-2)*I*invepsilonbar*
   lambdaHatNDelta1bar*esfull(2) + DEN[MN,MDelta1]*gam[y99,FIVE,y97]*
   FourPi^(-2)*I*invepsilonbar*lambdaHatNDelta1*lambdaHatNDelta1bar*
   esfull(3) + DEN[MN,MDelta1]*gam[y99,FIVE,y97]*FourPi^(-2)*I*
   invepsilonbar*lambdaHatNDelta1*lambdaHatNDelta1bar^2*esfull(1) - 
   DEN[MN,MDelta1]*gam[y99,FIVE,y97]*Log[MDelta1^2]*FourPi^(-2)*I*
   MN^(-2)*MDelta1^2*lambdaHatNDelta1bar*esfull(2) + DEN[MN,MDelta1]*
   gam[y99,FIVE,y97]*Log[MDelta1^2]*FourPi^(-2)*I*MN^(-2)*
   lambdaHatNDelta1*MDelta1^2*lambdaHatNDelta1bar*esfull(3) - DEN[MN,
   MDelta1]*gam[y99,FIVE,y97]*Log[MDelta1^2]*FourPi^(-2)*I*
   lambdaHatNDelta1*lambdaHatNDelta1bar^2*esfull(1) + DEN[MN,MDelta1]*
   gam[y99,FIVE,y97]*Log[MN^2]*FourPi^(-2)*I*lambdaHatNDelta1bar*
   esfull(2) - DEN[MN,MDelta1]*gam[y99,FIVE,y97]*Log[MN^2]*FourPi^(-2)*
   I*lambdaHatNDelta1*lambdaHatNDelta1bar*esfull(3) - DEN[MN,MDelta1]*
   gam[y99,y97]*FourPi^(-2)*I*MN^(-2)*MDelta1^2*lambdaHatNDelta1bar*
   esfull(2) + DEN[MN,MDelta1]*gam[y99,y97]*FourPi^(-2)*I*MN^(-2)*
   lambdaHatNDelta1*MDelta1^2*lambdaHatNDelta1bar*esfull(3) + DEN[MN,
   MDelta1]*gam[y99,y97]*FourPi^(-2)*I*lambdaHatNDelta1bar*esfull(2) - 
   DEN[MN,MDelta1]*gam[y99,y97]*FourPi^(-2)*I*lambdaHatNDelta1*
   lambdaHatNDelta1bar*esfull(3) - DEN[MN,MDelta1]*gam[y99,y97]*
   FourPi^(-2)*I*invepsilonbar*MN^(-2)*MDelta1^2*lambdaHatNDelta1bar*
   esfull(2) + DEN[MN,MDelta1]*gam[y99,y97]*FourPi^(-2)*I*invepsilonbar
   *MN^(-2)*lambdaHatNDelta1*MDelta1^2*lambdaHatNDelta1bar*esfull(3) + 
   DEN[MN,MDelta1]*gam[y99,y97]*FourPi^(-2)*I*invepsilonbar*
   lambdaHatNDelta1bar*esfull(2) - DEN[MN,MDelta1]*gam[y99,y97]*
   FourPi^(-2)*I*invepsilonbar*lambdaHatNDelta1*lambdaHatNDelta1bar*
   esfull(3) - DEN[MN,MDelta1]*gam[y99,y97]*FourPi^(-2)*I*invepsilonbar
   *lambdaHatNDelta1*lambdaHatNDelta1bar^2*esfull(1) + DEN[MN,MDelta1]*
   gam[y99,y97]*Log[MDelta1^2]*FourPi^(-2)*I*MN^(-2)*MDelta1^2*
   lambdaHatNDelta1bar*esfull(2) - DEN[MN,MDelta1]*gam[y99,y97]*Log[
   MDelta1^2]*FourPi^(-2)*I*MN^(-2)*lambdaHatNDelta1*MDelta1^2*
   lambdaHatNDelta1bar*esfull(3) + DEN[MN,MDelta1]*gam[y99,y97]*Log[
   MDelta1^2]*FourPi^(-2)*I*lambdaHatNDelta1*lambdaHatNDelta1bar^2*
   esfull(1) - DEN[MN,MDelta1]*gam[y99,y97]*Log[MN^2]*FourPi^(-2)*I*
   lambdaHatNDelta1bar*esfull(2) + DEN[MN,MDelta1]*gam[y99,y97]*Log[
   MN^2]*FourPi^(-2)*I*lambdaHatNDelta1*lambdaHatNDelta1bar*esfull(3)
    + gam[y99,FIVE,y97]*FourPi^(-2)*I*MN^(-2)*esfull(5) + gam[y99,FIVE,
   y97]*FourPi^(-2)*I*MN^(-2)*lambdaHatNDelta1bar*esfull(2) - gam[y99,
   FIVE,y97]*FourPi^(-2)*I*MN^(-2)*lambdaHatNDelta1*lambdaHatNDelta1bar
   *esfull(3) + gam[y99,FIVE,y97]*FourPi^(-2)*I*invepsilonbar*MN^(-2)*
   esfull(5) + gam[y99,FIVE,y97]*FourPi^(-2)*I*invepsilonbar*MN^(-2)*
   lambdaHatNDelta1bar*esfull(2) - gam[y99,FIVE,y97]*FourPi^(-2)*I*
   invepsilonbar*MN^(-2)*lambdaHatNDelta1*lambdaHatNDelta1bar*esfull(3)
    - gam[y99,FIVE,y97]*Log[MDelta1^2]*FourPi^(-2)*I*MN^(-2)*
   lambdaHatNDelta1bar*esfull(2) + gam[y99,FIVE,y97]*Log[MDelta1^2]*
   FourPi^(-2)*I*MN^(-2)*lambdaHatNDelta1*lambdaHatNDelta1bar*esfull(3)
    - gam[y99,FIVE,y97]*Log[MN^2]*FourPi^(-2)*I*MN^(-2)*esfull(5) - 
   gam[y99,y97]*FourPi^(-2)*I*MN^(-2)*esfull(5) - gam[y99,y97]*
   FourPi^(-2)*I*MN^(-2)*lambdaHatNDelta1bar*esfull(2) + gam[y99,y97]*
   FourPi^(-2)*I*MN^(-2)*lambdaHatNDelta1*lambdaHatNDelta1bar*esfull(3)
    - gam[y99,y97]*FourPi^(-2)*I*invepsilonbar*MN^(-2)*esfull(5) - gam[
   y99,y97]*FourPi^(-2)*I*invepsilonbar*MN^(-2)*lambdaHatNDelta1bar*
   esfull(2) + gam[y99,y97]*FourPi^(-2)*I*invepsilonbar*MN^(-2)*
   lambdaHatNDelta1*lambdaHatNDelta1bar*esfull(3) + gam[y99,y97]*Log[
   MDelta1^2]*FourPi^(-2)*I*MN^(-2)*lambdaHatNDelta1bar*esfull(2) - 
   gam[y99,y97]*Log[MDelta1^2]*FourPi^(-2)*I*MN^(-2)*lambdaHatNDelta1*
   lambdaHatNDelta1bar*esfull(3) + gam[y99,y97]*Log[MN^2]*FourPi^(-2)*I
   *MN^(-2)*esfull(5)];

