    esfull(1)=lambdaN[fl97]*lambdaDelta1bar[fl99];
    esfull(2)=lambdaN[fl97]*lambdaNbar[fl1]*ylbar[fl1,fl99];
    esfull(3)=G[6*DEN[MN,MDelta1]^3*gam[y99,FIVE,p3,pol4,y97]*sSS*
   FourPi^(-2)*I*g2*MN^2*MDelta1^2*lambdaHatNDelta1bar*esfull(1) - 6*
   DEN[MN,MDelta1]^3*gam[y99,FIVE,p3,pol4,y97]*sSS*FourPi^(-2)*I*g2*
   MN^4*lambdaHatNDelta1bar*esfull(1) + 4*DEN[MN,MDelta1]^3*gam[y99,
   FIVE,p3,pol4,y97]*sSS*FourPi^(-2)*I*invepsilonbar*g2*MN^2*MDelta1^2*
   lambdaHatNDelta1bar*esfull(1) - 4*DEN[MN,MDelta1]^3*gam[y99,FIVE,p3,
   pol4,y97]*sSS*FourPi^(-2)*I*invepsilonbar*g2*MN^4*
   lambdaHatNDelta1bar*esfull(1) - 4*DEN[MN,MDelta1]^3*gam[y99,FIVE,p3,
   pol4,y97]*Log[MN^2]*sSS*FourPi^(-2)*I*g2*MN^2*MDelta1^2*
   lambdaHatNDelta1bar*esfull(1) + 4*DEN[MN,MDelta1]^3*gam[y99,FIVE,p3,
   pol4,y97]*Log[MN^2]*sSS*FourPi^(-2)*I*g2*MN^4*lambdaHatNDelta1bar*
   esfull(1) + 3*DEN[MN,MDelta1]^3*gam[y99,FIVE,p4,pol4,y97]*sSS*
   FourPi^(-2)*I*g2*MN^2*MDelta1^2*lambdaHatNDelta1bar*esfull(1) - 3*
   DEN[MN,MDelta1]^3*gam[y99,FIVE,p4,pol4,y97]*sSS*FourPi^(-2)*I*g2*
   MN^4*lambdaHatNDelta1bar*esfull(1) + 2*DEN[MN,MDelta1]^3*gam[y99,
   FIVE,p4,pol4,y97]*sSS*FourPi^(-2)*I*invepsilonbar*g2*MN^2*MDelta1^2*
   lambdaHatNDelta1bar*esfull(1) - 2*DEN[MN,MDelta1]^3*gam[y99,FIVE,p4,
   pol4,y97]*sSS*FourPi^(-2)*I*invepsilonbar*g2*MN^4*
   lambdaHatNDelta1bar*esfull(1) - 2*DEN[MN,MDelta1]^3*gam[y99,FIVE,p4,
   pol4,y97]*Log[MN^2]*sSS*FourPi^(-2)*I*g2*MN^2*MDelta1^2*
   lambdaHatNDelta1bar*esfull(1) + 2*DEN[MN,MDelta1]^3*gam[y99,FIVE,p4,
   pol4,y97]*Log[MN^2]*sSS*FourPi^(-2)*I*g2*MN^4*lambdaHatNDelta1bar*
   esfull(1) + 12*DEN[MN,MDelta1]^3*gam[y99,FIVE,y97]*p3.pol4*sSS*
   FourPi^(-2)*I*g2*MDelta1^4*lambdaHatNDelta1bar*esfull(1) - 12*DEN[MN
   ,MDelta1]^3*gam[y99,FIVE,y97]*p3.pol4*sSS*FourPi^(-2)*I*g2*MN^2*
   MDelta1^2*lambdaHatNDelta1bar*esfull(1) + 8*DEN[MN,MDelta1]^3*gam[
   y99,FIVE,y97]*p3.pol4*sSS*FourPi^(-2)*I*invepsilonbar*g2*MDelta1^4*
   lambdaHatNDelta1bar*esfull(1) - 8*DEN[MN,MDelta1]^3*gam[y99,FIVE,y97
   ]*p3.pol4*sSS*FourPi^(-2)*I*invepsilonbar*g2*MN^2*MDelta1^2*
   lambdaHatNDelta1bar*esfull(1) + 6*DEN[MN,MDelta1]^3*gam[y99,FIVE,y97
   ]*p4.pol4*sSS*FourPi^(-2)*I*g2*MDelta1^4*lambdaHatNDelta1bar*
   esfull(1) - 6*DEN[MN,MDelta1]^3*gam[y99,FIVE,y97]*p4.pol4*sSS*
   FourPi^(-2)*I*g2*MN^2*MDelta1^2*lambdaHatNDelta1bar*esfull(1) + 4*
   DEN[MN,MDelta1]^3*gam[y99,FIVE,y97]*p4.pol4*sSS*FourPi^(-2)*I*
   invepsilonbar*g2*MDelta1^4*lambdaHatNDelta1bar*esfull(1) - 4*DEN[MN,
   MDelta1]^3*gam[y99,FIVE,y97]*p4.pol4*sSS*FourPi^(-2)*I*invepsilonbar
   *g2*MN^2*MDelta1^2*lambdaHatNDelta1bar*esfull(1) - 8*DEN[MN,MDelta1]
   ^3*gam[y99,FIVE,y97]*Log[MDelta1^2]*p3.pol4*sSS*FourPi^(-2)*I*g2*
   MDelta1^4*lambdaHatNDelta1bar*esfull(1) - 4*DEN[MN,MDelta1]^3*gam[
   y99,FIVE,y97]*Log[MDelta1^2]*p4.pol4*sSS*FourPi^(-2)*I*g2*MDelta1^4*
   lambdaHatNDelta1bar*esfull(1) + 8*DEN[MN,MDelta1]^3*gam[y99,FIVE,y97
   ]*Log[MN^2]*p3.pol4*sSS*FourPi^(-2)*I*g2*MN^2*MDelta1^2*
   lambdaHatNDelta1bar*esfull(1) + 4*DEN[MN,MDelta1]^3*gam[y99,FIVE,y97
   ]*Log[MN^2]*p4.pol4*sSS*FourPi^(-2)*I*g2*MN^2*MDelta1^2*
   lambdaHatNDelta1bar*esfull(1) - 6*DEN[MN,MDelta1]^3*gam[y99,p3,pol4,
   y97]*sSS*FourPi^(-2)*I*g2*MN^2*MDelta1^2*lambdaHatNDelta1bar*
   esfull(1) + 6*DEN[MN,MDelta1]^3*gam[y99,p3,pol4,y97]*sSS*FourPi^(-2)
   *I*g2*MN^4*lambdaHatNDelta1bar*esfull(1) - 4*DEN[MN,MDelta1]^3*gam[
   y99,p3,pol4,y97]*sSS*FourPi^(-2)*I*invepsilonbar*g2*MN^2*MDelta1^2*
   lambdaHatNDelta1bar*esfull(1) + 4*DEN[MN,MDelta1]^3*gam[y99,p3,pol4,
   y97]*sSS*FourPi^(-2)*I*invepsilonbar*g2*MN^4*lambdaHatNDelta1bar*
   esfull(1) + 4*DEN[MN,MDelta1]^3*gam[y99,p3,pol4,y97]*Log[MN^2]*sSS*
   FourPi^(-2)*I*g2*MN^2*MDelta1^2*lambdaHatNDelta1bar*esfull(1) - 4*
   DEN[MN,MDelta1]^3*gam[y99,p3,pol4,y97]*Log[MN^2]*sSS*FourPi^(-2)*I*
   g2*MN^4*lambdaHatNDelta1bar*esfull(1) - 3*DEN[MN,MDelta1]^3*gam[y99,
   p4,pol4,y97]*sSS*FourPi^(-2)*I*g2*MN^2*MDelta1^2*lambdaHatNDelta1bar
   *esfull(1) + 3*DEN[MN,MDelta1]^3*gam[y99,p4,pol4,y97]*sSS*
   FourPi^(-2)*I*g2*MN^4*lambdaHatNDelta1bar*esfull(1) - 2*DEN[MN,
   MDelta1]^3*gam[y99,p4,pol4,y97]*sSS*FourPi^(-2)*I*invepsilonbar*g2*
   MN^2*MDelta1^2*lambdaHatNDelta1bar*esfull(1) + 2*DEN[MN,MDelta1]^3*
   gam[y99,p4,pol4,y97]*sSS*FourPi^(-2)*I*invepsilonbar*g2*MN^4*
   lambdaHatNDelta1bar*esfull(1) + 2*DEN[MN,MDelta1]^3*gam[y99,p4,pol4,
   y97]*Log[MN^2]*sSS*FourPi^(-2)*I*g2*MN^2*MDelta1^2*
   lambdaHatNDelta1bar*esfull(1) - 2*DEN[MN,MDelta1]^3*gam[y99,p4,pol4,
   y97]*Log[MN^2]*sSS*FourPi^(-2)*I*g2*MN^4*lambdaHatNDelta1bar*
   esfull(1) - 12*DEN[MN,MDelta1]^3*gam[y99,y97]*p3.pol4*sSS*
   FourPi^(-2)*I*g2*MDelta1^4*lambdaHatNDelta1bar*esfull(1) + 12*DEN[MN
   ,MDelta1]^3*gam[y99,y97]*p3.pol4*sSS*FourPi^(-2)*I*g2*MN^2*MDelta1^2
   *lambdaHatNDelta1bar*esfull(1) - 8*DEN[MN,MDelta1]^3*gam[y99,y97]*
   p3.pol4*sSS*FourPi^(-2)*I*invepsilonbar*g2*MDelta1^4*
   lambdaHatNDelta1bar*esfull(1) + 8*DEN[MN,MDelta1]^3*gam[y99,y97]*
   p3.pol4*sSS*FourPi^(-2)*I*invepsilonbar*g2*MN^2*MDelta1^2*
   lambdaHatNDelta1bar*esfull(1) - 6*DEN[MN,MDelta1]^3*gam[y99,y97]*
   p4.pol4*sSS*FourPi^(-2)*I*g2*MDelta1^4*lambdaHatNDelta1bar*esfull(1)
    + 6*DEN[MN,MDelta1]^3*gam[y99,y97]*p4.pol4*sSS*FourPi^(-2)*I*g2*
   MN^2*MDelta1^2*lambdaHatNDelta1bar*esfull(1) - 4*DEN[MN,MDelta1]^3*
   gam[y99,y97]*p4.pol4*sSS*FourPi^(-2)*I*invepsilonbar*g2*MDelta1^4*
   lambdaHatNDelta1bar*esfull(1) + 4*DEN[MN,MDelta1]^3*gam[y99,y97]*
   p4.pol4*sSS*FourPi^(-2)*I*invepsilonbar*g2*MN^2*MDelta1^2*
   lambdaHatNDelta1bar*esfull(1) + 8*DEN[MN,MDelta1]^3*gam[y99,y97]*
   Log[MDelta1^2]*p3.pol4*sSS*FourPi^(-2)*I*g2*MDelta1^4*
   lambdaHatNDelta1bar*esfull(1) + 4*DEN[MN,MDelta1]^3*gam[y99,y97]*
   Log[MDelta1^2]*p4.pol4*sSS*FourPi^(-2)*I*g2*MDelta1^4*
   lambdaHatNDelta1bar*esfull(1) - 8*DEN[MN,MDelta1]^3*gam[y99,y97]*
   Log[MN^2]*p3.pol4*sSS*FourPi^(-2)*I*g2*MN^2*MDelta1^2*
   lambdaHatNDelta1bar*esfull(1) - 4*DEN[MN,MDelta1]^3*gam[y99,y97]*
   Log[MN^2]*p4.pol4*sSS*FourPi^(-2)*I*g2*MN^2*MDelta1^2*
   lambdaHatNDelta1bar*esfull(1) + 4*DEN[MN,MDelta1]^2*gam[y99,FIVE,p2,
   pol4,y97]*sSS*FourPi^(-2)*I*g2*MN^(-2)*MDelta1^4*lambdaHatNDelta1bar
   *esfull(1) - 7*DEN[MN,MDelta1]^2*gam[y99,FIVE,p2,pol4,y97]*sSS*
   FourPi^(-2)*I*g2*MDelta1^2*lambdaHatNDelta1bar*esfull(1) + 3*DEN[MN,
   MDelta1]^2*gam[y99,FIVE,p2,pol4,y97]*sSS*FourPi^(-2)*I*g2*MN^2*
   lambdaHatNDelta1bar*esfull(1) + 4*DEN[MN,MDelta1]^2*gam[y99,FIVE,p2,
   pol4,y97]*sSS*FourPi^(-2)*I*invepsilonbar*g2*MN^(-2)*MDelta1^4*
   lambdaHatNDelta1bar*esfull(1) - 6*DEN[MN,MDelta1]^2*gam[y99,FIVE,p2,
   pol4,y97]*sSS*FourPi^(-2)*I*invepsilonbar*g2*MDelta1^2*
   lambdaHatNDelta1bar*esfull(1) + 2*DEN[MN,MDelta1]^2*gam[y99,FIVE,p2,
   pol4,y97]*sSS*FourPi^(-2)*I*invepsilonbar*g2*MN^2*
   lambdaHatNDelta1bar*esfull(1) - 4*DEN[MN,MDelta1]^2*gam[y99,FIVE,p2,
   pol4,y97]*Log[MDelta1^2]*sSS*FourPi^(-2)*I*g2*MN^(-2)*MDelta1^4*
   lambdaHatNDelta1bar*esfull(1) + 4*DEN[MN,MDelta1]^2*gam[y99,FIVE,p2,
   pol4,y97]*Log[MDelta1^2]*sSS*FourPi^(-2)*I*g2*MDelta1^2*
   lambdaHatNDelta1bar*esfull(1) + 2*DEN[MN,MDelta1]^2*gam[y99,FIVE,p2,
   pol4,y97]*Log[MN^2]*sSS*FourPi^(-2)*I*g2*MDelta1^2*
   lambdaHatNDelta1bar*esfull(1) - 2*DEN[MN,MDelta1]^2*gam[y99,FIVE,p2,
   pol4,y97]*Log[MN^2]*sSS*FourPi^(-2)*I*g2*MN^2*lambdaHatNDelta1bar*
   esfull(1) + 6*DEN[MN,MDelta1]^2*gam[y99,FIVE,p3,pol4,y97]*sSS*
   FourPi^(-2)*I*g2*MN^2*lambdaHatNDelta1bar*esfull(1) + 4*DEN[MN,
   MDelta1]^2*gam[y99,FIVE,p3,pol4,y97]*sSS*FourPi^(-2)*I*invepsilonbar
   *g2*MN^2*lambdaHatNDelta1bar*esfull(1) - 4*DEN[MN,MDelta1]^2*gam[y99
   ,FIVE,p3,pol4,y97]*Log[MN^2]*sSS*FourPi^(-2)*I*g2*MN^2*
   lambdaHatNDelta1bar*esfull(1) - DEN[MN,MDelta1]^2*gam[y99,FIVE,p4,
   pol4,y97]*sSS*FourPi^(-2)*I*g2*MDelta1^2*lambdaHatNDelta1bar*
   esfull(1) + 4*DEN[MN,MDelta1]^2*gam[y99,FIVE,p4,pol4,y97]*sSS*
   FourPi^(-2)*I*g2*MN^2*lambdaHatNDelta1bar*esfull(1) - 2*DEN[MN,
   MDelta1]^2*gam[y99,FIVE,p4,pol4,y97]*sSS*FourPi^(-2)*I*invepsilonbar
   *g2*MDelta1^2*lambdaHatNDelta1bar*esfull(1) + 4*DEN[MN,MDelta1]^2*
   gam[y99,FIVE,p4,pol4,y97]*sSS*FourPi^(-2)*I*invepsilonbar*g2*MN^2*
   lambdaHatNDelta1bar*esfull(1) + 2*DEN[MN,MDelta1]^2*gam[y99,FIVE,p4,
   pol4,y97]*Log[MDelta1^2]*sSS*FourPi^(-2)*I*g2*MDelta1^2*
   lambdaHatNDelta1bar*esfull(1) - 4*DEN[MN,MDelta1]^2*gam[y99,FIVE,p4,
   pol4,y97]*Log[MN^2]*sSS*FourPi^(-2)*I*g2*MN^2*lambdaHatNDelta1bar*
   esfull(1) - 8*DEN[MN,MDelta1]^2*gam[y99,FIVE,y97]*p2.pol4*sSS*
   FourPi^(-2)*I*g2*MN^(-2)*MDelta1^4*lambdaHatNDelta1bar*esfull(1) + 8
   *DEN[MN,MDelta1]^2*gam[y99,FIVE,y97]*p2.pol4*sSS*FourPi^(-2)*I*g2*
   MDelta1^2*lambdaHatNDelta1bar*esfull(1) - 8*DEN[MN,MDelta1]^2*gam[
   y99,FIVE,y97]*p2.pol4*sSS*FourPi^(-2)*I*invepsilonbar*g2*MN^(-2)*
   MDelta1^4*lambdaHatNDelta1bar*esfull(1) + 8*DEN[MN,MDelta1]^2*gam[
   y99,FIVE,y97]*p2.pol4*sSS*FourPi^(-2)*I*invepsilonbar*g2*MDelta1^2*
   lambdaHatNDelta1bar*esfull(1) + 8*DEN[MN,MDelta1]^2*gam[y99,FIVE,y97
   ]*p3.pol4*sSS*FourPi^(-2)*I*g2*MDelta1^2*lambdaHatNDelta1bar*
   esfull(1) - 4*DEN[MN,MDelta1]^2*gam[y99,FIVE,y97]*p3.pol4*sSS*
   FourPi^(-2)*I*g2*MN^2*lambdaHatNDelta1bar*esfull(1) + 8*DEN[MN,
   MDelta1]^2*gam[y99,FIVE,y97]*p3.pol4*sSS*FourPi^(-2)*I*invepsilonbar
   *g2*MDelta1^2*lambdaHatNDelta1bar*esfull(1) + 2*DEN[MN,MDelta1]^2*
   gam[y99,FIVE,y97]*p4.pol4*sSS*FourPi^(-2)*I*g2*MDelta1^2*
   lambdaHatNDelta1bar*esfull(1) + 4*DEN[MN,MDelta1]^2*gam[y99,FIVE,y97
   ]*p4.pol4*sSS*FourPi^(-2)*I*invepsilonbar*g2*MDelta1^2*
   lambdaHatNDelta1bar*esfull(1) + 8*DEN[MN,MDelta1]^2*gam[y99,FIVE,y97
   ]*Log[MDelta1^2]*p2.pol4*sSS*FourPi^(-2)*I*g2*MN^(-2)*MDelta1^4*
   lambdaHatNDelta1bar*esfull(1) - 4*DEN[MN,MDelta1]^2*gam[y99,FIVE,y97
   ]*Log[MDelta1^2]*p2.pol4*sSS*FourPi^(-2)*I*g2*MDelta1^2*
   lambdaHatNDelta1bar*esfull(1) - 8*DEN[MN,MDelta1]^2*gam[y99,FIVE,y97
   ]*Log[MDelta1^2]*p3.pol4*sSS*FourPi^(-2)*I*g2*MDelta1^2*
   lambdaHatNDelta1bar*esfull(1) - 4*DEN[MN,MDelta1]^2*gam[y99,FIVE,y97
   ]*Log[MDelta1^2]*p4.pol4*sSS*FourPi^(-2)*I*g2*MDelta1^2*
   lambdaHatNDelta1bar*esfull(1) - 4*DEN[MN,MDelta1]^2*gam[y99,FIVE,y97
   ]*Log[MN^2]*p2.pol4*sSS*FourPi^(-2)*I*g2*MDelta1^2*
   lambdaHatNDelta1bar*esfull(1) - 4*DEN[MN,MDelta1]^2*gam[y99,p2,pol4,
   y97]*sSS*FourPi^(-2)*I*g2*MN^(-2)*MDelta1^4*lambdaHatNDelta1bar*
   esfull(1) + 7*DEN[MN,MDelta1]^2*gam[y99,p2,pol4,y97]*sSS*FourPi^(-2)
   *I*g2*MDelta1^2*lambdaHatNDelta1bar*esfull(1) - 3*DEN[MN,MDelta1]^2*
   gam[y99,p2,pol4,y97]*sSS*FourPi^(-2)*I*g2*MN^2*lambdaHatNDelta1bar*
   esfull(1) - 4*DEN[MN,MDelta1]^2*gam[y99,p2,pol4,y97]*sSS*FourPi^(-2)
   *I*invepsilonbar*g2*MN^(-2)*MDelta1^4*lambdaHatNDelta1bar*esfull(1)
    + 6*DEN[MN,MDelta1]^2*gam[y99,p2,pol4,y97]*sSS*FourPi^(-2)*I*
   invepsilonbar*g2*MDelta1^2*lambdaHatNDelta1bar*esfull(1) - 2*DEN[MN,
   MDelta1]^2*gam[y99,p2,pol4,y97]*sSS*FourPi^(-2)*I*invepsilonbar*g2*
   MN^2*lambdaHatNDelta1bar*esfull(1) + 4*DEN[MN,MDelta1]^2*gam[y99,p2,
   pol4,y97]*Log[MDelta1^2]*sSS*FourPi^(-2)*I*g2*MN^(-2)*MDelta1^4*
   lambdaHatNDelta1bar*esfull(1) - 4*DEN[MN,MDelta1]^2*gam[y99,p2,pol4,
   y97]*Log[MDelta1^2]*sSS*FourPi^(-2)*I*g2*MDelta1^2*
   lambdaHatNDelta1bar*esfull(1) - 2*DEN[MN,MDelta1]^2*gam[y99,p2,pol4,
   y97]*Log[MN^2]*sSS*FourPi^(-2)*I*g2*MDelta1^2*lambdaHatNDelta1bar*
   esfull(1) + 2*DEN[MN,MDelta1]^2*gam[y99,p2,pol4,y97]*Log[MN^2]*sSS*
   FourPi^(-2)*I*g2*MN^2*lambdaHatNDelta1bar*esfull(1) - 6*DEN[MN,
   MDelta1]^2*gam[y99,p3,pol4,y97]*sSS*FourPi^(-2)*I*g2*MN^2*
   lambdaHatNDelta1bar*esfull(1) - 4*DEN[MN,MDelta1]^2*gam[y99,p3,pol4,
   y97]*sSS*FourPi^(-2)*I*invepsilonbar*g2*MN^2*lambdaHatNDelta1bar*
   esfull(1) + 4*DEN[MN,MDelta1]^2*gam[y99,p3,pol4,y97]*Log[MN^2]*sSS*
   FourPi^(-2)*I*g2*MN^2*lambdaHatNDelta1bar*esfull(1) + DEN[MN,MDelta1
   ]^2*gam[y99,p4,pol4,y97]*sSS*FourPi^(-2)*I*g2*MDelta1^2*
   lambdaHatNDelta1bar*esfull(1) - 4*DEN[MN,MDelta1]^2*gam[y99,p4,pol4,
   y97]*sSS*FourPi^(-2)*I*g2*MN^2*lambdaHatNDelta1bar*esfull(1) + 2*
   DEN[MN,MDelta1]^2*gam[y99,p4,pol4,y97]*sSS*FourPi^(-2)*I*
   invepsilonbar*g2*MDelta1^2*lambdaHatNDelta1bar*esfull(1) - 4*DEN[MN,
   MDelta1]^2*gam[y99,p4,pol4,y97]*sSS*FourPi^(-2)*I*invepsilonbar*g2*
   MN^2*lambdaHatNDelta1bar*esfull(1) - 2*DEN[MN,MDelta1]^2*gam[y99,p4,
   pol4,y97]*Log[MDelta1^2]*sSS*FourPi^(-2)*I*g2*MDelta1^2*
   lambdaHatNDelta1bar*esfull(1) + 4*DEN[MN,MDelta1]^2*gam[y99,p4,pol4,
   y97]*Log[MN^2]*sSS*FourPi^(-2)*I*g2*MN^2*lambdaHatNDelta1bar*
   esfull(1) + 8*DEN[MN,MDelta1]^2*gam[y99,y97]*p2.pol4*sSS*FourPi^(-2)
   *I*g2*MN^(-2)*MDelta1^4*lambdaHatNDelta1bar*esfull(1) - 8*DEN[MN,
   MDelta1]^2*gam[y99,y97]*p2.pol4*sSS*FourPi^(-2)*I*g2*MDelta1^2*
   lambdaHatNDelta1bar*esfull(1) + 8*DEN[MN,MDelta1]^2*gam[y99,y97]*
   p2.pol4*sSS*FourPi^(-2)*I*invepsilonbar*g2*MN^(-2)*MDelta1^4*
   lambdaHatNDelta1bar*esfull(1) - 8*DEN[MN,MDelta1]^2*gam[y99,y97]*
   p2.pol4*sSS*FourPi^(-2)*I*invepsilonbar*g2*MDelta1^2*
   lambdaHatNDelta1bar*esfull(1) - 8*DEN[MN,MDelta1]^2*gam[y99,y97]*
   p3.pol4*sSS*FourPi^(-2)*I*g2*MDelta1^2*lambdaHatNDelta1bar*esfull(1)
    + 4*DEN[MN,MDelta1]^2*gam[y99,y97]*p3.pol4*sSS*FourPi^(-2)*I*g2*
   MN^2*lambdaHatNDelta1bar*esfull(1) - 8*DEN[MN,MDelta1]^2*gam[y99,y97
   ]*p3.pol4*sSS*FourPi^(-2)*I*invepsilonbar*g2*MDelta1^2*
   lambdaHatNDelta1bar*esfull(1) - 2*DEN[MN,MDelta1]^2*gam[y99,y97]*
   p4.pol4*sSS*FourPi^(-2)*I*g2*MDelta1^2*lambdaHatNDelta1bar*esfull(1)
    - 4*DEN[MN,MDelta1]^2*gam[y99,y97]*p4.pol4*sSS*FourPi^(-2)*I*
   invepsilonbar*g2*MDelta1^2*lambdaHatNDelta1bar*esfull(1) - 8*DEN[MN,
   MDelta1]^2*gam[y99,y97]*Log[MDelta1^2]*p2.pol4*sSS*FourPi^(-2)*I*g2*
   MN^(-2)*MDelta1^4*lambdaHatNDelta1bar*esfull(1) + 4*DEN[MN,MDelta1]^
   2*gam[y99,y97]*Log[MDelta1^2]*p2.pol4*sSS*FourPi^(-2)*I*g2*MDelta1^2
   *lambdaHatNDelta1bar*esfull(1) + 8*DEN[MN,MDelta1]^2*gam[y99,y97]*
   Log[MDelta1^2]*p3.pol4*sSS*FourPi^(-2)*I*g2*MDelta1^2*
   lambdaHatNDelta1bar*esfull(1) + 4*DEN[MN,MDelta1]^2*gam[y99,y97]*
   Log[MDelta1^2]*p4.pol4*sSS*FourPi^(-2)*I*g2*MDelta1^2*
   lambdaHatNDelta1bar*esfull(1) + 4*DEN[MN,MDelta1]^2*gam[y99,y97]*
   Log[MN^2]*p2.pol4*sSS*FourPi^(-2)*I*g2*MDelta1^2*lambdaHatNDelta1bar
   *esfull(1) + DEN[MN,MDelta1]*gam[y99,FIVE,p2,pol4,y97]*sSS*
   FourPi^(-2)*I*g2*lambdaHatNDelta1bar*esfull(1) + 4*DEN[MN,MDelta1]*
   gam[y99,FIVE,p2,pol4,y97]*sSS*FourPi^(-2)*I*invepsilonbar*g2*MN^(-2)
   *MDelta1^2*lambdaHatNDelta1bar*esfull(1) - 2*DEN[MN,MDelta1]*gam[y99
   ,FIVE,p2,pol4,y97]*sSS*FourPi^(-2)*I*invepsilonbar*g2*
   lambdaHatNDelta1bar*esfull(1) - 4*DEN[MN,MDelta1]*gam[y99,FIVE,p2,
   pol4,y97]*Log[MDelta1^2]*sSS*FourPi^(-2)*I*g2*MN^(-2)*MDelta1^2*
   lambdaHatNDelta1bar*esfull(1) + 2*DEN[MN,MDelta1]*gam[y99,FIVE,p2,
   pol4,y97]*Log[MDelta1^2]*sSS*FourPi^(-2)*I*g2*lambdaHatNDelta1bar*
   esfull(1) - 3*DEN[MN,MDelta1]*gam[y99,FIVE,p3,pol4,y97]*sSS*
   FourPi^(-2)*I*g2*MN^(-2)*MDelta1^2*lambdaHatNDelta1bar*esfull(1) + 3
   *DEN[MN,MDelta1]*gam[y99,FIVE,p3,pol4,y97]*sSS*FourPi^(-2)*I*g2*
   lambdaHatNDelta1bar*esfull(1) - 2*DEN[MN,MDelta1]*gam[y99,FIVE,p3,
   pol4,y97]*sSS*FourPi^(-2)*I*invepsilonbar*g2*MN^(-2)*MDelta1^2*
   lambdaHatNDelta1bar*esfull(1) + 2*DEN[MN,MDelta1]*gam[y99,FIVE,p3,
   pol4,y97]*sSS*FourPi^(-2)*I*invepsilonbar*g2*lambdaHatNDelta1bar*
   esfull(1) + 2*DEN[MN,MDelta1]*gam[y99,FIVE,p3,pol4,y97]*Log[
   MDelta1^2]*sSS*FourPi^(-2)*I*g2*MN^(-2)*MDelta1^2*
   lambdaHatNDelta1bar*esfull(1) - 2*DEN[MN,MDelta1]*gam[y99,FIVE,p3,
   pol4,y97]*Log[MN^2]*sSS*FourPi^(-2)*I*g2*lambdaHatNDelta1bar*
   esfull(1) + DEN[MN,MDelta1]*gam[y99,FIVE,p4,pol4,y97]*sSS*
   FourPi^(-2)*I*g2*lambdaHatNDelta1bar*esfull(1) - 2*DEN[MN,MDelta1]*
   gam[y99,FIVE,p4,pol4,y97]*sSS*FourPi^(-2)*I*invepsilonbar*g2*
   lambdaHatNDelta1bar*esfull(1) + 2*DEN[MN,MDelta1]*gam[y99,FIVE,p4,
   pol4,y97]*Log[MDelta1^2]*sSS*FourPi^(-2)*I*g2*lambdaHatNDelta1bar*
   esfull(1) - 4*DEN[MN,MDelta1]*gam[y99,FIVE,y97]*p2.pol4*sSS*
   FourPi^(-2)*I*g2*MN^(-2)*MDelta1^2*lambdaHatNDelta1bar*esfull(1) - 8
   *DEN[MN,MDelta1]*gam[y99,FIVE,y97]*p2.pol4*sSS*FourPi^(-2)*I*
   invepsilonbar*g2*MN^(-2)*MDelta1^2*lambdaHatNDelta1bar*esfull(1) + 2
   *DEN[MN,MDelta1]*gam[y99,FIVE,y97]*p3.pol4*sSS*FourPi^(-2)*I*g2*
   MN^(-2)*MDelta1^2*lambdaHatNDelta1bar*esfull(1) - 2*DEN[MN,MDelta1]*
   gam[y99,FIVE,y97]*p3.pol4*sSS*FourPi^(-2)*I*g2*lambdaHatNDelta1bar*
   esfull(1) + 4*DEN[MN,MDelta1]*gam[y99,FIVE,y97]*p3.pol4*sSS*
   FourPi^(-2)*I*invepsilonbar*g2*MN^(-2)*MDelta1^2*lambdaHatNDelta1bar
   *esfull(1) - 4*DEN[MN,MDelta1]*gam[y99,FIVE,y97]*p3.pol4*sSS*
   FourPi^(-2)*I*invepsilonbar*g2*lambdaHatNDelta1bar*esfull(1) - 2*
   DEN[MN,MDelta1]*gam[y99,FIVE,y97]*p4.pol4*sSS*FourPi^(-2)*I*g2*
   MN^(-2)*MDelta1^2*lambdaHatNDelta1bar*esfull(1) + 8*DEN[MN,MDelta1]*
   gam[y99,FIVE,y97]*Log[MDelta1^2]*p2.pol4*sSS*FourPi^(-2)*I*g2*
   MN^(-2)*MDelta1^2*lambdaHatNDelta1bar*esfull(1) - 4*DEN[MN,MDelta1]*
   gam[y99,FIVE,y97]*Log[MDelta1^2]*p3.pol4*sSS*FourPi^(-2)*I*g2*
   MN^(-2)*MDelta1^2*lambdaHatNDelta1bar*esfull(1) + 4*DEN[MN,MDelta1]*
   gam[y99,FIVE,y97]*Log[MDelta1^2]*p3.pol4*sSS*FourPi^(-2)*I*g2*
   lambdaHatNDelta1bar*esfull(1) - DEN[MN,MDelta1]*gam[y99,p2,pol4,y97]
   *sSS*FourPi^(-2)*I*g2*lambdaHatNDelta1bar*esfull(1) - 4*DEN[MN,
   MDelta1]*gam[y99,p2,pol4,y97]*sSS*FourPi^(-2)*I*invepsilonbar*g2*
   MN^(-2)*MDelta1^2*lambdaHatNDelta1bar*esfull(1) + 2*DEN[MN,MDelta1]*
   gam[y99,p2,pol4,y97]*sSS*FourPi^(-2)*I*invepsilonbar*g2*
   lambdaHatNDelta1bar*esfull(1) + 4*DEN[MN,MDelta1]*gam[y99,p2,pol4,
   y97]*Log[MDelta1^2]*sSS*FourPi^(-2)*I*g2*MN^(-2)*MDelta1^2*
   lambdaHatNDelta1bar*esfull(1) - 2*DEN[MN,MDelta1]*gam[y99,p2,pol4,
   y97]*Log[MDelta1^2]*sSS*FourPi^(-2)*I*g2*lambdaHatNDelta1bar*
   esfull(1) + 3*DEN[MN,MDelta1]*gam[y99,p3,pol4,y97]*sSS*FourPi^(-2)*I
   *g2*MN^(-2)*MDelta1^2*lambdaHatNDelta1bar*esfull(1) - 3*DEN[MN,
   MDelta1]*gam[y99,p3,pol4,y97]*sSS*FourPi^(-2)*I*g2*
   lambdaHatNDelta1bar*esfull(1) + 2*DEN[MN,MDelta1]*gam[y99,p3,pol4,
   y97]*sSS*FourPi^(-2)*I*invepsilonbar*g2*MN^(-2)*MDelta1^2*
   lambdaHatNDelta1bar*esfull(1) - 2*DEN[MN,MDelta1]*gam[y99,p3,pol4,
   y97]*sSS*FourPi^(-2)*I*invepsilonbar*g2*lambdaHatNDelta1bar*
   esfull(1) - 2*DEN[MN,MDelta1]*gam[y99,p3,pol4,y97]*Log[MDelta1^2]*
   sSS*FourPi^(-2)*I*g2*MN^(-2)*MDelta1^2*lambdaHatNDelta1bar*esfull(1)
    + 2*DEN[MN,MDelta1]*gam[y99,p3,pol4,y97]*Log[MN^2]*sSS*FourPi^(-2)*
   I*g2*lambdaHatNDelta1bar*esfull(1) - DEN[MN,MDelta1]*gam[y99,p4,pol4
   ,y97]*sSS*FourPi^(-2)*I*g2*lambdaHatNDelta1bar*esfull(1) + 2*DEN[MN,
   MDelta1]*gam[y99,p4,pol4,y97]*sSS*FourPi^(-2)*I*invepsilonbar*g2*
   lambdaHatNDelta1bar*esfull(1) - 2*DEN[MN,MDelta1]*gam[y99,p4,pol4,
   y97]*Log[MDelta1^2]*sSS*FourPi^(-2)*I*g2*lambdaHatNDelta1bar*
   esfull(1) + 4*DEN[MN,MDelta1]*gam[y99,y97]*p2.pol4*sSS*FourPi^(-2)*I
   *g2*MN^(-2)*MDelta1^2*lambdaHatNDelta1bar*esfull(1) + 8*DEN[MN,
   MDelta1]*gam[y99,y97]*p2.pol4*sSS*FourPi^(-2)*I*invepsilonbar*g2*
   MN^(-2)*MDelta1^2*lambdaHatNDelta1bar*esfull(1) - 2*DEN[MN,MDelta1]*
   gam[y99,y97]*p3.pol4*sSS*FourPi^(-2)*I*g2*MN^(-2)*MDelta1^2*
   lambdaHatNDelta1bar*esfull(1) + 2*DEN[MN,MDelta1]*gam[y99,y97]*
   p3.pol4*sSS*FourPi^(-2)*I*g2*lambdaHatNDelta1bar*esfull(1) - 4*DEN[
   MN,MDelta1]*gam[y99,y97]*p3.pol4*sSS*FourPi^(-2)*I*invepsilonbar*g2*
   MN^(-2)*MDelta1^2*lambdaHatNDelta1bar*esfull(1) + 4*DEN[MN,MDelta1]*
   gam[y99,y97]*p3.pol4*sSS*FourPi^(-2)*I*invepsilonbar*g2*
   lambdaHatNDelta1bar*esfull(1) + 2*DEN[MN,MDelta1]*gam[y99,y97]*
   p4.pol4*sSS*FourPi^(-2)*I*g2*MN^(-2)*MDelta1^2*lambdaHatNDelta1bar*
   esfull(1) - 8*DEN[MN,MDelta1]*gam[y99,y97]*Log[MDelta1^2]*p2.pol4*
   sSS*FourPi^(-2)*I*g2*MN^(-2)*MDelta1^2*lambdaHatNDelta1bar*esfull(1)
    + 4*DEN[MN,MDelta1]*gam[y99,y97]*Log[MDelta1^2]*p3.pol4*sSS*
   FourPi^(-2)*I*g2*MN^(-2)*MDelta1^2*lambdaHatNDelta1bar*esfull(1) - 4
   *DEN[MN,MDelta1]*gam[y99,y97]*Log[MDelta1^2]*p3.pol4*sSS*FourPi^(-2)
   *I*g2*lambdaHatNDelta1bar*esfull(1) - 3*gam[y99,FIVE,p2,pol4,y97]*
   sSS*FourPi^(-2)*I*g2*MN^(-2)*esfull(2) - 4*gam[y99,FIVE,p2,pol4,y97]
   *sSS*FourPi^(-2)*I*g2*MN^(-2)*lambdaHatNDelta1bar*esfull(1) + 3*gam[
   y99,FIVE,p2,pol4,y97]*sSS*FourPi^(-2)*I*g2*MDelta1^(-2)*
   lambdaHatNDelta1bar*esfull(1) - 2*gam[y99,FIVE,p2,pol4,y97]*sSS*
   FourPi^(-2)*I*invepsilonbar*g2*MN^(-2)*esfull(2) + 2*gam[y99,FIVE,p2
   ,pol4,y97]*sSS*FourPi^(-2)*I*invepsilonbar*g2*MDelta1^(-2)*
   lambdaHatNDelta1bar*esfull(1) + 2*gam[y99,FIVE,p2,pol4,y97]*Log[MN^2
   ]*sSS*FourPi^(-2)*I*g2*MN^(-2)*esfull(2) - 2*gam[y99,FIVE,p2,pol4,
   y97]*Log[MN^2]*sSS*FourPi^(-2)*I*g2*MDelta1^(-2)*lambdaHatNDelta1bar
   *esfull(1) - 3*gam[y99,FIVE,p3,pol4,y97]*sSS*FourPi^(-2)*I*g2*
   MN^(-2)*esfull(2) - 3*gam[y99,FIVE,p3,pol4,y97]*sSS*FourPi^(-2)*I*g2
   *MN^(-2)*lambdaHatNDelta1bar*esfull(1) - 2*gam[y99,FIVE,p3,pol4,y97]
   *sSS*FourPi^(-2)*I*invepsilonbar*g2*MN^(-2)*esfull(2) - 2*gam[y99,
   FIVE,p3,pol4,y97]*sSS*FourPi^(-2)*I*invepsilonbar*g2*MN^(-2)*
   lambdaHatNDelta1bar*esfull(1) + 2*gam[y99,FIVE,p3,pol4,y97]*Log[
   MDelta1^2]*sSS*FourPi^(-2)*I*g2*MN^(-2)*lambdaHatNDelta1bar*
   esfull(1) + 2*gam[y99,FIVE,p3,pol4,y97]*Log[MN^2]*sSS*FourPi^(-2)*I*
   g2*MN^(-2)*esfull(2) - gam[y99,FIVE,p4,pol4,y97]*sSS*FourPi^(-2)*I*
   g2*MN^(-2)*esfull(2) + 3*gam[y99,FIVE,p4,pol4,y97]*sSS*FourPi^(-2)*I
   *g2*MDelta1^(-2)*lambdaHatNDelta1bar*esfull(1) - 2*gam[y99,FIVE,p4,
   pol4,y97]*sSS*FourPi^(-2)*I*invepsilonbar*g2*MN^(-2)*esfull(2) + 2*
   gam[y99,FIVE,p4,pol4,y97]*sSS*FourPi^(-2)*I*invepsilonbar*g2*
   MDelta1^(-2)*lambdaHatNDelta1bar*esfull(1) + 2*gam[y99,FIVE,p4,pol4,
   y97]*Log[MN^2]*sSS*FourPi^(-2)*I*g2*MN^(-2)*esfull(2) - 2*gam[y99,
   FIVE,p4,pol4,y97]*Log[MN^2]*sSS*FourPi^(-2)*I*g2*MDelta1^(-2)*
   lambdaHatNDelta1bar*esfull(1) - 4*gam[y99,FIVE,y97]*p2.pol4*sSS*
   FourPi^(-2)*I*g2*MN^(-2)*esfull(2) + 4*gam[y99,FIVE,y97]*p2.pol4*sSS
   *FourPi^(-2)*I*g2*MN^(-2)*lambdaHatNDelta1bar*esfull(1) + 4*gam[y99,
   FIVE,y97]*p3.pol4*sSS*FourPi^(-2)*I*g2*MN^(-2)*esfull(2) + 2*gam[y99
   ,FIVE,y97]*p3.pol4*sSS*FourPi^(-2)*I*g2*MN^(-2)*lambdaHatNDelta1bar*
   esfull(1) + 4*gam[y99,FIVE,y97]*p3.pol4*sSS*FourPi^(-2)*I*
   invepsilonbar*g2*MN^(-2)*lambdaHatNDelta1bar*esfull(1) - 2*gam[y99,
   FIVE,y97]*p4.pol4*sSS*FourPi^(-2)*I*g2*MN^(-2)*esfull(2) - 2*gam[y99
   ,FIVE,y97]*p4.pol4*sSS*FourPi^(-2)*I*g2*MN^(-2)*lambdaHatNDelta1bar*
   esfull(1) - 4*gam[y99,FIVE,y97]*Log[MDelta1^2]*p3.pol4*sSS*
   FourPi^(-2)*I*g2*MN^(-2)*lambdaHatNDelta1bar*esfull(1) + 3*gam[y99,
   p2,pol4,y97]*sSS*FourPi^(-2)*I*g2*MN^(-2)*esfull(2) + 4*gam[y99,p2,
   pol4,y97]*sSS*FourPi^(-2)*I*g2*MN^(-2)*lambdaHatNDelta1bar*esfull(1)
    - 3*gam[y99,p2,pol4,y97]*sSS*FourPi^(-2)*I*g2*MDelta1^(-2)*
   lambdaHatNDelta1bar*esfull(1) + 2*gam[y99,p2,pol4,y97]*sSS*
   FourPi^(-2)*I*invepsilonbar*g2*MN^(-2)*esfull(2) - 2*gam[y99,p2,pol4
   ,y97]*sSS*FourPi^(-2)*I*invepsilonbar*g2*MDelta1^(-2)*
   lambdaHatNDelta1bar*esfull(1) - 2*gam[y99,p2,pol4,y97]*Log[MN^2]*sSS
   *FourPi^(-2)*I*g2*MN^(-2)*esfull(2) + 2*gam[y99,p2,pol4,y97]*Log[
   MN^2]*sSS*FourPi^(-2)*I*g2*MDelta1^(-2)*lambdaHatNDelta1bar*
   esfull(1) + 3*gam[y99,p3,pol4,y97]*sSS*FourPi^(-2)*I*g2*MN^(-2)*
   esfull(2) + 3*gam[y99,p3,pol4,y97]*sSS*FourPi^(-2)*I*g2*MN^(-2)*
   lambdaHatNDelta1bar*esfull(1) + 2*gam[y99,p3,pol4,y97]*sSS*
   FourPi^(-2)*I*invepsilonbar*g2*MN^(-2)*esfull(2) + 2*gam[y99,p3,pol4
   ,y97]*sSS*FourPi^(-2)*I*invepsilonbar*g2*MN^(-2)*lambdaHatNDelta1bar
   *esfull(1) - 2*gam[y99,p3,pol4,y97]*Log[MDelta1^2]*sSS*FourPi^(-2)*I
   *g2*MN^(-2)*lambdaHatNDelta1bar*esfull(1) - 2*gam[y99,p3,pol4,y97]*
   Log[MN^2]*sSS*FourPi^(-2)*I*g2*MN^(-2)*esfull(2) + gam[y99,p4,pol4,
   y97]*sSS*FourPi^(-2)*I*g2*MN^(-2)*esfull(2) - 3*gam[y99,p4,pol4,y97]
   *sSS*FourPi^(-2)*I*g2*MDelta1^(-2)*lambdaHatNDelta1bar*esfull(1) + 2
   *gam[y99,p4,pol4,y97]*sSS*FourPi^(-2)*I*invepsilonbar*g2*MN^(-2)*
   esfull(2) - 2*gam[y99,p4,pol4,y97]*sSS*FourPi^(-2)*I*invepsilonbar*
   g2*MDelta1^(-2)*lambdaHatNDelta1bar*esfull(1) - 2*gam[y99,p4,pol4,
   y97]*Log[MN^2]*sSS*FourPi^(-2)*I*g2*MN^(-2)*esfull(2) + 2*gam[y99,p4
   ,pol4,y97]*Log[MN^2]*sSS*FourPi^(-2)*I*g2*MDelta1^(-2)*
   lambdaHatNDelta1bar*esfull(1) + 4*gam[y99,y97]*p2.pol4*sSS*
   FourPi^(-2)*I*g2*MN^(-2)*esfull(2) - 4*gam[y99,y97]*p2.pol4*sSS*
   FourPi^(-2)*I*g2*MN^(-2)*lambdaHatNDelta1bar*esfull(1) - 4*gam[y99,
   y97]*p3.pol4*sSS*FourPi^(-2)*I*g2*MN^(-2)*esfull(2) - 2*gam[y99,y97]
   *p3.pol4*sSS*FourPi^(-2)*I*g2*MN^(-2)*lambdaHatNDelta1bar*esfull(1)
    - 4*gam[y99,y97]*p3.pol4*sSS*FourPi^(-2)*I*invepsilonbar*g2*MN^(-2)
   *lambdaHatNDelta1bar*esfull(1) + 2*gam[y99,y97]*p4.pol4*sSS*
   FourPi^(-2)*I*g2*MN^(-2)*esfull(2) + 2*gam[y99,y97]*p4.pol4*sSS*
   FourPi^(-2)*I*g2*MN^(-2)*lambdaHatNDelta1bar*esfull(1) + 4*gam[y99,
   y97]*Log[MDelta1^2]*p3.pol4*sSS*FourPi^(-2)*I*g2*MN^(-2)*
   lambdaHatNDelta1bar*esfull(1)];
    esfull(4)=G[3*gam[y99,FIVE,p2,pol4,y97]*sSS*FourPi^(-2)*I*g2*
   MDelta1^(-2)*lambdaHatNDelta1bar*esfull(1) + 2*gam[y99,FIVE,p2,pol4,
   y97]*sSS*FourPi^(-2)*I*invepsilonbar*g2*MDelta1^(-2)*
   lambdaHatNDelta1bar*esfull(1) - 2*gam[y99,FIVE,p2,pol4,y97]*Log[MN^2
   ]*sSS*FourPi^(-2)*I*g2*MDelta1^(-2)*lambdaHatNDelta1bar*esfull(1) - 
   6*gam[y99,FIVE,y97]*p2.pol4*sSS*FourPi^(-2)*I*g2*MDelta1^(-2)*
   lambdaHatNDelta1bar*esfull(1) - 4*gam[y99,FIVE,y97]*p2.pol4*sSS*
   FourPi^(-2)*I*invepsilonbar*g2*MDelta1^(-2)*lambdaHatNDelta1bar*
   esfull(1) + 4*gam[y99,FIVE,y97]*Log[MN^2]*p2.pol4*sSS*FourPi^(-2)*I*
   g2*MDelta1^(-2)*lambdaHatNDelta1bar*esfull(1) - 3*gam[y99,p2,pol4,
   y97]*sSS*FourPi^(-2)*I*g2*MDelta1^(-2)*lambdaHatNDelta1bar*esfull(1)
    - 2*gam[y99,p2,pol4,y97]*sSS*FourPi^(-2)*I*invepsilonbar*g2*
   MDelta1^(-2)*lambdaHatNDelta1bar*esfull(1) + 2*gam[y99,p2,pol4,y97]*
   Log[MN^2]*sSS*FourPi^(-2)*I*g2*MDelta1^(-2)*lambdaHatNDelta1bar*
   esfull(1) + 6*gam[y99,y97]*p2.pol4*sSS*FourPi^(-2)*I*g2*MDelta1^(-2)
   *lambdaHatNDelta1bar*esfull(1) + 4*gam[y99,y97]*p2.pol4*sSS*
   FourPi^(-2)*I*invepsilonbar*g2*MDelta1^(-2)*lambdaHatNDelta1bar*
   esfull(1) - 4*gam[y99,y97]*Log[MN^2]*p2.pol4*sSS*FourPi^(-2)*I*g2*
   MDelta1^(-2)*lambdaHatNDelta1bar*esfull(1)];

