    esfull(1)=lambdaDelta1[fl97]*lambdaNbar[fl99];
    esfull(2)=lambdaN[fl1]*yl[fl1,fl97]*lambdaNbar[fl99];
    esfull(3)=G[6*DEN[MN,MDelta1]^3*gam[y99,FIVE,y97]*p3.p3*sSS^2*
   FourPi^(-2)*I*lambdaHatNDelta1*MDelta1^4*esfull(1) - 6*DEN[MN,
   MDelta1]^3*gam[y99,FIVE,y97]*p3.p3*sSS^2*FourPi^(-2)*I*MN^4*
   lambdaHatNDelta1*esfull(1) + 4*DEN[MN,MDelta1]^3*gam[y99,FIVE,y97]*
   p3.p3*sSS^2*FourPi^(-2)*I*invepsilonbar*lambdaHatNDelta1*MDelta1^4*
   esfull(1) - 4*DEN[MN,MDelta1]^3*gam[y99,FIVE,y97]*p3.p3*sSS^2*
   FourPi^(-2)*I*invepsilonbar*MN^4*lambdaHatNDelta1*esfull(1) - 4*DEN[
   MN,MDelta1]^3*gam[y99,FIVE,y97]*Log[MDelta1^2]*p3.p3*sSS^2*
   FourPi^(-2)*I*lambdaHatNDelta1*MDelta1^4*esfull(1) + 4*DEN[MN,
   MDelta1]^3*gam[y99,FIVE,y97]*Log[MN^2]*p3.p3*sSS^2*FourPi^(-2)*I*
   MN^4*lambdaHatNDelta1*esfull(1) + 6*DEN[MN,MDelta1]^3*gam[y99,y97]*
   p3.p3*sSS^2*FourPi^(-2)*I*lambdaHatNDelta1*MDelta1^4*esfull(1) - 6*
   DEN[MN,MDelta1]^3*gam[y99,y97]*p3.p3*sSS^2*FourPi^(-2)*I*MN^4*
   lambdaHatNDelta1*esfull(1) + 4*DEN[MN,MDelta1]^3*gam[y99,y97]*p3.p3*
   sSS^2*FourPi^(-2)*I*invepsilonbar*lambdaHatNDelta1*MDelta1^4*
   esfull(1) - 4*DEN[MN,MDelta1]^3*gam[y99,y97]*p3.p3*sSS^2*FourPi^(-2)
   *I*invepsilonbar*MN^4*lambdaHatNDelta1*esfull(1) - 4*DEN[MN,MDelta1]
   ^3*gam[y99,y97]*Log[MDelta1^2]*p3.p3*sSS^2*FourPi^(-2)*I*
   lambdaHatNDelta1*MDelta1^4*esfull(1) + 4*DEN[MN,MDelta1]^3*gam[y99,
   y97]*Log[MN^2]*p3.p3*sSS^2*FourPi^(-2)*I*MN^4*lambdaHatNDelta1*
   esfull(1) + 6*DEN[MN,MDelta1]^2*gam[y99,FIVE,y97]*p2.p3*sSS^2*
   FourPi^(-2)*I*lambdaHatNDelta1*MDelta1^2*esfull(1) - 6*DEN[MN,
   MDelta1]^2*gam[y99,FIVE,y97]*p2.p3*sSS^2*FourPi^(-2)*I*MN^2*
   lambdaHatNDelta1*esfull(1) + 4*DEN[MN,MDelta1]^2*gam[y99,FIVE,y97]*
   p2.p3*sSS^2*FourPi^(-2)*I*invepsilonbar*lambdaHatNDelta1*MDelta1^2*
   esfull(1) - 4*DEN[MN,MDelta1]^2*gam[y99,FIVE,y97]*p2.p3*sSS^2*
   FourPi^(-2)*I*invepsilonbar*MN^2*lambdaHatNDelta1*esfull(1) + 7*DEN[
   MN,MDelta1]^2*gam[y99,FIVE,y97]*p3.p3*sSS^2*FourPi^(-2)*I*
   lambdaHatNDelta1*MDelta1^2*esfull(1) + DEN[MN,MDelta1]^2*gam[y99,
   FIVE,y97]*p3.p3*sSS^2*FourPi^(-2)*I*MN^2*lambdaHatNDelta1*esfull(1)
    + 6*DEN[MN,MDelta1]^2*gam[y99,FIVE,y97]*p3.p3*sSS^2*FourPi^(-2)*I*
   invepsilonbar*lambdaHatNDelta1*MDelta1^2*esfull(1) + 2*DEN[MN,
   MDelta1]^2*gam[y99,FIVE,y97]*p3.p3*sSS^2*FourPi^(-2)*I*invepsilonbar
   *MN^2*lambdaHatNDelta1*esfull(1) - 4*DEN[MN,MDelta1]^2*gam[y99,FIVE,
   y97]*Log[MDelta1^2]*p2.p3*sSS^2*FourPi^(-2)*I*lambdaHatNDelta1*
   MDelta1^2*esfull(1) - 6*DEN[MN,MDelta1]^2*gam[y99,FIVE,y97]*Log[
   MDelta1^2]*p3.p3*sSS^2*FourPi^(-2)*I*lambdaHatNDelta1*MDelta1^2*
   esfull(1) + 4*DEN[MN,MDelta1]^2*gam[y99,FIVE,y97]*Log[MN^2]*p2.p3*
   sSS^2*FourPi^(-2)*I*MN^2*lambdaHatNDelta1*esfull(1) - 2*DEN[MN,
   MDelta1]^2*gam[y99,FIVE,y97]*Log[MN^2]*p3.p3*sSS^2*FourPi^(-2)*I*
   MN^2*lambdaHatNDelta1*esfull(1) + 6*DEN[MN,MDelta1]^2*gam[y99,y97]*
   p2.p3*sSS^2*FourPi^(-2)*I*lambdaHatNDelta1*MDelta1^2*esfull(1) - 6*
   DEN[MN,MDelta1]^2*gam[y99,y97]*p2.p3*sSS^2*FourPi^(-2)*I*MN^2*
   lambdaHatNDelta1*esfull(1) + 4*DEN[MN,MDelta1]^2*gam[y99,y97]*p2.p3*
   sSS^2*FourPi^(-2)*I*invepsilonbar*lambdaHatNDelta1*MDelta1^2*
   esfull(1) - 4*DEN[MN,MDelta1]^2*gam[y99,y97]*p2.p3*sSS^2*FourPi^(-2)
   *I*invepsilonbar*MN^2*lambdaHatNDelta1*esfull(1) + 7*DEN[MN,MDelta1]
   ^2*gam[y99,y97]*p3.p3*sSS^2*FourPi^(-2)*I*lambdaHatNDelta1*MDelta1^2
   *esfull(1) + DEN[MN,MDelta1]^2*gam[y99,y97]*p3.p3*sSS^2*FourPi^(-2)*
   I*MN^2*lambdaHatNDelta1*esfull(1) + 6*DEN[MN,MDelta1]^2*gam[y99,y97]
   *p3.p3*sSS^2*FourPi^(-2)*I*invepsilonbar*lambdaHatNDelta1*MDelta1^2*
   esfull(1) + 2*DEN[MN,MDelta1]^2*gam[y99,y97]*p3.p3*sSS^2*FourPi^(-2)
   *I*invepsilonbar*MN^2*lambdaHatNDelta1*esfull(1) - 4*DEN[MN,MDelta1]
   ^2*gam[y99,y97]*Log[MDelta1^2]*p2.p3*sSS^2*FourPi^(-2)*I*
   lambdaHatNDelta1*MDelta1^2*esfull(1) - 6*DEN[MN,MDelta1]^2*gam[y99,
   y97]*Log[MDelta1^2]*p3.p3*sSS^2*FourPi^(-2)*I*lambdaHatNDelta1*
   MDelta1^2*esfull(1) + 4*DEN[MN,MDelta1]^2*gam[y99,y97]*Log[MN^2]*
   p2.p3*sSS^2*FourPi^(-2)*I*MN^2*lambdaHatNDelta1*esfull(1) - 2*DEN[MN
   ,MDelta1]^2*gam[y99,y97]*Log[MN^2]*p3.p3*sSS^2*FourPi^(-2)*I*MN^2*
   lambdaHatNDelta1*esfull(1) - 4*DEN[MN,MDelta1]*gam[y99,FIVE,p2,p3,
   y97]*sSS^2*FourPi^(-2)*I*MN^(-2)*lambdaHatNDelta1*MDelta1^2*
   esfull(1) + 4*DEN[MN,MDelta1]*gam[y99,FIVE,p2,p3,y97]*sSS^2*
   FourPi^(-2)*I*lambdaHatNDelta1*esfull(1) - 4*DEN[MN,MDelta1]*gam[y99
   ,FIVE,p2,p3,y97]*sSS^2*FourPi^(-2)*I*invepsilonbar*MN^(-2)*
   lambdaHatNDelta1*MDelta1^2*esfull(1) + 4*DEN[MN,MDelta1]*gam[y99,
   FIVE,p2,p3,y97]*sSS^2*FourPi^(-2)*I*invepsilonbar*lambdaHatNDelta1*
   esfull(1) + 4*DEN[MN,MDelta1]*gam[y99,FIVE,p2,p3,y97]*Log[MDelta1^2]
   *sSS^2*FourPi^(-2)*I*MN^(-2)*lambdaHatNDelta1*MDelta1^2*esfull(1) - 
   2*DEN[MN,MDelta1]*gam[y99,FIVE,p2,p3,y97]*Log[MDelta1^2]*sSS^2*
   FourPi^(-2)*I*lambdaHatNDelta1*esfull(1) - 2*DEN[MN,MDelta1]*gam[y99
   ,FIVE,p2,p3,y97]*Log[MN^2]*sSS^2*FourPi^(-2)*I*lambdaHatNDelta1*
   esfull(1) + 4*DEN[MN,MDelta1]*gam[y99,FIVE,y97]*FourPi^(-2)*I*
   lambdaHatNDelta1*MDelta1^2*esfull(1) - 4*DEN[MN,MDelta1]*gam[y99,
   FIVE,y97]*FourPi^(-2)*I*MN^2*lambdaHatNDelta1*esfull(1) + 4*DEN[MN,
   MDelta1]*gam[y99,FIVE,y97]*FourPi^(-2)*I*muH^2*MN^(-2)*
   lambdaHatNDelta1*MDelta1^2*esfull(1) - 4*DEN[MN,MDelta1]*gam[y99,
   FIVE,y97]*FourPi^(-2)*I*muH^2*lambdaHatNDelta1*esfull(1) + 4*DEN[MN,
   MDelta1]*gam[y99,FIVE,y97]*FourPi^(-2)*I*invepsilonbar*
   lambdaHatNDelta1*MDelta1^2*esfull(1) - 4*DEN[MN,MDelta1]*gam[y99,
   FIVE,y97]*FourPi^(-2)*I*invepsilonbar*MN^2*lambdaHatNDelta1*
   esfull(1) + 4*DEN[MN,MDelta1]*gam[y99,FIVE,y97]*FourPi^(-2)*I*
   invepsilonbar*muH^2*MN^(-2)*lambdaHatNDelta1*MDelta1^2*esfull(1) - 4
   *DEN[MN,MDelta1]*gam[y99,FIVE,y97]*FourPi^(-2)*I*invepsilonbar*muH^2
   *lambdaHatNDelta1*esfull(1) + 4*DEN[MN,MDelta1]*gam[y99,FIVE,y97]*
   p2.p2*sSS^2*FourPi^(-2)*I*MN^(-2)*lambdaHatNDelta1*MDelta1^2*
   esfull(1) - 4*DEN[MN,MDelta1]*gam[y99,FIVE,y97]*p2.p2*sSS^2*
   FourPi^(-2)*I*lambdaHatNDelta1*esfull(1) + 4*DEN[MN,MDelta1]*gam[y99
   ,FIVE,y97]*p2.p2*sSS^2*FourPi^(-2)*I*invepsilonbar*MN^(-2)*
   lambdaHatNDelta1*MDelta1^2*esfull(1) - 4*DEN[MN,MDelta1]*gam[y99,
   FIVE,y97]*p2.p2*sSS^2*FourPi^(-2)*I*invepsilonbar*lambdaHatNDelta1*
   esfull(1) + 8*DEN[MN,MDelta1]*gam[y99,FIVE,y97]*p2.p3*sSS^2*
   FourPi^(-2)*I*MN^(-2)*lambdaHatNDelta1*MDelta1^2*esfull(1) - 6*DEN[
   MN,MDelta1]*gam[y99,FIVE,y97]*p2.p3*sSS^2*FourPi^(-2)*I*
   lambdaHatNDelta1*esfull(1) + 8*DEN[MN,MDelta1]*gam[y99,FIVE,y97]*
   p2.p3*sSS^2*FourPi^(-2)*I*invepsilonbar*MN^(-2)*lambdaHatNDelta1*
   MDelta1^2*esfull(1) - 4*DEN[MN,MDelta1]*gam[y99,FIVE,y97]*p2.p3*
   sSS^2*FourPi^(-2)*I*invepsilonbar*lambdaHatNDelta1*esfull(1) + DEN[
   MN,MDelta1]*gam[y99,FIVE,y97]*p3.p3*sSS^2*FourPi^(-2)*I*
   lambdaHatNDelta1*esfull(1) + 2*DEN[MN,MDelta1]*gam[y99,FIVE,y97]*
   p3.p3*sSS^2*FourPi^(-2)*I*invepsilonbar*lambdaHatNDelta1*esfull(1)
    - 4*DEN[MN,MDelta1]*gam[y99,FIVE,y97]*Log[MDelta1^2]*FourPi^(-2)*I*
   lambdaHatNDelta1*MDelta1^2*esfull(1) - 4*DEN[MN,MDelta1]*gam[y99,
   FIVE,y97]*Log[MDelta1^2]*FourPi^(-2)*I*muH^2*MN^(-2)*
   lambdaHatNDelta1*MDelta1^2*esfull(1) - 4*DEN[MN,MDelta1]*gam[y99,
   FIVE,y97]*Log[MDelta1^2]*p2.p2*sSS^2*FourPi^(-2)*I*MN^(-2)*
   lambdaHatNDelta1*MDelta1^2*esfull(1) + 4*DEN[MN,MDelta1]*gam[y99,
   FIVE,y97]*Log[MDelta1^2]*p2.p2*sSS^2*FourPi^(-2)*I*lambdaHatNDelta1*
   esfull(1) - 8*DEN[MN,MDelta1]*gam[y99,FIVE,y97]*Log[MDelta1^2]*p2.p3
   *sSS^2*FourPi^(-2)*I*MN^(-2)*lambdaHatNDelta1*MDelta1^2*esfull(1) + 
   4*DEN[MN,MDelta1]*gam[y99,FIVE,y97]*Log[MDelta1^2]*p2.p3*sSS^2*
   FourPi^(-2)*I*lambdaHatNDelta1*esfull(1) + 4*DEN[MN,MDelta1]*gam[y99
   ,FIVE,y97]*Log[MN^2]*FourPi^(-2)*I*MN^2*lambdaHatNDelta1*esfull(1)
    + 4*DEN[MN,MDelta1]*gam[y99,FIVE,y97]*Log[MN^2]*FourPi^(-2)*I*muH^2
   *lambdaHatNDelta1*esfull(1) - 2*DEN[MN,MDelta1]*gam[y99,FIVE,y97]*
   Log[MN^2]*p3.p3*sSS^2*FourPi^(-2)*I*lambdaHatNDelta1*esfull(1) - 4*
   DEN[MN,MDelta1]*gam[y99,p2,p3,y97]*sSS^2*FourPi^(-2)*I*MN^(-2)*
   lambdaHatNDelta1*MDelta1^2*esfull(1) + 4*DEN[MN,MDelta1]*gam[y99,p2,
   p3,y97]*sSS^2*FourPi^(-2)*I*lambdaHatNDelta1*esfull(1) - 4*DEN[MN,
   MDelta1]*gam[y99,p2,p3,y97]*sSS^2*FourPi^(-2)*I*invepsilonbar*
   MN^(-2)*lambdaHatNDelta1*MDelta1^2*esfull(1) + 4*DEN[MN,MDelta1]*
   gam[y99,p2,p3,y97]*sSS^2*FourPi^(-2)*I*invepsilonbar*
   lambdaHatNDelta1*esfull(1) + 4*DEN[MN,MDelta1]*gam[y99,p2,p3,y97]*
   Log[MDelta1^2]*sSS^2*FourPi^(-2)*I*MN^(-2)*lambdaHatNDelta1*
   MDelta1^2*esfull(1) - 2*DEN[MN,MDelta1]*gam[y99,p2,p3,y97]*Log[
   MDelta1^2]*sSS^2*FourPi^(-2)*I*lambdaHatNDelta1*esfull(1) - 2*DEN[MN
   ,MDelta1]*gam[y99,p2,p3,y97]*Log[MN^2]*sSS^2*FourPi^(-2)*I*
   lambdaHatNDelta1*esfull(1) + 4*DEN[MN,MDelta1]*gam[y99,y97]*
   FourPi^(-2)*I*lambdaHatNDelta1*MDelta1^2*esfull(1) - 4*DEN[MN,
   MDelta1]*gam[y99,y97]*FourPi^(-2)*I*MN^2*lambdaHatNDelta1*esfull(1)
    + 4*DEN[MN,MDelta1]*gam[y99,y97]*FourPi^(-2)*I*muH^2*MN^(-2)*
   lambdaHatNDelta1*MDelta1^2*esfull(1) - 4*DEN[MN,MDelta1]*gam[y99,y97
   ]*FourPi^(-2)*I*muH^2*lambdaHatNDelta1*esfull(1) + 4*DEN[MN,MDelta1]
   *gam[y99,y97]*FourPi^(-2)*I*invepsilonbar*lambdaHatNDelta1*MDelta1^2
   *esfull(1) - 4*DEN[MN,MDelta1]*gam[y99,y97]*FourPi^(-2)*I*
   invepsilonbar*MN^2*lambdaHatNDelta1*esfull(1) + 4*DEN[MN,MDelta1]*
   gam[y99,y97]*FourPi^(-2)*I*invepsilonbar*muH^2*MN^(-2)*
   lambdaHatNDelta1*MDelta1^2*esfull(1) - 4*DEN[MN,MDelta1]*gam[y99,y97
   ]*FourPi^(-2)*I*invepsilonbar*muH^2*lambdaHatNDelta1*esfull(1) + 4*
   DEN[MN,MDelta1]*gam[y99,y97]*p2.p2*sSS^2*FourPi^(-2)*I*MN^(-2)*
   lambdaHatNDelta1*MDelta1^2*esfull(1) - 4*DEN[MN,MDelta1]*gam[y99,y97
   ]*p2.p2*sSS^2*FourPi^(-2)*I*lambdaHatNDelta1*esfull(1) + 4*DEN[MN,
   MDelta1]*gam[y99,y97]*p2.p2*sSS^2*FourPi^(-2)*I*invepsilonbar*
   MN^(-2)*lambdaHatNDelta1*MDelta1^2*esfull(1) - 4*DEN[MN,MDelta1]*
   gam[y99,y97]*p2.p2*sSS^2*FourPi^(-2)*I*invepsilonbar*
   lambdaHatNDelta1*esfull(1) + 8*DEN[MN,MDelta1]*gam[y99,y97]*p2.p3*
   sSS^2*FourPi^(-2)*I*MN^(-2)*lambdaHatNDelta1*MDelta1^2*esfull(1) - 6
   *DEN[MN,MDelta1]*gam[y99,y97]*p2.p3*sSS^2*FourPi^(-2)*I*
   lambdaHatNDelta1*esfull(1) + 8*DEN[MN,MDelta1]*gam[y99,y97]*p2.p3*
   sSS^2*FourPi^(-2)*I*invepsilonbar*MN^(-2)*lambdaHatNDelta1*MDelta1^2
   *esfull(1) - 4*DEN[MN,MDelta1]*gam[y99,y97]*p2.p3*sSS^2*FourPi^(-2)*
   I*invepsilonbar*lambdaHatNDelta1*esfull(1) + DEN[MN,MDelta1]*gam[y99
   ,y97]*p3.p3*sSS^2*FourPi^(-2)*I*lambdaHatNDelta1*esfull(1) + 2*DEN[
   MN,MDelta1]*gam[y99,y97]*p3.p3*sSS^2*FourPi^(-2)*I*invepsilonbar*
   lambdaHatNDelta1*esfull(1) - 4*DEN[MN,MDelta1]*gam[y99,y97]*Log[
   MDelta1^2]*FourPi^(-2)*I*lambdaHatNDelta1*MDelta1^2*esfull(1) - 4*
   DEN[MN,MDelta1]*gam[y99,y97]*Log[MDelta1^2]*FourPi^(-2)*I*muH^2*
   MN^(-2)*lambdaHatNDelta1*MDelta1^2*esfull(1) - 4*DEN[MN,MDelta1]*
   gam[y99,y97]*Log[MDelta1^2]*p2.p2*sSS^2*FourPi^(-2)*I*MN^(-2)*
   lambdaHatNDelta1*MDelta1^2*esfull(1) + 4*DEN[MN,MDelta1]*gam[y99,y97
   ]*Log[MDelta1^2]*p2.p2*sSS^2*FourPi^(-2)*I*lambdaHatNDelta1*
   esfull(1) - 8*DEN[MN,MDelta1]*gam[y99,y97]*Log[MDelta1^2]*p2.p3*
   sSS^2*FourPi^(-2)*I*MN^(-2)*lambdaHatNDelta1*MDelta1^2*esfull(1) + 4
   *DEN[MN,MDelta1]*gam[y99,y97]*Log[MDelta1^2]*p2.p3*sSS^2*FourPi^(-2)
   *I*lambdaHatNDelta1*esfull(1) + 4*DEN[MN,MDelta1]*gam[y99,y97]*Log[
   MN^2]*FourPi^(-2)*I*MN^2*lambdaHatNDelta1*esfull(1) + 4*DEN[MN,
   MDelta1]*gam[y99,y97]*Log[MN^2]*FourPi^(-2)*I*muH^2*lambdaHatNDelta1
   *esfull(1) - 2*DEN[MN,MDelta1]*gam[y99,y97]*Log[MN^2]*p3.p3*sSS^2*
   FourPi^(-2)*I*lambdaHatNDelta1*esfull(1) - 3*gam[y99,FIVE,p2,p3,y97]
   *sSS^2*FourPi^(-2)*I*MN^(-2)*esfull(2) - 4*gam[y99,FIVE,p2,p3,y97]*
   sSS^2*FourPi^(-2)*I*MN^(-2)*lambdaHatNDelta1*esfull(1) - 2*gam[y99,
   FIVE,p2,p3,y97]*sSS^2*FourPi^(-2)*I*invepsilonbar*MN^(-2)*esfull(2)
    - 4*gam[y99,FIVE,p2,p3,y97]*sSS^2*FourPi^(-2)*I*invepsilonbar*
   MN^(-2)*lambdaHatNDelta1*esfull(1) + 4*gam[y99,FIVE,p2,p3,y97]*Log[
   MDelta1^2]*sSS^2*FourPi^(-2)*I*MN^(-2)*lambdaHatNDelta1*esfull(1) + 
   2*gam[y99,FIVE,p2,p3,y97]*Log[MN^2]*sSS^2*FourPi^(-2)*I*MN^(-2)*
   esfull(2) + 4*gam[y99,FIVE,y97]*FourPi^(-2)*I*esfull(2) + 4*gam[y99,
   FIVE,y97]*FourPi^(-2)*I*muH^2*MN^(-2)*esfull(2) + 4*gam[y99,FIVE,y97
   ]*FourPi^(-2)*I*muH^2*MN^(-2)*lambdaHatNDelta1*esfull(1) + 4*gam[y99
   ,FIVE,y97]*FourPi^(-2)*I*invepsilonbar*esfull(2) + 4*gam[y99,FIVE,
   y97]*FourPi^(-2)*I*invepsilonbar*muH^2*MN^(-2)*esfull(2) + 4*gam[y99
   ,FIVE,y97]*FourPi^(-2)*I*invepsilonbar*muH^2*MN^(-2)*
   lambdaHatNDelta1*esfull(1) + 2*gam[y99,FIVE,y97]*p2.p2*sSS^2*
   FourPi^(-2)*I*MN^(-2)*esfull(2) + 4*gam[y99,FIVE,y97]*p2.p2*sSS^2*
   FourPi^(-2)*I*MN^(-2)*lambdaHatNDelta1*esfull(1) - 3*gam[y99,FIVE,
   y97]*p2.p2*sSS^2*FourPi^(-2)*I*lambdaHatNDelta1*MDelta1^(-2)*
   esfull(1) + 4*gam[y99,FIVE,y97]*p2.p2*sSS^2*FourPi^(-2)*I*
   invepsilonbar*MN^(-2)*lambdaHatNDelta1*esfull(1) - 2*gam[y99,FIVE,
   y97]*p2.p2*sSS^2*FourPi^(-2)*I*invepsilonbar*lambdaHatNDelta1*
   MDelta1^(-2)*esfull(1) + 10*gam[y99,FIVE,y97]*p2.p3*sSS^2*
   FourPi^(-2)*I*MN^(-2)*esfull(2) + 8*gam[y99,FIVE,y97]*p2.p3*sSS^2*
   FourPi^(-2)*I*MN^(-2)*lambdaHatNDelta1*esfull(1) - 6*gam[y99,FIVE,
   y97]*p2.p3*sSS^2*FourPi^(-2)*I*lambdaHatNDelta1*MDelta1^(-2)*
   esfull(1) + 4*gam[y99,FIVE,y97]*p2.p3*sSS^2*FourPi^(-2)*I*
   invepsilonbar*MN^(-2)*esfull(2) + 8*gam[y99,FIVE,y97]*p2.p3*sSS^2*
   FourPi^(-2)*I*invepsilonbar*MN^(-2)*lambdaHatNDelta1*esfull(1) - 4*
   gam[y99,FIVE,y97]*p2.p3*sSS^2*FourPi^(-2)*I*invepsilonbar*
   lambdaHatNDelta1*MDelta1^(-2)*esfull(1) + 4*gam[y99,FIVE,y97]*p3.p3*
   sSS^2*FourPi^(-2)*I*MN^(-2)*esfull(2) - 3*gam[y99,FIVE,y97]*p3.p3*
   sSS^2*FourPi^(-2)*I*lambdaHatNDelta1*MDelta1^(-2)*esfull(1) - 2*gam[
   y99,FIVE,y97]*p3.p3*sSS^2*FourPi^(-2)*I*invepsilonbar*
   lambdaHatNDelta1*MDelta1^(-2)*esfull(1) - 4*gam[y99,FIVE,y97]*Log[
   MDelta1^2]*FourPi^(-2)*I*muH^2*MN^(-2)*lambdaHatNDelta1*esfull(1) - 
   4*gam[y99,FIVE,y97]*Log[MDelta1^2]*p2.p2*sSS^2*FourPi^(-2)*I*MN^(-2)
   *lambdaHatNDelta1*esfull(1) - 8*gam[y99,FIVE,y97]*Log[MDelta1^2]*
   p2.p3*sSS^2*FourPi^(-2)*I*MN^(-2)*lambdaHatNDelta1*esfull(1) - 4*
   gam[y99,FIVE,y97]*Log[MN^2]*FourPi^(-2)*I*esfull(2) - 4*gam[y99,FIVE
   ,y97]*Log[MN^2]*FourPi^(-2)*I*muH^2*MN^(-2)*esfull(2) + 2*gam[y99,
   FIVE,y97]*Log[MN^2]*p2.p2*sSS^2*FourPi^(-2)*I*lambdaHatNDelta1*
   MDelta1^(-2)*esfull(1) - 4*gam[y99,FIVE,y97]*Log[MN^2]*p2.p3*sSS^2*
   FourPi^(-2)*I*MN^(-2)*esfull(2) + 4*gam[y99,FIVE,y97]*Log[MN^2]*
   p2.p3*sSS^2*FourPi^(-2)*I*lambdaHatNDelta1*MDelta1^(-2)*esfull(1) + 
   2*gam[y99,FIVE,y97]*Log[MN^2]*p3.p3*sSS^2*FourPi^(-2)*I*
   lambdaHatNDelta1*MDelta1^(-2)*esfull(1) - 3*gam[y99,p2,p3,y97]*sSS^2
   *FourPi^(-2)*I*MN^(-2)*esfull(2) - 4*gam[y99,p2,p3,y97]*sSS^2*
   FourPi^(-2)*I*MN^(-2)*lambdaHatNDelta1*esfull(1) - 2*gam[y99,p2,p3,
   y97]*sSS^2*FourPi^(-2)*I*invepsilonbar*MN^(-2)*esfull(2) - 4*gam[y99
   ,p2,p3,y97]*sSS^2*FourPi^(-2)*I*invepsilonbar*MN^(-2)*
   lambdaHatNDelta1*esfull(1) + 4*gam[y99,p2,p3,y97]*Log[MDelta1^2]*
   sSS^2*FourPi^(-2)*I*MN^(-2)*lambdaHatNDelta1*esfull(1) + 2*gam[y99,
   p2,p3,y97]*Log[MN^2]*sSS^2*FourPi^(-2)*I*MN^(-2)*esfull(2) + 4*gam[
   y99,y97]*FourPi^(-2)*I*esfull(2) + 4*gam[y99,y97]*FourPi^(-2)*I*
   muH^2*MN^(-2)*esfull(2) + 4*gam[y99,y97]*FourPi^(-2)*I*muH^2*MN^(-2)
   *lambdaHatNDelta1*esfull(1) + 4*gam[y99,y97]*FourPi^(-2)*I*
   invepsilonbar*esfull(2) + 4*gam[y99,y97]*FourPi^(-2)*I*invepsilonbar
   *muH^2*MN^(-2)*esfull(2) + 4*gam[y99,y97]*FourPi^(-2)*I*
   invepsilonbar*muH^2*MN^(-2)*lambdaHatNDelta1*esfull(1) + 2*gam[y99,
   y97]*p2.p2*sSS^2*FourPi^(-2)*I*MN^(-2)*esfull(2) + 4*gam[y99,y97]*
   p2.p2*sSS^2*FourPi^(-2)*I*MN^(-2)*lambdaHatNDelta1*esfull(1) - 3*
   gam[y99,y97]*p2.p2*sSS^2*FourPi^(-2)*I*lambdaHatNDelta1*MDelta1^(-2)
   *esfull(1) + 4*gam[y99,y97]*p2.p2*sSS^2*FourPi^(-2)*I*invepsilonbar*
   MN^(-2)*lambdaHatNDelta1*esfull(1) - 2*gam[y99,y97]*p2.p2*sSS^2*
   FourPi^(-2)*I*invepsilonbar*lambdaHatNDelta1*MDelta1^(-2)*esfull(1)
    + 10*gam[y99,y97]*p2.p3*sSS^2*FourPi^(-2)*I*MN^(-2)*esfull(2) + 8*
   gam[y99,y97]*p2.p3*sSS^2*FourPi^(-2)*I*MN^(-2)*lambdaHatNDelta1*
   esfull(1) - 6*gam[y99,y97]*p2.p3*sSS^2*FourPi^(-2)*I*
   lambdaHatNDelta1*MDelta1^(-2)*esfull(1) + 4*gam[y99,y97]*p2.p3*sSS^2
   *FourPi^(-2)*I*invepsilonbar*MN^(-2)*esfull(2) + 8*gam[y99,y97]*
   p2.p3*sSS^2*FourPi^(-2)*I*invepsilonbar*MN^(-2)*lambdaHatNDelta1*
   esfull(1) - 4*gam[y99,y97]*p2.p3*sSS^2*FourPi^(-2)*I*invepsilonbar*
   lambdaHatNDelta1*MDelta1^(-2)*esfull(1) + 4*gam[y99,y97]*p3.p3*sSS^2
   *FourPi^(-2)*I*MN^(-2)*esfull(2) - 3*gam[y99,y97]*p3.p3*sSS^2*
   FourPi^(-2)*I*lambdaHatNDelta1*MDelta1^(-2)*esfull(1) - 2*gam[y99,
   y97]*p3.p3*sSS^2*FourPi^(-2)*I*invepsilonbar*lambdaHatNDelta1*
   MDelta1^(-2)*esfull(1) - 4*gam[y99,y97]*Log[MDelta1^2]*FourPi^(-2)*I
   *muH^2*MN^(-2)*lambdaHatNDelta1*esfull(1) - 4*gam[y99,y97]*Log[
   MDelta1^2]*p2.p2*sSS^2*FourPi^(-2)*I*MN^(-2)*lambdaHatNDelta1*
   esfull(1) - 8*gam[y99,y97]*Log[MDelta1^2]*p2.p3*sSS^2*FourPi^(-2)*I*
   MN^(-2)*lambdaHatNDelta1*esfull(1) - 4*gam[y99,y97]*Log[MN^2]*
   FourPi^(-2)*I*esfull(2) - 4*gam[y99,y97]*Log[MN^2]*FourPi^(-2)*I*
   muH^2*MN^(-2)*esfull(2) + 2*gam[y99,y97]*Log[MN^2]*p2.p2*sSS^2*
   FourPi^(-2)*I*lambdaHatNDelta1*MDelta1^(-2)*esfull(1) - 4*gam[y99,
   y97]*Log[MN^2]*p2.p3*sSS^2*FourPi^(-2)*I*MN^(-2)*esfull(2) + 4*gam[
   y99,y97]*Log[MN^2]*p2.p3*sSS^2*FourPi^(-2)*I*lambdaHatNDelta1*
   MDelta1^(-2)*esfull(1) + 2*gam[y99,y97]*Log[MN^2]*p3.p3*sSS^2*
   FourPi^(-2)*I*lambdaHatNDelta1*MDelta1^(-2)*esfull(1)];

