    esfull(1)=lambdaN[fl95]*yl[fl99,fl1]*lambdaNbar[fl93]*ylbar[fl97,
   fl1];
    esfull(2)=lambdaN[fl97]*yl[fl93,fl1]*lambdaNbar[fl99]*ylbar[fl95,
   fl1];
    esfull(3)=lambdaN[fl95]*lambdaN[fl97]*lambdaNbar[fl93]*lambdaNbar[
   fl99];
    esfull(4)=lambdaN[fl95]*yl[fl93,fl1]*lambdaNbar[fl99]*ylbar[fl97,
   fl1];
    esfull(5)=lambdaN[fl97]*yl[fl99,fl1]*lambdaNbar[fl93]*ylbar[fl95,
   fl1];
    esfull(6)=G[gam[y93,FIVE,mu1,y97]*gam[y99,FIVE,mu1,y95]*FourPi^(-2)
   *I*MN^(-2)*esfull(3) + gam[y93,FIVE,mu1,y97]*gam[y99,mu1,y95]*
   FourPi^(-2)*I*MN^(-2)*esfull(3) + gam[y93,mu1,y97]*gam[y99,FIVE,mu1,
   y95]*FourPi^(-2)*I*MN^(-2)*esfull(3) + gam[y93,mu1,y97]*gam[y99,mu1,
   y95]*FourPi^(-2)*I*MN^(-2)*esfull(3) - 8*gam[y97,FIVE,y95]*gam[y99,
   FIVE,y93]*FourPi^(-2)*I*MN^(-2)*esfull(3) - 4*gam[y97,FIVE,y95]*gam[
   y99,FIVE,y93]*FourPi^(-2)*I*invepsilonbar*MN^(-2)*esfull(3) + 4*gam[
   y97,FIVE,y95]*gam[y99,FIVE,y93]*Log[MN^2]*FourPi^(-2)*I*MN^(-2)*
   esfull(3) - 8*gam[y97,FIVE,y95]*gam[y99,y93]*FourPi^(-2)*I*MN^(-2)*
   esfull(3) - 4*gam[y97,FIVE,y95]*gam[y99,y93]*FourPi^(-2)*I*
   invepsilonbar*MN^(-2)*esfull(3) + 4*gam[y97,FIVE,y95]*gam[y99,y93]*
   Log[MN^2]*FourPi^(-2)*I*MN^(-2)*esfull(3) + 8*gam[y97,y95]*gam[y99,
   FIVE,y93]*FourPi^(-2)*I*MN^(-2)*esfull(3) + 4*gam[y97,y95]*gam[y99,
   FIVE,y93]*FourPi^(-2)*I*invepsilonbar*MN^(-2)*esfull(3) - 4*gam[y97,
   y95]*gam[y99,FIVE,y93]*Log[MN^2]*FourPi^(-2)*I*MN^(-2)*esfull(3) + 8
   *gam[y97,y95]*gam[y99,y93]*FourPi^(-2)*I*MN^(-2)*esfull(3) + 4*gam[
   y97,y95]*gam[y99,y93]*FourPi^(-2)*I*invepsilonbar*MN^(-2)*esfull(3)
    - 4*gam[y97,y95]*gam[y99,y93]*Log[MN^2]*FourPi^(-2)*I*MN^(-2)*
   esfull(3)];
    esfull(7)=G[gam[y93,FIVE,mu1,y95]*gam[y99,FIVE,mu1,y97]*FourPi^(-2)
   *I*MN^(-2)*esfull(3) + gam[y93,FIVE,mu1,y95]*gam[y99,mu1,y97]*
   FourPi^(-2)*I*MN^(-2)*esfull(3) + gam[y93,mu1,y95]*gam[y99,FIVE,mu1,
   y97]*FourPi^(-2)*I*MN^(-2)*esfull(3) + gam[y93,mu1,y95]*gam[y99,mu1,
   y97]*FourPi^(-2)*I*MN^(-2)*esfull(3) + 8*gam[y97,FIVE,y95]*gam[y99,
   FIVE,y93]*FourPi^(-2)*I*MN^(-2)*esfull(3) + 4*gam[y97,FIVE,y95]*gam[
   y99,FIVE,y93]*FourPi^(-2)*I*invepsilonbar*MN^(-2)*esfull(3) - 4*gam[
   y97,FIVE,y95]*gam[y99,FIVE,y93]*Log[MN^2]*FourPi^(-2)*I*MN^(-2)*
   esfull(3) + 8*gam[y97,FIVE,y95]*gam[y99,y93]*FourPi^(-2)*I*MN^(-2)*
   esfull(3) + 4*gam[y97,FIVE,y95]*gam[y99,y93]*FourPi^(-2)*I*
   invepsilonbar*MN^(-2)*esfull(3) - 4*gam[y97,FIVE,y95]*gam[y99,y93]*
   Log[MN^2]*FourPi^(-2)*I*MN^(-2)*esfull(3) - 8*gam[y97,y95]*gam[y99,
   FIVE,y93]*FourPi^(-2)*I*MN^(-2)*esfull(3) - 4*gam[y97,y95]*gam[y99,
   FIVE,y93]*FourPi^(-2)*I*invepsilonbar*MN^(-2)*esfull(3) + 4*gam[y97,
   y95]*gam[y99,FIVE,y93]*Log[MN^2]*FourPi^(-2)*I*MN^(-2)*esfull(3) - 8
   *gam[y97,y95]*gam[y99,y93]*FourPi^(-2)*I*MN^(-2)*esfull(3) - 4*gam[
   y97,y95]*gam[y99,y93]*FourPi^(-2)*I*invepsilonbar*MN^(-2)*esfull(3)
    + 4*gam[y97,y95]*gam[y99,y93]*Log[MN^2]*FourPi^(-2)*I*MN^(-2)*
   esfull(3)];
    esfull(8)=G[3*gam[y93,FIVE,mu1,y95]*gam[y99,FIVE,mu1,y97]*
   FourPi^(-2)*I*MN^(-2)*esfull(1) + 3*gam[y93,FIVE,mu1,y95]*gam[y99,
   FIVE,mu1,y97]*FourPi^(-2)*I*MN^(-2)*esfull(2) + 2*gam[y93,FIVE,mu1,
   y95]*gam[y99,FIVE,mu1,y97]*FourPi^(-2)*I*invepsilonbar*MN^(-2)*
   esfull(1) + 2*gam[y93,FIVE,mu1,y95]*gam[y99,FIVE,mu1,y97]*
   FourPi^(-2)*I*invepsilonbar*MN^(-2)*esfull(2) - 2*gam[y93,FIVE,mu1,
   y95]*gam[y99,FIVE,mu1,y97]*Log[MN^2]*FourPi^(-2)*I*MN^(-2)*esfull(1)
    - 2*gam[y93,FIVE,mu1,y95]*gam[y99,FIVE,mu1,y97]*Log[MN^2]*
   FourPi^(-2)*I*MN^(-2)*esfull(2) + 3*gam[y93,FIVE,mu1,y95]*gam[y99,
   mu1,y97]*FourPi^(-2)*I*MN^(-2)*esfull(1) + 3*gam[y93,FIVE,mu1,y95]*
   gam[y99,mu1,y97]*FourPi^(-2)*I*MN^(-2)*esfull(2) + 2*gam[y93,FIVE,
   mu1,y95]*gam[y99,mu1,y97]*FourPi^(-2)*I*invepsilonbar*MN^(-2)*
   esfull(1) + 2*gam[y93,FIVE,mu1,y95]*gam[y99,mu1,y97]*FourPi^(-2)*I*
   invepsilonbar*MN^(-2)*esfull(2) - 2*gam[y93,FIVE,mu1,y95]*gam[y99,
   mu1,y97]*Log[MN^2]*FourPi^(-2)*I*MN^(-2)*esfull(1) - 2*gam[y93,FIVE,
   mu1,y95]*gam[y99,mu1,y97]*Log[MN^2]*FourPi^(-2)*I*MN^(-2)*esfull(2)
    + 3*gam[y93,FIVE,mu1,y97]*gam[y99,FIVE,mu1,y95]*FourPi^(-2)*I*
   MN^(-2)*esfull(4) + 3*gam[y93,FIVE,mu1,y97]*gam[y99,FIVE,mu1,y95]*
   FourPi^(-2)*I*MN^(-2)*esfull(5) + 2*gam[y93,FIVE,mu1,y97]*gam[y99,
   FIVE,mu1,y95]*FourPi^(-2)*I*invepsilonbar*MN^(-2)*esfull(4) + 2*gam[
   y93,FIVE,mu1,y97]*gam[y99,FIVE,mu1,y95]*FourPi^(-2)*I*invepsilonbar*
   MN^(-2)*esfull(5) - 2*gam[y93,FIVE,mu1,y97]*gam[y99,FIVE,mu1,y95]*
   Log[MN^2]*FourPi^(-2)*I*MN^(-2)*esfull(4) - 2*gam[y93,FIVE,mu1,y97]*
   gam[y99,FIVE,mu1,y95]*Log[MN^2]*FourPi^(-2)*I*MN^(-2)*esfull(5) + 3*
   gam[y93,FIVE,mu1,y97]*gam[y99,mu1,y95]*FourPi^(-2)*I*MN^(-2)*
   esfull(4) + 3*gam[y93,FIVE,mu1,y97]*gam[y99,mu1,y95]*FourPi^(-2)*I*
   MN^(-2)*esfull(5) + 2*gam[y93,FIVE,mu1,y97]*gam[y99,mu1,y95]*
   FourPi^(-2)*I*invepsilonbar*MN^(-2)*esfull(4) + 2*gam[y93,FIVE,mu1,
   y97]*gam[y99,mu1,y95]*FourPi^(-2)*I*invepsilonbar*MN^(-2)*esfull(5)
    - 2*gam[y93,FIVE,mu1,y97]*gam[y99,mu1,y95]*Log[MN^2]*FourPi^(-2)*I*
   MN^(-2)*esfull(4) - 2*gam[y93,FIVE,mu1,y97]*gam[y99,mu1,y95]*Log[
   MN^2]*FourPi^(-2)*I*MN^(-2)*esfull(5) + 3*gam[y93,mu1,y95]*gam[y99,
   FIVE,mu1,y97]*FourPi^(-2)*I*MN^(-2)*esfull(1) + 3*gam[y93,mu1,y95]*
   gam[y99,FIVE,mu1,y97]*FourPi^(-2)*I*MN^(-2)*esfull(2) + 2*gam[y93,
   mu1,y95]*gam[y99,FIVE,mu1,y97]*FourPi^(-2)*I*invepsilonbar*MN^(-2)*
   esfull(1) + 2*gam[y93,mu1,y95]*gam[y99,FIVE,mu1,y97]*FourPi^(-2)*I*
   invepsilonbar*MN^(-2)*esfull(2) - 2*gam[y93,mu1,y95]*gam[y99,FIVE,
   mu1,y97]*Log[MN^2]*FourPi^(-2)*I*MN^(-2)*esfull(1) - 2*gam[y93,mu1,
   y95]*gam[y99,FIVE,mu1,y97]*Log[MN^2]*FourPi^(-2)*I*MN^(-2)*esfull(2)
    + 3*gam[y93,mu1,y95]*gam[y99,mu1,y97]*FourPi^(-2)*I*MN^(-2)*
   esfull(1) + 3*gam[y93,mu1,y95]*gam[y99,mu1,y97]*FourPi^(-2)*I*
   MN^(-2)*esfull(2) + 2*gam[y93,mu1,y95]*gam[y99,mu1,y97]*FourPi^(-2)*
   I*invepsilonbar*MN^(-2)*esfull(1) + 2*gam[y93,mu1,y95]*gam[y99,mu1,
   y97]*FourPi^(-2)*I*invepsilonbar*MN^(-2)*esfull(2) - 2*gam[y93,mu1,
   y95]*gam[y99,mu1,y97]*Log[MN^2]*FourPi^(-2)*I*MN^(-2)*esfull(1) - 2*
   gam[y93,mu1,y95]*gam[y99,mu1,y97]*Log[MN^2]*FourPi^(-2)*I*MN^(-2)*
   esfull(2) + 3*gam[y93,mu1,y97]*gam[y99,FIVE,mu1,y95]*FourPi^(-2)*I*
   MN^(-2)*esfull(4) + 3*gam[y93,mu1,y97]*gam[y99,FIVE,mu1,y95]*
   FourPi^(-2)*I*MN^(-2)*esfull(5) + 2*gam[y93,mu1,y97]*gam[y99,FIVE,
   mu1,y95]*FourPi^(-2)*I*invepsilonbar*MN^(-2)*esfull(4) + 2*gam[y93,
   mu1,y97]*gam[y99,FIVE,mu1,y95]*FourPi^(-2)*I*invepsilonbar*MN^(-2)*
   esfull(5) - 2*gam[y93,mu1,y97]*gam[y99,FIVE,mu1,y95]*Log[MN^2]*
   FourPi^(-2)*I*MN^(-2)*esfull(4) - 2*gam[y93,mu1,y97]*gam[y99,FIVE,
   mu1,y95]*Log[MN^2]*FourPi^(-2)*I*MN^(-2)*esfull(5) + 3*gam[y93,mu1,
   y97]*gam[y99,mu1,y95]*FourPi^(-2)*I*MN^(-2)*esfull(4) + 3*gam[y93,
   mu1,y97]*gam[y99,mu1,y95]*FourPi^(-2)*I*MN^(-2)*esfull(5) + 2*gam[
   y93,mu1,y97]*gam[y99,mu1,y95]*FourPi^(-2)*I*invepsilonbar*MN^(-2)*
   esfull(4) + 2*gam[y93,mu1,y97]*gam[y99,mu1,y95]*FourPi^(-2)*I*
   invepsilonbar*MN^(-2)*esfull(5) - 2*gam[y93,mu1,y97]*gam[y99,mu1,y95
   ]*Log[MN^2]*FourPi^(-2)*I*MN^(-2)*esfull(4) - 2*gam[y93,mu1,y97]*
   gam[y99,mu1,y95]*Log[MN^2]*FourPi^(-2)*I*MN^(-2)*esfull(5)];

