    esfull(1)=lambdaDelta1[fl1]*lambdaDelta1bar[fl1];
    esfull(2)=lambdaN[fl1]*lambdaNbar[fl1];
    esfull(3)=G[24*p2.p2*p2.pol3*sSS^3*FourPi^(-2)*I*g2*MN^(-2)*
   esfull(2) + 12*p2.p2*p3.pol3*sSS^3*FourPi^(-2)*I*g2*MN^(-2)*
   esfull(2) + 24*p2.p3*p2.pol3*sSS^3*FourPi^(-2)*I*g2*MN^(-2)*
   esfull(2) + 22*p2.p3*p3.pol3*sSS^3*FourPi^(-2)*I*g2*MN^(-2)*
   esfull(2) + 12*p2.p3*p3.pol3*sSS^3*FourPi^(-2)*I*invepsilonbar*g2*
   MN^(-2)*esfull(2) + 2*p2.pol3*p3.p3*sSS^3*FourPi^(-2)*I*g2*MN^(-2)*
   esfull(2) - 12*p2.pol3*p3.p3*sSS^3*FourPi^(-2)*I*invepsilonbar*g2*
   MN^(-2)*esfull(2) + 18*p2.pol3*sSS*FourPi^(-2)*I*g2*esfull(2) + 36*
   p2.pol3*sSS*FourPi^(-2)*I*invepsilonbar*g2*esfull(2) + 6*p3.p3*
   p3.pol3*sSS^3*FourPi^(-2)*I*g2*MN^(-2)*esfull(2) + 9*p3.pol3*sSS*
   FourPi^(-2)*I*g2*esfull(2) + 18*p3.pol3*sSS*FourPi^(-2)*I*
   invepsilonbar*g2*esfull(2) - 12*DEN[MN,MDelta1]*p2.p3*p3.pol3*sSS^3*
   FourPi^(-2)*I*invepsilonbar*g2*lambdaHatNDelta1*lambdaHatNDelta1bar
    + 12*DEN[MN,MDelta1]*p2.pol3*p3.p3*sSS^3*FourPi^(-2)*I*
   invepsilonbar*g2*lambdaHatNDelta1*lambdaHatNDelta1bar + 12*DEN[MN,
   MDelta1]^2*p2.p3*p3.pol3*sSS^3*FourPi^(-2)*I*invepsilonbar*g2*
   lambdaHatNDelta1*MDelta1^2*lambdaHatNDelta1bar - 12*DEN[MN,MDelta1]^
   2*p2.pol3*p3.p3*sSS^3*FourPi^(-2)*I*invepsilonbar*g2*
   lambdaHatNDelta1*MDelta1^2*lambdaHatNDelta1bar + 126*DEN[MN,MDelta1]
   ^2*p2.pol3*sSS*FourPi^(-2)*I*g2*lambdaHatNDelta1*MDelta1^4*
   lambdaHatNDelta1bar + 72*DEN[MN,MDelta1]^2*p2.pol3*sSS*FourPi^(-2)*I
   *g2*MN^4*lambdaHatNDelta1*lambdaHatNDelta1bar + 108*DEN[MN,MDelta1]^
   2*p2.pol3*sSS*FourPi^(-2)*I*invepsilonbar*g2*lambdaHatNDelta1*
   MDelta1^4*lambdaHatNDelta1bar + 72*DEN[MN,MDelta1]^2*p2.pol3*sSS*
   FourPi^(-2)*I*invepsilonbar*g2*MN^4*lambdaHatNDelta1*
   lambdaHatNDelta1bar + 63*DEN[MN,MDelta1]^2*p3.pol3*sSS*FourPi^(-2)*I
   *g2*lambdaHatNDelta1*MDelta1^4*lambdaHatNDelta1bar + 36*DEN[MN,
   MDelta1]^2*p3.pol3*sSS*FourPi^(-2)*I*g2*MN^4*lambdaHatNDelta1*
   lambdaHatNDelta1bar + 54*DEN[MN,MDelta1]^2*p3.pol3*sSS*FourPi^(-2)*I
   *invepsilonbar*g2*lambdaHatNDelta1*MDelta1^4*lambdaHatNDelta1bar + 
   36*DEN[MN,MDelta1]^2*p3.pol3*sSS*FourPi^(-2)*I*invepsilonbar*g2*MN^4
   *lambdaHatNDelta1*lambdaHatNDelta1bar + 360*DEN[MN,MDelta1]^3*p2.p2*
   p2.pol3*sSS^3*FourPi^(-2)*I*g2*lambdaHatNDelta1*MDelta1^4*
   lambdaHatNDelta1bar - 198*DEN[MN,MDelta1]^3*p2.p2*p2.pol3*sSS^3*
   FourPi^(-2)*I*g2*MN^4*lambdaHatNDelta1*lambdaHatNDelta1bar + 288*
   DEN[MN,MDelta1]^3*p2.p2*p2.pol3*sSS^3*FourPi^(-2)*I*invepsilonbar*g2
   *lambdaHatNDelta1*MDelta1^4*lambdaHatNDelta1bar - 180*DEN[MN,MDelta1
   ]^3*p2.p2*p2.pol3*sSS^3*FourPi^(-2)*I*invepsilonbar*g2*MN^4*
   lambdaHatNDelta1*lambdaHatNDelta1bar + 180*DEN[MN,MDelta1]^3*p2.p2*
   p3.pol3*sSS^3*FourPi^(-2)*I*g2*lambdaHatNDelta1*MDelta1^4*
   lambdaHatNDelta1bar - 99*DEN[MN,MDelta1]^3*p2.p2*p3.pol3*sSS^3*
   FourPi^(-2)*I*g2*MN^4*lambdaHatNDelta1*lambdaHatNDelta1bar + 144*
   DEN[MN,MDelta1]^3*p2.p2*p3.pol3*sSS^3*FourPi^(-2)*I*invepsilonbar*g2
   *lambdaHatNDelta1*MDelta1^4*lambdaHatNDelta1bar - 90*DEN[MN,MDelta1]
   ^3*p2.p2*p3.pol3*sSS^3*FourPi^(-2)*I*invepsilonbar*g2*MN^4*
   lambdaHatNDelta1*lambdaHatNDelta1bar + 360*DEN[MN,MDelta1]^3*p2.p3*
   p2.pol3*sSS^3*FourPi^(-2)*I*g2*lambdaHatNDelta1*MDelta1^4*
   lambdaHatNDelta1bar - 198*DEN[MN,MDelta1]^3*p2.p3*p2.pol3*sSS^3*
   FourPi^(-2)*I*g2*MN^4*lambdaHatNDelta1*lambdaHatNDelta1bar + 288*
   DEN[MN,MDelta1]^3*p2.p3*p2.pol3*sSS^3*FourPi^(-2)*I*invepsilonbar*g2
   *lambdaHatNDelta1*MDelta1^4*lambdaHatNDelta1bar - 180*DEN[MN,MDelta1
   ]^3*p2.p3*p2.pol3*sSS^3*FourPi^(-2)*I*invepsilonbar*g2*MN^4*
   lambdaHatNDelta1*lambdaHatNDelta1bar + 306*DEN[MN,MDelta1]^3*p2.p3*
   p3.pol3*sSS^3*FourPi^(-2)*I*g2*lambdaHatNDelta1*MDelta1^4*
   lambdaHatNDelta1bar - 72*DEN[MN,MDelta1]^3*p2.p3*p3.pol3*sSS^3*
   FourPi^(-2)*I*g2*MN^4*lambdaHatNDelta1*lambdaHatNDelta1bar + 252*
   DEN[MN,MDelta1]^3*p2.p3*p3.pol3*sSS^3*FourPi^(-2)*I*invepsilonbar*g2
   *lambdaHatNDelta1*MDelta1^4*lambdaHatNDelta1bar - 72*DEN[MN,MDelta1]
   ^3*p2.p3*p3.pol3*sSS^3*FourPi^(-2)*I*invepsilonbar*g2*MN^4*
   lambdaHatNDelta1*lambdaHatNDelta1bar + 54*DEN[MN,MDelta1]^3*p2.pol3*
   p3.p3*sSS^3*FourPi^(-2)*I*g2*lambdaHatNDelta1*MDelta1^4*
   lambdaHatNDelta1bar - 99*DEN[MN,MDelta1]^3*p2.pol3*p3.p3*sSS^3*
   FourPi^(-2)*I*g2*MN^4*lambdaHatNDelta1*lambdaHatNDelta1bar + 36*DEN[
   MN,MDelta1]^3*p2.pol3*p3.p3*sSS^3*FourPi^(-2)*I*invepsilonbar*g2*
   lambdaHatNDelta1*MDelta1^4*lambdaHatNDelta1bar - 90*DEN[MN,MDelta1]^
   3*p2.pol3*p3.p3*sSS^3*FourPi^(-2)*I*invepsilonbar*g2*MN^4*
   lambdaHatNDelta1*lambdaHatNDelta1bar + 108*DEN[MN,MDelta1]^3*p2.pol3
   *sSS*FourPi^(-2)*I*g2*lambdaHatNDelta1*MDelta1^6*lambdaHatNDelta1bar
    - 54*DEN[MN,MDelta1]^3*p2.pol3*sSS*FourPi^(-2)*I*g2*MN^4*
   lambdaHatNDelta1*MDelta1^2*lambdaHatNDelta1bar - 54*DEN[MN,MDelta1]^
   3*p2.pol3*sSS*FourPi^(-2)*I*g2*MN^6*lambdaHatNDelta1*
   lambdaHatNDelta1bar + 72*DEN[MN,MDelta1]^3*p2.pol3*sSS*FourPi^(-2)*I
   *invepsilonbar*g2*lambdaHatNDelta1*MDelta1^6*lambdaHatNDelta1bar - 
   36*DEN[MN,MDelta1]^3*p2.pol3*sSS*FourPi^(-2)*I*invepsilonbar*g2*MN^4
   *lambdaHatNDelta1*MDelta1^2*lambdaHatNDelta1bar - 36*DEN[MN,MDelta1]
   ^3*p2.pol3*sSS*FourPi^(-2)*I*invepsilonbar*g2*MN^6*lambdaHatNDelta1*
   lambdaHatNDelta1bar + 90*DEN[MN,MDelta1]^3*p3.p3*p3.pol3*sSS^3*
   FourPi^(-2)*I*g2*lambdaHatNDelta1*MDelta1^4*lambdaHatNDelta1bar - 36
   *DEN[MN,MDelta1]^3*p3.p3*p3.pol3*sSS^3*FourPi^(-2)*I*g2*MN^4*
   lambdaHatNDelta1*lambdaHatNDelta1bar + 72*DEN[MN,MDelta1]^3*p3.p3*
   p3.pol3*sSS^3*FourPi^(-2)*I*invepsilonbar*g2*lambdaHatNDelta1*
   MDelta1^4*lambdaHatNDelta1bar - 36*DEN[MN,MDelta1]^3*p3.p3*p3.pol3*
   sSS^3*FourPi^(-2)*I*invepsilonbar*g2*MN^4*lambdaHatNDelta1*
   lambdaHatNDelta1bar + 54*DEN[MN,MDelta1]^3*p3.pol3*sSS*FourPi^(-2)*I
   *g2*lambdaHatNDelta1*MDelta1^6*lambdaHatNDelta1bar - 27*DEN[MN,
   MDelta1]^3*p3.pol3*sSS*FourPi^(-2)*I*g2*MN^4*lambdaHatNDelta1*
   MDelta1^2*lambdaHatNDelta1bar - 27*DEN[MN,MDelta1]^3*p3.pol3*sSS*
   FourPi^(-2)*I*g2*MN^6*lambdaHatNDelta1*lambdaHatNDelta1bar + 36*DEN[
   MN,MDelta1]^3*p3.pol3*sSS*FourPi^(-2)*I*invepsilonbar*g2*
   lambdaHatNDelta1*MDelta1^6*lambdaHatNDelta1bar - 18*DEN[MN,MDelta1]^
   3*p3.pol3*sSS*FourPi^(-2)*I*invepsilonbar*g2*MN^4*lambdaHatNDelta1*
   MDelta1^2*lambdaHatNDelta1bar - 18*DEN[MN,MDelta1]^3*p3.pol3*sSS*
   FourPi^(-2)*I*invepsilonbar*g2*MN^6*lambdaHatNDelta1*
   lambdaHatNDelta1bar + 912*DEN[MN,MDelta1]^4*p2.p2*p2.pol3*sSS^3*
   FourPi^(-2)*I*g2*lambdaHatNDelta1*MDelta1^6*lambdaHatNDelta1bar + 
   162*DEN[MN,MDelta1]^4*p2.p2*p2.pol3*sSS^3*FourPi^(-2)*I*g2*MN^4*
   lambdaHatNDelta1*MDelta1^2*lambdaHatNDelta1bar + 486*DEN[MN,MDelta1]
   ^4*p2.p2*p2.pol3*sSS^3*FourPi^(-2)*I*g2*MN^6*lambdaHatNDelta1*
   lambdaHatNDelta1bar + 576*DEN[MN,MDelta1]^4*p2.p2*p2.pol3*sSS^3*
   FourPi^(-2)*I*invepsilonbar*g2*lambdaHatNDelta1*MDelta1^6*
   lambdaHatNDelta1bar + 108*DEN[MN,MDelta1]^4*p2.p2*p2.pol3*sSS^3*
   FourPi^(-2)*I*invepsilonbar*g2*MN^4*lambdaHatNDelta1*MDelta1^2*
   lambdaHatNDelta1bar + 324*DEN[MN,MDelta1]^4*p2.p2*p2.pol3*sSS^3*
   FourPi^(-2)*I*invepsilonbar*g2*MN^6*lambdaHatNDelta1*
   lambdaHatNDelta1bar + 456*DEN[MN,MDelta1]^4*p2.p2*p3.pol3*sSS^3*
   FourPi^(-2)*I*g2*lambdaHatNDelta1*MDelta1^6*lambdaHatNDelta1bar + 81
   *DEN[MN,MDelta1]^4*p2.p2*p3.pol3*sSS^3*FourPi^(-2)*I*g2*MN^4*
   lambdaHatNDelta1*MDelta1^2*lambdaHatNDelta1bar + 243*DEN[MN,MDelta1]
   ^4*p2.p2*p3.pol3*sSS^3*FourPi^(-2)*I*g2*MN^6*lambdaHatNDelta1*
   lambdaHatNDelta1bar + 288*DEN[MN,MDelta1]^4*p2.p2*p3.pol3*sSS^3*
   FourPi^(-2)*I*invepsilonbar*g2*lambdaHatNDelta1*MDelta1^6*
   lambdaHatNDelta1bar + 54*DEN[MN,MDelta1]^4*p2.p2*p3.pol3*sSS^3*
   FourPi^(-2)*I*invepsilonbar*g2*MN^4*lambdaHatNDelta1*MDelta1^2*
   lambdaHatNDelta1bar + 162*DEN[MN,MDelta1]^4*p2.p2*p3.pol3*sSS^3*
   FourPi^(-2)*I*invepsilonbar*g2*MN^6*lambdaHatNDelta1*
   lambdaHatNDelta1bar + 912*DEN[MN,MDelta1]^4*p2.p3*p2.pol3*sSS^3*
   FourPi^(-2)*I*g2*lambdaHatNDelta1*MDelta1^6*lambdaHatNDelta1bar + 
   162*DEN[MN,MDelta1]^4*p2.p3*p2.pol3*sSS^3*FourPi^(-2)*I*g2*MN^4*
   lambdaHatNDelta1*MDelta1^2*lambdaHatNDelta1bar + 486*DEN[MN,MDelta1]
   ^4*p2.p3*p2.pol3*sSS^3*FourPi^(-2)*I*g2*MN^6*lambdaHatNDelta1*
   lambdaHatNDelta1bar + 576*DEN[MN,MDelta1]^4*p2.p3*p2.pol3*sSS^3*
   FourPi^(-2)*I*invepsilonbar*g2*lambdaHatNDelta1*MDelta1^6*
   lambdaHatNDelta1bar + 108*DEN[MN,MDelta1]^4*p2.p3*p2.pol3*sSS^3*
   FourPi^(-2)*I*invepsilonbar*g2*MN^4*lambdaHatNDelta1*MDelta1^2*
   lambdaHatNDelta1bar + 324*DEN[MN,MDelta1]^4*p2.p3*p2.pol3*sSS^3*
   FourPi^(-2)*I*invepsilonbar*g2*MN^6*lambdaHatNDelta1*
   lambdaHatNDelta1bar + 662*DEN[MN,MDelta1]^4*p2.p3*p3.pol3*sSS^3*
   FourPi^(-2)*I*g2*lambdaHatNDelta1*MDelta1^6*lambdaHatNDelta1bar + 
   108*DEN[MN,MDelta1]^4*p2.p3*p3.pol3*sSS^3*FourPi^(-2)*I*g2*MN^4*
   lambdaHatNDelta1*MDelta1^2*lambdaHatNDelta1bar + 270*DEN[MN,MDelta1]
   ^4*p2.p3*p3.pol3*sSS^3*FourPi^(-2)*I*g2*MN^6*lambdaHatNDelta1*
   lambdaHatNDelta1bar + 420*DEN[MN,MDelta1]^4*p2.p3*p3.pol3*sSS^3*
   FourPi^(-2)*I*invepsilonbar*g2*lambdaHatNDelta1*MDelta1^6*
   lambdaHatNDelta1bar + 72*DEN[MN,MDelta1]^4*p2.p3*p3.pol3*sSS^3*
   FourPi^(-2)*I*invepsilonbar*g2*MN^4*lambdaHatNDelta1*MDelta1^2*
   lambdaHatNDelta1bar + 180*DEN[MN,MDelta1]^4*p2.p3*p3.pol3*sSS^3*
   FourPi^(-2)*I*invepsilonbar*g2*MN^6*lambdaHatNDelta1*
   lambdaHatNDelta1bar + 250*DEN[MN,MDelta1]^4*p2.pol3*p3.p3*sSS^3*
   FourPi^(-2)*I*g2*lambdaHatNDelta1*MDelta1^6*lambdaHatNDelta1bar + 81
   *DEN[MN,MDelta1]^4*p2.pol3*p3.p3*sSS^3*FourPi^(-2)*I*g2*MN^4*
   lambdaHatNDelta1*MDelta1^2*lambdaHatNDelta1bar + 189*DEN[MN,MDelta1]
   ^4*p2.pol3*p3.p3*sSS^3*FourPi^(-2)*I*g2*MN^6*lambdaHatNDelta1*
   lambdaHatNDelta1bar + 156*DEN[MN,MDelta1]^4*p2.pol3*p3.p3*sSS^3*
   FourPi^(-2)*I*invepsilonbar*g2*lambdaHatNDelta1*MDelta1^6*
   lambdaHatNDelta1bar + 54*DEN[MN,MDelta1]^4*p2.pol3*p3.p3*sSS^3*
   FourPi^(-2)*I*invepsilonbar*g2*MN^4*lambdaHatNDelta1*MDelta1^2*
   lambdaHatNDelta1bar + 126*DEN[MN,MDelta1]^4*p2.pol3*p3.p3*sSS^3*
   FourPi^(-2)*I*invepsilonbar*g2*MN^6*lambdaHatNDelta1*
   lambdaHatNDelta1bar + 228*DEN[MN,MDelta1]^4*p3.p3*p3.pol3*sSS^3*
   FourPi^(-2)*I*g2*lambdaHatNDelta1*MDelta1^6*lambdaHatNDelta1bar + 54
   *DEN[MN,MDelta1]^4*p3.p3*p3.pol3*sSS^3*FourPi^(-2)*I*g2*MN^4*
   lambdaHatNDelta1*MDelta1^2*lambdaHatNDelta1bar + 108*DEN[MN,MDelta1]
   ^4*p3.p3*p3.pol3*sSS^3*FourPi^(-2)*I*g2*MN^6*lambdaHatNDelta1*
   lambdaHatNDelta1bar + 144*DEN[MN,MDelta1]^4*p3.p3*p3.pol3*sSS^3*
   FourPi^(-2)*I*invepsilonbar*g2*lambdaHatNDelta1*MDelta1^6*
   lambdaHatNDelta1bar + 36*DEN[MN,MDelta1]^4*p3.p3*p3.pol3*sSS^3*
   FourPi^(-2)*I*invepsilonbar*g2*MN^4*lambdaHatNDelta1*MDelta1^2*
   lambdaHatNDelta1bar + 72*DEN[MN,MDelta1]^4*p3.p3*p3.pol3*sSS^3*
   FourPi^(-2)*I*invepsilonbar*g2*MN^6*lambdaHatNDelta1*
   lambdaHatNDelta1bar + 528*DEN[MN,MDelta1]^5*p2.p2*p2.pol3*sSS^3*
   FourPi^(-2)*I*g2*lambdaHatNDelta1*MDelta1^8*lambdaHatNDelta1bar - 
   264*DEN[MN,MDelta1]^5*p2.p2*p2.pol3*sSS^3*FourPi^(-2)*I*g2*MN^6*
   lambdaHatNDelta1*MDelta1^2*lambdaHatNDelta1bar - 264*DEN[MN,MDelta1]
   ^5*p2.p2*p2.pol3*sSS^3*FourPi^(-2)*I*g2*MN^8*lambdaHatNDelta1*
   lambdaHatNDelta1bar + 288*DEN[MN,MDelta1]^5*p2.p2*p2.pol3*sSS^3*
   FourPi^(-2)*I*invepsilonbar*g2*lambdaHatNDelta1*MDelta1^8*
   lambdaHatNDelta1bar - 144*DEN[MN,MDelta1]^5*p2.p2*p2.pol3*sSS^3*
   FourPi^(-2)*I*invepsilonbar*g2*MN^6*lambdaHatNDelta1*MDelta1^2*
   lambdaHatNDelta1bar - 144*DEN[MN,MDelta1]^5*p2.p2*p2.pol3*sSS^3*
   FourPi^(-2)*I*invepsilonbar*g2*MN^8*lambdaHatNDelta1*
   lambdaHatNDelta1bar + 264*DEN[MN,MDelta1]^5*p2.p2*p3.pol3*sSS^3*
   FourPi^(-2)*I*g2*lambdaHatNDelta1*MDelta1^8*lambdaHatNDelta1bar - 
   132*DEN[MN,MDelta1]^5*p2.p2*p3.pol3*sSS^3*FourPi^(-2)*I*g2*MN^6*
   lambdaHatNDelta1*MDelta1^2*lambdaHatNDelta1bar - 132*DEN[MN,MDelta1]
   ^5*p2.p2*p3.pol3*sSS^3*FourPi^(-2)*I*g2*MN^8*lambdaHatNDelta1*
   lambdaHatNDelta1bar + 144*DEN[MN,MDelta1]^5*p2.p2*p3.pol3*sSS^3*
   FourPi^(-2)*I*invepsilonbar*g2*lambdaHatNDelta1*MDelta1^8*
   lambdaHatNDelta1bar - 72*DEN[MN,MDelta1]^5*p2.p2*p3.pol3*sSS^3*
   FourPi^(-2)*I*invepsilonbar*g2*MN^6*lambdaHatNDelta1*MDelta1^2*
   lambdaHatNDelta1bar - 72*DEN[MN,MDelta1]^5*p2.p2*p3.pol3*sSS^3*
   FourPi^(-2)*I*invepsilonbar*g2*MN^8*lambdaHatNDelta1*
   lambdaHatNDelta1bar + 528*DEN[MN,MDelta1]^5*p2.p3*p2.pol3*sSS^3*
   FourPi^(-2)*I*g2*lambdaHatNDelta1*MDelta1^8*lambdaHatNDelta1bar - 
   264*DEN[MN,MDelta1]^5*p2.p3*p2.pol3*sSS^3*FourPi^(-2)*I*g2*MN^6*
   lambdaHatNDelta1*MDelta1^2*lambdaHatNDelta1bar - 264*DEN[MN,MDelta1]
   ^5*p2.p3*p2.pol3*sSS^3*FourPi^(-2)*I*g2*MN^8*lambdaHatNDelta1*
   lambdaHatNDelta1bar + 288*DEN[MN,MDelta1]^5*p2.p3*p2.pol3*sSS^3*
   FourPi^(-2)*I*invepsilonbar*g2*lambdaHatNDelta1*MDelta1^8*
   lambdaHatNDelta1bar - 144*DEN[MN,MDelta1]^5*p2.p3*p2.pol3*sSS^3*
   FourPi^(-2)*I*invepsilonbar*g2*MN^6*lambdaHatNDelta1*MDelta1^2*
   lambdaHatNDelta1bar - 144*DEN[MN,MDelta1]^5*p2.p3*p2.pol3*sSS^3*
   FourPi^(-2)*I*invepsilonbar*g2*MN^8*lambdaHatNDelta1*
   lambdaHatNDelta1bar + 352*DEN[MN,MDelta1]^5*p2.p3*p3.pol3*sSS^3*
   FourPi^(-2)*I*g2*lambdaHatNDelta1*MDelta1^8*lambdaHatNDelta1bar - 
   176*DEN[MN,MDelta1]^5*p2.p3*p3.pol3*sSS^3*FourPi^(-2)*I*g2*MN^6*
   lambdaHatNDelta1*MDelta1^2*lambdaHatNDelta1bar - 176*DEN[MN,MDelta1]
   ^5*p2.p3*p3.pol3*sSS^3*FourPi^(-2)*I*g2*MN^8*lambdaHatNDelta1*
   lambdaHatNDelta1bar + 192*DEN[MN,MDelta1]^5*p2.p3*p3.pol3*sSS^3*
   FourPi^(-2)*I*invepsilonbar*g2*lambdaHatNDelta1*MDelta1^8*
   lambdaHatNDelta1bar - 96*DEN[MN,MDelta1]^5*p2.p3*p3.pol3*sSS^3*
   FourPi^(-2)*I*invepsilonbar*g2*MN^6*lambdaHatNDelta1*MDelta1^2*
   lambdaHatNDelta1bar - 96*DEN[MN,MDelta1]^5*p2.p3*p3.pol3*sSS^3*
   FourPi^(-2)*I*invepsilonbar*g2*MN^8*lambdaHatNDelta1*
   lambdaHatNDelta1bar + 176*DEN[MN,MDelta1]^5*p2.pol3*p3.p3*sSS^3*
   FourPi^(-2)*I*g2*lambdaHatNDelta1*MDelta1^8*lambdaHatNDelta1bar - 88
   *DEN[MN,MDelta1]^5*p2.pol3*p3.p3*sSS^3*FourPi^(-2)*I*g2*MN^6*
   lambdaHatNDelta1*MDelta1^2*lambdaHatNDelta1bar - 88*DEN[MN,MDelta1]^
   5*p2.pol3*p3.p3*sSS^3*FourPi^(-2)*I*g2*MN^8*lambdaHatNDelta1*
   lambdaHatNDelta1bar + 96*DEN[MN,MDelta1]^5*p2.pol3*p3.p3*sSS^3*
   FourPi^(-2)*I*invepsilonbar*g2*lambdaHatNDelta1*MDelta1^8*
   lambdaHatNDelta1bar - 48*DEN[MN,MDelta1]^5*p2.pol3*p3.p3*sSS^3*
   FourPi^(-2)*I*invepsilonbar*g2*MN^6*lambdaHatNDelta1*MDelta1^2*
   lambdaHatNDelta1bar - 48*DEN[MN,MDelta1]^5*p2.pol3*p3.p3*sSS^3*
   FourPi^(-2)*I*invepsilonbar*g2*MN^8*lambdaHatNDelta1*
   lambdaHatNDelta1bar + 132*DEN[MN,MDelta1]^5*p3.p3*p3.pol3*sSS^3*
   FourPi^(-2)*I*g2*lambdaHatNDelta1*MDelta1^8*lambdaHatNDelta1bar - 66
   *DEN[MN,MDelta1]^5*p3.p3*p3.pol3*sSS^3*FourPi^(-2)*I*g2*MN^6*
   lambdaHatNDelta1*MDelta1^2*lambdaHatNDelta1bar - 66*DEN[MN,MDelta1]^
   5*p3.p3*p3.pol3*sSS^3*FourPi^(-2)*I*g2*MN^8*lambdaHatNDelta1*
   lambdaHatNDelta1bar + 72*DEN[MN,MDelta1]^5*p3.p3*p3.pol3*sSS^3*
   FourPi^(-2)*I*invepsilonbar*g2*lambdaHatNDelta1*MDelta1^8*
   lambdaHatNDelta1bar - 36*DEN[MN,MDelta1]^5*p3.p3*p3.pol3*sSS^3*
   FourPi^(-2)*I*invepsilonbar*g2*MN^6*lambdaHatNDelta1*MDelta1^2*
   lambdaHatNDelta1bar - 36*DEN[MN,MDelta1]^5*p3.p3*p3.pol3*sSS^3*
   FourPi^(-2)*I*invepsilonbar*g2*MN^8*lambdaHatNDelta1*
   lambdaHatNDelta1bar - 288*DEN[MN,MDelta1]^5*Log[MDelta1^2]*p2.p2*
   p2.pol3*sSS^3*FourPi^(-2)*I*g2*lambdaHatNDelta1*MDelta1^8*
   lambdaHatNDelta1bar - 144*DEN[MN,MDelta1]^5*Log[MDelta1^2]*p2.p2*
   p3.pol3*sSS^3*FourPi^(-2)*I*g2*lambdaHatNDelta1*MDelta1^8*
   lambdaHatNDelta1bar - 288*DEN[MN,MDelta1]^5*Log[MDelta1^2]*p2.p3*
   p2.pol3*sSS^3*FourPi^(-2)*I*g2*lambdaHatNDelta1*MDelta1^8*
   lambdaHatNDelta1bar - 192*DEN[MN,MDelta1]^5*Log[MDelta1^2]*p2.p3*
   p3.pol3*sSS^3*FourPi^(-2)*I*g2*lambdaHatNDelta1*MDelta1^8*
   lambdaHatNDelta1bar - 96*DEN[MN,MDelta1]^5*Log[MDelta1^2]*p2.pol3*
   p3.p3*sSS^3*FourPi^(-2)*I*g2*lambdaHatNDelta1*MDelta1^8*
   lambdaHatNDelta1bar - 72*DEN[MN,MDelta1]^5*Log[MDelta1^2]*p3.p3*
   p3.pol3*sSS^3*FourPi^(-2)*I*g2*lambdaHatNDelta1*MDelta1^8*
   lambdaHatNDelta1bar + 144*DEN[MN,MDelta1]^5*Log[MN^2]*p2.p2*p2.pol3*
   sSS^3*FourPi^(-2)*I*g2*MN^6*lambdaHatNDelta1*MDelta1^2*
   lambdaHatNDelta1bar + 144*DEN[MN,MDelta1]^5*Log[MN^2]*p2.p2*p2.pol3*
   sSS^3*FourPi^(-2)*I*g2*MN^8*lambdaHatNDelta1*lambdaHatNDelta1bar + 
   72*DEN[MN,MDelta1]^5*Log[MN^2]*p2.p2*p3.pol3*sSS^3*FourPi^(-2)*I*g2*
   MN^6*lambdaHatNDelta1*MDelta1^2*lambdaHatNDelta1bar + 72*DEN[MN,
   MDelta1]^5*Log[MN^2]*p2.p2*p3.pol3*sSS^3*FourPi^(-2)*I*g2*MN^8*
   lambdaHatNDelta1*lambdaHatNDelta1bar + 144*DEN[MN,MDelta1]^5*Log[
   MN^2]*p2.p3*p2.pol3*sSS^3*FourPi^(-2)*I*g2*MN^6*lambdaHatNDelta1*
   MDelta1^2*lambdaHatNDelta1bar + 144*DEN[MN,MDelta1]^5*Log[MN^2]*
   p2.p3*p2.pol3*sSS^3*FourPi^(-2)*I*g2*MN^8*lambdaHatNDelta1*
   lambdaHatNDelta1bar + 96*DEN[MN,MDelta1]^5*Log[MN^2]*p2.p3*p3.pol3*
   sSS^3*FourPi^(-2)*I*g2*MN^6*lambdaHatNDelta1*MDelta1^2*
   lambdaHatNDelta1bar + 96*DEN[MN,MDelta1]^5*Log[MN^2]*p2.p3*p3.pol3*
   sSS^3*FourPi^(-2)*I*g2*MN^8*lambdaHatNDelta1*lambdaHatNDelta1bar + 
   48*DEN[MN,MDelta1]^5*Log[MN^2]*p2.pol3*p3.p3*sSS^3*FourPi^(-2)*I*g2*
   MN^6*lambdaHatNDelta1*MDelta1^2*lambdaHatNDelta1bar + 48*DEN[MN,
   MDelta1]^5*Log[MN^2]*p2.pol3*p3.p3*sSS^3*FourPi^(-2)*I*g2*MN^8*
   lambdaHatNDelta1*lambdaHatNDelta1bar + 36*DEN[MN,MDelta1]^5*Log[MN^2
   ]*p3.p3*p3.pol3*sSS^3*FourPi^(-2)*I*g2*MN^6*lambdaHatNDelta1*
   MDelta1^2*lambdaHatNDelta1bar + 36*DEN[MN,MDelta1]^5*Log[MN^2]*p3.p3
   *p3.pol3*sSS^3*FourPi^(-2)*I*g2*MN^8*lambdaHatNDelta1*
   lambdaHatNDelta1bar - 576*DEN[MN,MDelta1]^4*Log[MDelta1^2]*p2.p2*
   p2.pol3*sSS^3*FourPi^(-2)*I*g2*lambdaHatNDelta1*MDelta1^6*
   lambdaHatNDelta1bar - 288*DEN[MN,MDelta1]^4*Log[MDelta1^2]*p2.p2*
   p3.pol3*sSS^3*FourPi^(-2)*I*g2*lambdaHatNDelta1*MDelta1^6*
   lambdaHatNDelta1bar - 576*DEN[MN,MDelta1]^4*Log[MDelta1^2]*p2.p3*
   p2.pol3*sSS^3*FourPi^(-2)*I*g2*lambdaHatNDelta1*MDelta1^6*
   lambdaHatNDelta1bar - 420*DEN[MN,MDelta1]^4*Log[MDelta1^2]*p2.p3*
   p3.pol3*sSS^3*FourPi^(-2)*I*g2*lambdaHatNDelta1*MDelta1^6*
   lambdaHatNDelta1bar - 156*DEN[MN,MDelta1]^4*Log[MDelta1^2]*p2.pol3*
   p3.p3*sSS^3*FourPi^(-2)*I*g2*lambdaHatNDelta1*MDelta1^6*
   lambdaHatNDelta1bar - 144*DEN[MN,MDelta1]^4*Log[MDelta1^2]*p3.p3*
   p3.pol3*sSS^3*FourPi^(-2)*I*g2*lambdaHatNDelta1*MDelta1^6*
   lambdaHatNDelta1bar - 108*DEN[MN,MDelta1]^4*Log[MN^2]*p2.p2*p2.pol3*
   sSS^3*FourPi^(-2)*I*g2*MN^4*lambdaHatNDelta1*MDelta1^2*
   lambdaHatNDelta1bar - 324*DEN[MN,MDelta1]^4*Log[MN^2]*p2.p2*p2.pol3*
   sSS^3*FourPi^(-2)*I*g2*MN^6*lambdaHatNDelta1*lambdaHatNDelta1bar - 
   54*DEN[MN,MDelta1]^4*Log[MN^2]*p2.p2*p3.pol3*sSS^3*FourPi^(-2)*I*g2*
   MN^4*lambdaHatNDelta1*MDelta1^2*lambdaHatNDelta1bar - 162*DEN[MN,
   MDelta1]^4*Log[MN^2]*p2.p2*p3.pol3*sSS^3*FourPi^(-2)*I*g2*MN^6*
   lambdaHatNDelta1*lambdaHatNDelta1bar - 108*DEN[MN,MDelta1]^4*Log[
   MN^2]*p2.p3*p2.pol3*sSS^3*FourPi^(-2)*I*g2*MN^4*lambdaHatNDelta1*
   MDelta1^2*lambdaHatNDelta1bar - 324*DEN[MN,MDelta1]^4*Log[MN^2]*
   p2.p3*p2.pol3*sSS^3*FourPi^(-2)*I*g2*MN^6*lambdaHatNDelta1*
   lambdaHatNDelta1bar - 72*DEN[MN,MDelta1]^4*Log[MN^2]*p2.p3*p3.pol3*
   sSS^3*FourPi^(-2)*I*g2*MN^4*lambdaHatNDelta1*MDelta1^2*
   lambdaHatNDelta1bar - 180*DEN[MN,MDelta1]^4*Log[MN^2]*p2.p3*p3.pol3*
   sSS^3*FourPi^(-2)*I*g2*MN^6*lambdaHatNDelta1*lambdaHatNDelta1bar - 
   54*DEN[MN,MDelta1]^4*Log[MN^2]*p2.pol3*p3.p3*sSS^3*FourPi^(-2)*I*g2*
   MN^4*lambdaHatNDelta1*MDelta1^2*lambdaHatNDelta1bar - 126*DEN[MN,
   MDelta1]^4*Log[MN^2]*p2.pol3*p3.p3*sSS^3*FourPi^(-2)*I*g2*MN^6*
   lambdaHatNDelta1*lambdaHatNDelta1bar - 36*DEN[MN,MDelta1]^4*Log[MN^2
   ]*p3.p3*p3.pol3*sSS^3*FourPi^(-2)*I*g2*MN^4*lambdaHatNDelta1*
   MDelta1^2*lambdaHatNDelta1bar - 72*DEN[MN,MDelta1]^4*Log[MN^2]*p3.p3
   *p3.pol3*sSS^3*FourPi^(-2)*I*g2*MN^6*lambdaHatNDelta1*
   lambdaHatNDelta1bar - 288*DEN[MN,MDelta1]^3*Log[MDelta1^2]*p2.p2*
   p2.pol3*sSS^3*FourPi^(-2)*I*g2*lambdaHatNDelta1*MDelta1^4*
   lambdaHatNDelta1bar - 144*DEN[MN,MDelta1]^3*Log[MDelta1^2]*p2.p2*
   p3.pol3*sSS^3*FourPi^(-2)*I*g2*lambdaHatNDelta1*MDelta1^4*
   lambdaHatNDelta1bar - 288*DEN[MN,MDelta1]^3*Log[MDelta1^2]*p2.p3*
   p2.pol3*sSS^3*FourPi^(-2)*I*g2*lambdaHatNDelta1*MDelta1^4*
   lambdaHatNDelta1bar - 252*DEN[MN,MDelta1]^3*Log[MDelta1^2]*p2.p3*
   p3.pol3*sSS^3*FourPi^(-2)*I*g2*lambdaHatNDelta1*MDelta1^4*
   lambdaHatNDelta1bar - 36*DEN[MN,MDelta1]^3*Log[MDelta1^2]*p2.pol3*
   p3.p3*sSS^3*FourPi^(-2)*I*g2*lambdaHatNDelta1*MDelta1^4*
   lambdaHatNDelta1bar - 72*DEN[MN,MDelta1]^3*Log[MDelta1^2]*p2.pol3*
   sSS*FourPi^(-2)*I*g2*lambdaHatNDelta1*MDelta1^6*lambdaHatNDelta1bar
    - 72*DEN[MN,MDelta1]^3*Log[MDelta1^2]*p3.p3*p3.pol3*sSS^3*
   FourPi^(-2)*I*g2*lambdaHatNDelta1*MDelta1^4*lambdaHatNDelta1bar - 36
   *DEN[MN,MDelta1]^3*Log[MDelta1^2]*p3.pol3*sSS*FourPi^(-2)*I*g2*
   lambdaHatNDelta1*MDelta1^6*lambdaHatNDelta1bar + 180*DEN[MN,MDelta1]
   ^3*Log[MN^2]*p2.p2*p2.pol3*sSS^3*FourPi^(-2)*I*g2*MN^4*
   lambdaHatNDelta1*lambdaHatNDelta1bar + 90*DEN[MN,MDelta1]^3*Log[MN^2
   ]*p2.p2*p3.pol3*sSS^3*FourPi^(-2)*I*g2*MN^4*lambdaHatNDelta1*
   lambdaHatNDelta1bar + 180*DEN[MN,MDelta1]^3*Log[MN^2]*p2.p3*p2.pol3*
   sSS^3*FourPi^(-2)*I*g2*MN^4*lambdaHatNDelta1*lambdaHatNDelta1bar + 
   72*DEN[MN,MDelta1]^3*Log[MN^2]*p2.p3*p3.pol3*sSS^3*FourPi^(-2)*I*g2*
   MN^4*lambdaHatNDelta1*lambdaHatNDelta1bar + 90*DEN[MN,MDelta1]^3*
   Log[MN^2]*p2.pol3*p3.p3*sSS^3*FourPi^(-2)*I*g2*MN^4*lambdaHatNDelta1
   *lambdaHatNDelta1bar + 36*DEN[MN,MDelta1]^3*Log[MN^2]*p2.pol3*sSS*
   FourPi^(-2)*I*g2*MN^4*lambdaHatNDelta1*MDelta1^2*lambdaHatNDelta1bar
    + 36*DEN[MN,MDelta1]^3*Log[MN^2]*p2.pol3*sSS*FourPi^(-2)*I*g2*MN^6*
   lambdaHatNDelta1*lambdaHatNDelta1bar + 36*DEN[MN,MDelta1]^3*Log[MN^2
   ]*p3.p3*p3.pol3*sSS^3*FourPi^(-2)*I*g2*MN^4*lambdaHatNDelta1*
   lambdaHatNDelta1bar + 18*DEN[MN,MDelta1]^3*Log[MN^2]*p3.pol3*sSS*
   FourPi^(-2)*I*g2*MN^4*lambdaHatNDelta1*MDelta1^2*lambdaHatNDelta1bar
    + 18*DEN[MN,MDelta1]^3*Log[MN^2]*p3.pol3*sSS*FourPi^(-2)*I*g2*MN^6*
   lambdaHatNDelta1*lambdaHatNDelta1bar - 12*DEN[MN,MDelta1]^2*Log[
   MDelta1^2]*p2.p3*p3.pol3*sSS^3*FourPi^(-2)*I*g2*lambdaHatNDelta1*
   MDelta1^2*lambdaHatNDelta1bar + 12*DEN[MN,MDelta1]^2*Log[MDelta1^2]*
   p2.pol3*p3.p3*sSS^3*FourPi^(-2)*I*g2*lambdaHatNDelta1*MDelta1^2*
   lambdaHatNDelta1bar - 108*DEN[MN,MDelta1]^2*Log[MDelta1^2]*p2.pol3*
   sSS*FourPi^(-2)*I*g2*lambdaHatNDelta1*MDelta1^4*lambdaHatNDelta1bar
    - 54*DEN[MN,MDelta1]^2*Log[MDelta1^2]*p3.pol3*sSS*FourPi^(-2)*I*g2*
   lambdaHatNDelta1*MDelta1^4*lambdaHatNDelta1bar - 72*DEN[MN,MDelta1]^
   2*Log[MN^2]*p2.pol3*sSS*FourPi^(-2)*I*g2*MN^4*lambdaHatNDelta1*
   lambdaHatNDelta1bar - 36*DEN[MN,MDelta1]^2*Log[MN^2]*p3.pol3*sSS*
   FourPi^(-2)*I*g2*MN^4*lambdaHatNDelta1*lambdaHatNDelta1bar + 12*DEN[
   MN,MDelta1]*Log[MDelta1^2]*p2.p3*p3.pol3*sSS^3*FourPi^(-2)*I*g2*
   lambdaHatNDelta1*lambdaHatNDelta1bar - 12*DEN[MN,MDelta1]*Log[
   MDelta1^2]*p2.pol3*p3.p3*sSS^3*FourPi^(-2)*I*g2*lambdaHatNDelta1*
   lambdaHatNDelta1bar - 12*Log[MN^2]*p2.p3*p3.pol3*sSS^3*FourPi^(-2)*I
   *g2*MN^(-2)*esfull(2) + 12*Log[MN^2]*p2.pol3*p3.p3*sSS^3*FourPi^(-2)
   *I*g2*MN^(-2)*esfull(2) - 36*Log[MN^2]*p2.pol3*sSS*FourPi^(-2)*I*g2*
   esfull(2) - 18*Log[MN^2]*p3.pol3*sSS*FourPi^(-2)*I*g2*esfull(2)];
    esfull(4)=G[24*p2.p2*p2.pol3*sSS^3*FourPi^(-2)*I*g2*MDelta1^(-2)*
   esfull(1) + 12*p2.p2*p3.pol3*sSS^3*FourPi^(-2)*I*g2*MDelta1^(-2)*
   esfull(1) + 24*p2.p3*p2.pol3*sSS^3*FourPi^(-2)*I*g2*MDelta1^(-2)*
   esfull(1) + 4*p2.p3*p3.pol3*sSS^3*FourPi^(-2)*I*g2*MDelta1^(-2)*
   esfull(1) + 20*p2.pol3*p3.p3*sSS^3*FourPi^(-2)*I*g2*MDelta1^(-2)*
   esfull(1) + 18*p2.pol3*sSS*FourPi^(-2)*I*g2*esfull(1) + 36*p2.pol3*
   sSS*FourPi^(-2)*I*invepsilonbar*g2*esfull(1) + 6*p3.p3*p3.pol3*sSS^3
   *FourPi^(-2)*I*g2*MDelta1^(-2)*esfull(1) + 9*p3.pol3*sSS*FourPi^(-2)
   *I*g2*esfull(1) + 18*p3.pol3*sSS*FourPi^(-2)*I*invepsilonbar*g2*
   esfull(1) - 36*Log[MDelta1^2]*p2.pol3*sSS*FourPi^(-2)*I*g2*esfull(1)
    - 18*Log[MDelta1^2]*p3.pol3*sSS*FourPi^(-2)*I*g2*esfull(1)];

