
 --------------------------------------------------------------
                          qgraf-3.6.5
 --------------------------------------------------------------

  output= 'OUTPUTFILE' ;
  style= '/usr/local/lib/python3.11/site-p'
 'ackages/matchmakereft/core/my.sty' ;
  model= 'model';
  in= Phi,Phibar;
  out=;
  loops= 1;
  loop_momentum= k;
  options= ;
  true = bridge[B, BQuantum, dR, eR, G, ghB, ghG, ghWi, GQuantum,
 lL, Phi, qL, uR, Wi, WiQuantum, 0 , 0];
  false = chord[GranadaDelta1, GranadaE, 0,  0];
  true = chord[G,  Wi,  B, 0,  0];

 --------------------------------------------------------------

   #loops    v-degrees          #diagrams

      1
              -   4^1     ....     0
             3^2   -      ....     3


        total =  3 connected diagrams

