    eseft(1)=alphaOed[fl93,fl95,fl99,fl97];
    eseft(2)=alphaEed[fl93,fl97,fl99,fl95];
    eseft(3)=alphaEedthreep[fl93,fl95,fl99,fl97];
    eseft(4)=alphaEedthree[fl93,fl97,fl99,fl95];
    eseft(5)=alphaEced[fl95,fl97,fl99,fl93];
    eseft(6)=alphaEcedtwo[fl95,fl97,fl99,fl93];
    eseft(7)=G[gam[y93,FIVE,mu1,y95]*gam[y99,FIVE,mu1,y97]*I*eseft(1)
    - gam[y93,FIVE,mu1,y95]*gam[y99,mu1,y97]*I*eseft(1) - gam[y93,FIVE,
   mu1,y97]*gam[y99,FIVE,mu1,y95]*I*eseft(2) + gam[y93,FIVE,mu1,y97]*
   gam[y99,mu1,y95]*I*eseft(2) + gam[y93,FIVE,mu1,mu2,mu3,y95]*gam[y99,
   FIVE,mu1,mu2,mu3,y97]*I*eseft(3) - gam[y93,FIVE,mu1,mu2,mu3,y95]*
   gam[y99,mu1,mu2,mu3,y97]*I*eseft(3) - gam[y93,FIVE,mu1,mu2,mu3,y97]*
   gam[y99,FIVE,mu1,mu2,mu3,y95]*I*eseft(4) + gam[y93,FIVE,mu1,mu2,mu3,
   y97]*gam[y99,mu1,mu2,mu3,y95]*I*eseft(4) - gam[y93,mu1,y95]*gam[y99,
   FIVE,mu1,y97]*I*eseft(1) + gam[y93,mu1,y95]*gam[y99,mu1,y97]*I*
   eseft(1) + gam[y93,mu1,y97]*gam[y99,FIVE,mu1,y95]*I*eseft(2) - gam[
   y93,mu1,y97]*gam[y99,mu1,y95]*I*eseft(2) - gam[y93,mu1,mu2,mu3,y95]*
   gam[y99,FIVE,mu1,mu2,mu3,y97]*I*eseft(3) + gam[y93,mu1,mu2,mu3,y95]*
   gam[y99,mu1,mu2,mu3,y97]*I*eseft(3) + gam[y93,mu1,mu2,mu3,y97]*gam[
   y99,FIVE,mu1,mu2,mu3,y95]*I*eseft(4) - gam[y93,mu1,mu2,mu3,y97]*gam[
   y99,mu1,mu2,mu3,y95]*I*eseft(4) - 4*gam[y97,FIVE,y95]*gam[y99,FIVE,
   y93]*I*invepsilonbar^(-1)*eseft(6) + gam[y97,FIVE,y95]*gam[y99,FIVE,
   y93]*I*eseft(5) + 8*gam[y97,FIVE,y95]*gam[y99,FIVE,y93]*I*eseft(6)
    + 4*gam[y97,FIVE,y95]*gam[y99,y93]*I*invepsilonbar^(-1)*eseft(6) - 
   gam[y97,FIVE,y95]*gam[y99,y93]*I*eseft(5) - 8*gam[y97,FIVE,y95]*gam[
   y99,y93]*I*eseft(6) - gam[y97,FIVE,mu1,mu2,y95]*gam[y99,FIVE,mu1,mu2
   ,y93]*I*eseft(6) + gam[y97,FIVE,mu1,mu2,y95]*gam[y99,mu1,mu2,y93]*I*
   eseft(6) - 4*gam[y97,y95]*gam[y99,FIVE,y93]*I*invepsilonbar^(-1)*
   eseft(6) + gam[y97,y95]*gam[y99,FIVE,y93]*I*eseft(5) + 8*gam[y97,y95
   ]*gam[y99,FIVE,y93]*I*eseft(6) + 4*gam[y97,y95]*gam[y99,y93]*I*
   invepsilonbar^(-1)*eseft(6) - gam[y97,y95]*gam[y99,y93]*I*eseft(5)
    - 8*gam[y97,y95]*gam[y99,y93]*I*eseft(6) - gam[y97,mu1,mu2,y95]*
   gam[y99,FIVE,mu1,mu2,y93]*I*eseft(6) + gam[y97,mu1,mu2,y95]*gam[y99,
   mu1,mu2,y93]*I*eseft(6)];

