    eseft(1)=alphaOud1[fl93,fl95,fl99,fl97];
    eseft(2)=alphaOud8[fl93,fl95,fl99,fl97];
    eseft(3)=alphaEud[fl93,fl97,fl99,fl95];
    eseft(4)=alphaEud8[fl93,fl97,fl99,fl95];
    eseft(5)=alphaEudthreep[fl93,fl95,fl99,fl97];
    eseft(6)=alphaEudthree8p[fl93,fl95,fl99,fl97];
    eseft(7)=alphaEudthree[fl93,fl97,fl99,fl95];
    eseft(8)=alphaEudthree8[fl93,fl97,fl99,fl95];
    eseft(9)=alphaEcud[fl95,fl97,fl99,fl93];
    eseft(10)=alphaEcudtwo[fl95,fl97,fl99,fl93];
    eseft(11)=alphaEcudp[fl95,fl97,fl99,fl93];
    eseft(12)=alphaEcudptwo[fl95,fl97,fl99,fl93];
    eseft(13)=G[gam[y93,FIVE,mu1,y95]*gam[y99,FIVE,mu1,y97]*I*eseft(1)
    - gam[y93,FIVE,mu1,y95]*gam[y99,mu1,y97]*I*eseft(1) + gam[y93,FIVE,
   mu1,mu2,mu3,y95]*gam[y99,FIVE,mu1,mu2,mu3,y97]*I*eseft(5) - gam[y93,
   FIVE,mu1,mu2,mu3,y95]*gam[y99,mu1,mu2,mu3,y97]*I*eseft(5) - gam[y93,
   mu1,y95]*gam[y99,FIVE,mu1,y97]*I*eseft(1) + gam[y93,mu1,y95]*gam[y99
   ,mu1,y97]*I*eseft(1) - gam[y93,mu1,mu2,mu3,y95]*gam[y99,FIVE,mu1,mu2
   ,mu3,y97]*I*eseft(5) + gam[y93,mu1,mu2,mu3,y95]*gam[y99,mu1,mu2,mu3,
   y97]*I*eseft(5) - 4*gam[y97,FIVE,y95]*gam[y99,FIVE,y93]*I*
   invepsilonbar^(-1)*eseft(10) + gam[y97,FIVE,y95]*gam[y99,FIVE,y93]*I
   *eseft(9) + 8*gam[y97,FIVE,y95]*gam[y99,FIVE,y93]*I*eseft(10) + 4*
   gam[y97,FIVE,y95]*gam[y99,y93]*I*invepsilonbar^(-1)*eseft(10) - gam[
   y97,FIVE,y95]*gam[y99,y93]*I*eseft(9) - 8*gam[y97,FIVE,y95]*gam[y99,
   y93]*I*eseft(10) - gam[y97,FIVE,mu1,mu2,y95]*gam[y99,FIVE,mu1,mu2,
   y93]*I*eseft(10) + gam[y97,FIVE,mu1,mu2,y95]*gam[y99,mu1,mu2,y93]*I*
   eseft(10) - 4*gam[y97,y95]*gam[y99,FIVE,y93]*I*invepsilonbar^(-1)*
   eseft(10) + gam[y97,y95]*gam[y99,FIVE,y93]*I*eseft(9) + 8*gam[y97,
   y95]*gam[y99,FIVE,y93]*I*eseft(10) + 4*gam[y97,y95]*gam[y99,y93]*I*
   invepsilonbar^(-1)*eseft(10) - gam[y97,y95]*gam[y99,y93]*I*eseft(9)
    - 8*gam[y97,y95]*gam[y99,y93]*I*eseft(10) - gam[y97,mu1,mu2,y95]*
   gam[y99,FIVE,mu1,mu2,y93]*I*eseft(10) + gam[y97,mu1,mu2,y95]*gam[y99
   ,mu1,mu2,y93]*I*eseft(10)];
    eseft(14)=G[gam[y93,FIVE,mu1,y97]*gam[y99,FIVE,mu1,y95]*I*eseft(3)
    - gam[y93,FIVE,mu1,y97]*gam[y99,mu1,y95]*I*eseft(3) + gam[y93,FIVE,
   mu1,mu2,mu3,y97]*gam[y99,FIVE,mu1,mu2,mu3,y95]*I*eseft(7) - gam[y93,
   FIVE,mu1,mu2,mu3,y97]*gam[y99,mu1,mu2,mu3,y95]*I*eseft(7) - gam[y93,
   mu1,y97]*gam[y99,FIVE,mu1,y95]*I*eseft(3) + gam[y93,mu1,y97]*gam[y99
   ,mu1,y95]*I*eseft(3) - gam[y93,mu1,mu2,mu3,y97]*gam[y99,FIVE,mu1,mu2
   ,mu3,y95]*I*eseft(7) + gam[y93,mu1,mu2,mu3,y97]*gam[y99,mu1,mu2,mu3,
   y95]*I*eseft(7) + 4*gam[y97,FIVE,y95]*gam[y99,FIVE,y93]*I*
   invepsilonbar^(-1)*eseft(12) - gam[y97,FIVE,y95]*gam[y99,FIVE,y93]*I
   *eseft(11) - 8*gam[y97,FIVE,y95]*gam[y99,FIVE,y93]*I*eseft(12) - 4*
   gam[y97,FIVE,y95]*gam[y99,y93]*I*invepsilonbar^(-1)*eseft(12) + gam[
   y97,FIVE,y95]*gam[y99,y93]*I*eseft(11) + 8*gam[y97,FIVE,y95]*gam[y99
   ,y93]*I*eseft(12) + gam[y97,FIVE,mu1,mu2,y95]*gam[y99,FIVE,mu1,mu2,
   y93]*I*eseft(12) - gam[y97,FIVE,mu1,mu2,y95]*gam[y99,mu1,mu2,y93]*I*
   eseft(12) + 4*gam[y97,y95]*gam[y99,FIVE,y93]*I*invepsilonbar^(-1)*
   eseft(12) - gam[y97,y95]*gam[y99,FIVE,y93]*I*eseft(11) - 8*gam[y97,
   y95]*gam[y99,FIVE,y93]*I*eseft(12) - 4*gam[y97,y95]*gam[y99,y93]*I*
   invepsilonbar^(-1)*eseft(12) + gam[y97,y95]*gam[y99,y93]*I*eseft(11)
    + 8*gam[y97,y95]*gam[y99,y93]*I*eseft(12) + gam[y97,mu1,mu2,y95]*
   gam[y99,FIVE,mu1,mu2,y93]*I*eseft(12) - gam[y97,mu1,mu2,y95]*gam[y99
   ,mu1,mu2,y93]*I*eseft(12)];
    eseft(15)=G[gam[y93,FIVE,mu1,y95]*gam[y99,FIVE,mu1,y97]*I*eseft(2)
    - gam[y93,FIVE,mu1,y95]*gam[y99,mu1,y97]*I*eseft(2) + gam[y93,FIVE,
   mu1,mu2,mu3,y95]*gam[y99,FIVE,mu1,mu2,mu3,y97]*I*eseft(6) - gam[y93,
   FIVE,mu1,mu2,mu3,y95]*gam[y99,mu1,mu2,mu3,y97]*I*eseft(6) - gam[y93,
   mu1,y95]*gam[y99,FIVE,mu1,y97]*I*eseft(2) + gam[y93,mu1,y95]*gam[y99
   ,mu1,y97]*I*eseft(2) - gam[y93,mu1,mu2,mu3,y95]*gam[y99,FIVE,mu1,mu2
   ,mu3,y97]*I*eseft(6) + gam[y93,mu1,mu2,mu3,y95]*gam[y99,mu1,mu2,mu3,
   y97]*I*eseft(6)];
    eseft(16)=G[gam[y93,FIVE,mu1,y97]*gam[y99,FIVE,mu1,y95]*I*eseft(4)
    - gam[y93,FIVE,mu1,y97]*gam[y99,mu1,y95]*I*eseft(4) + gam[y93,FIVE,
   mu1,mu2,mu3,y97]*gam[y99,FIVE,mu1,mu2,mu3,y95]*I*eseft(8) - gam[y93,
   FIVE,mu1,mu2,mu3,y97]*gam[y99,mu1,mu2,mu3,y95]*I*eseft(8) - gam[y93,
   mu1,y97]*gam[y99,FIVE,mu1,y95]*I*eseft(4) + gam[y93,mu1,y97]*gam[y99
   ,mu1,y95]*I*eseft(4) - gam[y93,mu1,mu2,mu3,y97]*gam[y99,FIVE,mu1,mu2
   ,mu3,y95]*I*eseft(8) + gam[y93,mu1,mu2,mu3,y97]*gam[y99,mu1,mu2,mu3,
   y95]*I*eseft(8)];

