    eseft(1)=alphaEddthree[fl93,fl95,fl99,fl97];
    eseft(2)=alphaEddthree[fl99,fl97,fl93,fl95];
    eseft(3)=alphaEddthree8[fl93,fl95,fl99,fl97];
    eseft(4)=alphaEddthree8[fl99,fl97,fl93,fl95];
    eseft(5)=alphaEddthree[fl93,fl97,fl99,fl95];
    eseft(6)=alphaEddthree[fl99,fl95,fl93,fl97];
    eseft(7)=alphaEddthree8[fl93,fl97,fl99,fl95];
    eseft(8)=alphaEddthree8[fl99,fl95,fl93,fl97];
    eseft(9)=alphaOdd[fl93,fl95,fl99,fl97];
    eseft(10)=alphaOdd[fl99,fl97,fl93,fl95];
    eseft(11)=alphaEdd8[fl93,fl95,fl99,fl97];
    eseft(12)=alphaEdd8[fl99,fl97,fl93,fl95];
    eseft(13)=alphaOdd[fl93,fl97,fl99,fl95];
    eseft(14)=alphaOdd[fl99,fl95,fl93,fl97];
    eseft(15)=alphaEdd8[fl93,fl97,fl99,fl95];
    eseft(16)=alphaEdd8[fl99,fl95,fl93,fl97];
    eseft(17)=alphaEcddtwo[fl95,fl97,fl99,fl93];
    eseft(18)=alphaEcddtwo[fl97,fl95,fl93,fl99];
    eseft(19)=alphaEcddtwo[fl95,fl97,fl93,fl99];
    eseft(20)=alphaEcddtwo[fl97,fl95,fl99,fl93];
    eseft(21)=alphaEcdd[fl95,fl97,fl99,fl93];
    eseft(22)=alphaEcdd[fl97,fl95,fl93,fl99];
    eseft(23)=alphaEcdd[fl95,fl97,fl93,fl99];
    eseft(24)=alphaEcdd[fl97,fl95,fl99,fl93];
    eseft(25)=G[gam[y93,FIVE,mu1,mu2,mu3,y95]*gam[y99,FIVE,mu1,mu2,mu3,
   y97]*I*eseft(1) + gam[y93,FIVE,mu1,mu2,mu3,y95]*gam[y99,FIVE,mu1,mu2
   ,mu3,y97]*I*eseft(2) - gam[y93,FIVE,mu1,mu2,mu3,y95]*gam[y99,mu1,mu2
   ,mu3,y97]*I*eseft(1) - gam[y93,FIVE,mu1,mu2,mu3,y95]*gam[y99,mu1,mu2
   ,mu3,y97]*I*eseft(2) + gam[y93,FIVE,mu1,y95]*gam[y99,FIVE,mu1,y97]*I
   *eseft(9) + gam[y93,FIVE,mu1,y95]*gam[y99,FIVE,mu1,y97]*I*eseft(10)
    - gam[y93,FIVE,mu1,y95]*gam[y99,mu1,y97]*I*eseft(9) - gam[y93,FIVE,
   mu1,y95]*gam[y99,mu1,y97]*I*eseft(10) - gam[y93,mu1,mu2,mu3,y95]*
   gam[y99,FIVE,mu1,mu2,mu3,y97]*I*eseft(1) - gam[y93,mu1,mu2,mu3,y95]*
   gam[y99,FIVE,mu1,mu2,mu3,y97]*I*eseft(2) + gam[y93,mu1,mu2,mu3,y95]*
   gam[y99,mu1,mu2,mu3,y97]*I*eseft(1) + gam[y93,mu1,mu2,mu3,y95]*gam[
   y99,mu1,mu2,mu3,y97]*I*eseft(2) - gam[y93,mu1,y95]*gam[y99,FIVE,mu1,
   y97]*I*eseft(9) - gam[y93,mu1,y95]*gam[y99,FIVE,mu1,y97]*I*eseft(10)
    + gam[y93,mu1,y95]*gam[y99,mu1,y97]*I*eseft(9) + gam[y93,mu1,y95]*
   gam[y99,mu1,y97]*I*eseft(10) - gam[y97,FIVE,mu1,mu2,y95]*gam[y99,
   FIVE,mu1,mu2,y93]*I*eseft(17) - gam[y97,FIVE,mu1,mu2,y95]*gam[y99,
   FIVE,mu1,mu2,y93]*I*eseft(18) + gam[y97,FIVE,mu1,mu2,y95]*gam[y99,
   mu1,mu2,y93]*I*eseft(17) + gam[y97,FIVE,mu1,mu2,y95]*gam[y99,mu1,mu2
   ,y93]*I*eseft(18) - 4*gam[y97,FIVE,y95]*gam[y99,FIVE,y93]*I*
   invepsilonbar^(-1)*eseft(17) - 4*gam[y97,FIVE,y95]*gam[y99,FIVE,y93]
   *I*invepsilonbar^(-1)*eseft(18) + 8*gam[y97,FIVE,y95]*gam[y99,FIVE,
   y93]*I*eseft(17) + 8*gam[y97,FIVE,y95]*gam[y99,FIVE,y93]*I*eseft(18)
    + gam[y97,FIVE,y95]*gam[y99,FIVE,y93]*I*eseft(21) + gam[y97,FIVE,
   y95]*gam[y99,FIVE,y93]*I*eseft(22) + 4*gam[y97,FIVE,y95]*gam[y99,y93
   ]*I*invepsilonbar^(-1)*eseft(17) + 4*gam[y97,FIVE,y95]*gam[y99,y93]*
   I*invepsilonbar^(-1)*eseft(18) - 8*gam[y97,FIVE,y95]*gam[y99,y93]*I*
   eseft(17) - 8*gam[y97,FIVE,y95]*gam[y99,y93]*I*eseft(18) - gam[y97,
   FIVE,y95]*gam[y99,y93]*I*eseft(21) - gam[y97,FIVE,y95]*gam[y99,y93]*
   I*eseft(22) - gam[y97,mu1,mu2,y95]*gam[y99,FIVE,mu1,mu2,y93]*I*
   eseft(17) - gam[y97,mu1,mu2,y95]*gam[y99,FIVE,mu1,mu2,y93]*I*
   eseft(18) + gam[y97,mu1,mu2,y95]*gam[y99,mu1,mu2,y93]*I*eseft(17) + 
   gam[y97,mu1,mu2,y95]*gam[y99,mu1,mu2,y93]*I*eseft(18) - 4*gam[y97,
   y95]*gam[y99,FIVE,y93]*I*invepsilonbar^(-1)*eseft(17) - 4*gam[y97,
   y95]*gam[y99,FIVE,y93]*I*invepsilonbar^(-1)*eseft(18) + 8*gam[y97,
   y95]*gam[y99,FIVE,y93]*I*eseft(17) + 8*gam[y97,y95]*gam[y99,FIVE,y93
   ]*I*eseft(18) + gam[y97,y95]*gam[y99,FIVE,y93]*I*eseft(21) + gam[y97
   ,y95]*gam[y99,FIVE,y93]*I*eseft(22) + 4*gam[y97,y95]*gam[y99,y93]*I*
   invepsilonbar^(-1)*eseft(17) + 4*gam[y97,y95]*gam[y99,y93]*I*
   invepsilonbar^(-1)*eseft(18) - 8*gam[y97,y95]*gam[y99,y93]*I*
   eseft(17) - 8*gam[y97,y95]*gam[y99,y93]*I*eseft(18) - gam[y97,y95]*
   gam[y99,y93]*I*eseft(21) - gam[y97,y95]*gam[y99,y93]*I*eseft(22)];
    eseft(26)=G[gam[y93,FIVE,mu1,mu2,mu3,y97]*gam[y99,FIVE,mu1,mu2,mu3,
   y95]*I*eseft(5) + gam[y93,FIVE,mu1,mu2,mu3,y97]*gam[y99,FIVE,mu1,mu2
   ,mu3,y95]*I*eseft(6) - gam[y93,FIVE,mu1,mu2,mu3,y97]*gam[y99,mu1,mu2
   ,mu3,y95]*I*eseft(5) - gam[y93,FIVE,mu1,mu2,mu3,y97]*gam[y99,mu1,mu2
   ,mu3,y95]*I*eseft(6) + gam[y93,FIVE,mu1,y97]*gam[y99,FIVE,mu1,y95]*I
   *eseft(13) + gam[y93,FIVE,mu1,y97]*gam[y99,FIVE,mu1,y95]*I*eseft(14)
    - gam[y93,FIVE,mu1,y97]*gam[y99,mu1,y95]*I*eseft(13) - gam[y93,FIVE
   ,mu1,y97]*gam[y99,mu1,y95]*I*eseft(14) - gam[y93,mu1,mu2,mu3,y97]*
   gam[y99,FIVE,mu1,mu2,mu3,y95]*I*eseft(5) - gam[y93,mu1,mu2,mu3,y97]*
   gam[y99,FIVE,mu1,mu2,mu3,y95]*I*eseft(6) + gam[y93,mu1,mu2,mu3,y97]*
   gam[y99,mu1,mu2,mu3,y95]*I*eseft(5) + gam[y93,mu1,mu2,mu3,y97]*gam[
   y99,mu1,mu2,mu3,y95]*I*eseft(6) - gam[y93,mu1,y97]*gam[y99,FIVE,mu1,
   y95]*I*eseft(13) - gam[y93,mu1,y97]*gam[y99,FIVE,mu1,y95]*I*
   eseft(14) + gam[y93,mu1,y97]*gam[y99,mu1,y95]*I*eseft(13) + gam[y93,
   mu1,y97]*gam[y99,mu1,y95]*I*eseft(14) - gam[y97,FIVE,mu1,mu2,y95]*
   gam[y99,FIVE,mu1,mu2,y93]*I*eseft(19) - gam[y97,FIVE,mu1,mu2,y95]*
   gam[y99,FIVE,mu1,mu2,y93]*I*eseft(20) + gam[y97,FIVE,mu1,mu2,y95]*
   gam[y99,mu1,mu2,y93]*I*eseft(19) + gam[y97,FIVE,mu1,mu2,y95]*gam[y99
   ,mu1,mu2,y93]*I*eseft(20) - gam[y97,FIVE,y95]*gam[y99,FIVE,y93]*I*
   eseft(23) - gam[y97,FIVE,y95]*gam[y99,FIVE,y93]*I*eseft(24) + gam[
   y97,FIVE,y95]*gam[y99,y93]*I*eseft(23) + gam[y97,FIVE,y95]*gam[y99,
   y93]*I*eseft(24) - gam[y97,mu1,mu2,y95]*gam[y99,FIVE,mu1,mu2,y93]*I*
   eseft(19) - gam[y97,mu1,mu2,y95]*gam[y99,FIVE,mu1,mu2,y93]*I*
   eseft(20) + gam[y97,mu1,mu2,y95]*gam[y99,mu1,mu2,y93]*I*eseft(19) + 
   gam[y97,mu1,mu2,y95]*gam[y99,mu1,mu2,y93]*I*eseft(20) - gam[y97,y95]
   *gam[y99,FIVE,y93]*I*eseft(23) - gam[y97,y95]*gam[y99,FIVE,y93]*I*
   eseft(24) + gam[y97,y95]*gam[y99,y93]*I*eseft(23) + gam[y97,y95]*
   gam[y99,y93]*I*eseft(24)];
    eseft(27)=G[gam[y93,FIVE,mu1,mu2,mu3,y95]*gam[y99,FIVE,mu1,mu2,mu3,
   y97]*I*eseft(3) + gam[y93,FIVE,mu1,mu2,mu3,y95]*gam[y99,FIVE,mu1,mu2
   ,mu3,y97]*I*eseft(4) - gam[y93,FIVE,mu1,mu2,mu3,y95]*gam[y99,mu1,mu2
   ,mu3,y97]*I*eseft(3) - gam[y93,FIVE,mu1,mu2,mu3,y95]*gam[y99,mu1,mu2
   ,mu3,y97]*I*eseft(4) + gam[y93,FIVE,mu1,y95]*gam[y99,FIVE,mu1,y97]*I
   *eseft(11) + gam[y93,FIVE,mu1,y95]*gam[y99,FIVE,mu1,y97]*I*eseft(12)
    - gam[y93,FIVE,mu1,y95]*gam[y99,mu1,y97]*I*eseft(11) - gam[y93,FIVE
   ,mu1,y95]*gam[y99,mu1,y97]*I*eseft(12) - gam[y93,mu1,mu2,mu3,y95]*
   gam[y99,FIVE,mu1,mu2,mu3,y97]*I*eseft(3) - gam[y93,mu1,mu2,mu3,y95]*
   gam[y99,FIVE,mu1,mu2,mu3,y97]*I*eseft(4) + gam[y93,mu1,mu2,mu3,y95]*
   gam[y99,mu1,mu2,mu3,y97]*I*eseft(3) + gam[y93,mu1,mu2,mu3,y95]*gam[
   y99,mu1,mu2,mu3,y97]*I*eseft(4) - gam[y93,mu1,y95]*gam[y99,FIVE,mu1,
   y97]*I*eseft(11) - gam[y93,mu1,y95]*gam[y99,FIVE,mu1,y97]*I*
   eseft(12) + gam[y93,mu1,y95]*gam[y99,mu1,y97]*I*eseft(11) + gam[y93,
   mu1,y95]*gam[y99,mu1,y97]*I*eseft(12)];
    eseft(28)=G[gam[y93,FIVE,mu1,mu2,mu3,y97]*gam[y99,FIVE,mu1,mu2,mu3,
   y95]*I*eseft(7) + gam[y93,FIVE,mu1,mu2,mu3,y97]*gam[y99,FIVE,mu1,mu2
   ,mu3,y95]*I*eseft(8) - gam[y93,FIVE,mu1,mu2,mu3,y97]*gam[y99,mu1,mu2
   ,mu3,y95]*I*eseft(7) - gam[y93,FIVE,mu1,mu2,mu3,y97]*gam[y99,mu1,mu2
   ,mu3,y95]*I*eseft(8) + gam[y93,FIVE,mu1,y97]*gam[y99,FIVE,mu1,y95]*I
   *eseft(15) + gam[y93,FIVE,mu1,y97]*gam[y99,FIVE,mu1,y95]*I*eseft(16)
    - gam[y93,FIVE,mu1,y97]*gam[y99,mu1,y95]*I*eseft(15) - gam[y93,FIVE
   ,mu1,y97]*gam[y99,mu1,y95]*I*eseft(16) - gam[y93,mu1,mu2,mu3,y97]*
   gam[y99,FIVE,mu1,mu2,mu3,y95]*I*eseft(7) - gam[y93,mu1,mu2,mu3,y97]*
   gam[y99,FIVE,mu1,mu2,mu3,y95]*I*eseft(8) + gam[y93,mu1,mu2,mu3,y97]*
   gam[y99,mu1,mu2,mu3,y95]*I*eseft(7) + gam[y93,mu1,mu2,mu3,y97]*gam[
   y99,mu1,mu2,mu3,y95]*I*eseft(8) - gam[y93,mu1,y97]*gam[y99,FIVE,mu1,
   y95]*I*eseft(15) - gam[y93,mu1,y97]*gam[y99,FIVE,mu1,y95]*I*
   eseft(16) + gam[y93,mu1,y97]*gam[y99,mu1,y95]*I*eseft(15) + gam[y93,
   mu1,y97]*gam[y99,mu1,y95]*I*eseft(16)];

