    eseft(1)=alphaEld[fl95,fl97,fl99,fl93];
    eseft(2)=alphaOld[fl95,fl93,fl99,fl97];
    eseft(3)=alphaEldtwo[fl95,fl97,fl99,fl93];
    eseft(4)=alphaEldthree[fl95,fl93,fl99,fl97];
    eseft(5)=alphaEcld[fl93,fl97,fl99,fl95];
    eseft(6)=G[gam[y95,FIVE,y97]*gam[y99,FIVE,y93]*I*eseft(1) - gam[y95
   ,FIVE,y97]*gam[y99,y93]*I*eseft(1) - gam[y95,FIVE,mu1,y93]*gam[y99,
   FIVE,mu1,y97]*I*eseft(2) + gam[y95,FIVE,mu1,y93]*gam[y99,mu1,y97]*I*
   eseft(2) + gam[y95,FIVE,mu1,mu2,y97]*gam[y99,FIVE,mu1,mu2,y93]*I*
   eseft(3) - gam[y95,FIVE,mu1,mu2,y97]*gam[y99,mu1,mu2,y93]*I*eseft(3)
    - gam[y95,FIVE,mu1,mu2,mu3,y93]*gam[y99,FIVE,mu1,mu2,mu3,y97]*I*
   eseft(4) + gam[y95,FIVE,mu1,mu2,mu3,y93]*gam[y99,mu1,mu2,mu3,y97]*I*
   eseft(4) + gam[y95,y97]*gam[y99,FIVE,y93]*I*eseft(1) - gam[y95,y97]*
   gam[y99,y93]*I*eseft(1) - gam[y95,mu1,y93]*gam[y99,FIVE,mu1,y97]*I*
   eseft(2) + gam[y95,mu1,y93]*gam[y99,mu1,y97]*I*eseft(2) + gam[y95,
   mu1,mu2,y97]*gam[y99,FIVE,mu1,mu2,y93]*I*eseft(3) - gam[y95,mu1,mu2,
   y97]*gam[y99,mu1,mu2,y93]*I*eseft(3) - gam[y95,mu1,mu2,mu3,y93]*gam[
   y99,FIVE,mu1,mu2,mu3,y97]*I*eseft(4) + gam[y95,mu1,mu2,mu3,y93]*gam[
   y99,mu1,mu2,mu3,y97]*I*eseft(4) - gam[y97,FIVE,mu1,y93]*gam[y99,FIVE
   ,mu1,y95]*I*eseft(5) + gam[y97,FIVE,mu1,y93]*gam[y99,mu1,y95]*I*
   eseft(5) - gam[y97,mu1,y93]*gam[y99,FIVE,mu1,y95]*I*eseft(5) + gam[
   y97,mu1,y93]*gam[y99,mu1,y95]*I*eseft(5)];

