    eseft(1)=alphaEqdthree[fl95,fl93,fl99,fl97];
    eseft(2)=alphaEqdthree8[fl95,fl93,fl99,fl97];
    eseft(3)=alphaEqdtwo[fl95,fl97,fl99,fl93];
    eseft(4)=alphaEqdtwo8[fl95,fl97,fl99,fl93];
    eseft(5)=alphaOqd1[fl95,fl93,fl99,fl97];
    eseft(6)=alphaOqd8[fl95,fl93,fl99,fl97];
    eseft(7)=alphaEqd[fl95,fl97,fl99,fl93];
    eseft(8)=alphaEqd8[fl95,fl97,fl99,fl93];
    eseft(9)=alphaEcqdthree[fl93,fl97,fl99,fl95];
    eseft(10)=alphaEcqdpthree[fl93,fl97,fl99,fl95];
    eseft(11)=alphaEcqd[fl93,fl97,fl99,fl95];
    eseft(12)=alphaEcqdp[fl93,fl97,fl99,fl95];
    eseft(13)=G[gam[y95,FIVE,mu1,mu2,mu3,y93]*gam[y99,FIVE,mu1,mu2,mu3,
   y97]*I*eseft(1) - gam[y95,FIVE,mu1,mu2,mu3,y93]*gam[y99,mu1,mu2,mu3,
   y97]*I*eseft(1) + gam[y95,FIVE,mu1,y93]*gam[y99,FIVE,mu1,y97]*I*
   eseft(5) - gam[y95,FIVE,mu1,y93]*gam[y99,mu1,y97]*I*eseft(5) + gam[
   y95,mu1,mu2,mu3,y93]*gam[y99,FIVE,mu1,mu2,mu3,y97]*I*eseft(1) - gam[
   y95,mu1,mu2,mu3,y93]*gam[y99,mu1,mu2,mu3,y97]*I*eseft(1) + gam[y95,
   mu1,y93]*gam[y99,FIVE,mu1,y97]*I*eseft(5) - gam[y95,mu1,y93]*gam[y99
   ,mu1,y97]*I*eseft(5) - gam[y97,FIVE,mu1,mu2,mu3,y93]*gam[y99,FIVE,
   mu1,mu2,mu3,y95]*I*eseft(9) + gam[y97,FIVE,mu1,mu2,mu3,y93]*gam[y99,
   mu1,mu2,mu3,y95]*I*eseft(9) - 12*gam[y97,FIVE,mu1,y93]*gam[y99,FIVE,
   mu1,y95]*I*invepsilonbar^(-1)*eseft(9) + 20*gam[y97,FIVE,mu1,y93]*
   gam[y99,FIVE,mu1,y95]*I*eseft(9) + gam[y97,FIVE,mu1,y93]*gam[y99,
   FIVE,mu1,y95]*I*eseft(11) + 12*gam[y97,FIVE,mu1,y93]*gam[y99,mu1,y95
   ]*I*invepsilonbar^(-1)*eseft(9) - 20*gam[y97,FIVE,mu1,y93]*gam[y99,
   mu1,y95]*I*eseft(9) - gam[y97,FIVE,mu1,y93]*gam[y99,mu1,y95]*I*
   eseft(11) - gam[y97,mu1,mu2,mu3,y93]*gam[y99,FIVE,mu1,mu2,mu3,y95]*I
   *eseft(9) + gam[y97,mu1,mu2,mu3,y93]*gam[y99,mu1,mu2,mu3,y95]*I*
   eseft(9) - 12*gam[y97,mu1,y93]*gam[y99,FIVE,mu1,y95]*I*
   invepsilonbar^(-1)*eseft(9) + 20*gam[y97,mu1,y93]*gam[y99,FIVE,mu1,
   y95]*I*eseft(9) + gam[y97,mu1,y93]*gam[y99,FIVE,mu1,y95]*I*eseft(11)
    + 12*gam[y97,mu1,y93]*gam[y99,mu1,y95]*I*invepsilonbar^(-1)*
   eseft(9) - 20*gam[y97,mu1,y93]*gam[y99,mu1,y95]*I*eseft(9) - gam[y97
   ,mu1,y93]*gam[y99,mu1,y95]*I*eseft(11)];
    eseft(14)=G[gam[y95,FIVE,mu1,mu2,y97]*gam[y99,FIVE,mu1,mu2,y93]*I*
   eseft(3) - gam[y95,FIVE,mu1,mu2,y97]*gam[y99,mu1,mu2,y93]*I*eseft(3)
    + gam[y95,FIVE,y97]*gam[y99,FIVE,y93]*I*eseft(7) - gam[y95,FIVE,y97
   ]*gam[y99,y93]*I*eseft(7) + gam[y95,mu1,mu2,y97]*gam[y99,FIVE,mu1,
   mu2,y93]*I*eseft(3) - gam[y95,mu1,mu2,y97]*gam[y99,mu1,mu2,y93]*I*
   eseft(3) + gam[y95,y97]*gam[y99,FIVE,y93]*I*eseft(7) - gam[y95,y97]*
   gam[y99,y93]*I*eseft(7) + gam[y97,FIVE,mu1,mu2,mu3,y93]*gam[y99,FIVE
   ,mu1,mu2,mu3,y95]*I*eseft(10) - gam[y97,FIVE,mu1,mu2,mu3,y93]*gam[
   y99,mu1,mu2,mu3,y95]*I*eseft(10) + 12*gam[y97,FIVE,mu1,y93]*gam[y99,
   FIVE,mu1,y95]*I*invepsilonbar^(-1)*eseft(10) - 20*gam[y97,FIVE,mu1,
   y93]*gam[y99,FIVE,mu1,y95]*I*eseft(10) - gam[y97,FIVE,mu1,y93]*gam[
   y99,FIVE,mu1,y95]*I*eseft(12) - 12*gam[y97,FIVE,mu1,y93]*gam[y99,mu1
   ,y95]*I*invepsilonbar^(-1)*eseft(10) + 20*gam[y97,FIVE,mu1,y93]*gam[
   y99,mu1,y95]*I*eseft(10) + gam[y97,FIVE,mu1,y93]*gam[y99,mu1,y95]*I*
   eseft(12) + gam[y97,mu1,mu2,mu3,y93]*gam[y99,FIVE,mu1,mu2,mu3,y95]*I
   *eseft(10) - gam[y97,mu1,mu2,mu3,y93]*gam[y99,mu1,mu2,mu3,y95]*I*
   eseft(10) + 12*gam[y97,mu1,y93]*gam[y99,FIVE,mu1,y95]*I*
   invepsilonbar^(-1)*eseft(10) - 20*gam[y97,mu1,y93]*gam[y99,FIVE,mu1,
   y95]*I*eseft(10) - gam[y97,mu1,y93]*gam[y99,FIVE,mu1,y95]*I*
   eseft(12) - 12*gam[y97,mu1,y93]*gam[y99,mu1,y95]*I*
   invepsilonbar^(-1)*eseft(10) + 20*gam[y97,mu1,y93]*gam[y99,mu1,y95]*
   I*eseft(10) + gam[y97,mu1,y93]*gam[y99,mu1,y95]*I*eseft(12)];
    eseft(15)=G[gam[y95,FIVE,mu1,mu2,mu3,y93]*gam[y99,FIVE,mu1,mu2,mu3,
   y97]*I*eseft(2) - gam[y95,FIVE,mu1,mu2,mu3,y93]*gam[y99,mu1,mu2,mu3,
   y97]*I*eseft(2) + gam[y95,FIVE,mu1,y93]*gam[y99,FIVE,mu1,y97]*I*
   eseft(6) - gam[y95,FIVE,mu1,y93]*gam[y99,mu1,y97]*I*eseft(6) + gam[
   y95,mu1,mu2,mu3,y93]*gam[y99,FIVE,mu1,mu2,mu3,y97]*I*eseft(2) - gam[
   y95,mu1,mu2,mu3,y93]*gam[y99,mu1,mu2,mu3,y97]*I*eseft(2) + gam[y95,
   mu1,y93]*gam[y99,FIVE,mu1,y97]*I*eseft(6) - gam[y95,mu1,y93]*gam[y99
   ,mu1,y97]*I*eseft(6)];
    eseft(16)=G[gam[y95,FIVE,mu1,mu2,y97]*gam[y99,FIVE,mu1,mu2,y93]*I*
   eseft(4) - gam[y95,FIVE,mu1,mu2,y97]*gam[y99,mu1,mu2,y93]*I*eseft(4)
    + gam[y95,FIVE,y97]*gam[y99,FIVE,y93]*I*eseft(8) - gam[y95,FIVE,y97
   ]*gam[y99,y93]*I*eseft(8) + gam[y95,mu1,mu2,y97]*gam[y99,FIVE,mu1,
   mu2,y93]*I*eseft(4) - gam[y95,mu1,mu2,y97]*gam[y99,mu1,mu2,y93]*I*
   eseft(4) + gam[y95,y97]*gam[y99,FIVE,y93]*I*eseft(8) - gam[y95,y97]*
   gam[y99,y93]*I*eseft(8)];

