    eseft(1)=alphaEeethree[fl93,fl95,fl99,fl97];
    eseft(2)=alphaEeethree[fl99,fl97,fl93,fl95];
    eseft(3)=alphaEeethree[fl93,fl97,fl99,fl95];
    eseft(4)=alphaEeethree[fl99,fl95,fl93,fl97];
    eseft(5)=alphaOee[fl93,fl95,fl99,fl97];
    eseft(6)=alphaOee[fl99,fl97,fl93,fl95];
    eseft(7)=alphaOee[fl93,fl97,fl99,fl95];
    eseft(8)=alphaOee[fl99,fl95,fl93,fl97];
    eseft(9)=alphaEceetwo[fl95,fl97,fl93,fl99];
    eseft(10)=alphaEceetwo[fl95,fl97,fl99,fl93];
    eseft(11)=alphaEceetwo[fl97,fl95,fl93,fl99];
    eseft(12)=alphaEceetwo[fl97,fl95,fl99,fl93];
    eseft(13)=alphaEcee[fl95,fl97,fl93,fl99];
    eseft(14)=alphaEcee[fl95,fl97,fl99,fl93];
    eseft(15)=alphaEcee[fl97,fl95,fl93,fl99];
    eseft(16)=alphaEcee[fl97,fl95,fl99,fl93];
    eseft(17)=G[gam[y93,FIVE,mu1,mu2,mu3,y95]*gam[y99,FIVE,mu1,mu2,mu3,
   y97]*I*eseft(1) + gam[y93,FIVE,mu1,mu2,mu3,y95]*gam[y99,FIVE,mu1,mu2
   ,mu3,y97]*I*eseft(2) - gam[y93,FIVE,mu1,mu2,mu3,y95]*gam[y99,mu1,mu2
   ,mu3,y97]*I*eseft(1) - gam[y93,FIVE,mu1,mu2,mu3,y95]*gam[y99,mu1,mu2
   ,mu3,y97]*I*eseft(2) - gam[y93,FIVE,mu1,mu2,mu3,y97]*gam[y99,FIVE,
   mu1,mu2,mu3,y95]*I*eseft(3) - gam[y93,FIVE,mu1,mu2,mu3,y97]*gam[y99,
   FIVE,mu1,mu2,mu3,y95]*I*eseft(4) + gam[y93,FIVE,mu1,mu2,mu3,y97]*
   gam[y99,mu1,mu2,mu3,y95]*I*eseft(3) + gam[y93,FIVE,mu1,mu2,mu3,y97]*
   gam[y99,mu1,mu2,mu3,y95]*I*eseft(4) + gam[y93,FIVE,mu1,y95]*gam[y99,
   FIVE,mu1,y97]*I*eseft(5) + gam[y93,FIVE,mu1,y95]*gam[y99,FIVE,mu1,
   y97]*I*eseft(6) - gam[y93,FIVE,mu1,y95]*gam[y99,mu1,y97]*I*eseft(5)
    - gam[y93,FIVE,mu1,y95]*gam[y99,mu1,y97]*I*eseft(6) - gam[y93,FIVE,
   mu1,y97]*gam[y99,FIVE,mu1,y95]*I*eseft(7) - gam[y93,FIVE,mu1,y97]*
   gam[y99,FIVE,mu1,y95]*I*eseft(8) + gam[y93,FIVE,mu1,y97]*gam[y99,mu1
   ,y95]*I*eseft(7) + gam[y93,FIVE,mu1,y97]*gam[y99,mu1,y95]*I*eseft(8)
    - gam[y93,mu1,mu2,mu3,y95]*gam[y99,FIVE,mu1,mu2,mu3,y97]*I*eseft(1)
    - gam[y93,mu1,mu2,mu3,y95]*gam[y99,FIVE,mu1,mu2,mu3,y97]*I*eseft(2)
    + gam[y93,mu1,mu2,mu3,y95]*gam[y99,mu1,mu2,mu3,y97]*I*eseft(1) + 
   gam[y93,mu1,mu2,mu3,y95]*gam[y99,mu1,mu2,mu3,y97]*I*eseft(2) + gam[
   y93,mu1,mu2,mu3,y97]*gam[y99,FIVE,mu1,mu2,mu3,y95]*I*eseft(3) + gam[
   y93,mu1,mu2,mu3,y97]*gam[y99,FIVE,mu1,mu2,mu3,y95]*I*eseft(4) - gam[
   y93,mu1,mu2,mu3,y97]*gam[y99,mu1,mu2,mu3,y95]*I*eseft(3) - gam[y93,
   mu1,mu2,mu3,y97]*gam[y99,mu1,mu2,mu3,y95]*I*eseft(4) - gam[y93,mu1,
   y95]*gam[y99,FIVE,mu1,y97]*I*eseft(5) - gam[y93,mu1,y95]*gam[y99,
   FIVE,mu1,y97]*I*eseft(6) + gam[y93,mu1,y95]*gam[y99,mu1,y97]*I*
   eseft(5) + gam[y93,mu1,y95]*gam[y99,mu1,y97]*I*eseft(6) + gam[y93,
   mu1,y97]*gam[y99,FIVE,mu1,y95]*I*eseft(7) + gam[y93,mu1,y97]*gam[y99
   ,FIVE,mu1,y95]*I*eseft(8) - gam[y93,mu1,y97]*gam[y99,mu1,y95]*I*
   eseft(7) - gam[y93,mu1,y97]*gam[y99,mu1,y95]*I*eseft(8) + gam[y97,
   FIVE,mu1,mu2,y95]*gam[y99,FIVE,mu1,mu2,y93]*I*eseft(9) - gam[y97,
   FIVE,mu1,mu2,y95]*gam[y99,FIVE,mu1,mu2,y93]*I*eseft(10) - gam[y97,
   FIVE,mu1,mu2,y95]*gam[y99,FIVE,mu1,mu2,y93]*I*eseft(11) + gam[y97,
   FIVE,mu1,mu2,y95]*gam[y99,FIVE,mu1,mu2,y93]*I*eseft(12) - gam[y97,
   FIVE,mu1,mu2,y95]*gam[y99,mu1,mu2,y93]*I*eseft(9) + gam[y97,FIVE,mu1
   ,mu2,y95]*gam[y99,mu1,mu2,y93]*I*eseft(10) + gam[y97,FIVE,mu1,mu2,
   y95]*gam[y99,mu1,mu2,y93]*I*eseft(11) - gam[y97,FIVE,mu1,mu2,y95]*
   gam[y99,mu1,mu2,y93]*I*eseft(12) - 4*gam[y97,FIVE,y95]*gam[y99,FIVE,
   y93]*I*invepsilonbar^(-1)*eseft(10) - 4*gam[y97,FIVE,y95]*gam[y99,
   FIVE,y93]*I*invepsilonbar^(-1)*eseft(11) + 8*gam[y97,FIVE,y95]*gam[
   y99,FIVE,y93]*I*eseft(10) + 8*gam[y97,FIVE,y95]*gam[y99,FIVE,y93]*I*
   eseft(11) + gam[y97,FIVE,y95]*gam[y99,FIVE,y93]*I*eseft(13) + gam[
   y97,FIVE,y95]*gam[y99,FIVE,y93]*I*eseft(14) + gam[y97,FIVE,y95]*gam[
   y99,FIVE,y93]*I*eseft(15) + gam[y97,FIVE,y95]*gam[y99,FIVE,y93]*I*
   eseft(16) + 4*gam[y97,FIVE,y95]*gam[y99,y93]*I*invepsilonbar^(-1)*
   eseft(10) + 4*gam[y97,FIVE,y95]*gam[y99,y93]*I*invepsilonbar^(-1)*
   eseft(11) - 8*gam[y97,FIVE,y95]*gam[y99,y93]*I*eseft(10) - 8*gam[y97
   ,FIVE,y95]*gam[y99,y93]*I*eseft(11) - gam[y97,FIVE,y95]*gam[y99,y93]
   *I*eseft(13) - gam[y97,FIVE,y95]*gam[y99,y93]*I*eseft(14) - gam[y97,
   FIVE,y95]*gam[y99,y93]*I*eseft(15) - gam[y97,FIVE,y95]*gam[y99,y93]*
   I*eseft(16) + gam[y97,mu1,mu2,y95]*gam[y99,FIVE,mu1,mu2,y93]*I*
   eseft(9) - gam[y97,mu1,mu2,y95]*gam[y99,FIVE,mu1,mu2,y93]*I*
   eseft(10) - gam[y97,mu1,mu2,y95]*gam[y99,FIVE,mu1,mu2,y93]*I*
   eseft(11) + gam[y97,mu1,mu2,y95]*gam[y99,FIVE,mu1,mu2,y93]*I*
   eseft(12) - gam[y97,mu1,mu2,y95]*gam[y99,mu1,mu2,y93]*I*eseft(9) + 
   gam[y97,mu1,mu2,y95]*gam[y99,mu1,mu2,y93]*I*eseft(10) + gam[y97,mu1,
   mu2,y95]*gam[y99,mu1,mu2,y93]*I*eseft(11) - gam[y97,mu1,mu2,y95]*
   gam[y99,mu1,mu2,y93]*I*eseft(12) - 4*gam[y97,y95]*gam[y99,FIVE,y93]*
   I*invepsilonbar^(-1)*eseft(10) - 4*gam[y97,y95]*gam[y99,FIVE,y93]*I*
   invepsilonbar^(-1)*eseft(11) + 8*gam[y97,y95]*gam[y99,FIVE,y93]*I*
   eseft(10) + 8*gam[y97,y95]*gam[y99,FIVE,y93]*I*eseft(11) + gam[y97,
   y95]*gam[y99,FIVE,y93]*I*eseft(13) + gam[y97,y95]*gam[y99,FIVE,y93]*
   I*eseft(14) + gam[y97,y95]*gam[y99,FIVE,y93]*I*eseft(15) + gam[y97,
   y95]*gam[y99,FIVE,y93]*I*eseft(16) + 4*gam[y97,y95]*gam[y99,y93]*I*
   invepsilonbar^(-1)*eseft(10) + 4*gam[y97,y95]*gam[y99,y93]*I*
   invepsilonbar^(-1)*eseft(11) - 8*gam[y97,y95]*gam[y99,y93]*I*
   eseft(10) - 8*gam[y97,y95]*gam[y99,y93]*I*eseft(11) - gam[y97,y95]*
   gam[y99,y93]*I*eseft(13) - gam[y97,y95]*gam[y99,y93]*I*eseft(14) - 
   gam[y97,y95]*gam[y99,y93]*I*eseft(15) - gam[y97,y95]*gam[y99,y93]*I*
   eseft(16)];

