    eseft(1)=alphaRHl1p[fl99,fl97];
    eseft(2)=alphaRHl3p[fl99,fl97];
    eseft(3)=alphaOHl1[fl99,fl97];
    eseft(4)=alphaRHl1pp[fl99,fl97];
    eseft(5)=alphaOHl3[fl99,fl97];
    eseft(6)=alphaRHl3pp[fl99,fl97];
    eseft(7)=G[2*gam[y99,FIVE,p2,y97]*sSS*I*eseft(1) + gam[y99,FIVE,p3,
   y97]*sSS*eseft(4) + gam[y99,FIVE,p3,y97]*sSS*I*eseft(1) + gam[y99,
   FIVE,p3,y97]*sSS*I*eseft(3) + gam[y99,FIVE,p4,y97]*sSS*eseft(4) + 
   gam[y99,FIVE,p4,y97]*sSS*I*eseft(1) - gam[y99,FIVE,p4,y97]*sSS*I*
   eseft(3) + 2*gam[y99,p2,y97]*sSS*I*eseft(1) + gam[y99,p3,y97]*sSS*
   eseft(4) + gam[y99,p3,y97]*sSS*I*eseft(1) + gam[y99,p3,y97]*sSS*I*
   eseft(3) + gam[y99,p4,y97]*sSS*eseft(4) + gam[y99,p4,y97]*sSS*I*
   eseft(1) - gam[y99,p4,y97]*sSS*I*eseft(3)];
    eseft(8)=G[2*gam[y99,FIVE,p2,y97]*sSS*I*eseft(2) + gam[y99,FIVE,p3,
   y97]*sSS*eseft(6) + gam[y99,FIVE,p3,y97]*sSS*I*eseft(2) + gam[y99,
   FIVE,p3,y97]*sSS*I*eseft(5) + gam[y99,FIVE,p4,y97]*sSS*eseft(6) + 
   gam[y99,FIVE,p4,y97]*sSS*I*eseft(2) - gam[y99,FIVE,p4,y97]*sSS*I*
   eseft(5) + 2*gam[y99,p2,y97]*sSS*I*eseft(2) + gam[y99,p3,y97]*sSS*
   eseft(6) + gam[y99,p3,y97]*sSS*I*eseft(2) + gam[y99,p3,y97]*sSS*I*
   eseft(5) + gam[y99,p4,y97]*sSS*eseft(6) + gam[y99,p4,y97]*sSS*I*
   eseft(2) - gam[y99,p4,y97]*sSS*I*eseft(5)];

