    eseft(1)=alphaReHD2[fl99,fl97];
    eseft(2)=alphaOeB[fl99,fl97];
    eseft(3)=alphaEeB[fl99,fl97];
    eseft(4)=alphaEeH[fl99,fl97];
    eseft(5)=alphaReHD1[fl99,fl97];
    eseft(6)=alphaReHD3[fl99,fl97];
    eseft(7)=alphaReHD4[fl99,fl97];
    eseft(8)=G[gam[y99,FIVE,p2,pol3,y97]*sSS*I*g1*eseft(1) + 4*gam[y99,
   FIVE,p3,pol3,y97]*sSS*I*eseft(2) + 2*gam[y99,FIVE,p4,pol3,y97]*sSS*I
   *g1*eseft(1) + gam[y99,FIVE,mu1,mu2,y97]*e_[p2,pol3,mu1,mu2]*sSS*I*
   g1*eseft(4) - 2*gam[y99,FIVE,mu1,mu2,y97]*e_[p3,pol3,mu1,mu2]*sSS*
   eseft(3) + 2*gam[y99,FIVE,mu1,mu2,y97]*e_[p4,pol3,mu1,mu2]*sSS*I*g1*
   eseft(4) - gam[y99,FIVE,y97]*p2.pol3*sSS*I*g1*eseft(1) + 4*gam[y99,
   FIVE,y97]*p2.pol3*sSS*I*g1*eseft(6) - gam[y99,FIVE,y97]*p2.pol3*sSS*
   I*g1*eseft(7) - 4*gam[y99,FIVE,y97]*p3.pol3*sSS*I*eseft(2) - gam[y99
   ,FIVE,y97]*p3.pol3*sSS*I*g1*eseft(5) + 2*gam[y99,FIVE,y97]*p3.pol3*
   sSS*I*g1*eseft(6) - 2*gam[y99,FIVE,y97]*p4.pol3*sSS*I*g1*eseft(1) - 
   2*gam[y99,FIVE,y97]*p4.pol3*sSS*I*g1*eseft(5) + 2*gam[y99,FIVE,y97]*
   p4.pol3*sSS*I*g1*eseft(7) + gam[y99,p2,pol3,y97]*sSS*I*g1*eseft(1)
    + 4*gam[y99,p3,pol3,y97]*sSS*I*eseft(2) + 2*gam[y99,p4,pol3,y97]*
   sSS*I*g1*eseft(1) + gam[y99,mu1,mu2,y97]*e_[p2,pol3,mu1,mu2]*sSS*I*
   g1*eseft(4) - 2*gam[y99,mu1,mu2,y97]*e_[p3,pol3,mu1,mu2]*sSS*
   eseft(3) + 2*gam[y99,mu1,mu2,y97]*e_[p4,pol3,mu1,mu2]*sSS*I*g1*
   eseft(4) - gam[y99,y97]*p2.pol3*sSS*I*g1*eseft(1) + 4*gam[y99,y97]*
   p2.pol3*sSS*I*g1*eseft(6) - gam[y99,y97]*p2.pol3*sSS*I*g1*eseft(7)
    - 4*gam[y99,y97]*p3.pol3*sSS*I*eseft(2) - gam[y99,y97]*p3.pol3*sSS*
   I*g1*eseft(5) + 2*gam[y99,y97]*p3.pol3*sSS*I*g1*eseft(6) - 2*gam[y99
   ,y97]*p4.pol3*sSS*I*g1*eseft(1) - 2*gam[y99,y97]*p4.pol3*sSS*I*g1*
   eseft(5) + 2*gam[y99,y97]*p4.pol3*sSS*I*g1*eseft(7)];

