    eseft(1)=alphaEllthree[fl93,fl95,fl99,fl97];
    eseft(2)=alphaEllthree[fl99,fl97,fl93,fl95];
    eseft(3)=alphaEllthree3[fl93,fl95,fl99,fl97];
    eseft(4)=alphaEllthree3[fl99,fl97,fl93,fl95];
    eseft(5)=alphaEllthree[fl93,fl97,fl99,fl95];
    eseft(6)=alphaEllthree[fl99,fl95,fl93,fl97];
    eseft(7)=alphaEllthree3[fl93,fl97,fl99,fl95];
    eseft(8)=alphaEllthree3[fl99,fl95,fl93,fl97];
    eseft(9)=alphaOll[fl93,fl95,fl99,fl97];
    eseft(10)=alphaOll[fl99,fl97,fl93,fl95];
    eseft(11)=alphaEll3[fl93,fl95,fl99,fl97];
    eseft(12)=alphaEll3[fl99,fl97,fl93,fl95];
    eseft(13)=alphaOll[fl93,fl97,fl99,fl95];
    eseft(14)=alphaOll[fl99,fl95,fl93,fl97];
    eseft(15)=alphaEll3[fl93,fl97,fl99,fl95];
    eseft(16)=alphaEll3[fl99,fl95,fl93,fl97];
    eseft(17)=alphaEclltwo[fl95,fl97,fl99,fl93];
    eseft(18)=alphaEclltwo[fl97,fl95,fl93,fl99];
    eseft(19)=alphaEclltwo[fl95,fl97,fl93,fl99];
    eseft(20)=alphaEclltwo[fl97,fl95,fl99,fl93];
    eseft(21)=alphaEcll[fl95,fl97,fl99,fl93];
    eseft(22)=alphaEcll[fl97,fl95,fl93,fl99];
    eseft(23)=alphaEcll[fl95,fl97,fl93,fl99];
    eseft(24)=alphaEcll[fl97,fl95,fl99,fl93];
    eseft(25)=G[gam[y93,FIVE,mu1,mu2,mu3,y95]*gam[y99,FIVE,mu1,mu2,mu3,
   y97]*I*eseft(1) + gam[y93,FIVE,mu1,mu2,mu3,y95]*gam[y99,FIVE,mu1,mu2
   ,mu3,y97]*I*eseft(2) + gam[y93,FIVE,mu1,mu2,mu3,y95]*gam[y99,mu1,mu2
   ,mu3,y97]*I*eseft(1) + gam[y93,FIVE,mu1,mu2,mu3,y95]*gam[y99,mu1,mu2
   ,mu3,y97]*I*eseft(2) + gam[y93,FIVE,mu1,y95]*gam[y99,FIVE,mu1,y97]*I
   *eseft(9) + gam[y93,FIVE,mu1,y95]*gam[y99,FIVE,mu1,y97]*I*eseft(10)
    + gam[y93,FIVE,mu1,y95]*gam[y99,mu1,y97]*I*eseft(9) + gam[y93,FIVE,
   mu1,y95]*gam[y99,mu1,y97]*I*eseft(10) + gam[y93,mu1,mu2,mu3,y95]*
   gam[y99,FIVE,mu1,mu2,mu3,y97]*I*eseft(1) + gam[y93,mu1,mu2,mu3,y95]*
   gam[y99,FIVE,mu1,mu2,mu3,y97]*I*eseft(2) + gam[y93,mu1,mu2,mu3,y95]*
   gam[y99,mu1,mu2,mu3,y97]*I*eseft(1) + gam[y93,mu1,mu2,mu3,y95]*gam[
   y99,mu1,mu2,mu3,y97]*I*eseft(2) + gam[y93,mu1,y95]*gam[y99,FIVE,mu1,
   y97]*I*eseft(9) + gam[y93,mu1,y95]*gam[y99,FIVE,mu1,y97]*I*eseft(10)
    + gam[y93,mu1,y95]*gam[y99,mu1,y97]*I*eseft(9) + gam[y93,mu1,y95]*
   gam[y99,mu1,y97]*I*eseft(10) - gam[y97,FIVE,mu1,mu2,y95]*gam[y99,
   FIVE,mu1,mu2,y93]*I*eseft(17) - gam[y97,FIVE,mu1,mu2,y95]*gam[y99,
   FIVE,mu1,mu2,y93]*I*eseft(18) - gam[y97,FIVE,mu1,mu2,y95]*gam[y99,
   mu1,mu2,y93]*I*eseft(17) - gam[y97,FIVE,mu1,mu2,y95]*gam[y99,mu1,mu2
   ,y93]*I*eseft(18) - 4*gam[y97,FIVE,y95]*gam[y99,FIVE,y93]*I*
   invepsilonbar^(-1)*eseft(17) - 4*gam[y97,FIVE,y95]*gam[y99,FIVE,y93]
   *I*invepsilonbar^(-1)*eseft(18) + 8*gam[y97,FIVE,y95]*gam[y99,FIVE,
   y93]*I*eseft(17) + 8*gam[y97,FIVE,y95]*gam[y99,FIVE,y93]*I*eseft(18)
    + gam[y97,FIVE,y95]*gam[y99,FIVE,y93]*I*eseft(21) + gam[y97,FIVE,
   y95]*gam[y99,FIVE,y93]*I*eseft(22) - 4*gam[y97,FIVE,y95]*gam[y99,y93
   ]*I*invepsilonbar^(-1)*eseft(17) - 4*gam[y97,FIVE,y95]*gam[y99,y93]*
   I*invepsilonbar^(-1)*eseft(18) + 8*gam[y97,FIVE,y95]*gam[y99,y93]*I*
   eseft(17) + 8*gam[y97,FIVE,y95]*gam[y99,y93]*I*eseft(18) + gam[y97,
   FIVE,y95]*gam[y99,y93]*I*eseft(21) + gam[y97,FIVE,y95]*gam[y99,y93]*
   I*eseft(22) + gam[y97,mu1,mu2,y95]*gam[y99,FIVE,mu1,mu2,y93]*I*
   eseft(17) + gam[y97,mu1,mu2,y95]*gam[y99,FIVE,mu1,mu2,y93]*I*
   eseft(18) + gam[y97,mu1,mu2,y95]*gam[y99,mu1,mu2,y93]*I*eseft(17) + 
   gam[y97,mu1,mu2,y95]*gam[y99,mu1,mu2,y93]*I*eseft(18) + 4*gam[y97,
   y95]*gam[y99,FIVE,y93]*I*invepsilonbar^(-1)*eseft(17) + 4*gam[y97,
   y95]*gam[y99,FIVE,y93]*I*invepsilonbar^(-1)*eseft(18) - 8*gam[y97,
   y95]*gam[y99,FIVE,y93]*I*eseft(17) - 8*gam[y97,y95]*gam[y99,FIVE,y93
   ]*I*eseft(18) - gam[y97,y95]*gam[y99,FIVE,y93]*I*eseft(21) - gam[y97
   ,y95]*gam[y99,FIVE,y93]*I*eseft(22) + 4*gam[y97,y95]*gam[y99,y93]*I*
   invepsilonbar^(-1)*eseft(17) + 4*gam[y97,y95]*gam[y99,y93]*I*
   invepsilonbar^(-1)*eseft(18) - 8*gam[y97,y95]*gam[y99,y93]*I*
   eseft(17) - 8*gam[y97,y95]*gam[y99,y93]*I*eseft(18) - gam[y97,y95]*
   gam[y99,y93]*I*eseft(21) - gam[y97,y95]*gam[y99,y93]*I*eseft(22)];
    eseft(26)=G[gam[y93,FIVE,mu1,mu2,mu3,y97]*gam[y99,FIVE,mu1,mu2,mu3,
   y95]*I*eseft(5) + gam[y93,FIVE,mu1,mu2,mu3,y97]*gam[y99,FIVE,mu1,mu2
   ,mu3,y95]*I*eseft(6) + gam[y93,FIVE,mu1,mu2,mu3,y97]*gam[y99,mu1,mu2
   ,mu3,y95]*I*eseft(5) + gam[y93,FIVE,mu1,mu2,mu3,y97]*gam[y99,mu1,mu2
   ,mu3,y95]*I*eseft(6) + gam[y93,FIVE,mu1,y97]*gam[y99,FIVE,mu1,y95]*I
   *eseft(13) + gam[y93,FIVE,mu1,y97]*gam[y99,FIVE,mu1,y95]*I*eseft(14)
    + gam[y93,FIVE,mu1,y97]*gam[y99,mu1,y95]*I*eseft(13) + gam[y93,FIVE
   ,mu1,y97]*gam[y99,mu1,y95]*I*eseft(14) + gam[y93,mu1,mu2,mu3,y97]*
   gam[y99,FIVE,mu1,mu2,mu3,y95]*I*eseft(5) + gam[y93,mu1,mu2,mu3,y97]*
   gam[y99,FIVE,mu1,mu2,mu3,y95]*I*eseft(6) + gam[y93,mu1,mu2,mu3,y97]*
   gam[y99,mu1,mu2,mu3,y95]*I*eseft(5) + gam[y93,mu1,mu2,mu3,y97]*gam[
   y99,mu1,mu2,mu3,y95]*I*eseft(6) + gam[y93,mu1,y97]*gam[y99,FIVE,mu1,
   y95]*I*eseft(13) + gam[y93,mu1,y97]*gam[y99,FIVE,mu1,y95]*I*
   eseft(14) + gam[y93,mu1,y97]*gam[y99,mu1,y95]*I*eseft(13) + gam[y93,
   mu1,y97]*gam[y99,mu1,y95]*I*eseft(14) - gam[y97,FIVE,mu1,mu2,y95]*
   gam[y99,FIVE,mu1,mu2,y93]*I*eseft(19) - gam[y97,FIVE,mu1,mu2,y95]*
   gam[y99,FIVE,mu1,mu2,y93]*I*eseft(20) - gam[y97,FIVE,mu1,mu2,y95]*
   gam[y99,mu1,mu2,y93]*I*eseft(19) - gam[y97,FIVE,mu1,mu2,y95]*gam[y99
   ,mu1,mu2,y93]*I*eseft(20) - gam[y97,FIVE,y95]*gam[y99,FIVE,y93]*I*
   eseft(23) - gam[y97,FIVE,y95]*gam[y99,FIVE,y93]*I*eseft(24) - gam[
   y97,FIVE,y95]*gam[y99,y93]*I*eseft(23) - gam[y97,FIVE,y95]*gam[y99,
   y93]*I*eseft(24) + gam[y97,mu1,mu2,y95]*gam[y99,FIVE,mu1,mu2,y93]*I*
   eseft(19) + gam[y97,mu1,mu2,y95]*gam[y99,FIVE,mu1,mu2,y93]*I*
   eseft(20) + gam[y97,mu1,mu2,y95]*gam[y99,mu1,mu2,y93]*I*eseft(19) + 
   gam[y97,mu1,mu2,y95]*gam[y99,mu1,mu2,y93]*I*eseft(20) + gam[y97,y95]
   *gam[y99,FIVE,y93]*I*eseft(23) + gam[y97,y95]*gam[y99,FIVE,y93]*I*
   eseft(24) + gam[y97,y95]*gam[y99,y93]*I*eseft(23) + gam[y97,y95]*
   gam[y99,y93]*I*eseft(24)];
    eseft(27)=G[gam[y93,FIVE,mu1,mu2,mu3,y95]*gam[y99,FIVE,mu1,mu2,mu3,
   y97]*I*eseft(3) + gam[y93,FIVE,mu1,mu2,mu3,y95]*gam[y99,FIVE,mu1,mu2
   ,mu3,y97]*I*eseft(4) + gam[y93,FIVE,mu1,mu2,mu3,y95]*gam[y99,mu1,mu2
   ,mu3,y97]*I*eseft(3) + gam[y93,FIVE,mu1,mu2,mu3,y95]*gam[y99,mu1,mu2
   ,mu3,y97]*I*eseft(4) + gam[y93,FIVE,mu1,y95]*gam[y99,FIVE,mu1,y97]*I
   *eseft(11) + gam[y93,FIVE,mu1,y95]*gam[y99,FIVE,mu1,y97]*I*eseft(12)
    + gam[y93,FIVE,mu1,y95]*gam[y99,mu1,y97]*I*eseft(11) + gam[y93,FIVE
   ,mu1,y95]*gam[y99,mu1,y97]*I*eseft(12) + gam[y93,mu1,mu2,mu3,y95]*
   gam[y99,FIVE,mu1,mu2,mu3,y97]*I*eseft(3) + gam[y93,mu1,mu2,mu3,y95]*
   gam[y99,FIVE,mu1,mu2,mu3,y97]*I*eseft(4) + gam[y93,mu1,mu2,mu3,y95]*
   gam[y99,mu1,mu2,mu3,y97]*I*eseft(3) + gam[y93,mu1,mu2,mu3,y95]*gam[
   y99,mu1,mu2,mu3,y97]*I*eseft(4) + gam[y93,mu1,y95]*gam[y99,FIVE,mu1,
   y97]*I*eseft(11) + gam[y93,mu1,y95]*gam[y99,FIVE,mu1,y97]*I*
   eseft(12) + gam[y93,mu1,y95]*gam[y99,mu1,y97]*I*eseft(11) + gam[y93,
   mu1,y95]*gam[y99,mu1,y97]*I*eseft(12)];
    eseft(28)=G[gam[y93,FIVE,mu1,mu2,mu3,y97]*gam[y99,FIVE,mu1,mu2,mu3,
   y95]*I*eseft(7) + gam[y93,FIVE,mu1,mu2,mu3,y97]*gam[y99,FIVE,mu1,mu2
   ,mu3,y95]*I*eseft(8) + gam[y93,FIVE,mu1,mu2,mu3,y97]*gam[y99,mu1,mu2
   ,mu3,y95]*I*eseft(7) + gam[y93,FIVE,mu1,mu2,mu3,y97]*gam[y99,mu1,mu2
   ,mu3,y95]*I*eseft(8) + gam[y93,FIVE,mu1,y97]*gam[y99,FIVE,mu1,y95]*I
   *eseft(15) + gam[y93,FIVE,mu1,y97]*gam[y99,FIVE,mu1,y95]*I*eseft(16)
    + gam[y93,FIVE,mu1,y97]*gam[y99,mu1,y95]*I*eseft(15) + gam[y93,FIVE
   ,mu1,y97]*gam[y99,mu1,y95]*I*eseft(16) + gam[y93,mu1,mu2,mu3,y97]*
   gam[y99,FIVE,mu1,mu2,mu3,y95]*I*eseft(7) + gam[y93,mu1,mu2,mu3,y97]*
   gam[y99,FIVE,mu1,mu2,mu3,y95]*I*eseft(8) + gam[y93,mu1,mu2,mu3,y97]*
   gam[y99,mu1,mu2,mu3,y95]*I*eseft(7) + gam[y93,mu1,mu2,mu3,y97]*gam[
   y99,mu1,mu2,mu3,y95]*I*eseft(8) + gam[y93,mu1,y97]*gam[y99,FIVE,mu1,
   y95]*I*eseft(15) + gam[y93,mu1,y97]*gam[y99,FIVE,mu1,y95]*I*
   eseft(16) + gam[y93,mu1,y97]*gam[y99,mu1,y95]*I*eseft(15) + gam[y93,
   mu1,y97]*gam[y99,mu1,y95]*I*eseft(16)];

