    eseft(1)=alphaOqq1[fl93,fl95,fl99,fl97];
    eseft(2)=alphaOqq1[fl99,fl97,fl93,fl95];
    eseft(3)=alphaEqq8[fl93,fl95,fl99,fl97];
    eseft(4)=alphaEqq8[fl99,fl97,fl93,fl95];
    eseft(5)=alphaOqq3[fl93,fl95,fl99,fl97];
    eseft(6)=alphaOqq3[fl99,fl97,fl93,fl95];
    eseft(7)=alphaEqq38[fl93,fl95,fl99,fl97];
    eseft(8)=alphaEqq38[fl99,fl97,fl93,fl95];
    eseft(9)=alphaOqq1[fl93,fl97,fl99,fl95];
    eseft(10)=alphaOqq1[fl99,fl95,fl93,fl97];
    eseft(11)=alphaEqq8[fl93,fl97,fl99,fl95];
    eseft(12)=alphaEqq8[fl99,fl95,fl93,fl97];
    eseft(13)=alphaOqq3[fl93,fl97,fl99,fl95];
    eseft(14)=alphaOqq3[fl99,fl95,fl93,fl97];
    eseft(15)=alphaEqq38[fl93,fl97,fl99,fl95];
    eseft(16)=alphaEqq38[fl99,fl95,fl93,fl97];
    eseft(17)=alphaEqqthree1[fl93,fl95,fl99,fl97];
    eseft(18)=alphaEqqthree1[fl99,fl97,fl93,fl95];
    eseft(19)=alphaEqqthree8[fl93,fl95,fl99,fl97];
    eseft(20)=alphaEqqthree8[fl99,fl97,fl93,fl95];
    eseft(21)=alphaEqqthree3[fl93,fl95,fl99,fl97];
    eseft(22)=alphaEqqthree3[fl99,fl97,fl93,fl95];
    eseft(23)=alphaEqqthree38[fl93,fl95,fl99,fl97];
    eseft(24)=alphaEqqthree38[fl99,fl97,fl93,fl95];
    eseft(25)=alphaEqqthree1[fl93,fl97,fl99,fl95];
    eseft(26)=alphaEqqthree1[fl99,fl95,fl93,fl97];
    eseft(27)=alphaEqqthree8[fl93,fl97,fl99,fl95];
    eseft(28)=alphaEqqthree8[fl99,fl95,fl93,fl97];
    eseft(29)=alphaEqqthree3[fl93,fl97,fl99,fl95];
    eseft(30)=alphaEqqthree3[fl99,fl95,fl93,fl97];
    eseft(31)=alphaEqqthree38[fl93,fl97,fl99,fl95];
    eseft(32)=alphaEqqthree38[fl99,fl95,fl93,fl97];
    eseft(33)=alphaEcqq[fl95,fl97,fl99,fl93];
    eseft(34)=alphaEcqq[fl97,fl95,fl93,fl99];
    eseft(35)=alphaEcqqtwo[fl95,fl97,fl99,fl93];
    eseft(36)=alphaEcqqtwo[fl97,fl95,fl93,fl99];
    eseft(37)=alphaEcqqp[fl95,fl97,fl99,fl93];
    eseft(38)=alphaEcqqp[fl97,fl95,fl93,fl99];
    eseft(39)=alphaEcqqptwo[fl95,fl97,fl99,fl93];
    eseft(40)=alphaEcqqptwo[fl97,fl95,fl93,fl99];
    eseft(41)=alphaEcqqp[fl95,fl97,fl93,fl99];
    eseft(42)=alphaEcqqp[fl97,fl95,fl99,fl93];
    eseft(43)=alphaEcqq[fl95,fl97,fl93,fl99];
    eseft(44)=alphaEcqq[fl97,fl95,fl99,fl93];
    eseft(45)=alphaEcqqptwo[fl95,fl97,fl93,fl99];
    eseft(46)=alphaEcqqptwo[fl97,fl95,fl99,fl93];
    eseft(47)=alphaEcqqtwo[fl95,fl97,fl93,fl99];
    eseft(48)=alphaEcqqtwo[fl97,fl95,fl99,fl93];
    eseft(49)=G[gam[y93,FIVE,mu1,y95]*gam[y99,FIVE,mu1,y97]*I*eseft(1)
    + gam[y93,FIVE,mu1,y95]*gam[y99,FIVE,mu1,y97]*I*eseft(2) + gam[y93,
   FIVE,mu1,y95]*gam[y99,mu1,y97]*I*eseft(1) + gam[y93,FIVE,mu1,y95]*
   gam[y99,mu1,y97]*I*eseft(2) + gam[y93,FIVE,mu1,mu2,mu3,y95]*gam[y99,
   FIVE,mu1,mu2,mu3,y97]*I*eseft(17) + gam[y93,FIVE,mu1,mu2,mu3,y95]*
   gam[y99,FIVE,mu1,mu2,mu3,y97]*I*eseft(18) + gam[y93,FIVE,mu1,mu2,mu3
   ,y95]*gam[y99,mu1,mu2,mu3,y97]*I*eseft(17) + gam[y93,FIVE,mu1,mu2,
   mu3,y95]*gam[y99,mu1,mu2,mu3,y97]*I*eseft(18) + gam[y93,mu1,y95]*
   gam[y99,FIVE,mu1,y97]*I*eseft(1) + gam[y93,mu1,y95]*gam[y99,FIVE,mu1
   ,y97]*I*eseft(2) + gam[y93,mu1,y95]*gam[y99,mu1,y97]*I*eseft(1) + 
   gam[y93,mu1,y95]*gam[y99,mu1,y97]*I*eseft(2) + gam[y93,mu1,mu2,mu3,
   y95]*gam[y99,FIVE,mu1,mu2,mu3,y97]*I*eseft(17) + gam[y93,mu1,mu2,mu3
   ,y95]*gam[y99,FIVE,mu1,mu2,mu3,y97]*I*eseft(18) + gam[y93,mu1,mu2,
   mu3,y95]*gam[y99,mu1,mu2,mu3,y97]*I*eseft(17) + gam[y93,mu1,mu2,mu3,
   y95]*gam[y99,mu1,mu2,mu3,y97]*I*eseft(18) - 4*gam[y97,FIVE,y95]*gam[
   y99,FIVE,y93]*I*invepsilonbar^(-1)*eseft(35) - 4*gam[y97,FIVE,y95]*
   gam[y99,FIVE,y93]*I*invepsilonbar^(-1)*eseft(36) + gam[y97,FIVE,y95]
   *gam[y99,FIVE,y93]*I*eseft(33) + gam[y97,FIVE,y95]*gam[y99,FIVE,y93]
   *I*eseft(34) + 8*gam[y97,FIVE,y95]*gam[y99,FIVE,y93]*I*eseft(35) + 8
   *gam[y97,FIVE,y95]*gam[y99,FIVE,y93]*I*eseft(36) - 4*gam[y97,FIVE,
   y95]*gam[y99,y93]*I*invepsilonbar^(-1)*eseft(35) - 4*gam[y97,FIVE,
   y95]*gam[y99,y93]*I*invepsilonbar^(-1)*eseft(36) + gam[y97,FIVE,y95]
   *gam[y99,y93]*I*eseft(33) + gam[y97,FIVE,y95]*gam[y99,y93]*I*
   eseft(34) + 8*gam[y97,FIVE,y95]*gam[y99,y93]*I*eseft(35) + 8*gam[y97
   ,FIVE,y95]*gam[y99,y93]*I*eseft(36) - gam[y97,FIVE,mu1,mu2,y95]*gam[
   y99,FIVE,mu1,mu2,y93]*I*eseft(35) - gam[y97,FIVE,mu1,mu2,y95]*gam[
   y99,FIVE,mu1,mu2,y93]*I*eseft(36) - gam[y97,FIVE,mu1,mu2,y95]*gam[
   y99,mu1,mu2,y93]*I*eseft(35) - gam[y97,FIVE,mu1,mu2,y95]*gam[y99,mu1
   ,mu2,y93]*I*eseft(36) + 4*gam[y97,y95]*gam[y99,FIVE,y93]*I*
   invepsilonbar^(-1)*eseft(35) + 4*gam[y97,y95]*gam[y99,FIVE,y93]*I*
   invepsilonbar^(-1)*eseft(36) - gam[y97,y95]*gam[y99,FIVE,y93]*I*
   eseft(33) - gam[y97,y95]*gam[y99,FIVE,y93]*I*eseft(34) - 8*gam[y97,
   y95]*gam[y99,FIVE,y93]*I*eseft(35) - 8*gam[y97,y95]*gam[y99,FIVE,y93
   ]*I*eseft(36) + 4*gam[y97,y95]*gam[y99,y93]*I*invepsilonbar^(-1)*
   eseft(35) + 4*gam[y97,y95]*gam[y99,y93]*I*invepsilonbar^(-1)*
   eseft(36) - gam[y97,y95]*gam[y99,y93]*I*eseft(33) - gam[y97,y95]*
   gam[y99,y93]*I*eseft(34) - 8*gam[y97,y95]*gam[y99,y93]*I*eseft(35)
    - 8*gam[y97,y95]*gam[y99,y93]*I*eseft(36) + gam[y97,mu1,mu2,y95]*
   gam[y99,FIVE,mu1,mu2,y93]*I*eseft(35) + gam[y97,mu1,mu2,y95]*gam[y99
   ,FIVE,mu1,mu2,y93]*I*eseft(36) + gam[y97,mu1,mu2,y95]*gam[y99,mu1,
   mu2,y93]*I*eseft(35) + gam[y97,mu1,mu2,y95]*gam[y99,mu1,mu2,y93]*I*
   eseft(36)];
    eseft(50)=G[4*gam[y97,FIVE,y95]*gam[y99,FIVE,y93]*I*
   invepsilonbar^(-1)*eseft(39) + 4*gam[y97,FIVE,y95]*gam[y99,FIVE,y93]
   *I*invepsilonbar^(-1)*eseft(40) - gam[y97,FIVE,y95]*gam[y99,FIVE,y93
   ]*I*eseft(37) - gam[y97,FIVE,y95]*gam[y99,FIVE,y93]*I*eseft(38) - 8*
   gam[y97,FIVE,y95]*gam[y99,FIVE,y93]*I*eseft(39) - 8*gam[y97,FIVE,y95
   ]*gam[y99,FIVE,y93]*I*eseft(40) + 4*gam[y97,FIVE,y95]*gam[y99,y93]*I
   *invepsilonbar^(-1)*eseft(39) + 4*gam[y97,FIVE,y95]*gam[y99,y93]*I*
   invepsilonbar^(-1)*eseft(40) - gam[y97,FIVE,y95]*gam[y99,y93]*I*
   eseft(37) - gam[y97,FIVE,y95]*gam[y99,y93]*I*eseft(38) - 8*gam[y97,
   FIVE,y95]*gam[y99,y93]*I*eseft(39) - 8*gam[y97,FIVE,y95]*gam[y99,y93
   ]*I*eseft(40) + gam[y97,FIVE,mu1,mu2,y95]*gam[y99,FIVE,mu1,mu2,y93]*
   I*eseft(39) + gam[y97,FIVE,mu1,mu2,y95]*gam[y99,FIVE,mu1,mu2,y93]*I*
   eseft(40) + gam[y97,FIVE,mu1,mu2,y95]*gam[y99,mu1,mu2,y93]*I*
   eseft(39) + gam[y97,FIVE,mu1,mu2,y95]*gam[y99,mu1,mu2,y93]*I*
   eseft(40) - 4*gam[y97,y95]*gam[y99,FIVE,y93]*I*invepsilonbar^(-1)*
   eseft(39) - 4*gam[y97,y95]*gam[y99,FIVE,y93]*I*invepsilonbar^(-1)*
   eseft(40) + gam[y97,y95]*gam[y99,FIVE,y93]*I*eseft(37) + gam[y97,y95
   ]*gam[y99,FIVE,y93]*I*eseft(38) + 8*gam[y97,y95]*gam[y99,FIVE,y93]*I
   *eseft(39) + 8*gam[y97,y95]*gam[y99,FIVE,y93]*I*eseft(40) - 4*gam[
   y97,y95]*gam[y99,y93]*I*invepsilonbar^(-1)*eseft(39) - 4*gam[y97,y95
   ]*gam[y99,y93]*I*invepsilonbar^(-1)*eseft(40) + gam[y97,y95]*gam[y99
   ,y93]*I*eseft(37) + gam[y97,y95]*gam[y99,y93]*I*eseft(38) + 8*gam[
   y97,y95]*gam[y99,y93]*I*eseft(39) + 8*gam[y97,y95]*gam[y99,y93]*I*
   eseft(40) - gam[y97,mu1,mu2,y95]*gam[y99,FIVE,mu1,mu2,y93]*I*
   eseft(39) - gam[y97,mu1,mu2,y95]*gam[y99,FIVE,mu1,mu2,y93]*I*
   eseft(40) - gam[y97,mu1,mu2,y95]*gam[y99,mu1,mu2,y93]*I*eseft(39) - 
   gam[y97,mu1,mu2,y95]*gam[y99,mu1,mu2,y93]*I*eseft(40)];
    eseft(51)=G[gam[y93,FIVE,mu1,y95]*gam[y99,FIVE,mu1,y97]*I*eseft(3)
    + gam[y93,FIVE,mu1,y95]*gam[y99,FIVE,mu1,y97]*I*eseft(4) + gam[y93,
   FIVE,mu1,y95]*gam[y99,mu1,y97]*I*eseft(3) + gam[y93,FIVE,mu1,y95]*
   gam[y99,mu1,y97]*I*eseft(4) + gam[y93,FIVE,mu1,mu2,mu3,y95]*gam[y99,
   FIVE,mu1,mu2,mu3,y97]*I*eseft(19) + gam[y93,FIVE,mu1,mu2,mu3,y95]*
   gam[y99,FIVE,mu1,mu2,mu3,y97]*I*eseft(20) + gam[y93,FIVE,mu1,mu2,mu3
   ,y95]*gam[y99,mu1,mu2,mu3,y97]*I*eseft(19) + gam[y93,FIVE,mu1,mu2,
   mu3,y95]*gam[y99,mu1,mu2,mu3,y97]*I*eseft(20) + gam[y93,mu1,y95]*
   gam[y99,FIVE,mu1,y97]*I*eseft(3) + gam[y93,mu1,y95]*gam[y99,FIVE,mu1
   ,y97]*I*eseft(4) + gam[y93,mu1,y95]*gam[y99,mu1,y97]*I*eseft(3) + 
   gam[y93,mu1,y95]*gam[y99,mu1,y97]*I*eseft(4) + gam[y93,mu1,mu2,mu3,
   y95]*gam[y99,FIVE,mu1,mu2,mu3,y97]*I*eseft(19) + gam[y93,mu1,mu2,mu3
   ,y95]*gam[y99,FIVE,mu1,mu2,mu3,y97]*I*eseft(20) + gam[y93,mu1,mu2,
   mu3,y95]*gam[y99,mu1,mu2,mu3,y97]*I*eseft(19) + gam[y93,mu1,mu2,mu3,
   y95]*gam[y99,mu1,mu2,mu3,y97]*I*eseft(20)];
    eseft(52)=G[gam[y97,FIVE,y95]*gam[y99,FIVE,y93]*I*eseft(41) + gam[
   y97,FIVE,y95]*gam[y99,FIVE,y93]*I*eseft(42) + gam[y97,FIVE,y95]*gam[
   y99,y93]*I*eseft(41) + gam[y97,FIVE,y95]*gam[y99,y93]*I*eseft(42) + 
   gam[y97,FIVE,mu1,mu2,y95]*gam[y99,FIVE,mu1,mu2,y93]*I*eseft(45) + 
   gam[y97,FIVE,mu1,mu2,y95]*gam[y99,FIVE,mu1,mu2,y93]*I*eseft(46) + 
   gam[y97,FIVE,mu1,mu2,y95]*gam[y99,mu1,mu2,y93]*I*eseft(45) + gam[y97
   ,FIVE,mu1,mu2,y95]*gam[y99,mu1,mu2,y93]*I*eseft(46) - gam[y97,y95]*
   gam[y99,FIVE,y93]*I*eseft(41) - gam[y97,y95]*gam[y99,FIVE,y93]*I*
   eseft(42) - gam[y97,y95]*gam[y99,y93]*I*eseft(41) - gam[y97,y95]*
   gam[y99,y93]*I*eseft(42) - gam[y97,mu1,mu2,y95]*gam[y99,FIVE,mu1,mu2
   ,y93]*I*eseft(45) - gam[y97,mu1,mu2,y95]*gam[y99,FIVE,mu1,mu2,y93]*I
   *eseft(46) - gam[y97,mu1,mu2,y95]*gam[y99,mu1,mu2,y93]*I*eseft(45)
    - gam[y97,mu1,mu2,y95]*gam[y99,mu1,mu2,y93]*I*eseft(46)];
    eseft(53)=G[gam[y93,FIVE,mu1,y97]*gam[y99,FIVE,mu1,y95]*I*eseft(9)
    + gam[y93,FIVE,mu1,y97]*gam[y99,FIVE,mu1,y95]*I*eseft(10) + gam[y93
   ,FIVE,mu1,y97]*gam[y99,mu1,y95]*I*eseft(9) + gam[y93,FIVE,mu1,y97]*
   gam[y99,mu1,y95]*I*eseft(10) + gam[y93,FIVE,mu1,mu2,mu3,y97]*gam[y99
   ,FIVE,mu1,mu2,mu3,y95]*I*eseft(25) + gam[y93,FIVE,mu1,mu2,mu3,y97]*
   gam[y99,FIVE,mu1,mu2,mu3,y95]*I*eseft(26) + gam[y93,FIVE,mu1,mu2,mu3
   ,y97]*gam[y99,mu1,mu2,mu3,y95]*I*eseft(25) + gam[y93,FIVE,mu1,mu2,
   mu3,y97]*gam[y99,mu1,mu2,mu3,y95]*I*eseft(26) + gam[y93,mu1,y97]*
   gam[y99,FIVE,mu1,y95]*I*eseft(9) + gam[y93,mu1,y97]*gam[y99,FIVE,mu1
   ,y95]*I*eseft(10) + gam[y93,mu1,y97]*gam[y99,mu1,y95]*I*eseft(9) + 
   gam[y93,mu1,y97]*gam[y99,mu1,y95]*I*eseft(10) + gam[y93,mu1,mu2,mu3,
   y97]*gam[y99,FIVE,mu1,mu2,mu3,y95]*I*eseft(25) + gam[y93,mu1,mu2,mu3
   ,y97]*gam[y99,FIVE,mu1,mu2,mu3,y95]*I*eseft(26) + gam[y93,mu1,mu2,
   mu3,y97]*gam[y99,mu1,mu2,mu3,y95]*I*eseft(25) + gam[y93,mu1,mu2,mu3,
   y97]*gam[y99,mu1,mu2,mu3,y95]*I*eseft(26) - gam[y97,FIVE,y95]*gam[
   y99,FIVE,y93]*I*eseft(43) - gam[y97,FIVE,y95]*gam[y99,FIVE,y93]*I*
   eseft(44) - gam[y97,FIVE,y95]*gam[y99,y93]*I*eseft(43) - gam[y97,
   FIVE,y95]*gam[y99,y93]*I*eseft(44) - gam[y97,FIVE,mu1,mu2,y95]*gam[
   y99,FIVE,mu1,mu2,y93]*I*eseft(47) - gam[y97,FIVE,mu1,mu2,y95]*gam[
   y99,FIVE,mu1,mu2,y93]*I*eseft(48) - gam[y97,FIVE,mu1,mu2,y95]*gam[
   y99,mu1,mu2,y93]*I*eseft(47) - gam[y97,FIVE,mu1,mu2,y95]*gam[y99,mu1
   ,mu2,y93]*I*eseft(48) + gam[y97,y95]*gam[y99,FIVE,y93]*I*eseft(43)
    + gam[y97,y95]*gam[y99,FIVE,y93]*I*eseft(44) + gam[y97,y95]*gam[y99
   ,y93]*I*eseft(43) + gam[y97,y95]*gam[y99,y93]*I*eseft(44) + gam[y97,
   mu1,mu2,y95]*gam[y99,FIVE,mu1,mu2,y93]*I*eseft(47) + gam[y97,mu1,mu2
   ,y95]*gam[y99,FIVE,mu1,mu2,y93]*I*eseft(48) + gam[y97,mu1,mu2,y95]*
   gam[y99,mu1,mu2,y93]*I*eseft(47) + gam[y97,mu1,mu2,y95]*gam[y99,mu1,
   mu2,y93]*I*eseft(48)];
    eseft(54)=G[gam[y93,FIVE,mu1,y97]*gam[y99,FIVE,mu1,y95]*I*eseft(11)
    + gam[y93,FIVE,mu1,y97]*gam[y99,FIVE,mu1,y95]*I*eseft(12) + gam[y93
   ,FIVE,mu1,y97]*gam[y99,mu1,y95]*I*eseft(11) + gam[y93,FIVE,mu1,y97]*
   gam[y99,mu1,y95]*I*eseft(12) + gam[y93,FIVE,mu1,mu2,mu3,y97]*gam[y99
   ,FIVE,mu1,mu2,mu3,y95]*I*eseft(27) + gam[y93,FIVE,mu1,mu2,mu3,y97]*
   gam[y99,FIVE,mu1,mu2,mu3,y95]*I*eseft(28) + gam[y93,FIVE,mu1,mu2,mu3
   ,y97]*gam[y99,mu1,mu2,mu3,y95]*I*eseft(27) + gam[y93,FIVE,mu1,mu2,
   mu3,y97]*gam[y99,mu1,mu2,mu3,y95]*I*eseft(28) + gam[y93,mu1,y97]*
   gam[y99,FIVE,mu1,y95]*I*eseft(11) + gam[y93,mu1,y97]*gam[y99,FIVE,
   mu1,y95]*I*eseft(12) + gam[y93,mu1,y97]*gam[y99,mu1,y95]*I*eseft(11)
    + gam[y93,mu1,y97]*gam[y99,mu1,y95]*I*eseft(12) + gam[y93,mu1,mu2,
   mu3,y97]*gam[y99,FIVE,mu1,mu2,mu3,y95]*I*eseft(27) + gam[y93,mu1,mu2
   ,mu3,y97]*gam[y99,FIVE,mu1,mu2,mu3,y95]*I*eseft(28) + gam[y93,mu1,
   mu2,mu3,y97]*gam[y99,mu1,mu2,mu3,y95]*I*eseft(27) + gam[y93,mu1,mu2,
   mu3,y97]*gam[y99,mu1,mu2,mu3,y95]*I*eseft(28)];
    eseft(55)=G[gam[y93,FIVE,mu1,y95]*gam[y99,FIVE,mu1,y97]*I*eseft(5)
    + gam[y93,FIVE,mu1,y95]*gam[y99,FIVE,mu1,y97]*I*eseft(6) + gam[y93,
   FIVE,mu1,y95]*gam[y99,mu1,y97]*I*eseft(5) + gam[y93,FIVE,mu1,y95]*
   gam[y99,mu1,y97]*I*eseft(6) + gam[y93,FIVE,mu1,mu2,mu3,y95]*gam[y99,
   FIVE,mu1,mu2,mu3,y97]*I*eseft(21) + gam[y93,FIVE,mu1,mu2,mu3,y95]*
   gam[y99,FIVE,mu1,mu2,mu3,y97]*I*eseft(22) + gam[y93,FIVE,mu1,mu2,mu3
   ,y95]*gam[y99,mu1,mu2,mu3,y97]*I*eseft(21) + gam[y93,FIVE,mu1,mu2,
   mu3,y95]*gam[y99,mu1,mu2,mu3,y97]*I*eseft(22) + gam[y93,mu1,y95]*
   gam[y99,FIVE,mu1,y97]*I*eseft(5) + gam[y93,mu1,y95]*gam[y99,FIVE,mu1
   ,y97]*I*eseft(6) + gam[y93,mu1,y95]*gam[y99,mu1,y97]*I*eseft(5) + 
   gam[y93,mu1,y95]*gam[y99,mu1,y97]*I*eseft(6) + gam[y93,mu1,mu2,mu3,
   y95]*gam[y99,FIVE,mu1,mu2,mu3,y97]*I*eseft(21) + gam[y93,mu1,mu2,mu3
   ,y95]*gam[y99,FIVE,mu1,mu2,mu3,y97]*I*eseft(22) + gam[y93,mu1,mu2,
   mu3,y95]*gam[y99,mu1,mu2,mu3,y97]*I*eseft(21) + gam[y93,mu1,mu2,mu3,
   y95]*gam[y99,mu1,mu2,mu3,y97]*I*eseft(22)];
    eseft(56)=G[gam[y93,FIVE,mu1,y97]*gam[y99,FIVE,mu1,y95]*I*eseft(13)
    + gam[y93,FIVE,mu1,y97]*gam[y99,FIVE,mu1,y95]*I*eseft(14) + gam[y93
   ,FIVE,mu1,y97]*gam[y99,mu1,y95]*I*eseft(13) + gam[y93,FIVE,mu1,y97]*
   gam[y99,mu1,y95]*I*eseft(14) + gam[y93,FIVE,mu1,mu2,mu3,y97]*gam[y99
   ,FIVE,mu1,mu2,mu3,y95]*I*eseft(29) + gam[y93,FIVE,mu1,mu2,mu3,y97]*
   gam[y99,FIVE,mu1,mu2,mu3,y95]*I*eseft(30) + gam[y93,FIVE,mu1,mu2,mu3
   ,y97]*gam[y99,mu1,mu2,mu3,y95]*I*eseft(29) + gam[y93,FIVE,mu1,mu2,
   mu3,y97]*gam[y99,mu1,mu2,mu3,y95]*I*eseft(30) + gam[y93,mu1,y97]*
   gam[y99,FIVE,mu1,y95]*I*eseft(13) + gam[y93,mu1,y97]*gam[y99,FIVE,
   mu1,y95]*I*eseft(14) + gam[y93,mu1,y97]*gam[y99,mu1,y95]*I*eseft(13)
    + gam[y93,mu1,y97]*gam[y99,mu1,y95]*I*eseft(14) + gam[y93,mu1,mu2,
   mu3,y97]*gam[y99,FIVE,mu1,mu2,mu3,y95]*I*eseft(29) + gam[y93,mu1,mu2
   ,mu3,y97]*gam[y99,FIVE,mu1,mu2,mu3,y95]*I*eseft(30) + gam[y93,mu1,
   mu2,mu3,y97]*gam[y99,mu1,mu2,mu3,y95]*I*eseft(29) + gam[y93,mu1,mu2,
   mu3,y97]*gam[y99,mu1,mu2,mu3,y95]*I*eseft(30)];
    eseft(57)=G[gam[y93,FIVE,mu1,y95]*gam[y99,FIVE,mu1,y97]*I*eseft(7)
    + gam[y93,FIVE,mu1,y95]*gam[y99,FIVE,mu1,y97]*I*eseft(8) + gam[y93,
   FIVE,mu1,y95]*gam[y99,mu1,y97]*I*eseft(7) + gam[y93,FIVE,mu1,y95]*
   gam[y99,mu1,y97]*I*eseft(8) + gam[y93,FIVE,mu1,mu2,mu3,y95]*gam[y99,
   FIVE,mu1,mu2,mu3,y97]*I*eseft(23) + gam[y93,FIVE,mu1,mu2,mu3,y95]*
   gam[y99,FIVE,mu1,mu2,mu3,y97]*I*eseft(24) + gam[y93,FIVE,mu1,mu2,mu3
   ,y95]*gam[y99,mu1,mu2,mu3,y97]*I*eseft(23) + gam[y93,FIVE,mu1,mu2,
   mu3,y95]*gam[y99,mu1,mu2,mu3,y97]*I*eseft(24) + gam[y93,mu1,y95]*
   gam[y99,FIVE,mu1,y97]*I*eseft(7) + gam[y93,mu1,y95]*gam[y99,FIVE,mu1
   ,y97]*I*eseft(8) + gam[y93,mu1,y95]*gam[y99,mu1,y97]*I*eseft(7) + 
   gam[y93,mu1,y95]*gam[y99,mu1,y97]*I*eseft(8) + gam[y93,mu1,mu2,mu3,
   y95]*gam[y99,FIVE,mu1,mu2,mu3,y97]*I*eseft(23) + gam[y93,mu1,mu2,mu3
   ,y95]*gam[y99,FIVE,mu1,mu2,mu3,y97]*I*eseft(24) + gam[y93,mu1,mu2,
   mu3,y95]*gam[y99,mu1,mu2,mu3,y97]*I*eseft(23) + gam[y93,mu1,mu2,mu3,
   y95]*gam[y99,mu1,mu2,mu3,y97]*I*eseft(24)];
    eseft(58)=G[gam[y93,FIVE,mu1,y97]*gam[y99,FIVE,mu1,y95]*I*eseft(15)
    + gam[y93,FIVE,mu1,y97]*gam[y99,FIVE,mu1,y95]*I*eseft(16) + gam[y93
   ,FIVE,mu1,y97]*gam[y99,mu1,y95]*I*eseft(15) + gam[y93,FIVE,mu1,y97]*
   gam[y99,mu1,y95]*I*eseft(16) + gam[y93,FIVE,mu1,mu2,mu3,y97]*gam[y99
   ,FIVE,mu1,mu2,mu3,y95]*I*eseft(31) + gam[y93,FIVE,mu1,mu2,mu3,y97]*
   gam[y99,FIVE,mu1,mu2,mu3,y95]*I*eseft(32) + gam[y93,FIVE,mu1,mu2,mu3
   ,y97]*gam[y99,mu1,mu2,mu3,y95]*I*eseft(31) + gam[y93,FIVE,mu1,mu2,
   mu3,y97]*gam[y99,mu1,mu2,mu3,y95]*I*eseft(32) + gam[y93,mu1,y97]*
   gam[y99,FIVE,mu1,y95]*I*eseft(15) + gam[y93,mu1,y97]*gam[y99,FIVE,
   mu1,y95]*I*eseft(16) + gam[y93,mu1,y97]*gam[y99,mu1,y95]*I*eseft(15)
    + gam[y93,mu1,y97]*gam[y99,mu1,y95]*I*eseft(16) + gam[y93,mu1,mu2,
   mu3,y97]*gam[y99,FIVE,mu1,mu2,mu3,y95]*I*eseft(31) + gam[y93,mu1,mu2
   ,mu3,y97]*gam[y99,FIVE,mu1,mu2,mu3,y95]*I*eseft(32) + gam[y93,mu1,
   mu2,mu3,y97]*gam[y99,mu1,mu2,mu3,y95]*I*eseft(31) + gam[y93,mu1,mu2,
   mu3,y97]*gam[y99,mu1,mu2,mu3,y95]*I*eseft(32)];

