    eseft(1)=alphaRuHD2[fl99,fl97];
    eseft(2)=alphaOuB[fl99,fl97];
    eseft(3)=alphaRuHD1[fl99,fl97];
    eseft(4)=alphaRuHD3[fl99,fl97];
    eseft(5)=alphaRuHD4[fl99,fl97];
    eseft(6)=alphaEuB[fl99,fl97];
    eseft(7)=alphaEuH[fl99,fl97];
    eseft(8)=G[3*gam[y99,FIVE,p2,pol3,y97]*sSS*I*g1*eseft(1) - 12*gam[
   y99,FIVE,p3,pol3,y97]*sSS*I*eseft(2) + 4*gam[y99,FIVE,p4,pol3,y97]*
   sSS*I*g1*eseft(1) - 3*gam[y99,FIVE,y97]*p2.pol3*sSS*I*g1*eseft(1) + 
   8*gam[y99,FIVE,y97]*p2.pol3*sSS*I*g1*eseft(4) - 3*gam[y99,FIVE,y97]*
   p2.pol3*sSS*I*g1*eseft(5) + 12*gam[y99,FIVE,y97]*p3.pol3*sSS*I*
   eseft(2) - 3*gam[y99,FIVE,y97]*p3.pol3*sSS*I*g1*eseft(3) + 4*gam[y99
   ,FIVE,y97]*p3.pol3*sSS*I*g1*eseft(4) - 4*gam[y99,FIVE,y97]*p4.pol3*
   sSS*I*g1*eseft(1) - 6*gam[y99,FIVE,y97]*p4.pol3*sSS*I*g1*eseft(3) + 
   4*gam[y99,FIVE,y97]*p4.pol3*sSS*I*g1*eseft(5) + 3*gam[y99,FIVE,mu1,
   mu2,y97]*e_[p2,pol3,mu1,mu2]*sSS*I*g1*eseft(7) + 6*gam[y99,FIVE,mu1,
   mu2,y97]*e_[p3,pol3,mu1,mu2]*sSS*eseft(6) + 4*gam[y99,FIVE,mu1,mu2,
   y97]*e_[p4,pol3,mu1,mu2]*sSS*I*g1*eseft(7) + 3*gam[y99,p2,pol3,y97]*
   sSS*I*g1*eseft(1) - 12*gam[y99,p3,pol3,y97]*sSS*I*eseft(2) + 4*gam[
   y99,p4,pol3,y97]*sSS*I*g1*eseft(1) - 3*gam[y99,y97]*p2.pol3*sSS*I*g1
   *eseft(1) + 8*gam[y99,y97]*p2.pol3*sSS*I*g1*eseft(4) - 3*gam[y99,y97
   ]*p2.pol3*sSS*I*g1*eseft(5) + 12*gam[y99,y97]*p3.pol3*sSS*I*eseft(2)
    - 3*gam[y99,y97]*p3.pol3*sSS*I*g1*eseft(3) + 4*gam[y99,y97]*p3.pol3
   *sSS*I*g1*eseft(4) - 4*gam[y99,y97]*p4.pol3*sSS*I*g1*eseft(1) - 6*
   gam[y99,y97]*p4.pol3*sSS*I*g1*eseft(3) + 4*gam[y99,y97]*p4.pol3*sSS*
   I*g1*eseft(5) + 3*gam[y99,mu1,mu2,y97]*e_[p2,pol3,mu1,mu2]*sSS*I*g1*
   eseft(7) + 6*gam[y99,mu1,mu2,y97]*e_[p3,pol3,mu1,mu2]*sSS*eseft(6)
    + 4*gam[y99,mu1,mu2,y97]*e_[p4,pol3,mu1,mu2]*sSS*I*g1*eseft(7)];

