    eseft(1)=alphaRuHD2bar[fl97,fl99];
    eseft(2)=alphaOuBbar[fl97,fl99];
    eseft(3)=alphaEuBbar[fl97,fl99];
    eseft(4)=alphaEuHbar[fl97,fl99];
    eseft(5)=alphaRuHD1bar[fl97,fl99];
    eseft(6)=alphaRuHD3bar[fl97,fl99];
    eseft(7)=alphaRuHD4bar[fl97,fl99];
    eseft(8)=G[3*gam[y99,FIVE,p2,pol3,y97]*sSS*I*g1*eseft(1) + 12*gam[
   y99,FIVE,p3,pol3,y97]*sSS*I*eseft(2) + 3*gam[y99,FIVE,p3,pol3,y97]*
   sSS*I*g1*eseft(1) - gam[y99,FIVE,p4,pol3,y97]*sSS*I*g1*eseft(1) - 3*
   gam[y99,FIVE,mu1,mu2,y97]*e_[p2,pol3,mu1,mu2]*sSS*I*g1*eseft(4) - 6*
   gam[y99,FIVE,mu1,mu2,y97]*e_[p3,pol3,mu1,mu2]*sSS*eseft(3) - 3*gam[
   y99,FIVE,mu1,mu2,y97]*e_[p3,pol3,mu1,mu2]*sSS*I*g1*eseft(4) + gam[
   y99,FIVE,mu1,mu2,y97]*e_[p4,pol3,mu1,mu2]*sSS*I*g1*eseft(4) - 3*gam[
   y99,FIVE,y97]*p2.pol3*sSS*I*g1*eseft(1) - 8*gam[y99,FIVE,y97]*
   p2.pol3*sSS*I*g1*eseft(6) + 3*gam[y99,FIVE,y97]*p2.pol3*sSS*I*g1*
   eseft(7) - 12*gam[y99,FIVE,y97]*p3.pol3*sSS*I*eseft(2) - 3*gam[y99,
   FIVE,y97]*p3.pol3*sSS*I*g1*eseft(1) - 3*gam[y99,FIVE,y97]*p3.pol3*
   sSS*I*g1*eseft(5) - 4*gam[y99,FIVE,y97]*p3.pol3*sSS*I*g1*eseft(6) + 
   3*gam[y99,FIVE,y97]*p3.pol3*sSS*I*g1*eseft(7) + gam[y99,FIVE,y97]*
   p4.pol3*sSS*I*g1*eseft(1) - 6*gam[y99,FIVE,y97]*p4.pol3*sSS*I*g1*
   eseft(5) - 8*gam[y99,FIVE,y97]*p4.pol3*sSS*I*g1*eseft(6) + 7*gam[y99
   ,FIVE,y97]*p4.pol3*sSS*I*g1*eseft(7) - 3*gam[y99,p2,pol3,y97]*sSS*I*
   g1*eseft(1) - 12*gam[y99,p3,pol3,y97]*sSS*I*eseft(2) - 3*gam[y99,p3,
   pol3,y97]*sSS*I*g1*eseft(1) + gam[y99,p4,pol3,y97]*sSS*I*g1*eseft(1)
    + 3*gam[y99,mu1,mu2,y97]*e_[p2,pol3,mu1,mu2]*sSS*I*g1*eseft(4) + 6*
   gam[y99,mu1,mu2,y97]*e_[p3,pol3,mu1,mu2]*sSS*eseft(3) + 3*gam[y99,
   mu1,mu2,y97]*e_[p3,pol3,mu1,mu2]*sSS*I*g1*eseft(4) - gam[y99,mu1,mu2
   ,y97]*e_[p4,pol3,mu1,mu2]*sSS*I*g1*eseft(4) + 3*gam[y99,y97]*p2.pol3
   *sSS*I*g1*eseft(1) + 8*gam[y99,y97]*p2.pol3*sSS*I*g1*eseft(6) - 3*
   gam[y99,y97]*p2.pol3*sSS*I*g1*eseft(7) + 12*gam[y99,y97]*p3.pol3*sSS
   *I*eseft(2) + 3*gam[y99,y97]*p3.pol3*sSS*I*g1*eseft(1) + 3*gam[y99,
   y97]*p3.pol3*sSS*I*g1*eseft(5) + 4*gam[y99,y97]*p3.pol3*sSS*I*g1*
   eseft(6) - 3*gam[y99,y97]*p3.pol3*sSS*I*g1*eseft(7) - gam[y99,y97]*
   p4.pol3*sSS*I*g1*eseft(1) + 6*gam[y99,y97]*p4.pol3*sSS*I*g1*eseft(5)
    + 8*gam[y99,y97]*p4.pol3*sSS*I*g1*eseft(6) - 7*gam[y99,y97]*p4.pol3
   *sSS*I*g1*eseft(7)];

