    eseft(1)=alphaEGup[fl99,fl97];
    eseft(2)=alphaRuD[fl99,fl97];
    eseft(3)=alphaRGu[fl99,fl97];
    eseft(4)=alphaRGup[fl99,fl97];
    eseft(5)=alphaKu[fl99,fl97];
    eseft(6)=alphaEGutp[fl99,fl97];
    eseft(7)=alphaEGu[fl99,fl97];
    eseft(8)=alphaRGutp[fl99,fl97];
    eseft(9)=G[8*gam[y99,FIVE,p2,p3,pol3,y97]*sSS^2*I*eseft(1) - 4*gam[
   y99,FIVE,p2,y97]*p2.pol3*sSS^2*I*g3*eseft(2) - 8*gam[y99,FIVE,p2,y97
   ]*p3.pol3*sSS^2*I*eseft(1) - 2*gam[y99,FIVE,p2,y97]*p3.pol3*sSS^2*I*
   g3*eseft(2) + 2*gam[y99,FIVE,p3,y97]*p2.pol3*sSS^2*eseft(4) + 8*gam[
   y99,FIVE,p3,y97]*p2.pol3*sSS^2*I*eseft(1) - 2*gam[y99,FIVE,p3,y97]*
   p2.pol3*sSS^2*I*g3*eseft(2) + gam[y99,FIVE,p3,y97]*p3.pol3*sSS^2*
   eseft(4) - 4*gam[y99,FIVE,p3,y97]*p3.pol3*sSS^2*I*eseft(1) - 2*gam[
   y99,FIVE,p3,y97]*p3.pol3*sSS^2*I*eseft(3) - gam[y99,FIVE,p3,y97]*
   p3.pol3*sSS^2*I*g3*eseft(2) + 2*gam[y99,FIVE,pol3,y97]*I*g3*eseft(5)
    - 2*gam[y99,FIVE,pol3,y97]*p2.p2*sSS^2*I*g3*eseft(2) - 2*gam[y99,
   FIVE,pol3,y97]*p2.p3*sSS^2*eseft(4) - 8*gam[y99,FIVE,pol3,y97]*p2.p3
   *sSS^2*I*eseft(1) - 2*gam[y99,FIVE,pol3,y97]*p2.p3*sSS^2*I*g3*
   eseft(2) - gam[y99,FIVE,pol3,y97]*p3.p3*sSS^2*eseft(4) + 4*gam[y99,
   FIVE,pol3,y97]*p3.p3*sSS^2*I*eseft(1) + 2*gam[y99,FIVE,pol3,y97]*
   p3.p3*sSS^2*I*eseft(3) - gam[y99,FIVE,pol3,y97]*p3.p3*sSS^2*I*g3*
   eseft(2) - 4*gam[y99,FIVE,mu1,mu2,p2,y97]*e_[p3,pol3,mu1,mu2]*sSS^2*
   eseft(6) - 2*gam[y99,FIVE,mu1,mu2,p3,y97]*e_[p3,pol3,mu1,mu2]*sSS^2*
   eseft(6) + 4*gam[y99,FIVE,mu1,mu2,p3,y97]*e_[p3,pol3,mu1,mu2]*sSS^2*
   I*eseft(7) - 8*gam[y99,FIVE,mu1,y97]*e_[p2,p3,pol3,mu1]*sSS^2*
   eseft(6) - 2*gam[y99,FIVE,mu1,y97]*e_[p2,p3,pol3,mu1]*sSS^2*I*
   eseft(8) - 8*gam[y99,p2,p3,pol3,y97]*sSS^2*I*eseft(1) + 4*gam[y99,p2
   ,y97]*p2.pol3*sSS^2*I*g3*eseft(2) + 8*gam[y99,p2,y97]*p3.pol3*sSS^2*
   I*eseft(1) + 2*gam[y99,p2,y97]*p3.pol3*sSS^2*I*g3*eseft(2) - 2*gam[
   y99,p3,y97]*p2.pol3*sSS^2*eseft(4) - 8*gam[y99,p3,y97]*p2.pol3*sSS^2
   *I*eseft(1) + 2*gam[y99,p3,y97]*p2.pol3*sSS^2*I*g3*eseft(2) - gam[
   y99,p3,y97]*p3.pol3*sSS^2*eseft(4) + 4*gam[y99,p3,y97]*p3.pol3*sSS^2
   *I*eseft(1) + 2*gam[y99,p3,y97]*p3.pol3*sSS^2*I*eseft(3) + gam[y99,
   p3,y97]*p3.pol3*sSS^2*I*g3*eseft(2) - 2*gam[y99,pol3,y97]*I*g3*
   eseft(5) + 2*gam[y99,pol3,y97]*p2.p2*sSS^2*I*g3*eseft(2) + 2*gam[y99
   ,pol3,y97]*p2.p3*sSS^2*eseft(4) + 8*gam[y99,pol3,y97]*p2.p3*sSS^2*I*
   eseft(1) + 2*gam[y99,pol3,y97]*p2.p3*sSS^2*I*g3*eseft(2) + gam[y99,
   pol3,y97]*p3.p3*sSS^2*eseft(4) - 4*gam[y99,pol3,y97]*p3.p3*sSS^2*I*
   eseft(1) - 2*gam[y99,pol3,y97]*p3.p3*sSS^2*I*eseft(3) + gam[y99,pol3
   ,y97]*p3.p3*sSS^2*I*g3*eseft(2) + 4*gam[y99,mu1,mu2,p2,y97]*e_[p3,
   pol3,mu1,mu2]*sSS^2*eseft(6) + 2*gam[y99,mu1,mu2,p3,y97]*e_[p3,pol3,
   mu1,mu2]*sSS^2*eseft(6) - 4*gam[y99,mu1,mu2,p3,y97]*e_[p3,pol3,mu1,
   mu2]*sSS^2*I*eseft(7) + 8*gam[y99,mu1,y97]*e_[p2,p3,pol3,mu1]*sSS^2*
   eseft(6) + 2*gam[y99,mu1,y97]*e_[p2,p3,pol3,mu1]*sSS^2*I*eseft(8)];

