    eseft(1)=alphaOuGbar[fl97,fl99];
    eseft(2)=alphaRuHD2bar[fl97,fl99];
    eseft(3)=alphaRuHD3bar[fl97,fl99];
    eseft(4)=alphaRuHD4bar[fl97,fl99];
    eseft(5)=alphaEuGbar[fl97,fl99];
    eseft(6)=alphaEuHbar[fl97,fl99];
    eseft(7)=G[2*gam[y99,FIVE,p3,pol3,y97]*sSS*I*eseft(1) - gam[y99,
   FIVE,p4,pol3,y97]*sSS*I*g3*eseft(2) - 2*gam[y99,FIVE,y97]*p2.pol3*
   sSS*I*g3*eseft(3) - 2*gam[y99,FIVE,y97]*p3.pol3*sSS*I*eseft(1) - 
   gam[y99,FIVE,y97]*p3.pol3*sSS*I*g3*eseft(3) + gam[y99,FIVE,y97]*
   p4.pol3*sSS*I*g3*eseft(2) - 2*gam[y99,FIVE,y97]*p4.pol3*sSS*I*g3*
   eseft(3) + gam[y99,FIVE,y97]*p4.pol3*sSS*I*g3*eseft(4) - gam[y99,
   FIVE,mu1,mu2,y97]*e_[p3,pol3,mu1,mu2]*sSS*eseft(5) + gam[y99,FIVE,
   mu1,mu2,y97]*e_[p4,pol3,mu1,mu2]*sSS*I*g3*eseft(6) - 2*gam[y99,p3,
   pol3,y97]*sSS*I*eseft(1) + gam[y99,p4,pol3,y97]*sSS*I*g3*eseft(2) + 
   2*gam[y99,y97]*p2.pol3*sSS*I*g3*eseft(3) + 2*gam[y99,y97]*p3.pol3*
   sSS*I*eseft(1) + gam[y99,y97]*p3.pol3*sSS*I*g3*eseft(3) - gam[y99,
   y97]*p4.pol3*sSS*I*g3*eseft(2) + 2*gam[y99,y97]*p4.pol3*sSS*I*g3*
   eseft(3) - gam[y99,y97]*p4.pol3*sSS*I*g3*eseft(4) + gam[y99,mu1,mu2,
   y97]*e_[p3,pol3,mu1,mu2]*sSS*eseft(5) - gam[y99,mu1,mu2,y97]*e_[p4,
   pol3,mu1,mu2]*sSS*I*g3*eseft(6)];

