    eseft(1)=alphaEBup[fl99,fl97];
    eseft(2)=alphaRuD[fl99,fl97];
    eseft(3)=alphaRBu[fl99,fl97];
    eseft(4)=alphaRBup[fl99,fl97];
    eseft(5)=alphaKu[fl99,fl97];
    eseft(6)=alphaEButp[fl99,fl97];
    eseft(7)=alphaRButp[fl99,fl97];
    eseft(8)=alphaEBu[fl99,fl97];
    eseft(9)=G[24*gam[y99,FIVE,p2,p3,pol3,y97]*sSS^2*I*eseft(1) - 8*
   gam[y99,FIVE,p2,y97]*p2.pol3*sSS^2*I*g1*eseft(2) - 24*gam[y99,FIVE,
   p2,y97]*p3.pol3*sSS^2*I*eseft(1) - 4*gam[y99,FIVE,p2,y97]*p3.pol3*
   sSS^2*I*g1*eseft(2) + 6*gam[y99,FIVE,p3,y97]*p2.pol3*sSS^2*eseft(4)
    + 24*gam[y99,FIVE,p3,y97]*p2.pol3*sSS^2*I*eseft(1) - 4*gam[y99,FIVE
   ,p3,y97]*p2.pol3*sSS^2*I*g1*eseft(2) + 3*gam[y99,FIVE,p3,y97]*
   p3.pol3*sSS^2*eseft(4) - 12*gam[y99,FIVE,p3,y97]*p3.pol3*sSS^2*I*
   eseft(1) - 6*gam[y99,FIVE,p3,y97]*p3.pol3*sSS^2*I*eseft(3) - 2*gam[
   y99,FIVE,p3,y97]*p3.pol3*sSS^2*I*g1*eseft(2) + 4*gam[y99,FIVE,pol3,
   y97]*I*g1*eseft(5) - 4*gam[y99,FIVE,pol3,y97]*p2.p2*sSS^2*I*g1*
   eseft(2) - 6*gam[y99,FIVE,pol3,y97]*p2.p3*sSS^2*eseft(4) - 24*gam[
   y99,FIVE,pol3,y97]*p2.p3*sSS^2*I*eseft(1) - 4*gam[y99,FIVE,pol3,y97]
   *p2.p3*sSS^2*I*g1*eseft(2) - 3*gam[y99,FIVE,pol3,y97]*p3.p3*sSS^2*
   eseft(4) + 12*gam[y99,FIVE,pol3,y97]*p3.p3*sSS^2*I*eseft(1) + 6*gam[
   y99,FIVE,pol3,y97]*p3.p3*sSS^2*I*eseft(3) - 2*gam[y99,FIVE,pol3,y97]
   *p3.p3*sSS^2*I*g1*eseft(2) - 24*gam[y99,FIVE,mu1,y97]*e_[p2,p3,pol3,
   mu1]*sSS^2*eseft(6) - 6*gam[y99,FIVE,mu1,y97]*e_[p2,p3,pol3,mu1]*
   sSS^2*I*eseft(7) - 12*gam[y99,FIVE,mu1,mu2,p2,y97]*e_[p3,pol3,mu1,
   mu2]*sSS^2*eseft(6) - 6*gam[y99,FIVE,mu1,mu2,p3,y97]*e_[p3,pol3,mu1,
   mu2]*sSS^2*eseft(6) + 12*gam[y99,FIVE,mu1,mu2,p3,y97]*e_[p3,pol3,mu1
   ,mu2]*sSS^2*I*eseft(8) - 24*gam[y99,p2,p3,pol3,y97]*sSS^2*I*eseft(1)
    + 8*gam[y99,p2,y97]*p2.pol3*sSS^2*I*g1*eseft(2) + 24*gam[y99,p2,y97
   ]*p3.pol3*sSS^2*I*eseft(1) + 4*gam[y99,p2,y97]*p3.pol3*sSS^2*I*g1*
   eseft(2) - 6*gam[y99,p3,y97]*p2.pol3*sSS^2*eseft(4) - 24*gam[y99,p3,
   y97]*p2.pol3*sSS^2*I*eseft(1) + 4*gam[y99,p3,y97]*p2.pol3*sSS^2*I*g1
   *eseft(2) - 3*gam[y99,p3,y97]*p3.pol3*sSS^2*eseft(4) + 12*gam[y99,p3
   ,y97]*p3.pol3*sSS^2*I*eseft(1) + 6*gam[y99,p3,y97]*p3.pol3*sSS^2*I*
   eseft(3) + 2*gam[y99,p3,y97]*p3.pol3*sSS^2*I*g1*eseft(2) - 4*gam[y99
   ,pol3,y97]*I*g1*eseft(5) + 4*gam[y99,pol3,y97]*p2.p2*sSS^2*I*g1*
   eseft(2) + 6*gam[y99,pol3,y97]*p2.p3*sSS^2*eseft(4) + 24*gam[y99,
   pol3,y97]*p2.p3*sSS^2*I*eseft(1) + 4*gam[y99,pol3,y97]*p2.p3*sSS^2*I
   *g1*eseft(2) + 3*gam[y99,pol3,y97]*p3.p3*sSS^2*eseft(4) - 12*gam[y99
   ,pol3,y97]*p3.p3*sSS^2*I*eseft(1) - 6*gam[y99,pol3,y97]*p3.p3*sSS^2*
   I*eseft(3) + 2*gam[y99,pol3,y97]*p3.p3*sSS^2*I*g1*eseft(2) + 24*gam[
   y99,mu1,y97]*e_[p2,p3,pol3,mu1]*sSS^2*eseft(6) + 6*gam[y99,mu1,y97]*
   e_[p2,p3,pol3,mu1]*sSS^2*I*eseft(7) + 12*gam[y99,mu1,mu2,p2,y97]*e_[
   p3,pol3,mu1,mu2]*sSS^2*eseft(6) + 6*gam[y99,mu1,mu2,p3,y97]*e_[p3,
   pol3,mu1,mu2]*sSS^2*eseft(6) - 12*gam[y99,mu1,mu2,p3,y97]*e_[p3,pol3
   ,mu1,mu2]*sSS^2*I*eseft(8)];

