
 --------------------------------------------------------------
                           qgraf-3.6.3
 --------------------------------------------------------------

  output= 'OUTPUTFILE' ;
  style= '/Users/usuario/Library/Python/3.9/lib/pyth'
 'on/site-packages/matchmakereft/core/my.sty' ;
  model= 'model';
  in= dRbar,qL,B,Phibar;
  out=;
  loops= 0;
  loop_momentum= k;
  options= ;
  true = bridge[B, BQuantum, dR, eR, G, ghB, ghG, ghWi, GQuantum,
 lL, Phi, qL, uR, Wi, WiQuantum, 0 , 0];
  true = chord[G, Wi, B, 0,  0];
  true = bridge[GQuantum, WiQuantum, BQuantum, 0,  0];

 --------------------------------------------------------------

        v-degrees                #diagrams

     -   4^1   -    -      ....     1
    3^2   -    -    -      ....     0   **


       total =  1 connected diagram

