
 --------------------------------------------------------------
                           qgraf-3.5.0
 --------------------------------------------------------------

  output= 'OUTPUTFILE' ;
  style= '/usr/local/lib/python3.9/site-pa'
 'ckages/matchmakereft/core/my.sty' ;
  model= 'model';
  in= Phi,Phi,Phi,Phibar,Phibar,Phibar;
  out=;
  loops= 0;
  loop_momentum= k;
  options= ;
  true = bridge[B, BQuantum, dR, eR, G, ghB, ghG, ghWi, GQuantum,
 lL, Phi, qL, uR, Wi, WiQuantum, 0 , 0];

 --------------------------------------------------------------

        v-degrees                #diagrams

     -    -    -   6^1     ....     1
    3^1   -   5^1   -      ....     0   **
     -   4^2   -    -      ....     0   **
    3^2  4^1   -    -      ....     0   **
    3^4   -    -    -      ....     0   **


       total =  1 connected diagram   (w!)

