    esfull(1)=lambdaDelta1[fl97]*lambdaEbar[fl99];
    esfull(2)=G[4*gam[y99,FIVE,y97]*FourPi^(-2)*I*lambdaEDelta1*
   MDelta1^(-1)*ME*esfull(1) + 8*gam[y99,FIVE,y97]*FourPi^(-2)*I*
   lambdaEDelta1*MDelta1*ME^(-1)*esfull(1) + 12*gam[y99,FIVE,y97]*
   FourPi^(-2)*I*muH^2*lambdaEDelta1*MDelta1^(-1)*ME^(-1)*esfull(1) + 4
   *gam[y99,FIVE,y97]*FourPi^(-2)*I*invepsilonbar*lambdaEDelta1*
   MDelta1^(-1)*ME*esfull(1) + 8*gam[y99,FIVE,y97]*FourPi^(-2)*I*
   invepsilonbar*lambdaEDelta1*MDelta1*ME^(-1)*esfull(1) + 12*gam[y99,
   FIVE,y97]*FourPi^(-2)*I*invepsilonbar*muH^2*lambdaEDelta1*
   MDelta1^(-1)*ME^(-1)*esfull(1) + 3*gam[y99,FIVE,y97]*p2.p2*sSS^2*
   FourPi^(-2)*I*MDelta1^(-2)*lambdaHatEDelta1*esfull(1) + 6*gam[y99,
   FIVE,y97]*p2.p2*sSS^2*FourPi^(-2)*I*lambdaHatEDelta1*ME^(-2)*
   esfull(1) + 4*gam[y99,FIVE,y97]*p2.p2*sSS^2*FourPi^(-2)*I*
   lambdaEDelta1*MDelta1^(-3)*ME*esfull(1) + 6*gam[y99,FIVE,y97]*p2.p2*
   sSS^2*FourPi^(-2)*I*lambdaEDelta1*MDelta1^(-1)*ME^(-1)*esfull(1) + 8
   *gam[y99,FIVE,y97]*p2.p2*sSS^2*FourPi^(-2)*I*lambdaEDelta1*MDelta1*
   ME^(-3)*esfull(1) + 2*gam[y99,FIVE,y97]*p2.p2*sSS^2*FourPi^(-2)*I*
   invepsilonbar*MDelta1^(-2)*lambdaHatEDelta1*esfull(1) + 4*gam[y99,
   FIVE,y97]*p2.p2*sSS^2*FourPi^(-2)*I*invepsilonbar*lambdaHatEDelta1*
   ME^(-2)*esfull(1) + 4*gam[y99,FIVE,y97]*p2.p2*sSS^2*FourPi^(-2)*I*
   invepsilonbar*lambdaEDelta1*MDelta1^(-3)*ME*esfull(1) + 8*gam[y99,
   FIVE,y97]*p2.p2*sSS^2*FourPi^(-2)*I*invepsilonbar*lambdaEDelta1*
   MDelta1*ME^(-3)*esfull(1) + 6*gam[y99,FIVE,y97]*p2.p3*sSS^2*
   FourPi^(-2)*I*MDelta1^(-2)*lambdaHatEDelta1*esfull(1) + 8*gam[y99,
   FIVE,y97]*p2.p3*sSS^2*FourPi^(-2)*I*lambdaEDelta1*MDelta1^(-3)*ME*
   esfull(1) + 4*gam[y99,FIVE,y97]*p2.p3*sSS^2*FourPi^(-2)*I*
   lambdaEDelta1*MDelta1^(-1)*ME^(-1)*esfull(1) + 4*gam[y99,FIVE,y97]*
   p2.p3*sSS^2*FourPi^(-2)*I*invepsilonbar*MDelta1^(-2)*
   lambdaHatEDelta1*esfull(1) + 8*gam[y99,FIVE,y97]*p2.p3*sSS^2*
   FourPi^(-2)*I*invepsilonbar*lambdaEDelta1*MDelta1^(-3)*ME*esfull(1)
    + 3*gam[y99,FIVE,y97]*p3.p3*sSS^2*FourPi^(-2)*I*MDelta1^(-2)*
   lambdaHatEDelta1*esfull(1) + 4*gam[y99,FIVE,y97]*p3.p3*sSS^2*
   FourPi^(-2)*I*lambdaEDelta1*MDelta1^(-3)*ME*esfull(1) + 2*gam[y99,
   FIVE,y97]*p3.p3*sSS^2*FourPi^(-2)*I*lambdaEDelta1*MDelta1^(-1)*
   ME^(-1)*esfull(1) + 2*gam[y99,FIVE,y97]*p3.p3*sSS^2*FourPi^(-2)*I*
   invepsilonbar*MDelta1^(-2)*lambdaHatEDelta1*esfull(1) + 4*gam[y99,
   FIVE,y97]*p3.p3*sSS^2*FourPi^(-2)*I*invepsilonbar*lambdaEDelta1*
   MDelta1^(-3)*ME*esfull(1) - 4*gam[y99,FIVE,y97]*Log[ME^2]*
   FourPi^(-2)*I*lambdaEDelta1*MDelta1^(-1)*ME*esfull(1) - 4*gam[y99,
   FIVE,y97]*Log[ME^2]*FourPi^(-2)*I*muH^2*lambdaEDelta1*MDelta1^(-1)*
   ME^(-1)*esfull(1) - 2*gam[y99,FIVE,y97]*Log[ME^2]*p2.p2*sSS^2*
   FourPi^(-2)*I*MDelta1^(-2)*lambdaHatEDelta1*esfull(1) - 4*gam[y99,
   FIVE,y97]*Log[ME^2]*p2.p2*sSS^2*FourPi^(-2)*I*lambdaEDelta1*
   MDelta1^(-3)*ME*esfull(1) - 4*gam[y99,FIVE,y97]*Log[ME^2]*p2.p3*
   sSS^2*FourPi^(-2)*I*MDelta1^(-2)*lambdaHatEDelta1*esfull(1) - 8*gam[
   y99,FIVE,y97]*Log[ME^2]*p2.p3*sSS^2*FourPi^(-2)*I*lambdaEDelta1*
   MDelta1^(-3)*ME*esfull(1) - 2*gam[y99,FIVE,y97]*Log[ME^2]*p3.p3*
   sSS^2*FourPi^(-2)*I*MDelta1^(-2)*lambdaHatEDelta1*esfull(1) - 4*gam[
   y99,FIVE,y97]*Log[ME^2]*p3.p3*sSS^2*FourPi^(-2)*I*lambdaEDelta1*
   MDelta1^(-3)*ME*esfull(1) - 8*gam[y99,FIVE,y97]*Log[MDelta1^2]*
   FourPi^(-2)*I*lambdaEDelta1*MDelta1*ME^(-1)*esfull(1) - 8*gam[y99,
   FIVE,y97]*Log[MDelta1^2]*FourPi^(-2)*I*muH^2*lambdaEDelta1*
   MDelta1^(-1)*ME^(-1)*esfull(1) - 4*gam[y99,FIVE,y97]*Log[MDelta1^2]*
   p2.p2*sSS^2*FourPi^(-2)*I*lambdaHatEDelta1*ME^(-2)*esfull(1) - 8*
   gam[y99,FIVE,y97]*Log[MDelta1^2]*p2.p2*sSS^2*FourPi^(-2)*I*
   lambdaEDelta1*MDelta1*ME^(-3)*esfull(1) + 4*gam[y99,y97]*FourPi^(-2)
   *I*lambdaEDelta1*MDelta1^(-1)*ME*esfull(1) + 8*gam[y99,y97]*
   FourPi^(-2)*I*lambdaEDelta1*MDelta1*ME^(-1)*esfull(1) + 12*gam[y99,
   y97]*FourPi^(-2)*I*muH^2*lambdaEDelta1*MDelta1^(-1)*ME^(-1)*
   esfull(1) + 4*gam[y99,y97]*FourPi^(-2)*I*invepsilonbar*lambdaEDelta1
   *MDelta1^(-1)*ME*esfull(1) + 8*gam[y99,y97]*FourPi^(-2)*I*
   invepsilonbar*lambdaEDelta1*MDelta1*ME^(-1)*esfull(1) + 12*gam[y99,
   y97]*FourPi^(-2)*I*invepsilonbar*muH^2*lambdaEDelta1*MDelta1^(-1)*
   ME^(-1)*esfull(1) + 3*gam[y99,y97]*p2.p2*sSS^2*FourPi^(-2)*I*
   MDelta1^(-2)*lambdaHatEDelta1*esfull(1) + 6*gam[y99,y97]*p2.p2*sSS^2
   *FourPi^(-2)*I*lambdaHatEDelta1*ME^(-2)*esfull(1) + 4*gam[y99,y97]*
   p2.p2*sSS^2*FourPi^(-2)*I*lambdaEDelta1*MDelta1^(-3)*ME*esfull(1) + 
   6*gam[y99,y97]*p2.p2*sSS^2*FourPi^(-2)*I*lambdaEDelta1*MDelta1^(-1)*
   ME^(-1)*esfull(1) + 8*gam[y99,y97]*p2.p2*sSS^2*FourPi^(-2)*I*
   lambdaEDelta1*MDelta1*ME^(-3)*esfull(1) + 2*gam[y99,y97]*p2.p2*sSS^2
   *FourPi^(-2)*I*invepsilonbar*MDelta1^(-2)*lambdaHatEDelta1*esfull(1)
    + 4*gam[y99,y97]*p2.p2*sSS^2*FourPi^(-2)*I*invepsilonbar*
   lambdaHatEDelta1*ME^(-2)*esfull(1) + 4*gam[y99,y97]*p2.p2*sSS^2*
   FourPi^(-2)*I*invepsilonbar*lambdaEDelta1*MDelta1^(-3)*ME*esfull(1)
    + 8*gam[y99,y97]*p2.p2*sSS^2*FourPi^(-2)*I*invepsilonbar*
   lambdaEDelta1*MDelta1*ME^(-3)*esfull(1) + 6*gam[y99,y97]*p2.p3*sSS^2
   *FourPi^(-2)*I*MDelta1^(-2)*lambdaHatEDelta1*esfull(1) + 8*gam[y99,
   y97]*p2.p3*sSS^2*FourPi^(-2)*I*lambdaEDelta1*MDelta1^(-3)*ME*
   esfull(1) + 4*gam[y99,y97]*p2.p3*sSS^2*FourPi^(-2)*I*lambdaEDelta1*
   MDelta1^(-1)*ME^(-1)*esfull(1) + 4*gam[y99,y97]*p2.p3*sSS^2*
   FourPi^(-2)*I*invepsilonbar*MDelta1^(-2)*lambdaHatEDelta1*esfull(1)
    + 8*gam[y99,y97]*p2.p3*sSS^2*FourPi^(-2)*I*invepsilonbar*
   lambdaEDelta1*MDelta1^(-3)*ME*esfull(1) + 3*gam[y99,y97]*p3.p3*sSS^2
   *FourPi^(-2)*I*MDelta1^(-2)*lambdaHatEDelta1*esfull(1) + 4*gam[y99,
   y97]*p3.p3*sSS^2*FourPi^(-2)*I*lambdaEDelta1*MDelta1^(-3)*ME*
   esfull(1) + 2*gam[y99,y97]*p3.p3*sSS^2*FourPi^(-2)*I*lambdaEDelta1*
   MDelta1^(-1)*ME^(-1)*esfull(1) + 2*gam[y99,y97]*p3.p3*sSS^2*
   FourPi^(-2)*I*invepsilonbar*MDelta1^(-2)*lambdaHatEDelta1*esfull(1)
    + 4*gam[y99,y97]*p3.p3*sSS^2*FourPi^(-2)*I*invepsilonbar*
   lambdaEDelta1*MDelta1^(-3)*ME*esfull(1) - 4*gam[y99,y97]*Log[ME^2]*
   FourPi^(-2)*I*lambdaEDelta1*MDelta1^(-1)*ME*esfull(1) - 4*gam[y99,
   y97]*Log[ME^2]*FourPi^(-2)*I*muH^2*lambdaEDelta1*MDelta1^(-1)*
   ME^(-1)*esfull(1) - 2*gam[y99,y97]*Log[ME^2]*p2.p2*sSS^2*FourPi^(-2)
   *I*MDelta1^(-2)*lambdaHatEDelta1*esfull(1) - 4*gam[y99,y97]*Log[ME^2
   ]*p2.p2*sSS^2*FourPi^(-2)*I*lambdaEDelta1*MDelta1^(-3)*ME*esfull(1)
    - 4*gam[y99,y97]*Log[ME^2]*p2.p3*sSS^2*FourPi^(-2)*I*MDelta1^(-2)*
   lambdaHatEDelta1*esfull(1) - 8*gam[y99,y97]*Log[ME^2]*p2.p3*sSS^2*
   FourPi^(-2)*I*lambdaEDelta1*MDelta1^(-3)*ME*esfull(1) - 2*gam[y99,
   y97]*Log[ME^2]*p3.p3*sSS^2*FourPi^(-2)*I*MDelta1^(-2)*
   lambdaHatEDelta1*esfull(1) - 4*gam[y99,y97]*Log[ME^2]*p3.p3*sSS^2*
   FourPi^(-2)*I*lambdaEDelta1*MDelta1^(-3)*ME*esfull(1) - 8*gam[y99,
   y97]*Log[MDelta1^2]*FourPi^(-2)*I*lambdaEDelta1*MDelta1*ME^(-1)*
   esfull(1) - 8*gam[y99,y97]*Log[MDelta1^2]*FourPi^(-2)*I*muH^2*
   lambdaEDelta1*MDelta1^(-1)*ME^(-1)*esfull(1) - 4*gam[y99,y97]*Log[
   MDelta1^2]*p2.p2*sSS^2*FourPi^(-2)*I*lambdaHatEDelta1*ME^(-2)*
   esfull(1) - 8*gam[y99,y97]*Log[MDelta1^2]*p2.p2*sSS^2*FourPi^(-2)*I*
   lambdaEDelta1*MDelta1*ME^(-3)*esfull(1)];

