    esfull(1)=lambdaDelta1[fl97]*lambdaEbar[fl99];
    esfull(2)=G[gam[y99,FIVE,p4,pol4,y97]*sSS*FourPi^(-2)*I*g2*
   lambdaEDelta1*MDelta1^(-1)*ME^(-1)*esfull(1) - gam[y99,FIVE,y97]*
   p4.pol4*sSS*FourPi^(-2)*I*g2*lambdaEDelta1*MDelta1^(-1)*ME^(-1)*
   esfull(1) + gam[y99,p4,pol4,y97]*sSS*FourPi^(-2)*I*g2*lambdaEDelta1*
   MDelta1^(-1)*ME^(-1)*esfull(1) - gam[y99,y97]*p4.pol4*sSS*
   FourPi^(-2)*I*g2*lambdaEDelta1*MDelta1^(-1)*ME^(-1)*esfull(1)];
    esfull(3)=G[3*gam[y99,FIVE,p4,pol4,y97]*sSS*FourPi^(-2)*I*g2*
   MDelta1^(-2)*lambdaHatEDelta1*esfull(1) + 4*gam[y99,FIVE,p4,pol4,y97
   ]*sSS*FourPi^(-2)*I*g2*lambdaEDelta1*MDelta1^(-3)*ME*esfull(1) + 2*
   gam[y99,FIVE,p4,pol4,y97]*sSS*FourPi^(-2)*I*invepsilonbar*g2*
   MDelta1^(-2)*lambdaHatEDelta1*esfull(1) + 4*gam[y99,FIVE,p4,pol4,y97
   ]*sSS*FourPi^(-2)*I*invepsilonbar*g2*lambdaEDelta1*MDelta1^(-3)*ME*
   esfull(1) - 2*gam[y99,FIVE,p4,pol4,y97]*Log[ME^2]*sSS*FourPi^(-2)*I*
   g2*MDelta1^(-2)*lambdaHatEDelta1*esfull(1) - 4*gam[y99,FIVE,p4,pol4,
   y97]*Log[ME^2]*sSS*FourPi^(-2)*I*g2*lambdaEDelta1*MDelta1^(-3)*ME*
   esfull(1) + 6*gam[y99,FIVE,y97]*p2.pol4*sSS*FourPi^(-2)*I*g2*
   MDelta1^(-2)*lambdaHatEDelta1*esfull(1) + 8*gam[y99,FIVE,y97]*
   p2.pol4*sSS*FourPi^(-2)*I*g2*lambdaEDelta1*MDelta1^(-3)*ME*esfull(1)
    + 4*gam[y99,FIVE,y97]*p2.pol4*sSS*FourPi^(-2)*I*g2*lambdaEDelta1*
   MDelta1^(-1)*ME^(-1)*esfull(1) + 4*gam[y99,FIVE,y97]*p2.pol4*sSS*
   FourPi^(-2)*I*invepsilonbar*g2*MDelta1^(-2)*lambdaHatEDelta1*
   esfull(1) + 8*gam[y99,FIVE,y97]*p2.pol4*sSS*FourPi^(-2)*I*
   invepsilonbar*g2*lambdaEDelta1*MDelta1^(-3)*ME*esfull(1) + 6*gam[y99
   ,FIVE,y97]*p3.pol4*sSS*FourPi^(-2)*I*g2*MDelta1^(-2)*
   lambdaHatEDelta1*esfull(1) + 8*gam[y99,FIVE,y97]*p3.pol4*sSS*
   FourPi^(-2)*I*g2*lambdaEDelta1*MDelta1^(-3)*ME*esfull(1) + 4*gam[y99
   ,FIVE,y97]*p3.pol4*sSS*FourPi^(-2)*I*g2*lambdaEDelta1*MDelta1^(-1)*
   ME^(-1)*esfull(1) + 4*gam[y99,FIVE,y97]*p3.pol4*sSS*FourPi^(-2)*I*
   invepsilonbar*g2*MDelta1^(-2)*lambdaHatEDelta1*esfull(1) + 8*gam[y99
   ,FIVE,y97]*p3.pol4*sSS*FourPi^(-2)*I*invepsilonbar*g2*lambdaEDelta1*
   MDelta1^(-3)*ME*esfull(1) + 2*gam[y99,FIVE,y97]*p4.pol4*sSS*
   FourPi^(-2)*I*g2*lambdaEDelta1*MDelta1^(-1)*ME^(-1)*esfull(1) - 4*
   gam[y99,FIVE,y97]*Log[ME^2]*p2.pol4*sSS*FourPi^(-2)*I*g2*
   MDelta1^(-2)*lambdaHatEDelta1*esfull(1) - 8*gam[y99,FIVE,y97]*Log[
   ME^2]*p2.pol4*sSS*FourPi^(-2)*I*g2*lambdaEDelta1*MDelta1^(-3)*ME*
   esfull(1) - 4*gam[y99,FIVE,y97]*Log[ME^2]*p3.pol4*sSS*FourPi^(-2)*I*
   g2*MDelta1^(-2)*lambdaHatEDelta1*esfull(1) - 8*gam[y99,FIVE,y97]*
   Log[ME^2]*p3.pol4*sSS*FourPi^(-2)*I*g2*lambdaEDelta1*MDelta1^(-3)*ME
   *esfull(1) + 3*gam[y99,p4,pol4,y97]*sSS*FourPi^(-2)*I*g2*
   MDelta1^(-2)*lambdaHatEDelta1*esfull(1) + 4*gam[y99,p4,pol4,y97]*sSS
   *FourPi^(-2)*I*g2*lambdaEDelta1*MDelta1^(-3)*ME*esfull(1) + 2*gam[
   y99,p4,pol4,y97]*sSS*FourPi^(-2)*I*invepsilonbar*g2*MDelta1^(-2)*
   lambdaHatEDelta1*esfull(1) + 4*gam[y99,p4,pol4,y97]*sSS*FourPi^(-2)*
   I*invepsilonbar*g2*lambdaEDelta1*MDelta1^(-3)*ME*esfull(1) - 2*gam[
   y99,p4,pol4,y97]*Log[ME^2]*sSS*FourPi^(-2)*I*g2*MDelta1^(-2)*
   lambdaHatEDelta1*esfull(1) - 4*gam[y99,p4,pol4,y97]*Log[ME^2]*sSS*
   FourPi^(-2)*I*g2*lambdaEDelta1*MDelta1^(-3)*ME*esfull(1) + 6*gam[y99
   ,y97]*p2.pol4*sSS*FourPi^(-2)*I*g2*MDelta1^(-2)*lambdaHatEDelta1*
   esfull(1) + 8*gam[y99,y97]*p2.pol4*sSS*FourPi^(-2)*I*g2*
   lambdaEDelta1*MDelta1^(-3)*ME*esfull(1) + 4*gam[y99,y97]*p2.pol4*sSS
   *FourPi^(-2)*I*g2*lambdaEDelta1*MDelta1^(-1)*ME^(-1)*esfull(1) + 4*
   gam[y99,y97]*p2.pol4*sSS*FourPi^(-2)*I*invepsilonbar*g2*MDelta1^(-2)
   *lambdaHatEDelta1*esfull(1) + 8*gam[y99,y97]*p2.pol4*sSS*FourPi^(-2)
   *I*invepsilonbar*g2*lambdaEDelta1*MDelta1^(-3)*ME*esfull(1) + 6*gam[
   y99,y97]*p3.pol4*sSS*FourPi^(-2)*I*g2*MDelta1^(-2)*lambdaHatEDelta1*
   esfull(1) + 8*gam[y99,y97]*p3.pol4*sSS*FourPi^(-2)*I*g2*
   lambdaEDelta1*MDelta1^(-3)*ME*esfull(1) + 4*gam[y99,y97]*p3.pol4*sSS
   *FourPi^(-2)*I*g2*lambdaEDelta1*MDelta1^(-1)*ME^(-1)*esfull(1) + 4*
   gam[y99,y97]*p3.pol4*sSS*FourPi^(-2)*I*invepsilonbar*g2*MDelta1^(-2)
   *lambdaHatEDelta1*esfull(1) + 8*gam[y99,y97]*p3.pol4*sSS*FourPi^(-2)
   *I*invepsilonbar*g2*lambdaEDelta1*MDelta1^(-3)*ME*esfull(1) + 2*gam[
   y99,y97]*p4.pol4*sSS*FourPi^(-2)*I*g2*lambdaEDelta1*MDelta1^(-1)*
   ME^(-1)*esfull(1) - 4*gam[y99,y97]*Log[ME^2]*p2.pol4*sSS*FourPi^(-2)
   *I*g2*MDelta1^(-2)*lambdaHatEDelta1*esfull(1) - 8*gam[y99,y97]*Log[
   ME^2]*p2.pol4*sSS*FourPi^(-2)*I*g2*lambdaEDelta1*MDelta1^(-3)*ME*
   esfull(1) - 4*gam[y99,y97]*Log[ME^2]*p3.pol4*sSS*FourPi^(-2)*I*g2*
   MDelta1^(-2)*lambdaHatEDelta1*esfull(1) - 8*gam[y99,y97]*Log[ME^2]*
   p3.pol4*sSS*FourPi^(-2)*I*g2*lambdaEDelta1*MDelta1^(-3)*ME*esfull(1)
   ];

