    esfull(1)=lambdaE[fl1]*lambdaEbar[fl1];
    esfull(2)=lambdaDelta1[fl1]*lambdaDelta1bar[fl1];
    esfull(3)=G[24*p2.p2*p2.pol3*sSS^3*FourPi^(-2)*I*g2*MDelta1^(-2)*
   esfull(2) + 24*p2.p2*p2.pol3*sSS^3*FourPi^(-2)*I*g2*ME^(-2)*
   esfull(1) + 12*p2.p2*p3.pol3*sSS^3*FourPi^(-2)*I*g2*MDelta1^(-2)*
   esfull(2) + 12*p2.p2*p3.pol3*sSS^3*FourPi^(-2)*I*g2*ME^(-2)*
   esfull(1) + 24*p2.p3*p2.pol3*sSS^3*FourPi^(-2)*I*g2*MDelta1^(-2)*
   esfull(2) + 24*p2.p3*p2.pol3*sSS^3*FourPi^(-2)*I*g2*ME^(-2)*
   esfull(1) + 4*p2.p3*p3.pol3*sSS^3*FourPi^(-2)*I*g2*MDelta1^(-2)*
   esfull(2) + 22*p2.p3*p3.pol3*sSS^3*FourPi^(-2)*I*g2*ME^(-2)*
   esfull(1) + 12*p2.p3*p3.pol3*sSS^3*FourPi^(-2)*I*invepsilonbar*g2*
   ME^(-2)*esfull(1) + 20*p2.pol3*p3.p3*sSS^3*FourPi^(-2)*I*g2*
   MDelta1^(-2)*esfull(2) + 2*p2.pol3*p3.p3*sSS^3*FourPi^(-2)*I*g2*
   ME^(-2)*esfull(1) - 12*p2.pol3*p3.p3*sSS^3*FourPi^(-2)*I*
   invepsilonbar*g2*ME^(-2)*esfull(1) + 18*p2.pol3*sSS*FourPi^(-2)*I*g2
   *esfull(1) + 18*p2.pol3*sSS*FourPi^(-2)*I*g2*esfull(2) + 36*p2.pol3*
   sSS*FourPi^(-2)*I*invepsilonbar*g2*esfull(1) + 36*p2.pol3*sSS*
   FourPi^(-2)*I*invepsilonbar*g2*esfull(2) + 6*p3.p3*p3.pol3*sSS^3*
   FourPi^(-2)*I*g2*MDelta1^(-2)*esfull(2) + 6*p3.p3*p3.pol3*sSS^3*
   FourPi^(-2)*I*g2*ME^(-2)*esfull(1) + 9*p3.pol3*sSS*FourPi^(-2)*I*g2*
   esfull(1) + 9*p3.pol3*sSS*FourPi^(-2)*I*g2*esfull(2) + 18*p3.pol3*
   sSS*FourPi^(-2)*I*invepsilonbar*g2*esfull(1) + 18*p3.pol3*sSS*
   FourPi^(-2)*I*invepsilonbar*g2*esfull(2) + 12*DEN[MDelta1,ME]*p2.p3*
   p3.pol3*sSS^3*FourPi^(-2)*I*invepsilonbar*g2*lambdaHatEDelta1*
   lambdaHatEDelta1bar + 12*DEN[MDelta1,ME]*p2.p3*p3.pol3*sSS^3*
   FourPi^(-2)*I*invepsilonbar*g2*lambdaEDelta1*lambdaEDelta1bar - 12*
   DEN[MDelta1,ME]*p2.pol3*p3.p3*sSS^3*FourPi^(-2)*I*invepsilonbar*g2*
   lambdaHatEDelta1*lambdaHatEDelta1bar - 12*DEN[MDelta1,ME]*p2.pol3*
   p3.p3*sSS^3*FourPi^(-2)*I*invepsilonbar*g2*lambdaEDelta1*
   lambdaEDelta1bar + 12*DEN[MDelta1,ME]^2*p2.p3*p3.pol3*sSS^3*
   FourPi^(-2)*I*invepsilonbar*g2*MDelta1*lambdaHatEDelta1*ME*
   lambdaEDelta1bar + 12*DEN[MDelta1,ME]^2*p2.p3*p3.pol3*sSS^3*
   FourPi^(-2)*I*invepsilonbar*g2*MDelta1^2*lambdaHatEDelta1*
   lambdaHatEDelta1bar + 12*DEN[MDelta1,ME]^2*p2.p3*p3.pol3*sSS^3*
   FourPi^(-2)*I*invepsilonbar*g2*lambdaEDelta1*MDelta1*ME*
   lambdaHatEDelta1bar + 12*DEN[MDelta1,ME]^2*p2.p3*p3.pol3*sSS^3*
   FourPi^(-2)*I*invepsilonbar*g2*lambdaEDelta1*MDelta1^2*
   lambdaEDelta1bar - 12*DEN[MDelta1,ME]^2*p2.pol3*p3.p3*sSS^3*
   FourPi^(-2)*I*invepsilonbar*g2*MDelta1*lambdaHatEDelta1*ME*
   lambdaEDelta1bar - 12*DEN[MDelta1,ME]^2*p2.pol3*p3.p3*sSS^3*
   FourPi^(-2)*I*invepsilonbar*g2*MDelta1^2*lambdaHatEDelta1*
   lambdaHatEDelta1bar - 12*DEN[MDelta1,ME]^2*p2.pol3*p3.p3*sSS^3*
   FourPi^(-2)*I*invepsilonbar*g2*lambdaEDelta1*MDelta1*ME*
   lambdaHatEDelta1bar - 12*DEN[MDelta1,ME]^2*p2.pol3*p3.p3*sSS^3*
   FourPi^(-2)*I*invepsilonbar*g2*lambdaEDelta1*MDelta1^2*
   lambdaEDelta1bar + 72*DEN[MDelta1,ME]^2*p2.pol3*sSS*FourPi^(-2)*I*g2
   *lambdaHatEDelta1*ME^4*lambdaHatEDelta1bar + 72*DEN[MDelta1,ME]^2*
   p2.pol3*sSS*FourPi^(-2)*I*g2*MDelta1*lambdaHatEDelta1*ME^3*
   lambdaEDelta1bar + 72*DEN[MDelta1,ME]^2*p2.pol3*sSS*FourPi^(-2)*I*g2
   *MDelta1^3*lambdaHatEDelta1*ME*lambdaEDelta1bar + 126*DEN[MDelta1,ME
   ]^2*p2.pol3*sSS*FourPi^(-2)*I*g2*MDelta1^4*lambdaHatEDelta1*
   lambdaHatEDelta1bar + 72*DEN[MDelta1,ME]^2*p2.pol3*sSS*FourPi^(-2)*I
   *g2*lambdaEDelta1*ME^4*lambdaEDelta1bar + 72*DEN[MDelta1,ME]^2*
   p2.pol3*sSS*FourPi^(-2)*I*g2*lambdaEDelta1*MDelta1*ME^3*
   lambdaHatEDelta1bar + 72*DEN[MDelta1,ME]^2*p2.pol3*sSS*FourPi^(-2)*I
   *g2*lambdaEDelta1*MDelta1^3*ME*lambdaHatEDelta1bar + 126*DEN[MDelta1
   ,ME]^2*p2.pol3*sSS*FourPi^(-2)*I*g2*lambdaEDelta1*MDelta1^4*
   lambdaEDelta1bar + 72*DEN[MDelta1,ME]^2*p2.pol3*sSS*FourPi^(-2)*I*
   invepsilonbar*g2*lambdaHatEDelta1*ME^4*lambdaHatEDelta1bar + 72*DEN[
   MDelta1,ME]^2*p2.pol3*sSS*FourPi^(-2)*I*invepsilonbar*g2*MDelta1*
   lambdaHatEDelta1*ME^3*lambdaEDelta1bar + 72*DEN[MDelta1,ME]^2*
   p2.pol3*sSS*FourPi^(-2)*I*invepsilonbar*g2*MDelta1^3*
   lambdaHatEDelta1*ME*lambdaEDelta1bar + 108*DEN[MDelta1,ME]^2*p2.pol3
   *sSS*FourPi^(-2)*I*invepsilonbar*g2*MDelta1^4*lambdaHatEDelta1*
   lambdaHatEDelta1bar + 72*DEN[MDelta1,ME]^2*p2.pol3*sSS*FourPi^(-2)*I
   *invepsilonbar*g2*lambdaEDelta1*ME^4*lambdaEDelta1bar + 72*DEN[
   MDelta1,ME]^2*p2.pol3*sSS*FourPi^(-2)*I*invepsilonbar*g2*
   lambdaEDelta1*MDelta1*ME^3*lambdaHatEDelta1bar + 72*DEN[MDelta1,ME]^
   2*p2.pol3*sSS*FourPi^(-2)*I*invepsilonbar*g2*lambdaEDelta1*MDelta1^3
   *ME*lambdaHatEDelta1bar + 108*DEN[MDelta1,ME]^2*p2.pol3*sSS*
   FourPi^(-2)*I*invepsilonbar*g2*lambdaEDelta1*MDelta1^4*
   lambdaEDelta1bar + 36*DEN[MDelta1,ME]^2*p3.pol3*sSS*FourPi^(-2)*I*g2
   *lambdaHatEDelta1*ME^4*lambdaHatEDelta1bar + 36*DEN[MDelta1,ME]^2*
   p3.pol3*sSS*FourPi^(-2)*I*g2*MDelta1*lambdaHatEDelta1*ME^3*
   lambdaEDelta1bar + 36*DEN[MDelta1,ME]^2*p3.pol3*sSS*FourPi^(-2)*I*g2
   *MDelta1^3*lambdaHatEDelta1*ME*lambdaEDelta1bar + 63*DEN[MDelta1,ME]
   ^2*p3.pol3*sSS*FourPi^(-2)*I*g2*MDelta1^4*lambdaHatEDelta1*
   lambdaHatEDelta1bar + 36*DEN[MDelta1,ME]^2*p3.pol3*sSS*FourPi^(-2)*I
   *g2*lambdaEDelta1*ME^4*lambdaEDelta1bar + 36*DEN[MDelta1,ME]^2*
   p3.pol3*sSS*FourPi^(-2)*I*g2*lambdaEDelta1*MDelta1*ME^3*
   lambdaHatEDelta1bar + 36*DEN[MDelta1,ME]^2*p3.pol3*sSS*FourPi^(-2)*I
   *g2*lambdaEDelta1*MDelta1^3*ME*lambdaHatEDelta1bar + 63*DEN[MDelta1,
   ME]^2*p3.pol3*sSS*FourPi^(-2)*I*g2*lambdaEDelta1*MDelta1^4*
   lambdaEDelta1bar + 36*DEN[MDelta1,ME]^2*p3.pol3*sSS*FourPi^(-2)*I*
   invepsilonbar*g2*lambdaHatEDelta1*ME^4*lambdaHatEDelta1bar + 36*DEN[
   MDelta1,ME]^2*p3.pol3*sSS*FourPi^(-2)*I*invepsilonbar*g2*MDelta1*
   lambdaHatEDelta1*ME^3*lambdaEDelta1bar + 36*DEN[MDelta1,ME]^2*
   p3.pol3*sSS*FourPi^(-2)*I*invepsilonbar*g2*MDelta1^3*
   lambdaHatEDelta1*ME*lambdaEDelta1bar + 54*DEN[MDelta1,ME]^2*p3.pol3*
   sSS*FourPi^(-2)*I*invepsilonbar*g2*MDelta1^4*lambdaHatEDelta1*
   lambdaHatEDelta1bar + 36*DEN[MDelta1,ME]^2*p3.pol3*sSS*FourPi^(-2)*I
   *invepsilonbar*g2*lambdaEDelta1*ME^4*lambdaEDelta1bar + 36*DEN[
   MDelta1,ME]^2*p3.pol3*sSS*FourPi^(-2)*I*invepsilonbar*g2*
   lambdaEDelta1*MDelta1*ME^3*lambdaHatEDelta1bar + 36*DEN[MDelta1,ME]^
   2*p3.pol3*sSS*FourPi^(-2)*I*invepsilonbar*g2*lambdaEDelta1*MDelta1^3
   *ME*lambdaHatEDelta1bar + 54*DEN[MDelta1,ME]^2*p3.pol3*sSS*
   FourPi^(-2)*I*invepsilonbar*g2*lambdaEDelta1*MDelta1^4*
   lambdaEDelta1bar + 198*DEN[MDelta1,ME]^3*p2.p2*p2.pol3*sSS^3*
   FourPi^(-2)*I*g2*lambdaHatEDelta1*ME^4*lambdaHatEDelta1bar + 144*
   DEN[MDelta1,ME]^3*p2.p2*p2.pol3*sSS^3*FourPi^(-2)*I*g2*MDelta1*
   lambdaHatEDelta1*ME^3*lambdaEDelta1bar - 144*DEN[MDelta1,ME]^3*p2.p2
   *p2.pol3*sSS^3*FourPi^(-2)*I*g2*MDelta1^3*lambdaHatEDelta1*ME*
   lambdaEDelta1bar - 360*DEN[MDelta1,ME]^3*p2.p2*p2.pol3*sSS^3*
   FourPi^(-2)*I*g2*MDelta1^4*lambdaHatEDelta1*lambdaHatEDelta1bar + 
   198*DEN[MDelta1,ME]^3*p2.p2*p2.pol3*sSS^3*FourPi^(-2)*I*g2*
   lambdaEDelta1*ME^4*lambdaEDelta1bar + 144*DEN[MDelta1,ME]^3*p2.p2*
   p2.pol3*sSS^3*FourPi^(-2)*I*g2*lambdaEDelta1*MDelta1*ME^3*
   lambdaHatEDelta1bar - 144*DEN[MDelta1,ME]^3*p2.p2*p2.pol3*sSS^3*
   FourPi^(-2)*I*g2*lambdaEDelta1*MDelta1^3*ME*lambdaHatEDelta1bar - 
   360*DEN[MDelta1,ME]^3*p2.p2*p2.pol3*sSS^3*FourPi^(-2)*I*g2*
   lambdaEDelta1*MDelta1^4*lambdaEDelta1bar + 180*DEN[MDelta1,ME]^3*
   p2.p2*p2.pol3*sSS^3*FourPi^(-2)*I*invepsilonbar*g2*lambdaHatEDelta1*
   ME^4*lambdaHatEDelta1bar + 144*DEN[MDelta1,ME]^3*p2.p2*p2.pol3*sSS^3
   *FourPi^(-2)*I*invepsilonbar*g2*MDelta1*lambdaHatEDelta1*ME^3*
   lambdaEDelta1bar - 144*DEN[MDelta1,ME]^3*p2.p2*p2.pol3*sSS^3*
   FourPi^(-2)*I*invepsilonbar*g2*MDelta1^3*lambdaHatEDelta1*ME*
   lambdaEDelta1bar - 288*DEN[MDelta1,ME]^3*p2.p2*p2.pol3*sSS^3*
   FourPi^(-2)*I*invepsilonbar*g2*MDelta1^4*lambdaHatEDelta1*
   lambdaHatEDelta1bar + 180*DEN[MDelta1,ME]^3*p2.p2*p2.pol3*sSS^3*
   FourPi^(-2)*I*invepsilonbar*g2*lambdaEDelta1*ME^4*lambdaEDelta1bar
    + 144*DEN[MDelta1,ME]^3*p2.p2*p2.pol3*sSS^3*FourPi^(-2)*I*
   invepsilonbar*g2*lambdaEDelta1*MDelta1*ME^3*lambdaHatEDelta1bar - 
   144*DEN[MDelta1,ME]^3*p2.p2*p2.pol3*sSS^3*FourPi^(-2)*I*
   invepsilonbar*g2*lambdaEDelta1*MDelta1^3*ME*lambdaHatEDelta1bar - 
   288*DEN[MDelta1,ME]^3*p2.p2*p2.pol3*sSS^3*FourPi^(-2)*I*
   invepsilonbar*g2*lambdaEDelta1*MDelta1^4*lambdaEDelta1bar + 99*DEN[
   MDelta1,ME]^3*p2.p2*p3.pol3*sSS^3*FourPi^(-2)*I*g2*lambdaHatEDelta1*
   ME^4*lambdaHatEDelta1bar + 72*DEN[MDelta1,ME]^3*p2.p2*p3.pol3*sSS^3*
   FourPi^(-2)*I*g2*MDelta1*lambdaHatEDelta1*ME^3*lambdaEDelta1bar - 72
   *DEN[MDelta1,ME]^3*p2.p2*p3.pol3*sSS^3*FourPi^(-2)*I*g2*MDelta1^3*
   lambdaHatEDelta1*ME*lambdaEDelta1bar - 180*DEN[MDelta1,ME]^3*p2.p2*
   p3.pol3*sSS^3*FourPi^(-2)*I*g2*MDelta1^4*lambdaHatEDelta1*
   lambdaHatEDelta1bar + 99*DEN[MDelta1,ME]^3*p2.p2*p3.pol3*sSS^3*
   FourPi^(-2)*I*g2*lambdaEDelta1*ME^4*lambdaEDelta1bar + 72*DEN[
   MDelta1,ME]^3*p2.p2*p3.pol3*sSS^3*FourPi^(-2)*I*g2*lambdaEDelta1*
   MDelta1*ME^3*lambdaHatEDelta1bar - 72*DEN[MDelta1,ME]^3*p2.p2*
   p3.pol3*sSS^3*FourPi^(-2)*I*g2*lambdaEDelta1*MDelta1^3*ME*
   lambdaHatEDelta1bar - 180*DEN[MDelta1,ME]^3*p2.p2*p3.pol3*sSS^3*
   FourPi^(-2)*I*g2*lambdaEDelta1*MDelta1^4*lambdaEDelta1bar + 90*DEN[
   MDelta1,ME]^3*p2.p2*p3.pol3*sSS^3*FourPi^(-2)*I*invepsilonbar*g2*
   lambdaHatEDelta1*ME^4*lambdaHatEDelta1bar + 72*DEN[MDelta1,ME]^3*
   p2.p2*p3.pol3*sSS^3*FourPi^(-2)*I*invepsilonbar*g2*MDelta1*
   lambdaHatEDelta1*ME^3*lambdaEDelta1bar - 72*DEN[MDelta1,ME]^3*p2.p2*
   p3.pol3*sSS^3*FourPi^(-2)*I*invepsilonbar*g2*MDelta1^3*
   lambdaHatEDelta1*ME*lambdaEDelta1bar - 144*DEN[MDelta1,ME]^3*p2.p2*
   p3.pol3*sSS^3*FourPi^(-2)*I*invepsilonbar*g2*MDelta1^4*
   lambdaHatEDelta1*lambdaHatEDelta1bar + 90*DEN[MDelta1,ME]^3*p2.p2*
   p3.pol3*sSS^3*FourPi^(-2)*I*invepsilonbar*g2*lambdaEDelta1*ME^4*
   lambdaEDelta1bar + 72*DEN[MDelta1,ME]^3*p2.p2*p3.pol3*sSS^3*
   FourPi^(-2)*I*invepsilonbar*g2*lambdaEDelta1*MDelta1*ME^3*
   lambdaHatEDelta1bar - 72*DEN[MDelta1,ME]^3*p2.p2*p3.pol3*sSS^3*
   FourPi^(-2)*I*invepsilonbar*g2*lambdaEDelta1*MDelta1^3*ME*
   lambdaHatEDelta1bar - 144*DEN[MDelta1,ME]^3*p2.p2*p3.pol3*sSS^3*
   FourPi^(-2)*I*invepsilonbar*g2*lambdaEDelta1*MDelta1^4*
   lambdaEDelta1bar + 198*DEN[MDelta1,ME]^3*p2.p3*p2.pol3*sSS^3*
   FourPi^(-2)*I*g2*lambdaHatEDelta1*ME^4*lambdaHatEDelta1bar + 144*
   DEN[MDelta1,ME]^3*p2.p3*p2.pol3*sSS^3*FourPi^(-2)*I*g2*MDelta1*
   lambdaHatEDelta1*ME^3*lambdaEDelta1bar - 144*DEN[MDelta1,ME]^3*p2.p3
   *p2.pol3*sSS^3*FourPi^(-2)*I*g2*MDelta1^3*lambdaHatEDelta1*ME*
   lambdaEDelta1bar - 360*DEN[MDelta1,ME]^3*p2.p3*p2.pol3*sSS^3*
   FourPi^(-2)*I*g2*MDelta1^4*lambdaHatEDelta1*lambdaHatEDelta1bar + 
   198*DEN[MDelta1,ME]^3*p2.p3*p2.pol3*sSS^3*FourPi^(-2)*I*g2*
   lambdaEDelta1*ME^4*lambdaEDelta1bar + 144*DEN[MDelta1,ME]^3*p2.p3*
   p2.pol3*sSS^3*FourPi^(-2)*I*g2*lambdaEDelta1*MDelta1*ME^3*
   lambdaHatEDelta1bar - 144*DEN[MDelta1,ME]^3*p2.p3*p2.pol3*sSS^3*
   FourPi^(-2)*I*g2*lambdaEDelta1*MDelta1^3*ME*lambdaHatEDelta1bar - 
   360*DEN[MDelta1,ME]^3*p2.p3*p2.pol3*sSS^3*FourPi^(-2)*I*g2*
   lambdaEDelta1*MDelta1^4*lambdaEDelta1bar + 180*DEN[MDelta1,ME]^3*
   p2.p3*p2.pol3*sSS^3*FourPi^(-2)*I*invepsilonbar*g2*lambdaHatEDelta1*
   ME^4*lambdaHatEDelta1bar + 144*DEN[MDelta1,ME]^3*p2.p3*p2.pol3*sSS^3
   *FourPi^(-2)*I*invepsilonbar*g2*MDelta1*lambdaHatEDelta1*ME^3*
   lambdaEDelta1bar - 144*DEN[MDelta1,ME]^3*p2.p3*p2.pol3*sSS^3*
   FourPi^(-2)*I*invepsilonbar*g2*MDelta1^3*lambdaHatEDelta1*ME*
   lambdaEDelta1bar - 288*DEN[MDelta1,ME]^3*p2.p3*p2.pol3*sSS^3*
   FourPi^(-2)*I*invepsilonbar*g2*MDelta1^4*lambdaHatEDelta1*
   lambdaHatEDelta1bar + 180*DEN[MDelta1,ME]^3*p2.p3*p2.pol3*sSS^3*
   FourPi^(-2)*I*invepsilonbar*g2*lambdaEDelta1*ME^4*lambdaEDelta1bar
    + 144*DEN[MDelta1,ME]^3*p2.p3*p2.pol3*sSS^3*FourPi^(-2)*I*
   invepsilonbar*g2*lambdaEDelta1*MDelta1*ME^3*lambdaHatEDelta1bar - 
   144*DEN[MDelta1,ME]^3*p2.p3*p2.pol3*sSS^3*FourPi^(-2)*I*
   invepsilonbar*g2*lambdaEDelta1*MDelta1^3*ME*lambdaHatEDelta1bar - 
   288*DEN[MDelta1,ME]^3*p2.p3*p2.pol3*sSS^3*FourPi^(-2)*I*
   invepsilonbar*g2*lambdaEDelta1*MDelta1^4*lambdaEDelta1bar + 72*DEN[
   MDelta1,ME]^3*p2.p3*p3.pol3*sSS^3*FourPi^(-2)*I*g2*lambdaHatEDelta1*
   ME^4*lambdaHatEDelta1bar + 72*DEN[MDelta1,ME]^3*p2.p3*p3.pol3*sSS^3*
   FourPi^(-2)*I*g2*MDelta1*lambdaHatEDelta1*ME^3*lambdaEDelta1bar - 
   144*DEN[MDelta1,ME]^3*p2.p3*p3.pol3*sSS^3*FourPi^(-2)*I*g2*MDelta1^3
   *lambdaHatEDelta1*ME*lambdaEDelta1bar - 306*DEN[MDelta1,ME]^3*p2.p3*
   p3.pol3*sSS^3*FourPi^(-2)*I*g2*MDelta1^4*lambdaHatEDelta1*
   lambdaHatEDelta1bar + 72*DEN[MDelta1,ME]^3*p2.p3*p3.pol3*sSS^3*
   FourPi^(-2)*I*g2*lambdaEDelta1*ME^4*lambdaEDelta1bar + 72*DEN[
   MDelta1,ME]^3*p2.p3*p3.pol3*sSS^3*FourPi^(-2)*I*g2*lambdaEDelta1*
   MDelta1*ME^3*lambdaHatEDelta1bar - 144*DEN[MDelta1,ME]^3*p2.p3*
   p3.pol3*sSS^3*FourPi^(-2)*I*g2*lambdaEDelta1*MDelta1^3*ME*
   lambdaHatEDelta1bar - 306*DEN[MDelta1,ME]^3*p2.p3*p3.pol3*sSS^3*
   FourPi^(-2)*I*g2*lambdaEDelta1*MDelta1^4*lambdaEDelta1bar + 72*DEN[
   MDelta1,ME]^3*p2.p3*p3.pol3*sSS^3*FourPi^(-2)*I*invepsilonbar*g2*
   lambdaHatEDelta1*ME^4*lambdaHatEDelta1bar + 72*DEN[MDelta1,ME]^3*
   p2.p3*p3.pol3*sSS^3*FourPi^(-2)*I*invepsilonbar*g2*MDelta1*
   lambdaHatEDelta1*ME^3*lambdaEDelta1bar - 144*DEN[MDelta1,ME]^3*p2.p3
   *p3.pol3*sSS^3*FourPi^(-2)*I*invepsilonbar*g2*MDelta1^3*
   lambdaHatEDelta1*ME*lambdaEDelta1bar - 252*DEN[MDelta1,ME]^3*p2.p3*
   p3.pol3*sSS^3*FourPi^(-2)*I*invepsilonbar*g2*MDelta1^4*
   lambdaHatEDelta1*lambdaHatEDelta1bar + 72*DEN[MDelta1,ME]^3*p2.p3*
   p3.pol3*sSS^3*FourPi^(-2)*I*invepsilonbar*g2*lambdaEDelta1*ME^4*
   lambdaEDelta1bar + 72*DEN[MDelta1,ME]^3*p2.p3*p3.pol3*sSS^3*
   FourPi^(-2)*I*invepsilonbar*g2*lambdaEDelta1*MDelta1*ME^3*
   lambdaHatEDelta1bar - 144*DEN[MDelta1,ME]^3*p2.p3*p3.pol3*sSS^3*
   FourPi^(-2)*I*invepsilonbar*g2*lambdaEDelta1*MDelta1^3*ME*
   lambdaHatEDelta1bar - 252*DEN[MDelta1,ME]^3*p2.p3*p3.pol3*sSS^3*
   FourPi^(-2)*I*invepsilonbar*g2*lambdaEDelta1*MDelta1^4*
   lambdaEDelta1bar + 99*DEN[MDelta1,ME]^3*p2.pol3*p3.p3*sSS^3*
   FourPi^(-2)*I*g2*lambdaHatEDelta1*ME^4*lambdaHatEDelta1bar + 72*DEN[
   MDelta1,ME]^3*p2.pol3*p3.p3*sSS^3*FourPi^(-2)*I*g2*MDelta1*
   lambdaHatEDelta1*ME^3*lambdaEDelta1bar - 54*DEN[MDelta1,ME]^3*
   p2.pol3*p3.p3*sSS^3*FourPi^(-2)*I*g2*MDelta1^4*lambdaHatEDelta1*
   lambdaHatEDelta1bar + 99*DEN[MDelta1,ME]^3*p2.pol3*p3.p3*sSS^3*
   FourPi^(-2)*I*g2*lambdaEDelta1*ME^4*lambdaEDelta1bar + 72*DEN[
   MDelta1,ME]^3*p2.pol3*p3.p3*sSS^3*FourPi^(-2)*I*g2*lambdaEDelta1*
   MDelta1*ME^3*lambdaHatEDelta1bar - 54*DEN[MDelta1,ME]^3*p2.pol3*
   p3.p3*sSS^3*FourPi^(-2)*I*g2*lambdaEDelta1*MDelta1^4*
   lambdaEDelta1bar + 90*DEN[MDelta1,ME]^3*p2.pol3*p3.p3*sSS^3*
   FourPi^(-2)*I*invepsilonbar*g2*lambdaHatEDelta1*ME^4*
   lambdaHatEDelta1bar + 72*DEN[MDelta1,ME]^3*p2.pol3*p3.p3*sSS^3*
   FourPi^(-2)*I*invepsilonbar*g2*MDelta1*lambdaHatEDelta1*ME^3*
   lambdaEDelta1bar - 36*DEN[MDelta1,ME]^3*p2.pol3*p3.p3*sSS^3*
   FourPi^(-2)*I*invepsilonbar*g2*MDelta1^4*lambdaHatEDelta1*
   lambdaHatEDelta1bar + 90*DEN[MDelta1,ME]^3*p2.pol3*p3.p3*sSS^3*
   FourPi^(-2)*I*invepsilonbar*g2*lambdaEDelta1*ME^4*lambdaEDelta1bar
    + 72*DEN[MDelta1,ME]^3*p2.pol3*p3.p3*sSS^3*FourPi^(-2)*I*
   invepsilonbar*g2*lambdaEDelta1*MDelta1*ME^3*lambdaHatEDelta1bar - 36
   *DEN[MDelta1,ME]^3*p2.pol3*p3.p3*sSS^3*FourPi^(-2)*I*invepsilonbar*
   g2*lambdaEDelta1*MDelta1^4*lambdaEDelta1bar + 54*DEN[MDelta1,ME]^3*
   p2.pol3*sSS*FourPi^(-2)*I*g2*lambdaHatEDelta1*ME^6*
   lambdaHatEDelta1bar + 108*DEN[MDelta1,ME]^3*p2.pol3*sSS*FourPi^(-2)*
   I*g2*MDelta1*lambdaHatEDelta1*ME^5*lambdaEDelta1bar + 54*DEN[MDelta1
   ,ME]^3*p2.pol3*sSS*FourPi^(-2)*I*g2*MDelta1^2*lambdaHatEDelta1*ME^4*
   lambdaHatEDelta1bar - 108*DEN[MDelta1,ME]^3*p2.pol3*sSS*FourPi^(-2)*
   I*g2*MDelta1^5*lambdaHatEDelta1*ME*lambdaEDelta1bar - 108*DEN[
   MDelta1,ME]^3*p2.pol3*sSS*FourPi^(-2)*I*g2*MDelta1^6*
   lambdaHatEDelta1*lambdaHatEDelta1bar + 54*DEN[MDelta1,ME]^3*p2.pol3*
   sSS*FourPi^(-2)*I*g2*lambdaEDelta1*ME^6*lambdaEDelta1bar + 108*DEN[
   MDelta1,ME]^3*p2.pol3*sSS*FourPi^(-2)*I*g2*lambdaEDelta1*MDelta1*
   ME^5*lambdaHatEDelta1bar + 54*DEN[MDelta1,ME]^3*p2.pol3*sSS*
   FourPi^(-2)*I*g2*lambdaEDelta1*MDelta1^2*ME^4*lambdaEDelta1bar - 108
   *DEN[MDelta1,ME]^3*p2.pol3*sSS*FourPi^(-2)*I*g2*lambdaEDelta1*
   MDelta1^5*ME*lambdaHatEDelta1bar - 108*DEN[MDelta1,ME]^3*p2.pol3*sSS
   *FourPi^(-2)*I*g2*lambdaEDelta1*MDelta1^6*lambdaEDelta1bar + 36*DEN[
   MDelta1,ME]^3*p2.pol3*sSS*FourPi^(-2)*I*invepsilonbar*g2*
   lambdaHatEDelta1*ME^6*lambdaHatEDelta1bar + 72*DEN[MDelta1,ME]^3*
   p2.pol3*sSS*FourPi^(-2)*I*invepsilonbar*g2*MDelta1*lambdaHatEDelta1*
   ME^5*lambdaEDelta1bar + 36*DEN[MDelta1,ME]^3*p2.pol3*sSS*FourPi^(-2)
   *I*invepsilonbar*g2*MDelta1^2*lambdaHatEDelta1*ME^4*
   lambdaHatEDelta1bar - 72*DEN[MDelta1,ME]^3*p2.pol3*sSS*FourPi^(-2)*I
   *invepsilonbar*g2*MDelta1^5*lambdaHatEDelta1*ME*lambdaEDelta1bar - 
   72*DEN[MDelta1,ME]^3*p2.pol3*sSS*FourPi^(-2)*I*invepsilonbar*g2*
   MDelta1^6*lambdaHatEDelta1*lambdaHatEDelta1bar + 36*DEN[MDelta1,ME]^
   3*p2.pol3*sSS*FourPi^(-2)*I*invepsilonbar*g2*lambdaEDelta1*ME^6*
   lambdaEDelta1bar + 72*DEN[MDelta1,ME]^3*p2.pol3*sSS*FourPi^(-2)*I*
   invepsilonbar*g2*lambdaEDelta1*MDelta1*ME^5*lambdaHatEDelta1bar + 36
   *DEN[MDelta1,ME]^3*p2.pol3*sSS*FourPi^(-2)*I*invepsilonbar*g2*
   lambdaEDelta1*MDelta1^2*ME^4*lambdaEDelta1bar - 72*DEN[MDelta1,ME]^3
   *p2.pol3*sSS*FourPi^(-2)*I*invepsilonbar*g2*lambdaEDelta1*MDelta1^5*
   ME*lambdaHatEDelta1bar - 72*DEN[MDelta1,ME]^3*p2.pol3*sSS*
   FourPi^(-2)*I*invepsilonbar*g2*lambdaEDelta1*MDelta1^6*
   lambdaEDelta1bar + 36*DEN[MDelta1,ME]^3*p3.p3*p3.pol3*sSS^3*
   FourPi^(-2)*I*g2*lambdaHatEDelta1*ME^4*lambdaHatEDelta1bar + 36*DEN[
   MDelta1,ME]^3*p3.p3*p3.pol3*sSS^3*FourPi^(-2)*I*g2*MDelta1*
   lambdaHatEDelta1*ME^3*lambdaEDelta1bar - 36*DEN[MDelta1,ME]^3*p3.p3*
   p3.pol3*sSS^3*FourPi^(-2)*I*g2*MDelta1^3*lambdaHatEDelta1*ME*
   lambdaEDelta1bar - 90*DEN[MDelta1,ME]^3*p3.p3*p3.pol3*sSS^3*
   FourPi^(-2)*I*g2*MDelta1^4*lambdaHatEDelta1*lambdaHatEDelta1bar + 36
   *DEN[MDelta1,ME]^3*p3.p3*p3.pol3*sSS^3*FourPi^(-2)*I*g2*
   lambdaEDelta1*ME^4*lambdaEDelta1bar + 36*DEN[MDelta1,ME]^3*p3.p3*
   p3.pol3*sSS^3*FourPi^(-2)*I*g2*lambdaEDelta1*MDelta1*ME^3*
   lambdaHatEDelta1bar - 36*DEN[MDelta1,ME]^3*p3.p3*p3.pol3*sSS^3*
   FourPi^(-2)*I*g2*lambdaEDelta1*MDelta1^3*ME*lambdaHatEDelta1bar - 90
   *DEN[MDelta1,ME]^3*p3.p3*p3.pol3*sSS^3*FourPi^(-2)*I*g2*
   lambdaEDelta1*MDelta1^4*lambdaEDelta1bar + 36*DEN[MDelta1,ME]^3*
   p3.p3*p3.pol3*sSS^3*FourPi^(-2)*I*invepsilonbar*g2*lambdaHatEDelta1*
   ME^4*lambdaHatEDelta1bar + 36*DEN[MDelta1,ME]^3*p3.p3*p3.pol3*sSS^3*
   FourPi^(-2)*I*invepsilonbar*g2*MDelta1*lambdaHatEDelta1*ME^3*
   lambdaEDelta1bar - 36*DEN[MDelta1,ME]^3*p3.p3*p3.pol3*sSS^3*
   FourPi^(-2)*I*invepsilonbar*g2*MDelta1^3*lambdaHatEDelta1*ME*
   lambdaEDelta1bar - 72*DEN[MDelta1,ME]^3*p3.p3*p3.pol3*sSS^3*
   FourPi^(-2)*I*invepsilonbar*g2*MDelta1^4*lambdaHatEDelta1*
   lambdaHatEDelta1bar + 36*DEN[MDelta1,ME]^3*p3.p3*p3.pol3*sSS^3*
   FourPi^(-2)*I*invepsilonbar*g2*lambdaEDelta1*ME^4*lambdaEDelta1bar
    + 36*DEN[MDelta1,ME]^3*p3.p3*p3.pol3*sSS^3*FourPi^(-2)*I*
   invepsilonbar*g2*lambdaEDelta1*MDelta1*ME^3*lambdaHatEDelta1bar - 36
   *DEN[MDelta1,ME]^3*p3.p3*p3.pol3*sSS^3*FourPi^(-2)*I*invepsilonbar*
   g2*lambdaEDelta1*MDelta1^3*ME*lambdaHatEDelta1bar - 72*DEN[MDelta1,
   ME]^3*p3.p3*p3.pol3*sSS^3*FourPi^(-2)*I*invepsilonbar*g2*
   lambdaEDelta1*MDelta1^4*lambdaEDelta1bar + 27*DEN[MDelta1,ME]^3*
   p3.pol3*sSS*FourPi^(-2)*I*g2*lambdaHatEDelta1*ME^6*
   lambdaHatEDelta1bar + 54*DEN[MDelta1,ME]^3*p3.pol3*sSS*FourPi^(-2)*I
   *g2*MDelta1*lambdaHatEDelta1*ME^5*lambdaEDelta1bar + 27*DEN[MDelta1,
   ME]^3*p3.pol3*sSS*FourPi^(-2)*I*g2*MDelta1^2*lambdaHatEDelta1*ME^4*
   lambdaHatEDelta1bar - 54*DEN[MDelta1,ME]^3*p3.pol3*sSS*FourPi^(-2)*I
   *g2*MDelta1^5*lambdaHatEDelta1*ME*lambdaEDelta1bar - 54*DEN[MDelta1,
   ME]^3*p3.pol3*sSS*FourPi^(-2)*I*g2*MDelta1^6*lambdaHatEDelta1*
   lambdaHatEDelta1bar + 27*DEN[MDelta1,ME]^3*p3.pol3*sSS*FourPi^(-2)*I
   *g2*lambdaEDelta1*ME^6*lambdaEDelta1bar + 54*DEN[MDelta1,ME]^3*
   p3.pol3*sSS*FourPi^(-2)*I*g2*lambdaEDelta1*MDelta1*ME^5*
   lambdaHatEDelta1bar + 27*DEN[MDelta1,ME]^3*p3.pol3*sSS*FourPi^(-2)*I
   *g2*lambdaEDelta1*MDelta1^2*ME^4*lambdaEDelta1bar - 54*DEN[MDelta1,
   ME]^3*p3.pol3*sSS*FourPi^(-2)*I*g2*lambdaEDelta1*MDelta1^5*ME*
   lambdaHatEDelta1bar - 54*DEN[MDelta1,ME]^3*p3.pol3*sSS*FourPi^(-2)*I
   *g2*lambdaEDelta1*MDelta1^6*lambdaEDelta1bar + 18*DEN[MDelta1,ME]^3*
   p3.pol3*sSS*FourPi^(-2)*I*invepsilonbar*g2*lambdaHatEDelta1*ME^6*
   lambdaHatEDelta1bar + 36*DEN[MDelta1,ME]^3*p3.pol3*sSS*FourPi^(-2)*I
   *invepsilonbar*g2*MDelta1*lambdaHatEDelta1*ME^5*lambdaEDelta1bar + 
   18*DEN[MDelta1,ME]^3*p3.pol3*sSS*FourPi^(-2)*I*invepsilonbar*g2*
   MDelta1^2*lambdaHatEDelta1*ME^4*lambdaHatEDelta1bar - 36*DEN[MDelta1
   ,ME]^3*p3.pol3*sSS*FourPi^(-2)*I*invepsilonbar*g2*MDelta1^5*
   lambdaHatEDelta1*ME*lambdaEDelta1bar - 36*DEN[MDelta1,ME]^3*p3.pol3*
   sSS*FourPi^(-2)*I*invepsilonbar*g2*MDelta1^6*lambdaHatEDelta1*
   lambdaHatEDelta1bar + 18*DEN[MDelta1,ME]^3*p3.pol3*sSS*FourPi^(-2)*I
   *invepsilonbar*g2*lambdaEDelta1*ME^6*lambdaEDelta1bar + 36*DEN[
   MDelta1,ME]^3*p3.pol3*sSS*FourPi^(-2)*I*invepsilonbar*g2*
   lambdaEDelta1*MDelta1*ME^5*lambdaHatEDelta1bar + 18*DEN[MDelta1,ME]^
   3*p3.pol3*sSS*FourPi^(-2)*I*invepsilonbar*g2*lambdaEDelta1*MDelta1^2
   *ME^4*lambdaEDelta1bar - 36*DEN[MDelta1,ME]^3*p3.pol3*sSS*
   FourPi^(-2)*I*invepsilonbar*g2*lambdaEDelta1*MDelta1^5*ME*
   lambdaHatEDelta1bar - 36*DEN[MDelta1,ME]^3*p3.pol3*sSS*FourPi^(-2)*I
   *invepsilonbar*g2*lambdaEDelta1*MDelta1^6*lambdaEDelta1bar + 486*
   DEN[MDelta1,ME]^4*p2.p2*p2.pol3*sSS^3*FourPi^(-2)*I*g2*
   lambdaHatEDelta1*ME^6*lambdaHatEDelta1bar + 648*DEN[MDelta1,ME]^4*
   p2.p2*p2.pol3*sSS^3*FourPi^(-2)*I*g2*MDelta1*lambdaHatEDelta1*ME^5*
   lambdaEDelta1bar + 162*DEN[MDelta1,ME]^4*p2.p2*p2.pol3*sSS^3*
   FourPi^(-2)*I*g2*MDelta1^2*lambdaHatEDelta1*ME^4*lambdaHatEDelta1bar
    + 648*DEN[MDelta1,ME]^4*p2.p2*p2.pol3*sSS^3*FourPi^(-2)*I*g2*
   MDelta1^5*lambdaHatEDelta1*ME*lambdaEDelta1bar + 912*DEN[MDelta1,ME]
   ^4*p2.p2*p2.pol3*sSS^3*FourPi^(-2)*I*g2*MDelta1^6*lambdaHatEDelta1*
   lambdaHatEDelta1bar + 486*DEN[MDelta1,ME]^4*p2.p2*p2.pol3*sSS^3*
   FourPi^(-2)*I*g2*lambdaEDelta1*ME^6*lambdaEDelta1bar + 648*DEN[
   MDelta1,ME]^4*p2.p2*p2.pol3*sSS^3*FourPi^(-2)*I*g2*lambdaEDelta1*
   MDelta1*ME^5*lambdaHatEDelta1bar + 162*DEN[MDelta1,ME]^4*p2.p2*
   p2.pol3*sSS^3*FourPi^(-2)*I*g2*lambdaEDelta1*MDelta1^2*ME^4*
   lambdaEDelta1bar + 648*DEN[MDelta1,ME]^4*p2.p2*p2.pol3*sSS^3*
   FourPi^(-2)*I*g2*lambdaEDelta1*MDelta1^5*ME*lambdaHatEDelta1bar + 
   912*DEN[MDelta1,ME]^4*p2.p2*p2.pol3*sSS^3*FourPi^(-2)*I*g2*
   lambdaEDelta1*MDelta1^6*lambdaEDelta1bar + 324*DEN[MDelta1,ME]^4*
   p2.p2*p2.pol3*sSS^3*FourPi^(-2)*I*invepsilonbar*g2*lambdaHatEDelta1*
   ME^6*lambdaHatEDelta1bar + 432*DEN[MDelta1,ME]^4*p2.p2*p2.pol3*sSS^3
   *FourPi^(-2)*I*invepsilonbar*g2*MDelta1*lambdaHatEDelta1*ME^5*
   lambdaEDelta1bar + 108*DEN[MDelta1,ME]^4*p2.p2*p2.pol3*sSS^3*
   FourPi^(-2)*I*invepsilonbar*g2*MDelta1^2*lambdaHatEDelta1*ME^4*
   lambdaHatEDelta1bar + 432*DEN[MDelta1,ME]^4*p2.p2*p2.pol3*sSS^3*
   FourPi^(-2)*I*invepsilonbar*g2*MDelta1^5*lambdaHatEDelta1*ME*
   lambdaEDelta1bar + 576*DEN[MDelta1,ME]^4*p2.p2*p2.pol3*sSS^3*
   FourPi^(-2)*I*invepsilonbar*g2*MDelta1^6*lambdaHatEDelta1*
   lambdaHatEDelta1bar + 324*DEN[MDelta1,ME]^4*p2.p2*p2.pol3*sSS^3*
   FourPi^(-2)*I*invepsilonbar*g2*lambdaEDelta1*ME^6*lambdaEDelta1bar
    + 432*DEN[MDelta1,ME]^4*p2.p2*p2.pol3*sSS^3*FourPi^(-2)*I*
   invepsilonbar*g2*lambdaEDelta1*MDelta1*ME^5*lambdaHatEDelta1bar + 
   108*DEN[MDelta1,ME]^4*p2.p2*p2.pol3*sSS^3*FourPi^(-2)*I*
   invepsilonbar*g2*lambdaEDelta1*MDelta1^2*ME^4*lambdaEDelta1bar + 432
   *DEN[MDelta1,ME]^4*p2.p2*p2.pol3*sSS^3*FourPi^(-2)*I*invepsilonbar*
   g2*lambdaEDelta1*MDelta1^5*ME*lambdaHatEDelta1bar + 576*DEN[MDelta1,
   ME]^4*p2.p2*p2.pol3*sSS^3*FourPi^(-2)*I*invepsilonbar*g2*
   lambdaEDelta1*MDelta1^6*lambdaEDelta1bar + 243*DEN[MDelta1,ME]^4*
   p2.p2*p3.pol3*sSS^3*FourPi^(-2)*I*g2*lambdaHatEDelta1*ME^6*
   lambdaHatEDelta1bar + 324*DEN[MDelta1,ME]^4*p2.p2*p3.pol3*sSS^3*
   FourPi^(-2)*I*g2*MDelta1*lambdaHatEDelta1*ME^5*lambdaEDelta1bar + 81
   *DEN[MDelta1,ME]^4*p2.p2*p3.pol3*sSS^3*FourPi^(-2)*I*g2*MDelta1^2*
   lambdaHatEDelta1*ME^4*lambdaHatEDelta1bar + 324*DEN[MDelta1,ME]^4*
   p2.p2*p3.pol3*sSS^3*FourPi^(-2)*I*g2*MDelta1^5*lambdaHatEDelta1*ME*
   lambdaEDelta1bar + 456*DEN[MDelta1,ME]^4*p2.p2*p3.pol3*sSS^3*
   FourPi^(-2)*I*g2*MDelta1^6*lambdaHatEDelta1*lambdaHatEDelta1bar + 
   243*DEN[MDelta1,ME]^4*p2.p2*p3.pol3*sSS^3*FourPi^(-2)*I*g2*
   lambdaEDelta1*ME^6*lambdaEDelta1bar + 324*DEN[MDelta1,ME]^4*p2.p2*
   p3.pol3*sSS^3*FourPi^(-2)*I*g2*lambdaEDelta1*MDelta1*ME^5*
   lambdaHatEDelta1bar + 81*DEN[MDelta1,ME]^4*p2.p2*p3.pol3*sSS^3*
   FourPi^(-2)*I*g2*lambdaEDelta1*MDelta1^2*ME^4*lambdaEDelta1bar + 324
   *DEN[MDelta1,ME]^4*p2.p2*p3.pol3*sSS^3*FourPi^(-2)*I*g2*
   lambdaEDelta1*MDelta1^5*ME*lambdaHatEDelta1bar + 456*DEN[MDelta1,ME]
   ^4*p2.p2*p3.pol3*sSS^3*FourPi^(-2)*I*g2*lambdaEDelta1*MDelta1^6*
   lambdaEDelta1bar + 162*DEN[MDelta1,ME]^4*p2.p2*p3.pol3*sSS^3*
   FourPi^(-2)*I*invepsilonbar*g2*lambdaHatEDelta1*ME^6*
   lambdaHatEDelta1bar + 216*DEN[MDelta1,ME]^4*p2.p2*p3.pol3*sSS^3*
   FourPi^(-2)*I*invepsilonbar*g2*MDelta1*lambdaHatEDelta1*ME^5*
   lambdaEDelta1bar + 54*DEN[MDelta1,ME]^4*p2.p2*p3.pol3*sSS^3*
   FourPi^(-2)*I*invepsilonbar*g2*MDelta1^2*lambdaHatEDelta1*ME^4*
   lambdaHatEDelta1bar + 216*DEN[MDelta1,ME]^4*p2.p2*p3.pol3*sSS^3*
   FourPi^(-2)*I*invepsilonbar*g2*MDelta1^5*lambdaHatEDelta1*ME*
   lambdaEDelta1bar + 288*DEN[MDelta1,ME]^4*p2.p2*p3.pol3*sSS^3*
   FourPi^(-2)*I*invepsilonbar*g2*MDelta1^6*lambdaHatEDelta1*
   lambdaHatEDelta1bar + 162*DEN[MDelta1,ME]^4*p2.p2*p3.pol3*sSS^3*
   FourPi^(-2)*I*invepsilonbar*g2*lambdaEDelta1*ME^6*lambdaEDelta1bar
    + 216*DEN[MDelta1,ME]^4*p2.p2*p3.pol3*sSS^3*FourPi^(-2)*I*
   invepsilonbar*g2*lambdaEDelta1*MDelta1*ME^5*lambdaHatEDelta1bar + 54
   *DEN[MDelta1,ME]^4*p2.p2*p3.pol3*sSS^3*FourPi^(-2)*I*invepsilonbar*
   g2*lambdaEDelta1*MDelta1^2*ME^4*lambdaEDelta1bar + 216*DEN[MDelta1,
   ME]^4*p2.p2*p3.pol3*sSS^3*FourPi^(-2)*I*invepsilonbar*g2*
   lambdaEDelta1*MDelta1^5*ME*lambdaHatEDelta1bar + 288*DEN[MDelta1,ME]
   ^4*p2.p2*p3.pol3*sSS^3*FourPi^(-2)*I*invepsilonbar*g2*lambdaEDelta1*
   MDelta1^6*lambdaEDelta1bar + 486*DEN[MDelta1,ME]^4*p2.p3*p2.pol3*
   sSS^3*FourPi^(-2)*I*g2*lambdaHatEDelta1*ME^6*lambdaHatEDelta1bar + 
   648*DEN[MDelta1,ME]^4*p2.p3*p2.pol3*sSS^3*FourPi^(-2)*I*g2*MDelta1*
   lambdaHatEDelta1*ME^5*lambdaEDelta1bar + 162*DEN[MDelta1,ME]^4*p2.p3
   *p2.pol3*sSS^3*FourPi^(-2)*I*g2*MDelta1^2*lambdaHatEDelta1*ME^4*
   lambdaHatEDelta1bar + 648*DEN[MDelta1,ME]^4*p2.p3*p2.pol3*sSS^3*
   FourPi^(-2)*I*g2*MDelta1^5*lambdaHatEDelta1*ME*lambdaEDelta1bar + 
   912*DEN[MDelta1,ME]^4*p2.p3*p2.pol3*sSS^3*FourPi^(-2)*I*g2*MDelta1^6
   *lambdaHatEDelta1*lambdaHatEDelta1bar + 486*DEN[MDelta1,ME]^4*p2.p3*
   p2.pol3*sSS^3*FourPi^(-2)*I*g2*lambdaEDelta1*ME^6*lambdaEDelta1bar
    + 648*DEN[MDelta1,ME]^4*p2.p3*p2.pol3*sSS^3*FourPi^(-2)*I*g2*
   lambdaEDelta1*MDelta1*ME^5*lambdaHatEDelta1bar + 162*DEN[MDelta1,ME]
   ^4*p2.p3*p2.pol3*sSS^3*FourPi^(-2)*I*g2*lambdaEDelta1*MDelta1^2*ME^4
   *lambdaEDelta1bar + 648*DEN[MDelta1,ME]^4*p2.p3*p2.pol3*sSS^3*
   FourPi^(-2)*I*g2*lambdaEDelta1*MDelta1^5*ME*lambdaHatEDelta1bar + 
   912*DEN[MDelta1,ME]^4*p2.p3*p2.pol3*sSS^3*FourPi^(-2)*I*g2*
   lambdaEDelta1*MDelta1^6*lambdaEDelta1bar + 324*DEN[MDelta1,ME]^4*
   p2.p3*p2.pol3*sSS^3*FourPi^(-2)*I*invepsilonbar*g2*lambdaHatEDelta1*
   ME^6*lambdaHatEDelta1bar + 432*DEN[MDelta1,ME]^4*p2.p3*p2.pol3*sSS^3
   *FourPi^(-2)*I*invepsilonbar*g2*MDelta1*lambdaHatEDelta1*ME^5*
   lambdaEDelta1bar + 108*DEN[MDelta1,ME]^4*p2.p3*p2.pol3*sSS^3*
   FourPi^(-2)*I*invepsilonbar*g2*MDelta1^2*lambdaHatEDelta1*ME^4*
   lambdaHatEDelta1bar + 432*DEN[MDelta1,ME]^4*p2.p3*p2.pol3*sSS^3*
   FourPi^(-2)*I*invepsilonbar*g2*MDelta1^5*lambdaHatEDelta1*ME*
   lambdaEDelta1bar + 576*DEN[MDelta1,ME]^4*p2.p3*p2.pol3*sSS^3*
   FourPi^(-2)*I*invepsilonbar*g2*MDelta1^6*lambdaHatEDelta1*
   lambdaHatEDelta1bar + 324*DEN[MDelta1,ME]^4*p2.p3*p2.pol3*sSS^3*
   FourPi^(-2)*I*invepsilonbar*g2*lambdaEDelta1*ME^6*lambdaEDelta1bar
    + 432*DEN[MDelta1,ME]^4*p2.p3*p2.pol3*sSS^3*FourPi^(-2)*I*
   invepsilonbar*g2*lambdaEDelta1*MDelta1*ME^5*lambdaHatEDelta1bar + 
   108*DEN[MDelta1,ME]^4*p2.p3*p2.pol3*sSS^3*FourPi^(-2)*I*
   invepsilonbar*g2*lambdaEDelta1*MDelta1^2*ME^4*lambdaEDelta1bar + 432
   *DEN[MDelta1,ME]^4*p2.p3*p2.pol3*sSS^3*FourPi^(-2)*I*invepsilonbar*
   g2*lambdaEDelta1*MDelta1^5*ME*lambdaHatEDelta1bar + 576*DEN[MDelta1,
   ME]^4*p2.p3*p2.pol3*sSS^3*FourPi^(-2)*I*invepsilonbar*g2*
   lambdaEDelta1*MDelta1^6*lambdaEDelta1bar + 270*DEN[MDelta1,ME]^4*
   p2.p3*p3.pol3*sSS^3*FourPi^(-2)*I*g2*lambdaHatEDelta1*ME^6*
   lambdaHatEDelta1bar + 378*DEN[MDelta1,ME]^4*p2.p3*p3.pol3*sSS^3*
   FourPi^(-2)*I*g2*MDelta1*lambdaHatEDelta1*ME^5*lambdaEDelta1bar + 
   108*DEN[MDelta1,ME]^4*p2.p3*p3.pol3*sSS^3*FourPi^(-2)*I*g2*MDelta1^2
   *lambdaHatEDelta1*ME^4*lambdaHatEDelta1bar + 486*DEN[MDelta1,ME]^4*
   p2.p3*p3.pol3*sSS^3*FourPi^(-2)*I*g2*MDelta1^5*lambdaHatEDelta1*ME*
   lambdaEDelta1bar + 662*DEN[MDelta1,ME]^4*p2.p3*p3.pol3*sSS^3*
   FourPi^(-2)*I*g2*MDelta1^6*lambdaHatEDelta1*lambdaHatEDelta1bar + 
   270*DEN[MDelta1,ME]^4*p2.p3*p3.pol3*sSS^3*FourPi^(-2)*I*g2*
   lambdaEDelta1*ME^6*lambdaEDelta1bar + 378*DEN[MDelta1,ME]^4*p2.p3*
   p3.pol3*sSS^3*FourPi^(-2)*I*g2*lambdaEDelta1*MDelta1*ME^5*
   lambdaHatEDelta1bar + 108*DEN[MDelta1,ME]^4*p2.p3*p3.pol3*sSS^3*
   FourPi^(-2)*I*g2*lambdaEDelta1*MDelta1^2*ME^4*lambdaEDelta1bar + 486
   *DEN[MDelta1,ME]^4*p2.p3*p3.pol3*sSS^3*FourPi^(-2)*I*g2*
   lambdaEDelta1*MDelta1^5*ME*lambdaHatEDelta1bar + 662*DEN[MDelta1,ME]
   ^4*p2.p3*p3.pol3*sSS^3*FourPi^(-2)*I*g2*lambdaEDelta1*MDelta1^6*
   lambdaEDelta1bar + 180*DEN[MDelta1,ME]^4*p2.p3*p3.pol3*sSS^3*
   FourPi^(-2)*I*invepsilonbar*g2*lambdaHatEDelta1*ME^6*
   lambdaHatEDelta1bar + 252*DEN[MDelta1,ME]^4*p2.p3*p3.pol3*sSS^3*
   FourPi^(-2)*I*invepsilonbar*g2*MDelta1*lambdaHatEDelta1*ME^5*
   lambdaEDelta1bar + 72*DEN[MDelta1,ME]^4*p2.p3*p3.pol3*sSS^3*
   FourPi^(-2)*I*invepsilonbar*g2*MDelta1^2*lambdaHatEDelta1*ME^4*
   lambdaHatEDelta1bar + 324*DEN[MDelta1,ME]^4*p2.p3*p3.pol3*sSS^3*
   FourPi^(-2)*I*invepsilonbar*g2*MDelta1^5*lambdaHatEDelta1*ME*
   lambdaEDelta1bar + 420*DEN[MDelta1,ME]^4*p2.p3*p3.pol3*sSS^3*
   FourPi^(-2)*I*invepsilonbar*g2*MDelta1^6*lambdaHatEDelta1*
   lambdaHatEDelta1bar + 180*DEN[MDelta1,ME]^4*p2.p3*p3.pol3*sSS^3*
   FourPi^(-2)*I*invepsilonbar*g2*lambdaEDelta1*ME^6*lambdaEDelta1bar
    + 252*DEN[MDelta1,ME]^4*p2.p3*p3.pol3*sSS^3*FourPi^(-2)*I*
   invepsilonbar*g2*lambdaEDelta1*MDelta1*ME^5*lambdaHatEDelta1bar + 72
   *DEN[MDelta1,ME]^4*p2.p3*p3.pol3*sSS^3*FourPi^(-2)*I*invepsilonbar*
   g2*lambdaEDelta1*MDelta1^2*ME^4*lambdaEDelta1bar + 324*DEN[MDelta1,
   ME]^4*p2.p3*p3.pol3*sSS^3*FourPi^(-2)*I*invepsilonbar*g2*
   lambdaEDelta1*MDelta1^5*ME*lambdaHatEDelta1bar + 420*DEN[MDelta1,ME]
   ^4*p2.p3*p3.pol3*sSS^3*FourPi^(-2)*I*invepsilonbar*g2*lambdaEDelta1*
   MDelta1^6*lambdaEDelta1bar + 189*DEN[MDelta1,ME]^4*p2.pol3*p3.p3*
   sSS^3*FourPi^(-2)*I*g2*lambdaHatEDelta1*ME^6*lambdaHatEDelta1bar + 
   270*DEN[MDelta1,ME]^4*p2.pol3*p3.p3*sSS^3*FourPi^(-2)*I*g2*MDelta1*
   lambdaHatEDelta1*ME^5*lambdaEDelta1bar + 81*DEN[MDelta1,ME]^4*
   p2.pol3*p3.p3*sSS^3*FourPi^(-2)*I*g2*MDelta1^2*lambdaHatEDelta1*ME^4
   *lambdaHatEDelta1bar + 162*DEN[MDelta1,ME]^4*p2.pol3*p3.p3*sSS^3*
   FourPi^(-2)*I*g2*MDelta1^5*lambdaHatEDelta1*ME*lambdaEDelta1bar + 
   250*DEN[MDelta1,ME]^4*p2.pol3*p3.p3*sSS^3*FourPi^(-2)*I*g2*MDelta1^6
   *lambdaHatEDelta1*lambdaHatEDelta1bar + 189*DEN[MDelta1,ME]^4*
   p2.pol3*p3.p3*sSS^3*FourPi^(-2)*I*g2*lambdaEDelta1*ME^6*
   lambdaEDelta1bar + 270*DEN[MDelta1,ME]^4*p2.pol3*p3.p3*sSS^3*
   FourPi^(-2)*I*g2*lambdaEDelta1*MDelta1*ME^5*lambdaHatEDelta1bar + 81
   *DEN[MDelta1,ME]^4*p2.pol3*p3.p3*sSS^3*FourPi^(-2)*I*g2*
   lambdaEDelta1*MDelta1^2*ME^4*lambdaEDelta1bar + 162*DEN[MDelta1,ME]^
   4*p2.pol3*p3.p3*sSS^3*FourPi^(-2)*I*g2*lambdaEDelta1*MDelta1^5*ME*
   lambdaHatEDelta1bar + 250*DEN[MDelta1,ME]^4*p2.pol3*p3.p3*sSS^3*
   FourPi^(-2)*I*g2*lambdaEDelta1*MDelta1^6*lambdaEDelta1bar + 126*DEN[
   MDelta1,ME]^4*p2.pol3*p3.p3*sSS^3*FourPi^(-2)*I*invepsilonbar*g2*
   lambdaHatEDelta1*ME^6*lambdaHatEDelta1bar + 180*DEN[MDelta1,ME]^4*
   p2.pol3*p3.p3*sSS^3*FourPi^(-2)*I*invepsilonbar*g2*MDelta1*
   lambdaHatEDelta1*ME^5*lambdaEDelta1bar + 54*DEN[MDelta1,ME]^4*
   p2.pol3*p3.p3*sSS^3*FourPi^(-2)*I*invepsilonbar*g2*MDelta1^2*
   lambdaHatEDelta1*ME^4*lambdaHatEDelta1bar + 108*DEN[MDelta1,ME]^4*
   p2.pol3*p3.p3*sSS^3*FourPi^(-2)*I*invepsilonbar*g2*MDelta1^5*
   lambdaHatEDelta1*ME*lambdaEDelta1bar + 156*DEN[MDelta1,ME]^4*p2.pol3
   *p3.p3*sSS^3*FourPi^(-2)*I*invepsilonbar*g2*MDelta1^6*
   lambdaHatEDelta1*lambdaHatEDelta1bar + 126*DEN[MDelta1,ME]^4*p2.pol3
   *p3.p3*sSS^3*FourPi^(-2)*I*invepsilonbar*g2*lambdaEDelta1*ME^6*
   lambdaEDelta1bar + 180*DEN[MDelta1,ME]^4*p2.pol3*p3.p3*sSS^3*
   FourPi^(-2)*I*invepsilonbar*g2*lambdaEDelta1*MDelta1*ME^5*
   lambdaHatEDelta1bar + 54*DEN[MDelta1,ME]^4*p2.pol3*p3.p3*sSS^3*
   FourPi^(-2)*I*invepsilonbar*g2*lambdaEDelta1*MDelta1^2*ME^4*
   lambdaEDelta1bar + 108*DEN[MDelta1,ME]^4*p2.pol3*p3.p3*sSS^3*
   FourPi^(-2)*I*invepsilonbar*g2*lambdaEDelta1*MDelta1^5*ME*
   lambdaHatEDelta1bar + 156*DEN[MDelta1,ME]^4*p2.pol3*p3.p3*sSS^3*
   FourPi^(-2)*I*invepsilonbar*g2*lambdaEDelta1*MDelta1^6*
   lambdaEDelta1bar + 108*DEN[MDelta1,ME]^4*p3.p3*p3.pol3*sSS^3*
   FourPi^(-2)*I*g2*lambdaHatEDelta1*ME^6*lambdaHatEDelta1bar + 162*
   DEN[MDelta1,ME]^4*p3.p3*p3.pol3*sSS^3*FourPi^(-2)*I*g2*MDelta1*
   lambdaHatEDelta1*ME^5*lambdaEDelta1bar + 54*DEN[MDelta1,ME]^4*p3.p3*
   p3.pol3*sSS^3*FourPi^(-2)*I*g2*MDelta1^2*lambdaHatEDelta1*ME^4*
   lambdaHatEDelta1bar + 162*DEN[MDelta1,ME]^4*p3.p3*p3.pol3*sSS^3*
   FourPi^(-2)*I*g2*MDelta1^5*lambdaHatEDelta1*ME*lambdaEDelta1bar + 
   228*DEN[MDelta1,ME]^4*p3.p3*p3.pol3*sSS^3*FourPi^(-2)*I*g2*MDelta1^6
   *lambdaHatEDelta1*lambdaHatEDelta1bar + 108*DEN[MDelta1,ME]^4*p3.p3*
   p3.pol3*sSS^3*FourPi^(-2)*I*g2*lambdaEDelta1*ME^6*lambdaEDelta1bar
    + 162*DEN[MDelta1,ME]^4*p3.p3*p3.pol3*sSS^3*FourPi^(-2)*I*g2*
   lambdaEDelta1*MDelta1*ME^5*lambdaHatEDelta1bar + 54*DEN[MDelta1,ME]^
   4*p3.p3*p3.pol3*sSS^3*FourPi^(-2)*I*g2*lambdaEDelta1*MDelta1^2*ME^4*
   lambdaEDelta1bar + 162*DEN[MDelta1,ME]^4*p3.p3*p3.pol3*sSS^3*
   FourPi^(-2)*I*g2*lambdaEDelta1*MDelta1^5*ME*lambdaHatEDelta1bar + 
   228*DEN[MDelta1,ME]^4*p3.p3*p3.pol3*sSS^3*FourPi^(-2)*I*g2*
   lambdaEDelta1*MDelta1^6*lambdaEDelta1bar + 72*DEN[MDelta1,ME]^4*
   p3.p3*p3.pol3*sSS^3*FourPi^(-2)*I*invepsilonbar*g2*lambdaHatEDelta1*
   ME^6*lambdaHatEDelta1bar + 108*DEN[MDelta1,ME]^4*p3.p3*p3.pol3*sSS^3
   *FourPi^(-2)*I*invepsilonbar*g2*MDelta1*lambdaHatEDelta1*ME^5*
   lambdaEDelta1bar + 36*DEN[MDelta1,ME]^4*p3.p3*p3.pol3*sSS^3*
   FourPi^(-2)*I*invepsilonbar*g2*MDelta1^2*lambdaHatEDelta1*ME^4*
   lambdaHatEDelta1bar + 108*DEN[MDelta1,ME]^4*p3.p3*p3.pol3*sSS^3*
   FourPi^(-2)*I*invepsilonbar*g2*MDelta1^5*lambdaHatEDelta1*ME*
   lambdaEDelta1bar + 144*DEN[MDelta1,ME]^4*p3.p3*p3.pol3*sSS^3*
   FourPi^(-2)*I*invepsilonbar*g2*MDelta1^6*lambdaHatEDelta1*
   lambdaHatEDelta1bar + 72*DEN[MDelta1,ME]^4*p3.p3*p3.pol3*sSS^3*
   FourPi^(-2)*I*invepsilonbar*g2*lambdaEDelta1*ME^6*lambdaEDelta1bar
    + 108*DEN[MDelta1,ME]^4*p3.p3*p3.pol3*sSS^3*FourPi^(-2)*I*
   invepsilonbar*g2*lambdaEDelta1*MDelta1*ME^5*lambdaHatEDelta1bar + 36
   *DEN[MDelta1,ME]^4*p3.p3*p3.pol3*sSS^3*FourPi^(-2)*I*invepsilonbar*
   g2*lambdaEDelta1*MDelta1^2*ME^4*lambdaEDelta1bar + 108*DEN[MDelta1,
   ME]^4*p3.p3*p3.pol3*sSS^3*FourPi^(-2)*I*invepsilonbar*g2*
   lambdaEDelta1*MDelta1^5*ME*lambdaHatEDelta1bar + 144*DEN[MDelta1,ME]
   ^4*p3.p3*p3.pol3*sSS^3*FourPi^(-2)*I*invepsilonbar*g2*lambdaEDelta1*
   MDelta1^6*lambdaEDelta1bar + 264*DEN[MDelta1,ME]^5*p2.p2*p2.pol3*
   sSS^3*FourPi^(-2)*I*g2*lambdaHatEDelta1*ME^8*lambdaHatEDelta1bar + 
   528*DEN[MDelta1,ME]^5*p2.p2*p2.pol3*sSS^3*FourPi^(-2)*I*g2*MDelta1*
   lambdaHatEDelta1*ME^7*lambdaEDelta1bar + 264*DEN[MDelta1,ME]^5*p2.p2
   *p2.pol3*sSS^3*FourPi^(-2)*I*g2*MDelta1^2*lambdaHatEDelta1*ME^6*
   lambdaHatEDelta1bar - 528*DEN[MDelta1,ME]^5*p2.p2*p2.pol3*sSS^3*
   FourPi^(-2)*I*g2*MDelta1^7*lambdaHatEDelta1*ME*lambdaEDelta1bar - 
   528*DEN[MDelta1,ME]^5*p2.p2*p2.pol3*sSS^3*FourPi^(-2)*I*g2*MDelta1^8
   *lambdaHatEDelta1*lambdaHatEDelta1bar + 264*DEN[MDelta1,ME]^5*p2.p2*
   p2.pol3*sSS^3*FourPi^(-2)*I*g2*lambdaEDelta1*ME^8*lambdaEDelta1bar
    + 528*DEN[MDelta1,ME]^5*p2.p2*p2.pol3*sSS^3*FourPi^(-2)*I*g2*
   lambdaEDelta1*MDelta1*ME^7*lambdaHatEDelta1bar + 264*DEN[MDelta1,ME]
   ^5*p2.p2*p2.pol3*sSS^3*FourPi^(-2)*I*g2*lambdaEDelta1*MDelta1^2*ME^6
   *lambdaEDelta1bar - 528*DEN[MDelta1,ME]^5*p2.p2*p2.pol3*sSS^3*
   FourPi^(-2)*I*g2*lambdaEDelta1*MDelta1^7*ME*lambdaHatEDelta1bar - 
   528*DEN[MDelta1,ME]^5*p2.p2*p2.pol3*sSS^3*FourPi^(-2)*I*g2*
   lambdaEDelta1*MDelta1^8*lambdaEDelta1bar + 144*DEN[MDelta1,ME]^5*
   p2.p2*p2.pol3*sSS^3*FourPi^(-2)*I*invepsilonbar*g2*lambdaHatEDelta1*
   ME^8*lambdaHatEDelta1bar + 288*DEN[MDelta1,ME]^5*p2.p2*p2.pol3*sSS^3
   *FourPi^(-2)*I*invepsilonbar*g2*MDelta1*lambdaHatEDelta1*ME^7*
   lambdaEDelta1bar + 144*DEN[MDelta1,ME]^5*p2.p2*p2.pol3*sSS^3*
   FourPi^(-2)*I*invepsilonbar*g2*MDelta1^2*lambdaHatEDelta1*ME^6*
   lambdaHatEDelta1bar - 288*DEN[MDelta1,ME]^5*p2.p2*p2.pol3*sSS^3*
   FourPi^(-2)*I*invepsilonbar*g2*MDelta1^7*lambdaHatEDelta1*ME*
   lambdaEDelta1bar - 288*DEN[MDelta1,ME]^5*p2.p2*p2.pol3*sSS^3*
   FourPi^(-2)*I*invepsilonbar*g2*MDelta1^8*lambdaHatEDelta1*
   lambdaHatEDelta1bar + 144*DEN[MDelta1,ME]^5*p2.p2*p2.pol3*sSS^3*
   FourPi^(-2)*I*invepsilonbar*g2*lambdaEDelta1*ME^8*lambdaEDelta1bar
    + 288*DEN[MDelta1,ME]^5*p2.p2*p2.pol3*sSS^3*FourPi^(-2)*I*
   invepsilonbar*g2*lambdaEDelta1*MDelta1*ME^7*lambdaHatEDelta1bar + 
   144*DEN[MDelta1,ME]^5*p2.p2*p2.pol3*sSS^3*FourPi^(-2)*I*
   invepsilonbar*g2*lambdaEDelta1*MDelta1^2*ME^6*lambdaEDelta1bar - 288
   *DEN[MDelta1,ME]^5*p2.p2*p2.pol3*sSS^3*FourPi^(-2)*I*invepsilonbar*
   g2*lambdaEDelta1*MDelta1^7*ME*lambdaHatEDelta1bar - 288*DEN[MDelta1,
   ME]^5*p2.p2*p2.pol3*sSS^3*FourPi^(-2)*I*invepsilonbar*g2*
   lambdaEDelta1*MDelta1^8*lambdaEDelta1bar + 132*DEN[MDelta1,ME]^5*
   p2.p2*p3.pol3*sSS^3*FourPi^(-2)*I*g2*lambdaHatEDelta1*ME^8*
   lambdaHatEDelta1bar + 264*DEN[MDelta1,ME]^5*p2.p2*p3.pol3*sSS^3*
   FourPi^(-2)*I*g2*MDelta1*lambdaHatEDelta1*ME^7*lambdaEDelta1bar + 
   132*DEN[MDelta1,ME]^5*p2.p2*p3.pol3*sSS^3*FourPi^(-2)*I*g2*MDelta1^2
   *lambdaHatEDelta1*ME^6*lambdaHatEDelta1bar - 264*DEN[MDelta1,ME]^5*
   p2.p2*p3.pol3*sSS^3*FourPi^(-2)*I*g2*MDelta1^7*lambdaHatEDelta1*ME*
   lambdaEDelta1bar - 264*DEN[MDelta1,ME]^5*p2.p2*p3.pol3*sSS^3*
   FourPi^(-2)*I*g2*MDelta1^8*lambdaHatEDelta1*lambdaHatEDelta1bar + 
   132*DEN[MDelta1,ME]^5*p2.p2*p3.pol3*sSS^3*FourPi^(-2)*I*g2*
   lambdaEDelta1*ME^8*lambdaEDelta1bar + 264*DEN[MDelta1,ME]^5*p2.p2*
   p3.pol3*sSS^3*FourPi^(-2)*I*g2*lambdaEDelta1*MDelta1*ME^7*
   lambdaHatEDelta1bar + 132*DEN[MDelta1,ME]^5*p2.p2*p3.pol3*sSS^3*
   FourPi^(-2)*I*g2*lambdaEDelta1*MDelta1^2*ME^6*lambdaEDelta1bar - 264
   *DEN[MDelta1,ME]^5*p2.p2*p3.pol3*sSS^3*FourPi^(-2)*I*g2*
   lambdaEDelta1*MDelta1^7*ME*lambdaHatEDelta1bar - 264*DEN[MDelta1,ME]
   ^5*p2.p2*p3.pol3*sSS^3*FourPi^(-2)*I*g2*lambdaEDelta1*MDelta1^8*
   lambdaEDelta1bar + 72*DEN[MDelta1,ME]^5*p2.p2*p3.pol3*sSS^3*
   FourPi^(-2)*I*invepsilonbar*g2*lambdaHatEDelta1*ME^8*
   lambdaHatEDelta1bar + 144*DEN[MDelta1,ME]^5*p2.p2*p3.pol3*sSS^3*
   FourPi^(-2)*I*invepsilonbar*g2*MDelta1*lambdaHatEDelta1*ME^7*
   lambdaEDelta1bar + 72*DEN[MDelta1,ME]^5*p2.p2*p3.pol3*sSS^3*
   FourPi^(-2)*I*invepsilonbar*g2*MDelta1^2*lambdaHatEDelta1*ME^6*
   lambdaHatEDelta1bar - 144*DEN[MDelta1,ME]^5*p2.p2*p3.pol3*sSS^3*
   FourPi^(-2)*I*invepsilonbar*g2*MDelta1^7*lambdaHatEDelta1*ME*
   lambdaEDelta1bar - 144*DEN[MDelta1,ME]^5*p2.p2*p3.pol3*sSS^3*
   FourPi^(-2)*I*invepsilonbar*g2*MDelta1^8*lambdaHatEDelta1*
   lambdaHatEDelta1bar + 72*DEN[MDelta1,ME]^5*p2.p2*p3.pol3*sSS^3*
   FourPi^(-2)*I*invepsilonbar*g2*lambdaEDelta1*ME^8*lambdaEDelta1bar
    + 144*DEN[MDelta1,ME]^5*p2.p2*p3.pol3*sSS^3*FourPi^(-2)*I*
   invepsilonbar*g2*lambdaEDelta1*MDelta1*ME^7*lambdaHatEDelta1bar + 72
   *DEN[MDelta1,ME]^5*p2.p2*p3.pol3*sSS^3*FourPi^(-2)*I*invepsilonbar*
   g2*lambdaEDelta1*MDelta1^2*ME^6*lambdaEDelta1bar - 144*DEN[MDelta1,
   ME]^5*p2.p2*p3.pol3*sSS^3*FourPi^(-2)*I*invepsilonbar*g2*
   lambdaEDelta1*MDelta1^7*ME*lambdaHatEDelta1bar - 144*DEN[MDelta1,ME]
   ^5*p2.p2*p3.pol3*sSS^3*FourPi^(-2)*I*invepsilonbar*g2*lambdaEDelta1*
   MDelta1^8*lambdaEDelta1bar + 264*DEN[MDelta1,ME]^5*p2.p3*p2.pol3*
   sSS^3*FourPi^(-2)*I*g2*lambdaHatEDelta1*ME^8*lambdaHatEDelta1bar + 
   528*DEN[MDelta1,ME]^5*p2.p3*p2.pol3*sSS^3*FourPi^(-2)*I*g2*MDelta1*
   lambdaHatEDelta1*ME^7*lambdaEDelta1bar + 264*DEN[MDelta1,ME]^5*p2.p3
   *p2.pol3*sSS^3*FourPi^(-2)*I*g2*MDelta1^2*lambdaHatEDelta1*ME^6*
   lambdaHatEDelta1bar - 528*DEN[MDelta1,ME]^5*p2.p3*p2.pol3*sSS^3*
   FourPi^(-2)*I*g2*MDelta1^7*lambdaHatEDelta1*ME*lambdaEDelta1bar - 
   528*DEN[MDelta1,ME]^5*p2.p3*p2.pol3*sSS^3*FourPi^(-2)*I*g2*MDelta1^8
   *lambdaHatEDelta1*lambdaHatEDelta1bar + 264*DEN[MDelta1,ME]^5*p2.p3*
   p2.pol3*sSS^3*FourPi^(-2)*I*g2*lambdaEDelta1*ME^8*lambdaEDelta1bar
    + 528*DEN[MDelta1,ME]^5*p2.p3*p2.pol3*sSS^3*FourPi^(-2)*I*g2*
   lambdaEDelta1*MDelta1*ME^7*lambdaHatEDelta1bar + 264*DEN[MDelta1,ME]
   ^5*p2.p3*p2.pol3*sSS^3*FourPi^(-2)*I*g2*lambdaEDelta1*MDelta1^2*ME^6
   *lambdaEDelta1bar - 528*DEN[MDelta1,ME]^5*p2.p3*p2.pol3*sSS^3*
   FourPi^(-2)*I*g2*lambdaEDelta1*MDelta1^7*ME*lambdaHatEDelta1bar - 
   528*DEN[MDelta1,ME]^5*p2.p3*p2.pol3*sSS^3*FourPi^(-2)*I*g2*
   lambdaEDelta1*MDelta1^8*lambdaEDelta1bar + 144*DEN[MDelta1,ME]^5*
   p2.p3*p2.pol3*sSS^3*FourPi^(-2)*I*invepsilonbar*g2*lambdaHatEDelta1*
   ME^8*lambdaHatEDelta1bar + 288*DEN[MDelta1,ME]^5*p2.p3*p2.pol3*sSS^3
   *FourPi^(-2)*I*invepsilonbar*g2*MDelta1*lambdaHatEDelta1*ME^7*
   lambdaEDelta1bar + 144*DEN[MDelta1,ME]^5*p2.p3*p2.pol3*sSS^3*
   FourPi^(-2)*I*invepsilonbar*g2*MDelta1^2*lambdaHatEDelta1*ME^6*
   lambdaHatEDelta1bar - 288*DEN[MDelta1,ME]^5*p2.p3*p2.pol3*sSS^3*
   FourPi^(-2)*I*invepsilonbar*g2*MDelta1^7*lambdaHatEDelta1*ME*
   lambdaEDelta1bar - 288*DEN[MDelta1,ME]^5*p2.p3*p2.pol3*sSS^3*
   FourPi^(-2)*I*invepsilonbar*g2*MDelta1^8*lambdaHatEDelta1*
   lambdaHatEDelta1bar + 144*DEN[MDelta1,ME]^5*p2.p3*p2.pol3*sSS^3*
   FourPi^(-2)*I*invepsilonbar*g2*lambdaEDelta1*ME^8*lambdaEDelta1bar
    + 288*DEN[MDelta1,ME]^5*p2.p3*p2.pol3*sSS^3*FourPi^(-2)*I*
   invepsilonbar*g2*lambdaEDelta1*MDelta1*ME^7*lambdaHatEDelta1bar + 
   144*DEN[MDelta1,ME]^5*p2.p3*p2.pol3*sSS^3*FourPi^(-2)*I*
   invepsilonbar*g2*lambdaEDelta1*MDelta1^2*ME^6*lambdaEDelta1bar - 288
   *DEN[MDelta1,ME]^5*p2.p3*p2.pol3*sSS^3*FourPi^(-2)*I*invepsilonbar*
   g2*lambdaEDelta1*MDelta1^7*ME*lambdaHatEDelta1bar - 288*DEN[MDelta1,
   ME]^5*p2.p3*p2.pol3*sSS^3*FourPi^(-2)*I*invepsilonbar*g2*
   lambdaEDelta1*MDelta1^8*lambdaEDelta1bar + 176*DEN[MDelta1,ME]^5*
   p2.p3*p3.pol3*sSS^3*FourPi^(-2)*I*g2*lambdaHatEDelta1*ME^8*
   lambdaHatEDelta1bar + 352*DEN[MDelta1,ME]^5*p2.p3*p3.pol3*sSS^3*
   FourPi^(-2)*I*g2*MDelta1*lambdaHatEDelta1*ME^7*lambdaEDelta1bar + 
   176*DEN[MDelta1,ME]^5*p2.p3*p3.pol3*sSS^3*FourPi^(-2)*I*g2*MDelta1^2
   *lambdaHatEDelta1*ME^6*lambdaHatEDelta1bar - 352*DEN[MDelta1,ME]^5*
   p2.p3*p3.pol3*sSS^3*FourPi^(-2)*I*g2*MDelta1^7*lambdaHatEDelta1*ME*
   lambdaEDelta1bar - 352*DEN[MDelta1,ME]^5*p2.p3*p3.pol3*sSS^3*
   FourPi^(-2)*I*g2*MDelta1^8*lambdaHatEDelta1*lambdaHatEDelta1bar + 
   176*DEN[MDelta1,ME]^5*p2.p3*p3.pol3*sSS^3*FourPi^(-2)*I*g2*
   lambdaEDelta1*ME^8*lambdaEDelta1bar + 352*DEN[MDelta1,ME]^5*p2.p3*
   p3.pol3*sSS^3*FourPi^(-2)*I*g2*lambdaEDelta1*MDelta1*ME^7*
   lambdaHatEDelta1bar + 176*DEN[MDelta1,ME]^5*p2.p3*p3.pol3*sSS^3*
   FourPi^(-2)*I*g2*lambdaEDelta1*MDelta1^2*ME^6*lambdaEDelta1bar - 352
   *DEN[MDelta1,ME]^5*p2.p3*p3.pol3*sSS^3*FourPi^(-2)*I*g2*
   lambdaEDelta1*MDelta1^7*ME*lambdaHatEDelta1bar - 352*DEN[MDelta1,ME]
   ^5*p2.p3*p3.pol3*sSS^3*FourPi^(-2)*I*g2*lambdaEDelta1*MDelta1^8*
   lambdaEDelta1bar + 96*DEN[MDelta1,ME]^5*p2.p3*p3.pol3*sSS^3*
   FourPi^(-2)*I*invepsilonbar*g2*lambdaHatEDelta1*ME^8*
   lambdaHatEDelta1bar + 192*DEN[MDelta1,ME]^5*p2.p3*p3.pol3*sSS^3*
   FourPi^(-2)*I*invepsilonbar*g2*MDelta1*lambdaHatEDelta1*ME^7*
   lambdaEDelta1bar + 96*DEN[MDelta1,ME]^5*p2.p3*p3.pol3*sSS^3*
   FourPi^(-2)*I*invepsilonbar*g2*MDelta1^2*lambdaHatEDelta1*ME^6*
   lambdaHatEDelta1bar - 192*DEN[MDelta1,ME]^5*p2.p3*p3.pol3*sSS^3*
   FourPi^(-2)*I*invepsilonbar*g2*MDelta1^7*lambdaHatEDelta1*ME*
   lambdaEDelta1bar - 192*DEN[MDelta1,ME]^5*p2.p3*p3.pol3*sSS^3*
   FourPi^(-2)*I*invepsilonbar*g2*MDelta1^8*lambdaHatEDelta1*
   lambdaHatEDelta1bar + 96*DEN[MDelta1,ME]^5*p2.p3*p3.pol3*sSS^3*
   FourPi^(-2)*I*invepsilonbar*g2*lambdaEDelta1*ME^8*lambdaEDelta1bar
    + 192*DEN[MDelta1,ME]^5*p2.p3*p3.pol3*sSS^3*FourPi^(-2)*I*
   invepsilonbar*g2*lambdaEDelta1*MDelta1*ME^7*lambdaHatEDelta1bar + 96
   *DEN[MDelta1,ME]^5*p2.p3*p3.pol3*sSS^3*FourPi^(-2)*I*invepsilonbar*
   g2*lambdaEDelta1*MDelta1^2*ME^6*lambdaEDelta1bar - 192*DEN[MDelta1,
   ME]^5*p2.p3*p3.pol3*sSS^3*FourPi^(-2)*I*invepsilonbar*g2*
   lambdaEDelta1*MDelta1^7*ME*lambdaHatEDelta1bar - 192*DEN[MDelta1,ME]
   ^5*p2.p3*p3.pol3*sSS^3*FourPi^(-2)*I*invepsilonbar*g2*lambdaEDelta1*
   MDelta1^8*lambdaEDelta1bar + 88*DEN[MDelta1,ME]^5*p2.pol3*p3.p3*
   sSS^3*FourPi^(-2)*I*g2*lambdaHatEDelta1*ME^8*lambdaHatEDelta1bar + 
   176*DEN[MDelta1,ME]^5*p2.pol3*p3.p3*sSS^3*FourPi^(-2)*I*g2*MDelta1*
   lambdaHatEDelta1*ME^7*lambdaEDelta1bar + 88*DEN[MDelta1,ME]^5*
   p2.pol3*p3.p3*sSS^3*FourPi^(-2)*I*g2*MDelta1^2*lambdaHatEDelta1*ME^6
   *lambdaHatEDelta1bar - 176*DEN[MDelta1,ME]^5*p2.pol3*p3.p3*sSS^3*
   FourPi^(-2)*I*g2*MDelta1^7*lambdaHatEDelta1*ME*lambdaEDelta1bar - 
   176*DEN[MDelta1,ME]^5*p2.pol3*p3.p3*sSS^3*FourPi^(-2)*I*g2*MDelta1^8
   *lambdaHatEDelta1*lambdaHatEDelta1bar + 88*DEN[MDelta1,ME]^5*p2.pol3
   *p3.p3*sSS^3*FourPi^(-2)*I*g2*lambdaEDelta1*ME^8*lambdaEDelta1bar + 
   176*DEN[MDelta1,ME]^5*p2.pol3*p3.p3*sSS^3*FourPi^(-2)*I*g2*
   lambdaEDelta1*MDelta1*ME^7*lambdaHatEDelta1bar + 88*DEN[MDelta1,ME]^
   5*p2.pol3*p3.p3*sSS^3*FourPi^(-2)*I*g2*lambdaEDelta1*MDelta1^2*ME^6*
   lambdaEDelta1bar - 176*DEN[MDelta1,ME]^5*p2.pol3*p3.p3*sSS^3*
   FourPi^(-2)*I*g2*lambdaEDelta1*MDelta1^7*ME*lambdaHatEDelta1bar - 
   176*DEN[MDelta1,ME]^5*p2.pol3*p3.p3*sSS^3*FourPi^(-2)*I*g2*
   lambdaEDelta1*MDelta1^8*lambdaEDelta1bar + 48*DEN[MDelta1,ME]^5*
   p2.pol3*p3.p3*sSS^3*FourPi^(-2)*I*invepsilonbar*g2*lambdaHatEDelta1*
   ME^8*lambdaHatEDelta1bar + 96*DEN[MDelta1,ME]^5*p2.pol3*p3.p3*sSS^3*
   FourPi^(-2)*I*invepsilonbar*g2*MDelta1*lambdaHatEDelta1*ME^7*
   lambdaEDelta1bar + 48*DEN[MDelta1,ME]^5*p2.pol3*p3.p3*sSS^3*
   FourPi^(-2)*I*invepsilonbar*g2*MDelta1^2*lambdaHatEDelta1*ME^6*
   lambdaHatEDelta1bar - 96*DEN[MDelta1,ME]^5*p2.pol3*p3.p3*sSS^3*
   FourPi^(-2)*I*invepsilonbar*g2*MDelta1^7*lambdaHatEDelta1*ME*
   lambdaEDelta1bar - 96*DEN[MDelta1,ME]^5*p2.pol3*p3.p3*sSS^3*
   FourPi^(-2)*I*invepsilonbar*g2*MDelta1^8*lambdaHatEDelta1*
   lambdaHatEDelta1bar + 48*DEN[MDelta1,ME]^5*p2.pol3*p3.p3*sSS^3*
   FourPi^(-2)*I*invepsilonbar*g2*lambdaEDelta1*ME^8*lambdaEDelta1bar
    + 96*DEN[MDelta1,ME]^5*p2.pol3*p3.p3*sSS^3*FourPi^(-2)*I*
   invepsilonbar*g2*lambdaEDelta1*MDelta1*ME^7*lambdaHatEDelta1bar + 48
   *DEN[MDelta1,ME]^5*p2.pol3*p3.p3*sSS^3*FourPi^(-2)*I*invepsilonbar*
   g2*lambdaEDelta1*MDelta1^2*ME^6*lambdaEDelta1bar - 96*DEN[MDelta1,ME
   ]^5*p2.pol3*p3.p3*sSS^3*FourPi^(-2)*I*invepsilonbar*g2*lambdaEDelta1
   *MDelta1^7*ME*lambdaHatEDelta1bar - 96*DEN[MDelta1,ME]^5*p2.pol3*
   p3.p3*sSS^3*FourPi^(-2)*I*invepsilonbar*g2*lambdaEDelta1*MDelta1^8*
   lambdaEDelta1bar + 66*DEN[MDelta1,ME]^5*p3.p3*p3.pol3*sSS^3*
   FourPi^(-2)*I*g2*lambdaHatEDelta1*ME^8*lambdaHatEDelta1bar + 132*
   DEN[MDelta1,ME]^5*p3.p3*p3.pol3*sSS^3*FourPi^(-2)*I*g2*MDelta1*
   lambdaHatEDelta1*ME^7*lambdaEDelta1bar + 66*DEN[MDelta1,ME]^5*p3.p3*
   p3.pol3*sSS^3*FourPi^(-2)*I*g2*MDelta1^2*lambdaHatEDelta1*ME^6*
   lambdaHatEDelta1bar - 132*DEN[MDelta1,ME]^5*p3.p3*p3.pol3*sSS^3*
   FourPi^(-2)*I*g2*MDelta1^7*lambdaHatEDelta1*ME*lambdaEDelta1bar - 
   132*DEN[MDelta1,ME]^5*p3.p3*p3.pol3*sSS^3*FourPi^(-2)*I*g2*MDelta1^8
   *lambdaHatEDelta1*lambdaHatEDelta1bar + 66*DEN[MDelta1,ME]^5*p3.p3*
   p3.pol3*sSS^3*FourPi^(-2)*I*g2*lambdaEDelta1*ME^8*lambdaEDelta1bar
    + 132*DEN[MDelta1,ME]^5*p3.p3*p3.pol3*sSS^3*FourPi^(-2)*I*g2*
   lambdaEDelta1*MDelta1*ME^7*lambdaHatEDelta1bar + 66*DEN[MDelta1,ME]^
   5*p3.p3*p3.pol3*sSS^3*FourPi^(-2)*I*g2*lambdaEDelta1*MDelta1^2*ME^6*
   lambdaEDelta1bar - 132*DEN[MDelta1,ME]^5*p3.p3*p3.pol3*sSS^3*
   FourPi^(-2)*I*g2*lambdaEDelta1*MDelta1^7*ME*lambdaHatEDelta1bar - 
   132*DEN[MDelta1,ME]^5*p3.p3*p3.pol3*sSS^3*FourPi^(-2)*I*g2*
   lambdaEDelta1*MDelta1^8*lambdaEDelta1bar + 36*DEN[MDelta1,ME]^5*
   p3.p3*p3.pol3*sSS^3*FourPi^(-2)*I*invepsilonbar*g2*lambdaHatEDelta1*
   ME^8*lambdaHatEDelta1bar + 72*DEN[MDelta1,ME]^5*p3.p3*p3.pol3*sSS^3*
   FourPi^(-2)*I*invepsilonbar*g2*MDelta1*lambdaHatEDelta1*ME^7*
   lambdaEDelta1bar + 36*DEN[MDelta1,ME]^5*p3.p3*p3.pol3*sSS^3*
   FourPi^(-2)*I*invepsilonbar*g2*MDelta1^2*lambdaHatEDelta1*ME^6*
   lambdaHatEDelta1bar - 72*DEN[MDelta1,ME]^5*p3.p3*p3.pol3*sSS^3*
   FourPi^(-2)*I*invepsilonbar*g2*MDelta1^7*lambdaHatEDelta1*ME*
   lambdaEDelta1bar - 72*DEN[MDelta1,ME]^5*p3.p3*p3.pol3*sSS^3*
   FourPi^(-2)*I*invepsilonbar*g2*MDelta1^8*lambdaHatEDelta1*
   lambdaHatEDelta1bar + 36*DEN[MDelta1,ME]^5*p3.p3*p3.pol3*sSS^3*
   FourPi^(-2)*I*invepsilonbar*g2*lambdaEDelta1*ME^8*lambdaEDelta1bar
    + 72*DEN[MDelta1,ME]^5*p3.p3*p3.pol3*sSS^3*FourPi^(-2)*I*
   invepsilonbar*g2*lambdaEDelta1*MDelta1*ME^7*lambdaHatEDelta1bar + 36
   *DEN[MDelta1,ME]^5*p3.p3*p3.pol3*sSS^3*FourPi^(-2)*I*invepsilonbar*
   g2*lambdaEDelta1*MDelta1^2*ME^6*lambdaEDelta1bar - 72*DEN[MDelta1,ME
   ]^5*p3.p3*p3.pol3*sSS^3*FourPi^(-2)*I*invepsilonbar*g2*lambdaEDelta1
   *MDelta1^7*ME*lambdaHatEDelta1bar - 72*DEN[MDelta1,ME]^5*p3.p3*
   p3.pol3*sSS^3*FourPi^(-2)*I*invepsilonbar*g2*lambdaEDelta1*MDelta1^8
   *lambdaEDelta1bar - 144*DEN[MDelta1,ME]^5*Log[ME^2]*p2.p2*p2.pol3*
   sSS^3*FourPi^(-2)*I*g2*lambdaHatEDelta1*ME^8*lambdaHatEDelta1bar - 
   288*DEN[MDelta1,ME]^5*Log[ME^2]*p2.p2*p2.pol3*sSS^3*FourPi^(-2)*I*g2
   *MDelta1*lambdaHatEDelta1*ME^7*lambdaEDelta1bar - 144*DEN[MDelta1,ME
   ]^5*Log[ME^2]*p2.p2*p2.pol3*sSS^3*FourPi^(-2)*I*g2*MDelta1^2*
   lambdaHatEDelta1*ME^6*lambdaHatEDelta1bar - 144*DEN[MDelta1,ME]^5*
   Log[ME^2]*p2.p2*p2.pol3*sSS^3*FourPi^(-2)*I*g2*lambdaEDelta1*ME^8*
   lambdaEDelta1bar - 288*DEN[MDelta1,ME]^5*Log[ME^2]*p2.p2*p2.pol3*
   sSS^3*FourPi^(-2)*I*g2*lambdaEDelta1*MDelta1*ME^7*
   lambdaHatEDelta1bar - 144*DEN[MDelta1,ME]^5*Log[ME^2]*p2.p2*p2.pol3*
   sSS^3*FourPi^(-2)*I*g2*lambdaEDelta1*MDelta1^2*ME^6*lambdaEDelta1bar
    - 72*DEN[MDelta1,ME]^5*Log[ME^2]*p2.p2*p3.pol3*sSS^3*FourPi^(-2)*I*
   g2*lambdaHatEDelta1*ME^8*lambdaHatEDelta1bar - 144*DEN[MDelta1,ME]^5
   *Log[ME^2]*p2.p2*p3.pol3*sSS^3*FourPi^(-2)*I*g2*MDelta1*
   lambdaHatEDelta1*ME^7*lambdaEDelta1bar - 72*DEN[MDelta1,ME]^5*Log[
   ME^2]*p2.p2*p3.pol3*sSS^3*FourPi^(-2)*I*g2*MDelta1^2*
   lambdaHatEDelta1*ME^6*lambdaHatEDelta1bar - 72*DEN[MDelta1,ME]^5*
   Log[ME^2]*p2.p2*p3.pol3*sSS^3*FourPi^(-2)*I*g2*lambdaEDelta1*ME^8*
   lambdaEDelta1bar - 144*DEN[MDelta1,ME]^5*Log[ME^2]*p2.p2*p3.pol3*
   sSS^3*FourPi^(-2)*I*g2*lambdaEDelta1*MDelta1*ME^7*
   lambdaHatEDelta1bar - 72*DEN[MDelta1,ME]^5*Log[ME^2]*p2.p2*p3.pol3*
   sSS^3*FourPi^(-2)*I*g2*lambdaEDelta1*MDelta1^2*ME^6*lambdaEDelta1bar
    - 144*DEN[MDelta1,ME]^5*Log[ME^2]*p2.p3*p2.pol3*sSS^3*FourPi^(-2)*I
   *g2*lambdaHatEDelta1*ME^8*lambdaHatEDelta1bar - 288*DEN[MDelta1,ME]^
   5*Log[ME^2]*p2.p3*p2.pol3*sSS^3*FourPi^(-2)*I*g2*MDelta1*
   lambdaHatEDelta1*ME^7*lambdaEDelta1bar - 144*DEN[MDelta1,ME]^5*Log[
   ME^2]*p2.p3*p2.pol3*sSS^3*FourPi^(-2)*I*g2*MDelta1^2*
   lambdaHatEDelta1*ME^6*lambdaHatEDelta1bar - 144*DEN[MDelta1,ME]^5*
   Log[ME^2]*p2.p3*p2.pol3*sSS^3*FourPi^(-2)*I*g2*lambdaEDelta1*ME^8*
   lambdaEDelta1bar - 288*DEN[MDelta1,ME]^5*Log[ME^2]*p2.p3*p2.pol3*
   sSS^3*FourPi^(-2)*I*g2*lambdaEDelta1*MDelta1*ME^7*
   lambdaHatEDelta1bar - 144*DEN[MDelta1,ME]^5*Log[ME^2]*p2.p3*p2.pol3*
   sSS^3*FourPi^(-2)*I*g2*lambdaEDelta1*MDelta1^2*ME^6*lambdaEDelta1bar
    - 96*DEN[MDelta1,ME]^5*Log[ME^2]*p2.p3*p3.pol3*sSS^3*FourPi^(-2)*I*
   g2*lambdaHatEDelta1*ME^8*lambdaHatEDelta1bar - 192*DEN[MDelta1,ME]^5
   *Log[ME^2]*p2.p3*p3.pol3*sSS^3*FourPi^(-2)*I*g2*MDelta1*
   lambdaHatEDelta1*ME^7*lambdaEDelta1bar - 96*DEN[MDelta1,ME]^5*Log[
   ME^2]*p2.p3*p3.pol3*sSS^3*FourPi^(-2)*I*g2*MDelta1^2*
   lambdaHatEDelta1*ME^6*lambdaHatEDelta1bar - 96*DEN[MDelta1,ME]^5*
   Log[ME^2]*p2.p3*p3.pol3*sSS^3*FourPi^(-2)*I*g2*lambdaEDelta1*ME^8*
   lambdaEDelta1bar - 192*DEN[MDelta1,ME]^5*Log[ME^2]*p2.p3*p3.pol3*
   sSS^3*FourPi^(-2)*I*g2*lambdaEDelta1*MDelta1*ME^7*
   lambdaHatEDelta1bar - 96*DEN[MDelta1,ME]^5*Log[ME^2]*p2.p3*p3.pol3*
   sSS^3*FourPi^(-2)*I*g2*lambdaEDelta1*MDelta1^2*ME^6*lambdaEDelta1bar
    - 48*DEN[MDelta1,ME]^5*Log[ME^2]*p2.pol3*p3.p3*sSS^3*FourPi^(-2)*I*
   g2*lambdaHatEDelta1*ME^8*lambdaHatEDelta1bar - 96*DEN[MDelta1,ME]^5*
   Log[ME^2]*p2.pol3*p3.p3*sSS^3*FourPi^(-2)*I*g2*MDelta1*
   lambdaHatEDelta1*ME^7*lambdaEDelta1bar - 48*DEN[MDelta1,ME]^5*Log[
   ME^2]*p2.pol3*p3.p3*sSS^3*FourPi^(-2)*I*g2*MDelta1^2*
   lambdaHatEDelta1*ME^6*lambdaHatEDelta1bar - 48*DEN[MDelta1,ME]^5*
   Log[ME^2]*p2.pol3*p3.p3*sSS^3*FourPi^(-2)*I*g2*lambdaEDelta1*ME^8*
   lambdaEDelta1bar - 96*DEN[MDelta1,ME]^5*Log[ME^2]*p2.pol3*p3.p3*
   sSS^3*FourPi^(-2)*I*g2*lambdaEDelta1*MDelta1*ME^7*
   lambdaHatEDelta1bar - 48*DEN[MDelta1,ME]^5*Log[ME^2]*p2.pol3*p3.p3*
   sSS^3*FourPi^(-2)*I*g2*lambdaEDelta1*MDelta1^2*ME^6*lambdaEDelta1bar
    - 36*DEN[MDelta1,ME]^5*Log[ME^2]*p3.p3*p3.pol3*sSS^3*FourPi^(-2)*I*
   g2*lambdaHatEDelta1*ME^8*lambdaHatEDelta1bar - 72*DEN[MDelta1,ME]^5*
   Log[ME^2]*p3.p3*p3.pol3*sSS^3*FourPi^(-2)*I*g2*MDelta1*
   lambdaHatEDelta1*ME^7*lambdaEDelta1bar - 36*DEN[MDelta1,ME]^5*Log[
   ME^2]*p3.p3*p3.pol3*sSS^3*FourPi^(-2)*I*g2*MDelta1^2*
   lambdaHatEDelta1*ME^6*lambdaHatEDelta1bar - 36*DEN[MDelta1,ME]^5*
   Log[ME^2]*p3.p3*p3.pol3*sSS^3*FourPi^(-2)*I*g2*lambdaEDelta1*ME^8*
   lambdaEDelta1bar - 72*DEN[MDelta1,ME]^5*Log[ME^2]*p3.p3*p3.pol3*
   sSS^3*FourPi^(-2)*I*g2*lambdaEDelta1*MDelta1*ME^7*
   lambdaHatEDelta1bar - 36*DEN[MDelta1,ME]^5*Log[ME^2]*p3.p3*p3.pol3*
   sSS^3*FourPi^(-2)*I*g2*lambdaEDelta1*MDelta1^2*ME^6*lambdaEDelta1bar
    + 288*DEN[MDelta1,ME]^5*Log[MDelta1^2]*p2.p2*p2.pol3*sSS^3*
   FourPi^(-2)*I*g2*MDelta1^7*lambdaHatEDelta1*ME*lambdaEDelta1bar + 
   288*DEN[MDelta1,ME]^5*Log[MDelta1^2]*p2.p2*p2.pol3*sSS^3*FourPi^(-2)
   *I*g2*MDelta1^8*lambdaHatEDelta1*lambdaHatEDelta1bar + 288*DEN[
   MDelta1,ME]^5*Log[MDelta1^2]*p2.p2*p2.pol3*sSS^3*FourPi^(-2)*I*g2*
   lambdaEDelta1*MDelta1^7*ME*lambdaHatEDelta1bar + 288*DEN[MDelta1,ME]
   ^5*Log[MDelta1^2]*p2.p2*p2.pol3*sSS^3*FourPi^(-2)*I*g2*lambdaEDelta1
   *MDelta1^8*lambdaEDelta1bar + 144*DEN[MDelta1,ME]^5*Log[MDelta1^2]*
   p2.p2*p3.pol3*sSS^3*FourPi^(-2)*I*g2*MDelta1^7*lambdaHatEDelta1*ME*
   lambdaEDelta1bar + 144*DEN[MDelta1,ME]^5*Log[MDelta1^2]*p2.p2*
   p3.pol3*sSS^3*FourPi^(-2)*I*g2*MDelta1^8*lambdaHatEDelta1*
   lambdaHatEDelta1bar + 144*DEN[MDelta1,ME]^5*Log[MDelta1^2]*p2.p2*
   p3.pol3*sSS^3*FourPi^(-2)*I*g2*lambdaEDelta1*MDelta1^7*ME*
   lambdaHatEDelta1bar + 144*DEN[MDelta1,ME]^5*Log[MDelta1^2]*p2.p2*
   p3.pol3*sSS^3*FourPi^(-2)*I*g2*lambdaEDelta1*MDelta1^8*
   lambdaEDelta1bar + 288*DEN[MDelta1,ME]^5*Log[MDelta1^2]*p2.p3*
   p2.pol3*sSS^3*FourPi^(-2)*I*g2*MDelta1^7*lambdaHatEDelta1*ME*
   lambdaEDelta1bar + 288*DEN[MDelta1,ME]^5*Log[MDelta1^2]*p2.p3*
   p2.pol3*sSS^3*FourPi^(-2)*I*g2*MDelta1^8*lambdaHatEDelta1*
   lambdaHatEDelta1bar + 288*DEN[MDelta1,ME]^5*Log[MDelta1^2]*p2.p3*
   p2.pol3*sSS^3*FourPi^(-2)*I*g2*lambdaEDelta1*MDelta1^7*ME*
   lambdaHatEDelta1bar + 288*DEN[MDelta1,ME]^5*Log[MDelta1^2]*p2.p3*
   p2.pol3*sSS^3*FourPi^(-2)*I*g2*lambdaEDelta1*MDelta1^8*
   lambdaEDelta1bar + 192*DEN[MDelta1,ME]^5*Log[MDelta1^2]*p2.p3*
   p3.pol3*sSS^3*FourPi^(-2)*I*g2*MDelta1^7*lambdaHatEDelta1*ME*
   lambdaEDelta1bar + 192*DEN[MDelta1,ME]^5*Log[MDelta1^2]*p2.p3*
   p3.pol3*sSS^3*FourPi^(-2)*I*g2*MDelta1^8*lambdaHatEDelta1*
   lambdaHatEDelta1bar + 192*DEN[MDelta1,ME]^5*Log[MDelta1^2]*p2.p3*
   p3.pol3*sSS^3*FourPi^(-2)*I*g2*lambdaEDelta1*MDelta1^7*ME*
   lambdaHatEDelta1bar + 192*DEN[MDelta1,ME]^5*Log[MDelta1^2]*p2.p3*
   p3.pol3*sSS^3*FourPi^(-2)*I*g2*lambdaEDelta1*MDelta1^8*
   lambdaEDelta1bar + 96*DEN[MDelta1,ME]^5*Log[MDelta1^2]*p2.pol3*p3.p3
   *sSS^3*FourPi^(-2)*I*g2*MDelta1^7*lambdaHatEDelta1*ME*
   lambdaEDelta1bar + 96*DEN[MDelta1,ME]^5*Log[MDelta1^2]*p2.pol3*p3.p3
   *sSS^3*FourPi^(-2)*I*g2*MDelta1^8*lambdaHatEDelta1*
   lambdaHatEDelta1bar + 96*DEN[MDelta1,ME]^5*Log[MDelta1^2]*p2.pol3*
   p3.p3*sSS^3*FourPi^(-2)*I*g2*lambdaEDelta1*MDelta1^7*ME*
   lambdaHatEDelta1bar + 96*DEN[MDelta1,ME]^5*Log[MDelta1^2]*p2.pol3*
   p3.p3*sSS^3*FourPi^(-2)*I*g2*lambdaEDelta1*MDelta1^8*
   lambdaEDelta1bar + 72*DEN[MDelta1,ME]^5*Log[MDelta1^2]*p3.p3*p3.pol3
   *sSS^3*FourPi^(-2)*I*g2*MDelta1^7*lambdaHatEDelta1*ME*
   lambdaEDelta1bar + 72*DEN[MDelta1,ME]^5*Log[MDelta1^2]*p3.p3*p3.pol3
   *sSS^3*FourPi^(-2)*I*g2*MDelta1^8*lambdaHatEDelta1*
   lambdaHatEDelta1bar + 72*DEN[MDelta1,ME]^5*Log[MDelta1^2]*p3.p3*
   p3.pol3*sSS^3*FourPi^(-2)*I*g2*lambdaEDelta1*MDelta1^7*ME*
   lambdaHatEDelta1bar + 72*DEN[MDelta1,ME]^5*Log[MDelta1^2]*p3.p3*
   p3.pol3*sSS^3*FourPi^(-2)*I*g2*lambdaEDelta1*MDelta1^8*
   lambdaEDelta1bar - 324*DEN[MDelta1,ME]^4*Log[ME^2]*p2.p2*p2.pol3*
   sSS^3*FourPi^(-2)*I*g2*lambdaHatEDelta1*ME^6*lambdaHatEDelta1bar - 
   432*DEN[MDelta1,ME]^4*Log[ME^2]*p2.p2*p2.pol3*sSS^3*FourPi^(-2)*I*g2
   *MDelta1*lambdaHatEDelta1*ME^5*lambdaEDelta1bar - 108*DEN[MDelta1,ME
   ]^4*Log[ME^2]*p2.p2*p2.pol3*sSS^3*FourPi^(-2)*I*g2*MDelta1^2*
   lambdaHatEDelta1*ME^4*lambdaHatEDelta1bar - 324*DEN[MDelta1,ME]^4*
   Log[ME^2]*p2.p2*p2.pol3*sSS^3*FourPi^(-2)*I*g2*lambdaEDelta1*ME^6*
   lambdaEDelta1bar - 432*DEN[MDelta1,ME]^4*Log[ME^2]*p2.p2*p2.pol3*
   sSS^3*FourPi^(-2)*I*g2*lambdaEDelta1*MDelta1*ME^5*
   lambdaHatEDelta1bar - 108*DEN[MDelta1,ME]^4*Log[ME^2]*p2.p2*p2.pol3*
   sSS^3*FourPi^(-2)*I*g2*lambdaEDelta1*MDelta1^2*ME^4*lambdaEDelta1bar
    - 162*DEN[MDelta1,ME]^4*Log[ME^2]*p2.p2*p3.pol3*sSS^3*FourPi^(-2)*I
   *g2*lambdaHatEDelta1*ME^6*lambdaHatEDelta1bar - 216*DEN[MDelta1,ME]^
   4*Log[ME^2]*p2.p2*p3.pol3*sSS^3*FourPi^(-2)*I*g2*MDelta1*
   lambdaHatEDelta1*ME^5*lambdaEDelta1bar - 54*DEN[MDelta1,ME]^4*Log[
   ME^2]*p2.p2*p3.pol3*sSS^3*FourPi^(-2)*I*g2*MDelta1^2*
   lambdaHatEDelta1*ME^4*lambdaHatEDelta1bar - 162*DEN[MDelta1,ME]^4*
   Log[ME^2]*p2.p2*p3.pol3*sSS^3*FourPi^(-2)*I*g2*lambdaEDelta1*ME^6*
   lambdaEDelta1bar - 216*DEN[MDelta1,ME]^4*Log[ME^2]*p2.p2*p3.pol3*
   sSS^3*FourPi^(-2)*I*g2*lambdaEDelta1*MDelta1*ME^5*
   lambdaHatEDelta1bar - 54*DEN[MDelta1,ME]^4*Log[ME^2]*p2.p2*p3.pol3*
   sSS^3*FourPi^(-2)*I*g2*lambdaEDelta1*MDelta1^2*ME^4*lambdaEDelta1bar
    - 324*DEN[MDelta1,ME]^4*Log[ME^2]*p2.p3*p2.pol3*sSS^3*FourPi^(-2)*I
   *g2*lambdaHatEDelta1*ME^6*lambdaHatEDelta1bar - 432*DEN[MDelta1,ME]^
   4*Log[ME^2]*p2.p3*p2.pol3*sSS^3*FourPi^(-2)*I*g2*MDelta1*
   lambdaHatEDelta1*ME^5*lambdaEDelta1bar - 108*DEN[MDelta1,ME]^4*Log[
   ME^2]*p2.p3*p2.pol3*sSS^3*FourPi^(-2)*I*g2*MDelta1^2*
   lambdaHatEDelta1*ME^4*lambdaHatEDelta1bar - 324*DEN[MDelta1,ME]^4*
   Log[ME^2]*p2.p3*p2.pol3*sSS^3*FourPi^(-2)*I*g2*lambdaEDelta1*ME^6*
   lambdaEDelta1bar - 432*DEN[MDelta1,ME]^4*Log[ME^2]*p2.p3*p2.pol3*
   sSS^3*FourPi^(-2)*I*g2*lambdaEDelta1*MDelta1*ME^5*
   lambdaHatEDelta1bar - 108*DEN[MDelta1,ME]^4*Log[ME^2]*p2.p3*p2.pol3*
   sSS^3*FourPi^(-2)*I*g2*lambdaEDelta1*MDelta1^2*ME^4*lambdaEDelta1bar
    - 180*DEN[MDelta1,ME]^4*Log[ME^2]*p2.p3*p3.pol3*sSS^3*FourPi^(-2)*I
   *g2*lambdaHatEDelta1*ME^6*lambdaHatEDelta1bar - 252*DEN[MDelta1,ME]^
   4*Log[ME^2]*p2.p3*p3.pol3*sSS^3*FourPi^(-2)*I*g2*MDelta1*
   lambdaHatEDelta1*ME^5*lambdaEDelta1bar - 72*DEN[MDelta1,ME]^4*Log[
   ME^2]*p2.p3*p3.pol3*sSS^3*FourPi^(-2)*I*g2*MDelta1^2*
   lambdaHatEDelta1*ME^4*lambdaHatEDelta1bar - 180*DEN[MDelta1,ME]^4*
   Log[ME^2]*p2.p3*p3.pol3*sSS^3*FourPi^(-2)*I*g2*lambdaEDelta1*ME^6*
   lambdaEDelta1bar - 252*DEN[MDelta1,ME]^4*Log[ME^2]*p2.p3*p3.pol3*
   sSS^3*FourPi^(-2)*I*g2*lambdaEDelta1*MDelta1*ME^5*
   lambdaHatEDelta1bar - 72*DEN[MDelta1,ME]^4*Log[ME^2]*p2.p3*p3.pol3*
   sSS^3*FourPi^(-2)*I*g2*lambdaEDelta1*MDelta1^2*ME^4*lambdaEDelta1bar
    - 126*DEN[MDelta1,ME]^4*Log[ME^2]*p2.pol3*p3.p3*sSS^3*FourPi^(-2)*I
   *g2*lambdaHatEDelta1*ME^6*lambdaHatEDelta1bar - 180*DEN[MDelta1,ME]^
   4*Log[ME^2]*p2.pol3*p3.p3*sSS^3*FourPi^(-2)*I*g2*MDelta1*
   lambdaHatEDelta1*ME^5*lambdaEDelta1bar - 54*DEN[MDelta1,ME]^4*Log[
   ME^2]*p2.pol3*p3.p3*sSS^3*FourPi^(-2)*I*g2*MDelta1^2*
   lambdaHatEDelta1*ME^4*lambdaHatEDelta1bar - 126*DEN[MDelta1,ME]^4*
   Log[ME^2]*p2.pol3*p3.p3*sSS^3*FourPi^(-2)*I*g2*lambdaEDelta1*ME^6*
   lambdaEDelta1bar - 180*DEN[MDelta1,ME]^4*Log[ME^2]*p2.pol3*p3.p3*
   sSS^3*FourPi^(-2)*I*g2*lambdaEDelta1*MDelta1*ME^5*
   lambdaHatEDelta1bar - 54*DEN[MDelta1,ME]^4*Log[ME^2]*p2.pol3*p3.p3*
   sSS^3*FourPi^(-2)*I*g2*lambdaEDelta1*MDelta1^2*ME^4*lambdaEDelta1bar
    - 72*DEN[MDelta1,ME]^4*Log[ME^2]*p3.p3*p3.pol3*sSS^3*FourPi^(-2)*I*
   g2*lambdaHatEDelta1*ME^6*lambdaHatEDelta1bar - 108*DEN[MDelta1,ME]^4
   *Log[ME^2]*p3.p3*p3.pol3*sSS^3*FourPi^(-2)*I*g2*MDelta1*
   lambdaHatEDelta1*ME^5*lambdaEDelta1bar - 36*DEN[MDelta1,ME]^4*Log[
   ME^2]*p3.p3*p3.pol3*sSS^3*FourPi^(-2)*I*g2*MDelta1^2*
   lambdaHatEDelta1*ME^4*lambdaHatEDelta1bar - 72*DEN[MDelta1,ME]^4*
   Log[ME^2]*p3.p3*p3.pol3*sSS^3*FourPi^(-2)*I*g2*lambdaEDelta1*ME^6*
   lambdaEDelta1bar - 108*DEN[MDelta1,ME]^4*Log[ME^2]*p3.p3*p3.pol3*
   sSS^3*FourPi^(-2)*I*g2*lambdaEDelta1*MDelta1*ME^5*
   lambdaHatEDelta1bar - 36*DEN[MDelta1,ME]^4*Log[ME^2]*p3.p3*p3.pol3*
   sSS^3*FourPi^(-2)*I*g2*lambdaEDelta1*MDelta1^2*ME^4*lambdaEDelta1bar
    - 432*DEN[MDelta1,ME]^4*Log[MDelta1^2]*p2.p2*p2.pol3*sSS^3*
   FourPi^(-2)*I*g2*MDelta1^5*lambdaHatEDelta1*ME*lambdaEDelta1bar - 
   576*DEN[MDelta1,ME]^4*Log[MDelta1^2]*p2.p2*p2.pol3*sSS^3*FourPi^(-2)
   *I*g2*MDelta1^6*lambdaHatEDelta1*lambdaHatEDelta1bar - 432*DEN[
   MDelta1,ME]^4*Log[MDelta1^2]*p2.p2*p2.pol3*sSS^3*FourPi^(-2)*I*g2*
   lambdaEDelta1*MDelta1^5*ME*lambdaHatEDelta1bar - 576*DEN[MDelta1,ME]
   ^4*Log[MDelta1^2]*p2.p2*p2.pol3*sSS^3*FourPi^(-2)*I*g2*lambdaEDelta1
   *MDelta1^6*lambdaEDelta1bar - 216*DEN[MDelta1,ME]^4*Log[MDelta1^2]*
   p2.p2*p3.pol3*sSS^3*FourPi^(-2)*I*g2*MDelta1^5*lambdaHatEDelta1*ME*
   lambdaEDelta1bar - 288*DEN[MDelta1,ME]^4*Log[MDelta1^2]*p2.p2*
   p3.pol3*sSS^3*FourPi^(-2)*I*g2*MDelta1^6*lambdaHatEDelta1*
   lambdaHatEDelta1bar - 216*DEN[MDelta1,ME]^4*Log[MDelta1^2]*p2.p2*
   p3.pol3*sSS^3*FourPi^(-2)*I*g2*lambdaEDelta1*MDelta1^5*ME*
   lambdaHatEDelta1bar - 288*DEN[MDelta1,ME]^4*Log[MDelta1^2]*p2.p2*
   p3.pol3*sSS^3*FourPi^(-2)*I*g2*lambdaEDelta1*MDelta1^6*
   lambdaEDelta1bar - 432*DEN[MDelta1,ME]^4*Log[MDelta1^2]*p2.p3*
   p2.pol3*sSS^3*FourPi^(-2)*I*g2*MDelta1^5*lambdaHatEDelta1*ME*
   lambdaEDelta1bar - 576*DEN[MDelta1,ME]^4*Log[MDelta1^2]*p2.p3*
   p2.pol3*sSS^3*FourPi^(-2)*I*g2*MDelta1^6*lambdaHatEDelta1*
   lambdaHatEDelta1bar - 432*DEN[MDelta1,ME]^4*Log[MDelta1^2]*p2.p3*
   p2.pol3*sSS^3*FourPi^(-2)*I*g2*lambdaEDelta1*MDelta1^5*ME*
   lambdaHatEDelta1bar - 576*DEN[MDelta1,ME]^4*Log[MDelta1^2]*p2.p3*
   p2.pol3*sSS^3*FourPi^(-2)*I*g2*lambdaEDelta1*MDelta1^6*
   lambdaEDelta1bar - 324*DEN[MDelta1,ME]^4*Log[MDelta1^2]*p2.p3*
   p3.pol3*sSS^3*FourPi^(-2)*I*g2*MDelta1^5*lambdaHatEDelta1*ME*
   lambdaEDelta1bar - 420*DEN[MDelta1,ME]^4*Log[MDelta1^2]*p2.p3*
   p3.pol3*sSS^3*FourPi^(-2)*I*g2*MDelta1^6*lambdaHatEDelta1*
   lambdaHatEDelta1bar - 324*DEN[MDelta1,ME]^4*Log[MDelta1^2]*p2.p3*
   p3.pol3*sSS^3*FourPi^(-2)*I*g2*lambdaEDelta1*MDelta1^5*ME*
   lambdaHatEDelta1bar - 420*DEN[MDelta1,ME]^4*Log[MDelta1^2]*p2.p3*
   p3.pol3*sSS^3*FourPi^(-2)*I*g2*lambdaEDelta1*MDelta1^6*
   lambdaEDelta1bar - 108*DEN[MDelta1,ME]^4*Log[MDelta1^2]*p2.pol3*
   p3.p3*sSS^3*FourPi^(-2)*I*g2*MDelta1^5*lambdaHatEDelta1*ME*
   lambdaEDelta1bar - 156*DEN[MDelta1,ME]^4*Log[MDelta1^2]*p2.pol3*
   p3.p3*sSS^3*FourPi^(-2)*I*g2*MDelta1^6*lambdaHatEDelta1*
   lambdaHatEDelta1bar - 108*DEN[MDelta1,ME]^4*Log[MDelta1^2]*p2.pol3*
   p3.p3*sSS^3*FourPi^(-2)*I*g2*lambdaEDelta1*MDelta1^5*ME*
   lambdaHatEDelta1bar - 156*DEN[MDelta1,ME]^4*Log[MDelta1^2]*p2.pol3*
   p3.p3*sSS^3*FourPi^(-2)*I*g2*lambdaEDelta1*MDelta1^6*
   lambdaEDelta1bar - 108*DEN[MDelta1,ME]^4*Log[MDelta1^2]*p3.p3*
   p3.pol3*sSS^3*FourPi^(-2)*I*g2*MDelta1^5*lambdaHatEDelta1*ME*
   lambdaEDelta1bar - 144*DEN[MDelta1,ME]^4*Log[MDelta1^2]*p3.p3*
   p3.pol3*sSS^3*FourPi^(-2)*I*g2*MDelta1^6*lambdaHatEDelta1*
   lambdaHatEDelta1bar - 108*DEN[MDelta1,ME]^4*Log[MDelta1^2]*p3.p3*
   p3.pol3*sSS^3*FourPi^(-2)*I*g2*lambdaEDelta1*MDelta1^5*ME*
   lambdaHatEDelta1bar - 144*DEN[MDelta1,ME]^4*Log[MDelta1^2]*p3.p3*
   p3.pol3*sSS^3*FourPi^(-2)*I*g2*lambdaEDelta1*MDelta1^6*
   lambdaEDelta1bar - 180*DEN[MDelta1,ME]^3*Log[ME^2]*p2.p2*p2.pol3*
   sSS^3*FourPi^(-2)*I*g2*lambdaHatEDelta1*ME^4*lambdaHatEDelta1bar - 
   144*DEN[MDelta1,ME]^3*Log[ME^2]*p2.p2*p2.pol3*sSS^3*FourPi^(-2)*I*g2
   *MDelta1*lambdaHatEDelta1*ME^3*lambdaEDelta1bar - 180*DEN[MDelta1,ME
   ]^3*Log[ME^2]*p2.p2*p2.pol3*sSS^3*FourPi^(-2)*I*g2*lambdaEDelta1*
   ME^4*lambdaEDelta1bar - 144*DEN[MDelta1,ME]^3*Log[ME^2]*p2.p2*
   p2.pol3*sSS^3*FourPi^(-2)*I*g2*lambdaEDelta1*MDelta1*ME^3*
   lambdaHatEDelta1bar - 90*DEN[MDelta1,ME]^3*Log[ME^2]*p2.p2*p3.pol3*
   sSS^3*FourPi^(-2)*I*g2*lambdaHatEDelta1*ME^4*lambdaHatEDelta1bar - 
   72*DEN[MDelta1,ME]^3*Log[ME^2]*p2.p2*p3.pol3*sSS^3*FourPi^(-2)*I*g2*
   MDelta1*lambdaHatEDelta1*ME^3*lambdaEDelta1bar - 90*DEN[MDelta1,ME]^
   3*Log[ME^2]*p2.p2*p3.pol3*sSS^3*FourPi^(-2)*I*g2*lambdaEDelta1*ME^4*
   lambdaEDelta1bar - 72*DEN[MDelta1,ME]^3*Log[ME^2]*p2.p2*p3.pol3*
   sSS^3*FourPi^(-2)*I*g2*lambdaEDelta1*MDelta1*ME^3*
   lambdaHatEDelta1bar - 180*DEN[MDelta1,ME]^3*Log[ME^2]*p2.p3*p2.pol3*
   sSS^3*FourPi^(-2)*I*g2*lambdaHatEDelta1*ME^4*lambdaHatEDelta1bar - 
   144*DEN[MDelta1,ME]^3*Log[ME^2]*p2.p3*p2.pol3*sSS^3*FourPi^(-2)*I*g2
   *MDelta1*lambdaHatEDelta1*ME^3*lambdaEDelta1bar - 180*DEN[MDelta1,ME
   ]^3*Log[ME^2]*p2.p3*p2.pol3*sSS^3*FourPi^(-2)*I*g2*lambdaEDelta1*
   ME^4*lambdaEDelta1bar - 144*DEN[MDelta1,ME]^3*Log[ME^2]*p2.p3*
   p2.pol3*sSS^3*FourPi^(-2)*I*g2*lambdaEDelta1*MDelta1*ME^3*
   lambdaHatEDelta1bar];
    esfull(4)=G[12*DEN[MDelta1,ME]^3*Log[ME^2]*p2.p3*p3.pol3*sSS^3*
   FourPi^(-2)*I*g2*lambdaHatEDelta1*ME^4*lambdaHatEDelta1bar + 12*DEN[
   MDelta1,ME]^3*Log[ME^2]*p2.p3*p3.pol3*sSS^3*FourPi^(-2)*I*g2*MDelta1
   *lambdaHatEDelta1*ME^3*lambdaEDelta1bar + 12*DEN[MDelta1,ME]^3*Log[
   ME^2]*p2.p3*p3.pol3*sSS^3*FourPi^(-2)*I*g2*lambdaEDelta1*ME^4*
   lambdaEDelta1bar + 12*DEN[MDelta1,ME]^3*Log[ME^2]*p2.p3*p3.pol3*
   sSS^3*FourPi^(-2)*I*g2*lambdaEDelta1*MDelta1*ME^3*
   lambdaHatEDelta1bar + 15*DEN[MDelta1,ME]^3*Log[ME^2]*p2.pol3*p3.p3*
   sSS^3*FourPi^(-2)*I*g2*lambdaHatEDelta1*ME^4*lambdaHatEDelta1bar + 
   12*DEN[MDelta1,ME]^3*Log[ME^2]*p2.pol3*p3.p3*sSS^3*FourPi^(-2)*I*g2*
   MDelta1*lambdaHatEDelta1*ME^3*lambdaEDelta1bar + 15*DEN[MDelta1,ME]^
   3*Log[ME^2]*p2.pol3*p3.p3*sSS^3*FourPi^(-2)*I*g2*lambdaEDelta1*ME^4*
   lambdaEDelta1bar + 12*DEN[MDelta1,ME]^3*Log[ME^2]*p2.pol3*p3.p3*
   sSS^3*FourPi^(-2)*I*g2*lambdaEDelta1*MDelta1*ME^3*
   lambdaHatEDelta1bar + 6*DEN[MDelta1,ME]^3*Log[ME^2]*p2.pol3*sSS*
   FourPi^(-2)*I*g2*lambdaHatEDelta1*ME^6*lambdaHatEDelta1bar + 12*DEN[
   MDelta1,ME]^3*Log[ME^2]*p2.pol3*sSS*FourPi^(-2)*I*g2*MDelta1*
   lambdaHatEDelta1*ME^5*lambdaEDelta1bar + 6*DEN[MDelta1,ME]^3*Log[
   ME^2]*p2.pol3*sSS*FourPi^(-2)*I*g2*MDelta1^2*lambdaHatEDelta1*ME^4*
   lambdaHatEDelta1bar + 6*DEN[MDelta1,ME]^3*Log[ME^2]*p2.pol3*sSS*
   FourPi^(-2)*I*g2*lambdaEDelta1*ME^6*lambdaEDelta1bar + 12*DEN[
   MDelta1,ME]^3*Log[ME^2]*p2.pol3*sSS*FourPi^(-2)*I*g2*lambdaEDelta1*
   MDelta1*ME^5*lambdaHatEDelta1bar + 6*DEN[MDelta1,ME]^3*Log[ME^2]*
   p2.pol3*sSS*FourPi^(-2)*I*g2*lambdaEDelta1*MDelta1^2*ME^4*
   lambdaEDelta1bar + 6*DEN[MDelta1,ME]^3*Log[ME^2]*p3.p3*p3.pol3*sSS^3
   *FourPi^(-2)*I*g2*lambdaHatEDelta1*ME^4*lambdaHatEDelta1bar + 6*DEN[
   MDelta1,ME]^3*Log[ME^2]*p3.p3*p3.pol3*sSS^3*FourPi^(-2)*I*g2*MDelta1
   *lambdaHatEDelta1*ME^3*lambdaEDelta1bar + 6*DEN[MDelta1,ME]^3*Log[
   ME^2]*p3.p3*p3.pol3*sSS^3*FourPi^(-2)*I*g2*lambdaEDelta1*ME^4*
   lambdaEDelta1bar + 6*DEN[MDelta1,ME]^3*Log[ME^2]*p3.p3*p3.pol3*sSS^3
   *FourPi^(-2)*I*g2*lambdaEDelta1*MDelta1*ME^3*lambdaHatEDelta1bar + 3
   *DEN[MDelta1,ME]^3*Log[ME^2]*p3.pol3*sSS*FourPi^(-2)*I*g2*
   lambdaHatEDelta1*ME^6*lambdaHatEDelta1bar + 6*DEN[MDelta1,ME]^3*Log[
   ME^2]*p3.pol3*sSS*FourPi^(-2)*I*g2*MDelta1*lambdaHatEDelta1*ME^5*
   lambdaEDelta1bar + 3*DEN[MDelta1,ME]^3*Log[ME^2]*p3.pol3*sSS*
   FourPi^(-2)*I*g2*MDelta1^2*lambdaHatEDelta1*ME^4*lambdaHatEDelta1bar
    + 3*DEN[MDelta1,ME]^3*Log[ME^2]*p3.pol3*sSS*FourPi^(-2)*I*g2*
   lambdaEDelta1*ME^6*lambdaEDelta1bar + 6*DEN[MDelta1,ME]^3*Log[ME^2]*
   p3.pol3*sSS*FourPi^(-2)*I*g2*lambdaEDelta1*MDelta1*ME^5*
   lambdaHatEDelta1bar + 3*DEN[MDelta1,ME]^3*Log[ME^2]*p3.pol3*sSS*
   FourPi^(-2)*I*g2*lambdaEDelta1*MDelta1^2*ME^4*lambdaEDelta1bar - 24*
   DEN[MDelta1,ME]^3*Log[MDelta1^2]*p2.p2*p2.pol3*sSS^3*FourPi^(-2)*I*
   g2*MDelta1^3*lambdaHatEDelta1*ME*lambdaEDelta1bar - 48*DEN[MDelta1,
   ME]^3*Log[MDelta1^2]*p2.p2*p2.pol3*sSS^3*FourPi^(-2)*I*g2*MDelta1^4*
   lambdaHatEDelta1*lambdaHatEDelta1bar - 24*DEN[MDelta1,ME]^3*Log[
   MDelta1^2]*p2.p2*p2.pol3*sSS^3*FourPi^(-2)*I*g2*lambdaEDelta1*
   MDelta1^3*ME*lambdaHatEDelta1bar - 48*DEN[MDelta1,ME]^3*Log[
   MDelta1^2]*p2.p2*p2.pol3*sSS^3*FourPi^(-2)*I*g2*lambdaEDelta1*
   MDelta1^4*lambdaEDelta1bar - 12*DEN[MDelta1,ME]^3*Log[MDelta1^2]*
   p2.p2*p3.pol3*sSS^3*FourPi^(-2)*I*g2*MDelta1^3*lambdaHatEDelta1*ME*
   lambdaEDelta1bar - 24*DEN[MDelta1,ME]^3*Log[MDelta1^2]*p2.p2*p3.pol3
   *sSS^3*FourPi^(-2)*I*g2*MDelta1^4*lambdaHatEDelta1*
   lambdaHatEDelta1bar - 12*DEN[MDelta1,ME]^3*Log[MDelta1^2]*p2.p2*
   p3.pol3*sSS^3*FourPi^(-2)*I*g2*lambdaEDelta1*MDelta1^3*ME*
   lambdaHatEDelta1bar - 24*DEN[MDelta1,ME]^3*Log[MDelta1^2]*p2.p2*
   p3.pol3*sSS^3*FourPi^(-2)*I*g2*lambdaEDelta1*MDelta1^4*
   lambdaEDelta1bar - 24*DEN[MDelta1,ME]^3*Log[MDelta1^2]*p2.p3*p2.pol3
   *sSS^3*FourPi^(-2)*I*g2*MDelta1^3*lambdaHatEDelta1*ME*
   lambdaEDelta1bar - 48*DEN[MDelta1,ME]^3*Log[MDelta1^2]*p2.p3*p2.pol3
   *sSS^3*FourPi^(-2)*I*g2*MDelta1^4*lambdaHatEDelta1*
   lambdaHatEDelta1bar - 24*DEN[MDelta1,ME]^3*Log[MDelta1^2]*p2.p3*
   p2.pol3*sSS^3*FourPi^(-2)*I*g2*lambdaEDelta1*MDelta1^3*ME*
   lambdaHatEDelta1bar - 48*DEN[MDelta1,ME]^3*Log[MDelta1^2]*p2.p3*
   p2.pol3*sSS^3*FourPi^(-2)*I*g2*lambdaEDelta1*MDelta1^4*
   lambdaEDelta1bar - 24*DEN[MDelta1,ME]^3*Log[MDelta1^2]*p2.p3*p3.pol3
   *sSS^3*FourPi^(-2)*I*g2*MDelta1^3*lambdaHatEDelta1*ME*
   lambdaEDelta1bar - 42*DEN[MDelta1,ME]^3*Log[MDelta1^2]*p2.p3*p3.pol3
   *sSS^3*FourPi^(-2)*I*g2*MDelta1^4*lambdaHatEDelta1*
   lambdaHatEDelta1bar - 24*DEN[MDelta1,ME]^3*Log[MDelta1^2]*p2.p3*
   p3.pol3*sSS^3*FourPi^(-2)*I*g2*lambdaEDelta1*MDelta1^3*ME*
   lambdaHatEDelta1bar - 42*DEN[MDelta1,ME]^3*Log[MDelta1^2]*p2.p3*
   p3.pol3*sSS^3*FourPi^(-2)*I*g2*lambdaEDelta1*MDelta1^4*
   lambdaEDelta1bar - 6*DEN[MDelta1,ME]^3*Log[MDelta1^2]*p2.pol3*p3.p3*
   sSS^3*FourPi^(-2)*I*g2*MDelta1^4*lambdaHatEDelta1*
   lambdaHatEDelta1bar - 6*DEN[MDelta1,ME]^3*Log[MDelta1^2]*p2.pol3*
   p3.p3*sSS^3*FourPi^(-2)*I*g2*lambdaEDelta1*MDelta1^4*
   lambdaEDelta1bar - 12*DEN[MDelta1,ME]^3*Log[MDelta1^2]*p2.pol3*sSS*
   FourPi^(-2)*I*g2*MDelta1^5*lambdaHatEDelta1*ME*lambdaEDelta1bar - 12
   *DEN[MDelta1,ME]^3*Log[MDelta1^2]*p2.pol3*sSS*FourPi^(-2)*I*g2*
   MDelta1^6*lambdaHatEDelta1*lambdaHatEDelta1bar - 12*DEN[MDelta1,ME]^
   3*Log[MDelta1^2]*p2.pol3*sSS*FourPi^(-2)*I*g2*lambdaEDelta1*
   MDelta1^5*ME*lambdaHatEDelta1bar - 12*DEN[MDelta1,ME]^3*Log[
   MDelta1^2]*p2.pol3*sSS*FourPi^(-2)*I*g2*lambdaEDelta1*MDelta1^6*
   lambdaEDelta1bar - 6*DEN[MDelta1,ME]^3*Log[MDelta1^2]*p3.p3*p3.pol3*
   sSS^3*FourPi^(-2)*I*g2*MDelta1^3*lambdaHatEDelta1*ME*
   lambdaEDelta1bar - 12*DEN[MDelta1,ME]^3*Log[MDelta1^2]*p3.p3*p3.pol3
   *sSS^3*FourPi^(-2)*I*g2*MDelta1^4*lambdaHatEDelta1*
   lambdaHatEDelta1bar - 6*DEN[MDelta1,ME]^3*Log[MDelta1^2]*p3.p3*
   p3.pol3*sSS^3*FourPi^(-2)*I*g2*lambdaEDelta1*MDelta1^3*ME*
   lambdaHatEDelta1bar - 12*DEN[MDelta1,ME]^3*Log[MDelta1^2]*p3.p3*
   p3.pol3*sSS^3*FourPi^(-2)*I*g2*lambdaEDelta1*MDelta1^4*
   lambdaEDelta1bar - 6*DEN[MDelta1,ME]^3*Log[MDelta1^2]*p3.pol3*sSS*
   FourPi^(-2)*I*g2*MDelta1^5*lambdaHatEDelta1*ME*lambdaEDelta1bar - 6*
   DEN[MDelta1,ME]^3*Log[MDelta1^2]*p3.pol3*sSS*FourPi^(-2)*I*g2*
   MDelta1^6*lambdaHatEDelta1*lambdaHatEDelta1bar - 6*DEN[MDelta1,ME]^3
   *Log[MDelta1^2]*p3.pol3*sSS*FourPi^(-2)*I*g2*lambdaEDelta1*MDelta1^5
   *ME*lambdaHatEDelta1bar - 6*DEN[MDelta1,ME]^3*Log[MDelta1^2]*p3.pol3
   *sSS*FourPi^(-2)*I*g2*lambdaEDelta1*MDelta1^6*lambdaEDelta1bar + 12*
   DEN[MDelta1,ME]^2*Log[ME^2]*p2.pol3*sSS*FourPi^(-2)*I*g2*
   lambdaHatEDelta1*ME^4*lambdaHatEDelta1bar + 12*DEN[MDelta1,ME]^2*
   Log[ME^2]*p2.pol3*sSS*FourPi^(-2)*I*g2*MDelta1*lambdaHatEDelta1*ME^3
   *lambdaEDelta1bar + 12*DEN[MDelta1,ME]^2*Log[ME^2]*p2.pol3*sSS*
   FourPi^(-2)*I*g2*lambdaEDelta1*ME^4*lambdaEDelta1bar + 12*DEN[
   MDelta1,ME]^2*Log[ME^2]*p2.pol3*sSS*FourPi^(-2)*I*g2*lambdaEDelta1*
   MDelta1*ME^3*lambdaHatEDelta1bar + 6*DEN[MDelta1,ME]^2*Log[ME^2]*
   p3.pol3*sSS*FourPi^(-2)*I*g2*lambdaHatEDelta1*ME^4*
   lambdaHatEDelta1bar + 6*DEN[MDelta1,ME]^2*Log[ME^2]*p3.pol3*sSS*
   FourPi^(-2)*I*g2*MDelta1*lambdaHatEDelta1*ME^3*lambdaEDelta1bar + 6*
   DEN[MDelta1,ME]^2*Log[ME^2]*p3.pol3*sSS*FourPi^(-2)*I*g2*
   lambdaEDelta1*ME^4*lambdaEDelta1bar + 6*DEN[MDelta1,ME]^2*Log[ME^2]*
   p3.pol3*sSS*FourPi^(-2)*I*g2*lambdaEDelta1*MDelta1*ME^3*
   lambdaHatEDelta1bar + 2*DEN[MDelta1,ME]^2*Log[MDelta1^2]*p2.p3*
   p3.pol3*sSS^3*FourPi^(-2)*I*g2*MDelta1*lambdaHatEDelta1*ME*
   lambdaEDelta1bar + 2*DEN[MDelta1,ME]^2*Log[MDelta1^2]*p2.p3*p3.pol3*
   sSS^3*FourPi^(-2)*I*g2*MDelta1^2*lambdaHatEDelta1*
   lambdaHatEDelta1bar + 2*DEN[MDelta1,ME]^2*Log[MDelta1^2]*p2.p3*
   p3.pol3*sSS^3*FourPi^(-2)*I*g2*lambdaEDelta1*MDelta1*ME*
   lambdaHatEDelta1bar + 2*DEN[MDelta1,ME]^2*Log[MDelta1^2]*p2.p3*
   p3.pol3*sSS^3*FourPi^(-2)*I*g2*lambdaEDelta1*MDelta1^2*
   lambdaEDelta1bar - 2*DEN[MDelta1,ME]^2*Log[MDelta1^2]*p2.pol3*p3.p3*
   sSS^3*FourPi^(-2)*I*g2*MDelta1*lambdaHatEDelta1*ME*lambdaEDelta1bar
    - 2*DEN[MDelta1,ME]^2*Log[MDelta1^2]*p2.pol3*p3.p3*sSS^3*
   FourPi^(-2)*I*g2*MDelta1^2*lambdaHatEDelta1*lambdaHatEDelta1bar - 2*
   DEN[MDelta1,ME]^2*Log[MDelta1^2]*p2.pol3*p3.p3*sSS^3*FourPi^(-2)*I*
   g2*lambdaEDelta1*MDelta1*ME*lambdaHatEDelta1bar - 2*DEN[MDelta1,ME]^
   2*Log[MDelta1^2]*p2.pol3*p3.p3*sSS^3*FourPi^(-2)*I*g2*lambdaEDelta1*
   MDelta1^2*lambdaEDelta1bar + 12*DEN[MDelta1,ME]^2*Log[MDelta1^2]*
   p2.pol3*sSS*FourPi^(-2)*I*g2*MDelta1^3*lambdaHatEDelta1*ME*
   lambdaEDelta1bar + 18*DEN[MDelta1,ME]^2*Log[MDelta1^2]*p2.pol3*sSS*
   FourPi^(-2)*I*g2*MDelta1^4*lambdaHatEDelta1*lambdaHatEDelta1bar + 12
   *DEN[MDelta1,ME]^2*Log[MDelta1^2]*p2.pol3*sSS*FourPi^(-2)*I*g2*
   lambdaEDelta1*MDelta1^3*ME*lambdaHatEDelta1bar + 18*DEN[MDelta1,ME]^
   2*Log[MDelta1^2]*p2.pol3*sSS*FourPi^(-2)*I*g2*lambdaEDelta1*
   MDelta1^4*lambdaEDelta1bar + 6*DEN[MDelta1,ME]^2*Log[MDelta1^2]*
   p3.pol3*sSS*FourPi^(-2)*I*g2*MDelta1^3*lambdaHatEDelta1*ME*
   lambdaEDelta1bar + 9*DEN[MDelta1,ME]^2*Log[MDelta1^2]*p3.pol3*sSS*
   FourPi^(-2)*I*g2*MDelta1^4*lambdaHatEDelta1*lambdaHatEDelta1bar + 6*
   DEN[MDelta1,ME]^2*Log[MDelta1^2]*p3.pol3*sSS*FourPi^(-2)*I*g2*
   lambdaEDelta1*MDelta1^3*ME*lambdaHatEDelta1bar + 9*DEN[MDelta1,ME]^2
   *Log[MDelta1^2]*p3.pol3*sSS*FourPi^(-2)*I*g2*lambdaEDelta1*MDelta1^4
   *lambdaEDelta1bar + 2*DEN[MDelta1,ME]*Log[MDelta1^2]*p2.p3*p3.pol3*
   sSS^3*FourPi^(-2)*I*g2*lambdaHatEDelta1*lambdaHatEDelta1bar + 2*DEN[
   MDelta1,ME]*Log[MDelta1^2]*p2.p3*p3.pol3*sSS^3*FourPi^(-2)*I*g2*
   lambdaEDelta1*lambdaEDelta1bar - 2*DEN[MDelta1,ME]*Log[MDelta1^2]*
   p2.pol3*p3.p3*sSS^3*FourPi^(-2)*I*g2*lambdaHatEDelta1*
   lambdaHatEDelta1bar - 2*DEN[MDelta1,ME]*Log[MDelta1^2]*p2.pol3*p3.p3
   *sSS^3*FourPi^(-2)*I*g2*lambdaEDelta1*lambdaEDelta1bar + 2*Log[ME^2]
   *p2.p3*p3.pol3*sSS^3*FourPi^(-2)*I*g2*ME^(-2)*esfull(1) - 2*Log[ME^2
   ]*p2.pol3*p3.p3*sSS^3*FourPi^(-2)*I*g2*ME^(-2)*esfull(1) + 6*Log[
   ME^2]*p2.pol3*sSS*FourPi^(-2)*I*g2*esfull(1) + 3*Log[ME^2]*p3.pol3*
   sSS*FourPi^(-2)*I*g2*esfull(1) + 6*Log[MDelta1^2]*p2.pol3*sSS*
   FourPi^(-2)*I*g2*esfull(2) + 3*Log[MDelta1^2]*p3.pol3*sSS*
   FourPi^(-2)*I*g2*esfull(2)];

