    esfull(1)=lambdaN[fl97]*lambdaDelta1bar[fl99]*YVpbar;
    esfull(2)=lambdaN[fl97]*lambdaNbar[fl1]*ylbar[fl1,fl99];
    esfull(3)=G[6*DEN[MDelta1,MN]^3*gam[y99,FIVE,p3,pol4,y97]*sSS*
   FourPi^(-2)*I*g2*MN^4*esfull(1) - 6*DEN[MDelta1,MN]^3*gam[y99,FIVE,
   p3,pol4,y97]*sSS*FourPi^(-2)*I*g2*MDelta1^2*MN^2*esfull(1) + 4*DEN[
   MDelta1,MN]^3*gam[y99,FIVE,p3,pol4,y97]*sSS*FourPi^(-2)*I*
   invepsilonbar*g2*MN^4*esfull(1) - 4*DEN[MDelta1,MN]^3*gam[y99,FIVE,
   p3,pol4,y97]*sSS*FourPi^(-2)*I*invepsilonbar*g2*MDelta1^2*MN^2*
   esfull(1) - 4*DEN[MDelta1,MN]^3*gam[y99,FIVE,p3,pol4,y97]*Log[MN^2]*
   sSS*FourPi^(-2)*I*g2*MN^4*esfull(1) + 4*DEN[MDelta1,MN]^3*gam[y99,
   FIVE,p3,pol4,y97]*Log[MN^2]*sSS*FourPi^(-2)*I*g2*MDelta1^2*MN^2*
   esfull(1) + 3*DEN[MDelta1,MN]^3*gam[y99,FIVE,p4,pol4,y97]*sSS*
   FourPi^(-2)*I*g2*MN^4*esfull(1) - 3*DEN[MDelta1,MN]^3*gam[y99,FIVE,
   p4,pol4,y97]*sSS*FourPi^(-2)*I*g2*MDelta1^2*MN^2*esfull(1) + 2*DEN[
   MDelta1,MN]^3*gam[y99,FIVE,p4,pol4,y97]*sSS*FourPi^(-2)*I*
   invepsilonbar*g2*MN^4*esfull(1) - 2*DEN[MDelta1,MN]^3*gam[y99,FIVE,
   p4,pol4,y97]*sSS*FourPi^(-2)*I*invepsilonbar*g2*MDelta1^2*MN^2*
   esfull(1) - 2*DEN[MDelta1,MN]^3*gam[y99,FIVE,p4,pol4,y97]*Log[MN^2]*
   sSS*FourPi^(-2)*I*g2*MN^4*esfull(1) + 2*DEN[MDelta1,MN]^3*gam[y99,
   FIVE,p4,pol4,y97]*Log[MN^2]*sSS*FourPi^(-2)*I*g2*MDelta1^2*MN^2*
   esfull(1) + 12*DEN[MDelta1,MN]^3*gam[y99,FIVE,y97]*p3.pol4*sSS*
   FourPi^(-2)*I*g2*MDelta1^2*MN^2*esfull(1) - 12*DEN[MDelta1,MN]^3*
   gam[y99,FIVE,y97]*p3.pol4*sSS*FourPi^(-2)*I*g2*MDelta1^4*esfull(1)
    + 8*DEN[MDelta1,MN]^3*gam[y99,FIVE,y97]*p3.pol4*sSS*FourPi^(-2)*I*
   invepsilonbar*g2*MDelta1^2*MN^2*esfull(1) - 8*DEN[MDelta1,MN]^3*gam[
   y99,FIVE,y97]*p3.pol4*sSS*FourPi^(-2)*I*invepsilonbar*g2*MDelta1^4*
   esfull(1) + 6*DEN[MDelta1,MN]^3*gam[y99,FIVE,y97]*p4.pol4*sSS*
   FourPi^(-2)*I*g2*MDelta1^2*MN^2*esfull(1) - 6*DEN[MDelta1,MN]^3*gam[
   y99,FIVE,y97]*p4.pol4*sSS*FourPi^(-2)*I*g2*MDelta1^4*esfull(1) + 4*
   DEN[MDelta1,MN]^3*gam[y99,FIVE,y97]*p4.pol4*sSS*FourPi^(-2)*I*
   invepsilonbar*g2*MDelta1^2*MN^2*esfull(1) - 4*DEN[MDelta1,MN]^3*gam[
   y99,FIVE,y97]*p4.pol4*sSS*FourPi^(-2)*I*invepsilonbar*g2*MDelta1^4*
   esfull(1) - 8*DEN[MDelta1,MN]^3*gam[y99,FIVE,y97]*Log[MN^2]*p3.pol4*
   sSS*FourPi^(-2)*I*g2*MDelta1^2*MN^2*esfull(1) - 4*DEN[MDelta1,MN]^3*
   gam[y99,FIVE,y97]*Log[MN^2]*p4.pol4*sSS*FourPi^(-2)*I*g2*MDelta1^2*
   MN^2*esfull(1) + 8*DEN[MDelta1,MN]^3*gam[y99,FIVE,y97]*Log[MDelta1^2
   ]*p3.pol4*sSS*FourPi^(-2)*I*g2*MDelta1^4*esfull(1) + 4*DEN[MDelta1,
   MN]^3*gam[y99,FIVE,y97]*Log[MDelta1^2]*p4.pol4*sSS*FourPi^(-2)*I*g2*
   MDelta1^4*esfull(1) - 6*DEN[MDelta1,MN]^3*gam[y99,p3,pol4,y97]*sSS*
   FourPi^(-2)*I*g2*MN^4*esfull(1) + 6*DEN[MDelta1,MN]^3*gam[y99,p3,
   pol4,y97]*sSS*FourPi^(-2)*I*g2*MDelta1^2*MN^2*esfull(1) - 4*DEN[
   MDelta1,MN]^3*gam[y99,p3,pol4,y97]*sSS*FourPi^(-2)*I*invepsilonbar*
   g2*MN^4*esfull(1) + 4*DEN[MDelta1,MN]^3*gam[y99,p3,pol4,y97]*sSS*
   FourPi^(-2)*I*invepsilonbar*g2*MDelta1^2*MN^2*esfull(1) + 4*DEN[
   MDelta1,MN]^3*gam[y99,p3,pol4,y97]*Log[MN^2]*sSS*FourPi^(-2)*I*g2*
   MN^4*esfull(1) - 4*DEN[MDelta1,MN]^3*gam[y99,p3,pol4,y97]*Log[MN^2]*
   sSS*FourPi^(-2)*I*g2*MDelta1^2*MN^2*esfull(1) - 3*DEN[MDelta1,MN]^3*
   gam[y99,p4,pol4,y97]*sSS*FourPi^(-2)*I*g2*MN^4*esfull(1) + 3*DEN[
   MDelta1,MN]^3*gam[y99,p4,pol4,y97]*sSS*FourPi^(-2)*I*g2*MDelta1^2*
   MN^2*esfull(1) - 2*DEN[MDelta1,MN]^3*gam[y99,p4,pol4,y97]*sSS*
   FourPi^(-2)*I*invepsilonbar*g2*MN^4*esfull(1) + 2*DEN[MDelta1,MN]^3*
   gam[y99,p4,pol4,y97]*sSS*FourPi^(-2)*I*invepsilonbar*g2*MDelta1^2*
   MN^2*esfull(1) + 2*DEN[MDelta1,MN]^3*gam[y99,p4,pol4,y97]*Log[MN^2]*
   sSS*FourPi^(-2)*I*g2*MN^4*esfull(1) - 2*DEN[MDelta1,MN]^3*gam[y99,p4
   ,pol4,y97]*Log[MN^2]*sSS*FourPi^(-2)*I*g2*MDelta1^2*MN^2*esfull(1)
    - 12*DEN[MDelta1,MN]^3*gam[y99,y97]*p3.pol4*sSS*FourPi^(-2)*I*g2*
   MDelta1^2*MN^2*esfull(1) + 12*DEN[MDelta1,MN]^3*gam[y99,y97]*p3.pol4
   *sSS*FourPi^(-2)*I*g2*MDelta1^4*esfull(1) - 8*DEN[MDelta1,MN]^3*gam[
   y99,y97]*p3.pol4*sSS*FourPi^(-2)*I*invepsilonbar*g2*MDelta1^2*MN^2*
   esfull(1) + 8*DEN[MDelta1,MN]^3*gam[y99,y97]*p3.pol4*sSS*FourPi^(-2)
   *I*invepsilonbar*g2*MDelta1^4*esfull(1) - 6*DEN[MDelta1,MN]^3*gam[
   y99,y97]*p4.pol4*sSS*FourPi^(-2)*I*g2*MDelta1^2*MN^2*esfull(1) + 6*
   DEN[MDelta1,MN]^3*gam[y99,y97]*p4.pol4*sSS*FourPi^(-2)*I*g2*
   MDelta1^4*esfull(1) - 4*DEN[MDelta1,MN]^3*gam[y99,y97]*p4.pol4*sSS*
   FourPi^(-2)*I*invepsilonbar*g2*MDelta1^2*MN^2*esfull(1) + 4*DEN[
   MDelta1,MN]^3*gam[y99,y97]*p4.pol4*sSS*FourPi^(-2)*I*invepsilonbar*
   g2*MDelta1^4*esfull(1) + 8*DEN[MDelta1,MN]^3*gam[y99,y97]*Log[MN^2]*
   p3.pol4*sSS*FourPi^(-2)*I*g2*MDelta1^2*MN^2*esfull(1) + 4*DEN[
   MDelta1,MN]^3*gam[y99,y97]*Log[MN^2]*p4.pol4*sSS*FourPi^(-2)*I*g2*
   MDelta1^2*MN^2*esfull(1) - 8*DEN[MDelta1,MN]^3*gam[y99,y97]*Log[
   MDelta1^2]*p3.pol4*sSS*FourPi^(-2)*I*g2*MDelta1^4*esfull(1) - 4*DEN[
   MDelta1,MN]^3*gam[y99,y97]*Log[MDelta1^2]*p4.pol4*sSS*FourPi^(-2)*I*
   g2*MDelta1^4*esfull(1) - DEN[MDelta1,MN]^2*gam[y99,FIVE,p2,pol4,y97]
   *sSS*FourPi^(-2)*I*g2*MN^2*esfull(1) + DEN[MDelta1,MN]^2*gam[y99,
   FIVE,p2,pol4,y97]*sSS*FourPi^(-2)*I*g2*MDelta1^2*esfull(1) - 2*DEN[
   MDelta1,MN]^2*gam[y99,FIVE,p2,pol4,y97]*sSS*FourPi^(-2)*I*
   invepsilonbar*g2*MN^2*esfull(1) + 2*DEN[MDelta1,MN]^2*gam[y99,FIVE,
   p2,pol4,y97]*sSS*FourPi^(-2)*I*invepsilonbar*g2*MDelta1^2*esfull(1)
    + 2*DEN[MDelta1,MN]^2*gam[y99,FIVE,p2,pol4,y97]*Log[MN^2]*sSS*
   FourPi^(-2)*I*g2*MN^2*esfull(1) - 2*DEN[MDelta1,MN]^2*gam[y99,FIVE,
   p2,pol4,y97]*Log[MN^2]*sSS*FourPi^(-2)*I*g2*MDelta1^2*esfull(1) + 6*
   DEN[MDelta1,MN]^2*gam[y99,FIVE,p3,pol4,y97]*sSS*FourPi^(-2)*I*g2*
   MN^2*esfull(1) + 4*DEN[MDelta1,MN]^2*gam[y99,FIVE,p3,pol4,y97]*sSS*
   FourPi^(-2)*I*invepsilonbar*g2*MN^2*esfull(1) - 4*DEN[MDelta1,MN]^2*
   gam[y99,FIVE,p3,pol4,y97]*Log[MN^2]*sSS*FourPi^(-2)*I*g2*MN^2*
   esfull(1) + 4*DEN[MDelta1,MN]^2*gam[y99,FIVE,p4,pol4,y97]*sSS*
   FourPi^(-2)*I*g2*MN^2*esfull(1) - DEN[MDelta1,MN]^2*gam[y99,FIVE,p4,
   pol4,y97]*sSS*FourPi^(-2)*I*g2*MDelta1^2*esfull(1) + 4*DEN[MDelta1,
   MN]^2*gam[y99,FIVE,p4,pol4,y97]*sSS*FourPi^(-2)*I*invepsilonbar*g2*
   MN^2*esfull(1) - 2*DEN[MDelta1,MN]^2*gam[y99,FIVE,p4,pol4,y97]*sSS*
   FourPi^(-2)*I*invepsilonbar*g2*MDelta1^2*esfull(1) - 4*DEN[MDelta1,
   MN]^2*gam[y99,FIVE,p4,pol4,y97]*Log[MN^2]*sSS*FourPi^(-2)*I*g2*MN^2*
   esfull(1) + 2*DEN[MDelta1,MN]^2*gam[y99,FIVE,p4,pol4,y97]*Log[
   MDelta1^2]*sSS*FourPi^(-2)*I*g2*MDelta1^2*esfull(1) + 8*DEN[MDelta1,
   MN]^2*gam[y99,FIVE,y97]*p2.pol4*sSS*FourPi^(-2)*I*g2*MN^2*esfull(1)
    - 8*DEN[MDelta1,MN]^2*gam[y99,FIVE,y97]*p2.pol4*sSS*FourPi^(-2)*I*
   g2*MDelta1^2*esfull(1) + 8*DEN[MDelta1,MN]^2*gam[y99,FIVE,y97]*
   p2.pol4*sSS*FourPi^(-2)*I*invepsilonbar*g2*MN^2*esfull(1) - 8*DEN[
   MDelta1,MN]^2*gam[y99,FIVE,y97]*p2.pol4*sSS*FourPi^(-2)*I*
   invepsilonbar*g2*MDelta1^2*esfull(1) - 4*DEN[MDelta1,MN]^2*gam[y99,
   FIVE,y97]*p3.pol4*sSS*FourPi^(-2)*I*g2*MN^2*esfull(1) + 8*DEN[
   MDelta1,MN]^2*gam[y99,FIVE,y97]*p3.pol4*sSS*FourPi^(-2)*I*g2*
   MDelta1^2*esfull(1) + 8*DEN[MDelta1,MN]^2*gam[y99,FIVE,y97]*p3.pol4*
   sSS*FourPi^(-2)*I*invepsilonbar*g2*MDelta1^2*esfull(1) + 2*DEN[
   MDelta1,MN]^2*gam[y99,FIVE,y97]*p4.pol4*sSS*FourPi^(-2)*I*g2*
   MDelta1^2*esfull(1) + 4*DEN[MDelta1,MN]^2*gam[y99,FIVE,y97]*p4.pol4*
   sSS*FourPi^(-2)*I*invepsilonbar*g2*MDelta1^2*esfull(1) - 8*DEN[
   MDelta1,MN]^2*gam[y99,FIVE,y97]*Log[MN^2]*p2.pol4*sSS*FourPi^(-2)*I*
   g2*MN^2*esfull(1) + 4*DEN[MDelta1,MN]^2*gam[y99,FIVE,y97]*Log[MN^2]*
   p2.pol4*sSS*FourPi^(-2)*I*g2*MDelta1^2*esfull(1) + 4*DEN[MDelta1,MN]
   ^2*gam[y99,FIVE,y97]*Log[MDelta1^2]*p2.pol4*sSS*FourPi^(-2)*I*g2*
   MDelta1^2*esfull(1) - 8*DEN[MDelta1,MN]^2*gam[y99,FIVE,y97]*Log[
   MDelta1^2]*p3.pol4*sSS*FourPi^(-2)*I*g2*MDelta1^2*esfull(1) - 4*DEN[
   MDelta1,MN]^2*gam[y99,FIVE,y97]*Log[MDelta1^2]*p4.pol4*sSS*
   FourPi^(-2)*I*g2*MDelta1^2*esfull(1) + DEN[MDelta1,MN]^2*gam[y99,p2,
   pol4,y97]*sSS*FourPi^(-2)*I*g2*MN^2*esfull(1) - DEN[MDelta1,MN]^2*
   gam[y99,p2,pol4,y97]*sSS*FourPi^(-2)*I*g2*MDelta1^2*esfull(1) + 2*
   DEN[MDelta1,MN]^2*gam[y99,p2,pol4,y97]*sSS*FourPi^(-2)*I*
   invepsilonbar*g2*MN^2*esfull(1) - 2*DEN[MDelta1,MN]^2*gam[y99,p2,
   pol4,y97]*sSS*FourPi^(-2)*I*invepsilonbar*g2*MDelta1^2*esfull(1) - 2
   *DEN[MDelta1,MN]^2*gam[y99,p2,pol4,y97]*Log[MN^2]*sSS*FourPi^(-2)*I*
   g2*MN^2*esfull(1) + 2*DEN[MDelta1,MN]^2*gam[y99,p2,pol4,y97]*Log[
   MN^2]*sSS*FourPi^(-2)*I*g2*MDelta1^2*esfull(1) - 6*DEN[MDelta1,MN]^2
   *gam[y99,p3,pol4,y97]*sSS*FourPi^(-2)*I*g2*MN^2*esfull(1) - 4*DEN[
   MDelta1,MN]^2*gam[y99,p3,pol4,y97]*sSS*FourPi^(-2)*I*invepsilonbar*
   g2*MN^2*esfull(1) + 4*DEN[MDelta1,MN]^2*gam[y99,p3,pol4,y97]*Log[
   MN^2]*sSS*FourPi^(-2)*I*g2*MN^2*esfull(1) - 4*DEN[MDelta1,MN]^2*gam[
   y99,p4,pol4,y97]*sSS*FourPi^(-2)*I*g2*MN^2*esfull(1) + DEN[MDelta1,
   MN]^2*gam[y99,p4,pol4,y97]*sSS*FourPi^(-2)*I*g2*MDelta1^2*esfull(1)
    - 4*DEN[MDelta1,MN]^2*gam[y99,p4,pol4,y97]*sSS*FourPi^(-2)*I*
   invepsilonbar*g2*MN^2*esfull(1) + 2*DEN[MDelta1,MN]^2*gam[y99,p4,
   pol4,y97]*sSS*FourPi^(-2)*I*invepsilonbar*g2*MDelta1^2*esfull(1) + 4
   *DEN[MDelta1,MN]^2*gam[y99,p4,pol4,y97]*Log[MN^2]*sSS*FourPi^(-2)*I*
   g2*MN^2*esfull(1) - 2*DEN[MDelta1,MN]^2*gam[y99,p4,pol4,y97]*Log[
   MDelta1^2]*sSS*FourPi^(-2)*I*g2*MDelta1^2*esfull(1) - 8*DEN[MDelta1,
   MN]^2*gam[y99,y97]*p2.pol4*sSS*FourPi^(-2)*I*g2*MN^2*esfull(1) + 8*
   DEN[MDelta1,MN]^2*gam[y99,y97]*p2.pol4*sSS*FourPi^(-2)*I*g2*
   MDelta1^2*esfull(1) - 8*DEN[MDelta1,MN]^2*gam[y99,y97]*p2.pol4*sSS*
   FourPi^(-2)*I*invepsilonbar*g2*MN^2*esfull(1) + 8*DEN[MDelta1,MN]^2*
   gam[y99,y97]*p2.pol4*sSS*FourPi^(-2)*I*invepsilonbar*g2*MDelta1^2*
   esfull(1) + 4*DEN[MDelta1,MN]^2*gam[y99,y97]*p3.pol4*sSS*FourPi^(-2)
   *I*g2*MN^2*esfull(1) - 8*DEN[MDelta1,MN]^2*gam[y99,y97]*p3.pol4*sSS*
   FourPi^(-2)*I*g2*MDelta1^2*esfull(1) - 8*DEN[MDelta1,MN]^2*gam[y99,
   y97]*p3.pol4*sSS*FourPi^(-2)*I*invepsilonbar*g2*MDelta1^2*esfull(1)
    - 2*DEN[MDelta1,MN]^2*gam[y99,y97]*p4.pol4*sSS*FourPi^(-2)*I*g2*
   MDelta1^2*esfull(1) - 4*DEN[MDelta1,MN]^2*gam[y99,y97]*p4.pol4*sSS*
   FourPi^(-2)*I*invepsilonbar*g2*MDelta1^2*esfull(1) + 8*DEN[MDelta1,
   MN]^2*gam[y99,y97]*Log[MN^2]*p2.pol4*sSS*FourPi^(-2)*I*g2*MN^2*
   esfull(1) - 4*DEN[MDelta1,MN]^2*gam[y99,y97]*Log[MN^2]*p2.pol4*sSS*
   FourPi^(-2)*I*g2*MDelta1^2*esfull(1) - 4*DEN[MDelta1,MN]^2*gam[y99,
   y97]*Log[MDelta1^2]*p2.pol4*sSS*FourPi^(-2)*I*g2*MDelta1^2*esfull(1)
    + 8*DEN[MDelta1,MN]^2*gam[y99,y97]*Log[MDelta1^2]*p3.pol4*sSS*
   FourPi^(-2)*I*g2*MDelta1^2*esfull(1) + 4*DEN[MDelta1,MN]^2*gam[y99,
   y97]*Log[MDelta1^2]*p4.pol4*sSS*FourPi^(-2)*I*g2*MDelta1^2*esfull(1)
    - 4*DEN[MDelta1,MN]*gam[y99,FIVE,p2,pol4,y97]*sSS*FourPi^(-2)*I*g2*
   MDelta1^(-2)*MN^2*esfull(1) + 3*DEN[MDelta1,MN]*gam[y99,FIVE,p2,pol4
   ,y97]*sSS*FourPi^(-2)*I*g2*esfull(1) - 4*DEN[MDelta1,MN]*gam[y99,
   FIVE,p2,pol4,y97]*sSS*FourPi^(-2)*I*invepsilonbar*g2*MDelta1^(-2)*
   MN^2*esfull(1) + 2*DEN[MDelta1,MN]*gam[y99,FIVE,p2,pol4,y97]*sSS*
   FourPi^(-2)*I*invepsilonbar*g2*esfull(1) + 4*DEN[MDelta1,MN]*gam[y99
   ,FIVE,p2,pol4,y97]*Log[MN^2]*sSS*FourPi^(-2)*I*g2*MDelta1^(-2)*MN^2*
   esfull(1) - 2*DEN[MDelta1,MN]*gam[y99,FIVE,p2,pol4,y97]*Log[
   MDelta1^2]*sSS*FourPi^(-2)*I*g2*esfull(1) - 3*DEN[MDelta1,MN]*gam[
   y99,FIVE,p3,pol4,y97]*sSS*FourPi^(-2)*I*g2*MDelta1^(-2)*MN^2*
   esfull(1) + 3*DEN[MDelta1,MN]*gam[y99,FIVE,p3,pol4,y97]*sSS*
   FourPi^(-2)*I*g2*esfull(1) - 2*DEN[MDelta1,MN]*gam[y99,FIVE,p3,pol4,
   y97]*sSS*FourPi^(-2)*I*invepsilonbar*g2*MDelta1^(-2)*MN^2*esfull(1)
    + 2*DEN[MDelta1,MN]*gam[y99,FIVE,p3,pol4,y97]*sSS*FourPi^(-2)*I*
   invepsilonbar*g2*esfull(1) + 2*DEN[MDelta1,MN]*gam[y99,FIVE,p3,pol4,
   y97]*Log[MN^2]*sSS*FourPi^(-2)*I*g2*MDelta1^(-2)*MN^2*esfull(1) - 2*
   DEN[MDelta1,MN]*gam[y99,FIVE,p3,pol4,y97]*Log[MDelta1^2]*sSS*
   FourPi^(-2)*I*g2*esfull(1) - DEN[MDelta1,MN]*gam[y99,FIVE,p4,pol4,
   y97]*sSS*FourPi^(-2)*I*g2*esfull(1) + 2*DEN[MDelta1,MN]*gam[y99,FIVE
   ,p4,pol4,y97]*sSS*FourPi^(-2)*I*invepsilonbar*g2*esfull(1) - 2*DEN[
   MDelta1,MN]*gam[y99,FIVE,p4,pol4,y97]*Log[MDelta1^2]*sSS*FourPi^(-2)
   *I*g2*esfull(1) + 4*DEN[MDelta1,MN]*gam[y99,FIVE,y97]*p2.pol4*sSS*
   FourPi^(-2)*I*g2*MDelta1^(-2)*MN^2*esfull(1) + 8*DEN[MDelta1,MN]*
   gam[y99,FIVE,y97]*p2.pol4*sSS*FourPi^(-2)*I*invepsilonbar*g2*
   MDelta1^(-2)*MN^2*esfull(1) + 2*DEN[MDelta1,MN]*gam[y99,FIVE,y97]*
   p3.pol4*sSS*FourPi^(-2)*I*g2*MDelta1^(-2)*MN^2*esfull(1) - 2*DEN[
   MDelta1,MN]*gam[y99,FIVE,y97]*p3.pol4*sSS*FourPi^(-2)*I*g2*esfull(1)
    + 4*DEN[MDelta1,MN]*gam[y99,FIVE,y97]*p3.pol4*sSS*FourPi^(-2)*I*
   invepsilonbar*g2*MDelta1^(-2)*MN^2*esfull(1) - 4*DEN[MDelta1,MN]*
   gam[y99,FIVE,y97]*p3.pol4*sSS*FourPi^(-2)*I*invepsilonbar*g2*
   esfull(1) - 2*DEN[MDelta1,MN]*gam[y99,FIVE,y97]*p4.pol4*sSS*
   FourPi^(-2)*I*g2*MDelta1^(-2)*MN^2*esfull(1) + 4*DEN[MDelta1,MN]*
   gam[y99,FIVE,y97]*p4.pol4*sSS*FourPi^(-2)*I*g2*esfull(1) - 8*DEN[
   MDelta1,MN]*gam[y99,FIVE,y97]*Log[MN^2]*p2.pol4*sSS*FourPi^(-2)*I*g2
   *MDelta1^(-2)*MN^2*esfull(1) - 4*DEN[MDelta1,MN]*gam[y99,FIVE,y97]*
   Log[MN^2]*p3.pol4*sSS*FourPi^(-2)*I*g2*MDelta1^(-2)*MN^2*esfull(1)
    + 4*DEN[MDelta1,MN]*gam[y99,FIVE,y97]*Log[MN^2]*p3.pol4*sSS*
   FourPi^(-2)*I*g2*esfull(1) + 4*DEN[MDelta1,MN]*gam[y99,p2,pol4,y97]*
   sSS*FourPi^(-2)*I*g2*MDelta1^(-2)*MN^2*esfull(1) - 3*DEN[MDelta1,MN]
   *gam[y99,p2,pol4,y97]*sSS*FourPi^(-2)*I*g2*esfull(1) + 4*DEN[MDelta1
   ,MN]*gam[y99,p2,pol4,y97]*sSS*FourPi^(-2)*I*invepsilonbar*g2*
   MDelta1^(-2)*MN^2*esfull(1) - 2*DEN[MDelta1,MN]*gam[y99,p2,pol4,y97]
   *sSS*FourPi^(-2)*I*invepsilonbar*g2*esfull(1) - 4*DEN[MDelta1,MN]*
   gam[y99,p2,pol4,y97]*Log[MN^2]*sSS*FourPi^(-2)*I*g2*MDelta1^(-2)*
   MN^2*esfull(1) + 2*DEN[MDelta1,MN]*gam[y99,p2,pol4,y97]*Log[
   MDelta1^2]*sSS*FourPi^(-2)*I*g2*esfull(1) + 3*DEN[MDelta1,MN]*gam[
   y99,p3,pol4,y97]*sSS*FourPi^(-2)*I*g2*MDelta1^(-2)*MN^2*esfull(1) - 
   3*DEN[MDelta1,MN]*gam[y99,p3,pol4,y97]*sSS*FourPi^(-2)*I*g2*
   esfull(1) + 2*DEN[MDelta1,MN]*gam[y99,p3,pol4,y97]*sSS*FourPi^(-2)*I
   *invepsilonbar*g2*MDelta1^(-2)*MN^2*esfull(1) - 2*DEN[MDelta1,MN]*
   gam[y99,p3,pol4,y97]*sSS*FourPi^(-2)*I*invepsilonbar*g2*esfull(1) - 
   2*DEN[MDelta1,MN]*gam[y99,p3,pol4,y97]*Log[MN^2]*sSS*FourPi^(-2)*I*
   g2*MDelta1^(-2)*MN^2*esfull(1) + 2*DEN[MDelta1,MN]*gam[y99,p3,pol4,
   y97]*Log[MDelta1^2]*sSS*FourPi^(-2)*I*g2*esfull(1) + DEN[MDelta1,MN]
   *gam[y99,p4,pol4,y97]*sSS*FourPi^(-2)*I*g2*esfull(1) - 2*DEN[MDelta1
   ,MN]*gam[y99,p4,pol4,y97]*sSS*FourPi^(-2)*I*invepsilonbar*g2*
   esfull(1) + 2*DEN[MDelta1,MN]*gam[y99,p4,pol4,y97]*Log[MDelta1^2]*
   sSS*FourPi^(-2)*I*g2*esfull(1) - 4*DEN[MDelta1,MN]*gam[y99,y97]*
   p2.pol4*sSS*FourPi^(-2)*I*g2*MDelta1^(-2)*MN^2*esfull(1) - 8*DEN[
   MDelta1,MN]*gam[y99,y97]*p2.pol4*sSS*FourPi^(-2)*I*invepsilonbar*g2*
   MDelta1^(-2)*MN^2*esfull(1) - 2*DEN[MDelta1,MN]*gam[y99,y97]*p3.pol4
   *sSS*FourPi^(-2)*I*g2*MDelta1^(-2)*MN^2*esfull(1) + 2*DEN[MDelta1,MN
   ]*gam[y99,y97]*p3.pol4*sSS*FourPi^(-2)*I*g2*esfull(1) - 4*DEN[
   MDelta1,MN]*gam[y99,y97]*p3.pol4*sSS*FourPi^(-2)*I*invepsilonbar*g2*
   MDelta1^(-2)*MN^2*esfull(1) + 4*DEN[MDelta1,MN]*gam[y99,y97]*p3.pol4
   *sSS*FourPi^(-2)*I*invepsilonbar*g2*esfull(1) + 2*DEN[MDelta1,MN]*
   gam[y99,y97]*p4.pol4*sSS*FourPi^(-2)*I*g2*MDelta1^(-2)*MN^2*
   esfull(1) - 4*DEN[MDelta1,MN]*gam[y99,y97]*p4.pol4*sSS*FourPi^(-2)*I
   *g2*esfull(1) + 8*DEN[MDelta1,MN]*gam[y99,y97]*Log[MN^2]*p2.pol4*sSS
   *FourPi^(-2)*I*g2*MDelta1^(-2)*MN^2*esfull(1) + 4*DEN[MDelta1,MN]*
   gam[y99,y97]*Log[MN^2]*p3.pol4*sSS*FourPi^(-2)*I*g2*MDelta1^(-2)*
   MN^2*esfull(1) - 4*DEN[MDelta1,MN]*gam[y99,y97]*Log[MN^2]*p3.pol4*
   sSS*FourPi^(-2)*I*g2*esfull(1) - gam[y99,FIVE,p2,pol4,y97]*sSS*
   FourPi^(-2)*I*g2*MDelta1^(-2)*esfull(1) - 3*gam[y99,FIVE,p2,pol4,y97
   ]*sSS*FourPi^(-2)*I*g2*MN^(-2)*esfull(2) - 2*gam[y99,FIVE,p2,pol4,
   y97]*sSS*FourPi^(-2)*I*invepsilonbar*g2*MDelta1^(-2)*esfull(1) - 2*
   gam[y99,FIVE,p2,pol4,y97]*sSS*FourPi^(-2)*I*invepsilonbar*g2*MN^(-2)
   *esfull(2) + 2*gam[y99,FIVE,p2,pol4,y97]*Log[MN^2]*sSS*FourPi^(-2)*I
   *g2*MDelta1^(-2)*esfull(1) + 2*gam[y99,FIVE,p2,pol4,y97]*Log[MN^2]*
   sSS*FourPi^(-2)*I*g2*MN^(-2)*esfull(2) - 3*gam[y99,FIVE,p3,pol4,y97]
   *sSS*FourPi^(-2)*I*g2*MDelta1^(-2)*esfull(1) - 3*gam[y99,FIVE,p3,
   pol4,y97]*sSS*FourPi^(-2)*I*g2*MN^(-2)*esfull(2) - 2*gam[y99,FIVE,p3
   ,pol4,y97]*sSS*FourPi^(-2)*I*invepsilonbar*g2*MDelta1^(-2)*esfull(1)
    - 2*gam[y99,FIVE,p3,pol4,y97]*sSS*FourPi^(-2)*I*invepsilonbar*g2*
   MN^(-2)*esfull(2) + 2*gam[y99,FIVE,p3,pol4,y97]*Log[MN^2]*sSS*
   FourPi^(-2)*I*g2*MDelta1^(-2)*esfull(1) + 2*gam[y99,FIVE,p3,pol4,y97
   ]*Log[MN^2]*sSS*FourPi^(-2)*I*g2*MN^(-2)*esfull(2) + 3*gam[y99,FIVE,
   p4,pol4,y97]*sSS*FourPi^(-2)*I*g2*MDelta1^(-2)*esfull(1) - gam[y99,
   FIVE,p4,pol4,y97]*sSS*FourPi^(-2)*I*g2*MN^(-2)*esfull(2) + 2*gam[y99
   ,FIVE,p4,pol4,y97]*sSS*FourPi^(-2)*I*invepsilonbar*g2*MDelta1^(-2)*
   esfull(1) - 2*gam[y99,FIVE,p4,pol4,y97]*sSS*FourPi^(-2)*I*
   invepsilonbar*g2*MN^(-2)*esfull(2) - 2*gam[y99,FIVE,p4,pol4,y97]*
   Log[MN^2]*sSS*FourPi^(-2)*I*g2*MDelta1^(-2)*esfull(1) + 2*gam[y99,
   FIVE,p4,pol4,y97]*Log[MN^2]*sSS*FourPi^(-2)*I*g2*MN^(-2)*esfull(2)
    + 4*gam[y99,FIVE,y97]*p2.pol4*sSS*FourPi^(-2)*I*g2*MDelta1^(-2)*
   esfull(1) - 4*gam[y99,FIVE,y97]*p2.pol4*sSS*FourPi^(-2)*I*g2*MN^(-2)
   *esfull(2) + 8*gam[y99,FIVE,y97]*p2.pol4*sSS*FourPi^(-2)*I*
   invepsilonbar*g2*MDelta1^(-2)*esfull(1) + 2*gam[y99,FIVE,y97]*
   p3.pol4*sSS*FourPi^(-2)*I*g2*MDelta1^(-2)*esfull(1) + 4*gam[y99,FIVE
   ,y97]*p3.pol4*sSS*FourPi^(-2)*I*g2*MN^(-2)*esfull(2) + 4*gam[y99,
   FIVE,y97]*p3.pol4*sSS*FourPi^(-2)*I*invepsilonbar*g2*MDelta1^(-2)*
   esfull(1) - 2*gam[y99,FIVE,y97]*p4.pol4*sSS*FourPi^(-2)*I*g2*
   MDelta1^(-2)*esfull(1) - 2*gam[y99,FIVE,y97]*p4.pol4*sSS*FourPi^(-2)
   *I*g2*MN^(-2)*esfull(2) - 8*gam[y99,FIVE,y97]*Log[MN^2]*p2.pol4*sSS*
   FourPi^(-2)*I*g2*MDelta1^(-2)*esfull(1) - 4*gam[y99,FIVE,y97]*Log[
   MN^2]*p3.pol4*sSS*FourPi^(-2)*I*g2*MDelta1^(-2)*esfull(1) + gam[y99,
   p2,pol4,y97]*sSS*FourPi^(-2)*I*g2*MDelta1^(-2)*esfull(1) + 3*gam[y99
   ,p2,pol4,y97]*sSS*FourPi^(-2)*I*g2*MN^(-2)*esfull(2) + 2*gam[y99,p2,
   pol4,y97]*sSS*FourPi^(-2)*I*invepsilonbar*g2*MDelta1^(-2)*esfull(1)
    + 2*gam[y99,p2,pol4,y97]*sSS*FourPi^(-2)*I*invepsilonbar*g2*MN^(-2)
   *esfull(2) - 2*gam[y99,p2,pol4,y97]*Log[MN^2]*sSS*FourPi^(-2)*I*g2*
   MDelta1^(-2)*esfull(1) - 2*gam[y99,p2,pol4,y97]*Log[MN^2]*sSS*
   FourPi^(-2)*I*g2*MN^(-2)*esfull(2) + 3*gam[y99,p3,pol4,y97]*sSS*
   FourPi^(-2)*I*g2*MDelta1^(-2)*esfull(1) + 3*gam[y99,p3,pol4,y97]*sSS
   *FourPi^(-2)*I*g2*MN^(-2)*esfull(2) + 2*gam[y99,p3,pol4,y97]*sSS*
   FourPi^(-2)*I*invepsilonbar*g2*MDelta1^(-2)*esfull(1) + 2*gam[y99,p3
   ,pol4,y97]*sSS*FourPi^(-2)*I*invepsilonbar*g2*MN^(-2)*esfull(2) - 2*
   gam[y99,p3,pol4,y97]*Log[MN^2]*sSS*FourPi^(-2)*I*g2*MDelta1^(-2)*
   esfull(1) - 2*gam[y99,p3,pol4,y97]*Log[MN^2]*sSS*FourPi^(-2)*I*g2*
   MN^(-2)*esfull(2) - 3*gam[y99,p4,pol4,y97]*sSS*FourPi^(-2)*I*g2*
   MDelta1^(-2)*esfull(1) + gam[y99,p4,pol4,y97]*sSS*FourPi^(-2)*I*g2*
   MN^(-2)*esfull(2) - 2*gam[y99,p4,pol4,y97]*sSS*FourPi^(-2)*I*
   invepsilonbar*g2*MDelta1^(-2)*esfull(1) + 2*gam[y99,p4,pol4,y97]*sSS
   *FourPi^(-2)*I*invepsilonbar*g2*MN^(-2)*esfull(2) + 2*gam[y99,p4,
   pol4,y97]*Log[MN^2]*sSS*FourPi^(-2)*I*g2*MDelta1^(-2)*esfull(1) - 2*
   gam[y99,p4,pol4,y97]*Log[MN^2]*sSS*FourPi^(-2)*I*g2*MN^(-2)*
   esfull(2) - 4*gam[y99,y97]*p2.pol4*sSS*FourPi^(-2)*I*g2*MDelta1^(-2)
   *esfull(1) + 4*gam[y99,y97]*p2.pol4*sSS*FourPi^(-2)*I*g2*MN^(-2)*
   esfull(2) - 8*gam[y99,y97]*p2.pol4*sSS*FourPi^(-2)*I*invepsilonbar*
   g2*MDelta1^(-2)*esfull(1) - 2*gam[y99,y97]*p3.pol4*sSS*FourPi^(-2)*I
   *g2*MDelta1^(-2)*esfull(1) - 4*gam[y99,y97]*p3.pol4*sSS*FourPi^(-2)*
   I*g2*MN^(-2)*esfull(2) - 4*gam[y99,y97]*p3.pol4*sSS*FourPi^(-2)*I*
   invepsilonbar*g2*MDelta1^(-2)*esfull(1) + 2*gam[y99,y97]*p4.pol4*sSS
   *FourPi^(-2)*I*g2*MDelta1^(-2)*esfull(1) + 2*gam[y99,y97]*p4.pol4*
   sSS*FourPi^(-2)*I*g2*MN^(-2)*esfull(2) + 8*gam[y99,y97]*Log[MN^2]*
   p2.pol4*sSS*FourPi^(-2)*I*g2*MDelta1^(-2)*esfull(1) + 4*gam[y99,y97]
   *Log[MN^2]*p3.pol4*sSS*FourPi^(-2)*I*g2*MDelta1^(-2)*esfull(1)];
    esfull(4)=G[3*gam[y99,FIVE,p2,pol4,y97]*sSS*FourPi^(-2)*I*g2*
   MDelta1^(-2)*esfull(1) + 2*gam[y99,FIVE,p2,pol4,y97]*sSS*FourPi^(-2)
   *I*invepsilonbar*g2*MDelta1^(-2)*esfull(1) - 2*gam[y99,FIVE,p2,pol4,
   y97]*Log[MN^2]*sSS*FourPi^(-2)*I*g2*MDelta1^(-2)*esfull(1) - 6*gam[
   y99,FIVE,y97]*p2.pol4*sSS*FourPi^(-2)*I*g2*MDelta1^(-2)*esfull(1) - 
   4*gam[y99,FIVE,y97]*p2.pol4*sSS*FourPi^(-2)*I*invepsilonbar*g2*
   MDelta1^(-2)*esfull(1) + 4*gam[y99,FIVE,y97]*Log[MN^2]*p2.pol4*sSS*
   FourPi^(-2)*I*g2*MDelta1^(-2)*esfull(1) - 3*gam[y99,p2,pol4,y97]*sSS
   *FourPi^(-2)*I*g2*MDelta1^(-2)*esfull(1) - 2*gam[y99,p2,pol4,y97]*
   sSS*FourPi^(-2)*I*invepsilonbar*g2*MDelta1^(-2)*esfull(1) + 2*gam[
   y99,p2,pol4,y97]*Log[MN^2]*sSS*FourPi^(-2)*I*g2*MDelta1^(-2)*
   esfull(1) + 6*gam[y99,y97]*p2.pol4*sSS*FourPi^(-2)*I*g2*MDelta1^(-2)
   *esfull(1) + 4*gam[y99,y97]*p2.pol4*sSS*FourPi^(-2)*I*invepsilonbar*
   g2*MDelta1^(-2)*esfull(1) - 4*gam[y99,y97]*Log[MN^2]*p2.pol4*sSS*
   FourPi^(-2)*I*g2*MDelta1^(-2)*esfull(1)];

