    esfull(1)=lambdaDelta1[fl95]*yl[fl1,fl97]*lambdaDelta1bar[fl93]*
   ylbar[fl1,fl99];
    esfull(2)=lambdaDelta1[fl97]*yl[fl1,fl95]*lambdaDelta1bar[fl99]*
   ylbar[fl1,fl93];
    esfull(3)=lambdaDelta1[fl95]*lambdaDelta1[fl97]*lambdaDelta1bar[
   fl93]*lambdaDelta1bar[fl99];
    esfull(4)=lambdaDelta1[fl95]*yl[fl1,fl97]*lambdaDelta1bar[fl99]*
   ylbar[fl1,fl93];
    esfull(5)=lambdaDelta1[fl97]*yl[fl1,fl95]*lambdaDelta1bar[fl93]*
   ylbar[fl1,fl99];
    esfull(6)=G[3*gam[y93,FIVE,mu1,y95]*gam[y99,FIVE,mu1,y97]*
   FourPi^(-2)*I*MDelta1^(-2)*esfull(1) + 3*gam[y93,FIVE,mu1,y95]*gam[
   y99,FIVE,mu1,y97]*FourPi^(-2)*I*MDelta1^(-2)*esfull(2) - 2*gam[y93,
   FIVE,mu1,y95]*gam[y99,FIVE,mu1,y97]*FourPi^(-2)*I*MDelta1^(-2)*
   esfull(3) + 2*gam[y93,FIVE,mu1,y95]*gam[y99,FIVE,mu1,y97]*
   FourPi^(-2)*I*invepsilonbar*MDelta1^(-2)*esfull(1) + 2*gam[y93,FIVE,
   mu1,y95]*gam[y99,FIVE,mu1,y97]*FourPi^(-2)*I*invepsilonbar*
   MDelta1^(-2)*esfull(2) - 2*gam[y93,FIVE,mu1,y95]*gam[y99,FIVE,mu1,
   y97]*Log[MDelta1^2]*FourPi^(-2)*I*MDelta1^(-2)*esfull(1) - 2*gam[y93
   ,FIVE,mu1,y95]*gam[y99,FIVE,mu1,y97]*Log[MDelta1^2]*FourPi^(-2)*I*
   MDelta1^(-2)*esfull(2) - 3*gam[y93,FIVE,mu1,y95]*gam[y99,mu1,y97]*
   FourPi^(-2)*I*MDelta1^(-2)*esfull(1) - 3*gam[y93,FIVE,mu1,y95]*gam[
   y99,mu1,y97]*FourPi^(-2)*I*MDelta1^(-2)*esfull(2) + 2*gam[y93,FIVE,
   mu1,y95]*gam[y99,mu1,y97]*FourPi^(-2)*I*MDelta1^(-2)*esfull(3) - 2*
   gam[y93,FIVE,mu1,y95]*gam[y99,mu1,y97]*FourPi^(-2)*I*invepsilonbar*
   MDelta1^(-2)*esfull(1) - 2*gam[y93,FIVE,mu1,y95]*gam[y99,mu1,y97]*
   FourPi^(-2)*I*invepsilonbar*MDelta1^(-2)*esfull(2) + 2*gam[y93,FIVE,
   mu1,y95]*gam[y99,mu1,y97]*Log[MDelta1^2]*FourPi^(-2)*I*MDelta1^(-2)*
   esfull(1) + 2*gam[y93,FIVE,mu1,y95]*gam[y99,mu1,y97]*Log[MDelta1^2]*
   FourPi^(-2)*I*MDelta1^(-2)*esfull(2) + 2*gam[y93,FIVE,mu1,y97]*gam[
   y99,FIVE,mu1,y95]*FourPi^(-2)*I*MDelta1^(-2)*esfull(3) - 3*gam[y93,
   FIVE,mu1,y97]*gam[y99,FIVE,mu1,y95]*FourPi^(-2)*I*MDelta1^(-2)*
   esfull(4) - 3*gam[y93,FIVE,mu1,y97]*gam[y99,FIVE,mu1,y95]*
   FourPi^(-2)*I*MDelta1^(-2)*esfull(5) - 2*gam[y93,FIVE,mu1,y97]*gam[
   y99,FIVE,mu1,y95]*FourPi^(-2)*I*invepsilonbar*MDelta1^(-2)*esfull(4)
    - 2*gam[y93,FIVE,mu1,y97]*gam[y99,FIVE,mu1,y95]*FourPi^(-2)*I*
   invepsilonbar*MDelta1^(-2)*esfull(5) + 2*gam[y93,FIVE,mu1,y97]*gam[
   y99,FIVE,mu1,y95]*Log[MDelta1^2]*FourPi^(-2)*I*MDelta1^(-2)*
   esfull(4) + 2*gam[y93,FIVE,mu1,y97]*gam[y99,FIVE,mu1,y95]*Log[
   MDelta1^2]*FourPi^(-2)*I*MDelta1^(-2)*esfull(5) - 2*gam[y93,FIVE,mu1
   ,y97]*gam[y99,mu1,y95]*FourPi^(-2)*I*MDelta1^(-2)*esfull(3) + 3*gam[
   y93,FIVE,mu1,y97]*gam[y99,mu1,y95]*FourPi^(-2)*I*MDelta1^(-2)*
   esfull(4) + 3*gam[y93,FIVE,mu1,y97]*gam[y99,mu1,y95]*FourPi^(-2)*I*
   MDelta1^(-2)*esfull(5) + 2*gam[y93,FIVE,mu1,y97]*gam[y99,mu1,y95]*
   FourPi^(-2)*I*invepsilonbar*MDelta1^(-2)*esfull(4) + 2*gam[y93,FIVE,
   mu1,y97]*gam[y99,mu1,y95]*FourPi^(-2)*I*invepsilonbar*MDelta1^(-2)*
   esfull(5) - 2*gam[y93,FIVE,mu1,y97]*gam[y99,mu1,y95]*Log[MDelta1^2]*
   FourPi^(-2)*I*MDelta1^(-2)*esfull(4) - 2*gam[y93,FIVE,mu1,y97]*gam[
   y99,mu1,y95]*Log[MDelta1^2]*FourPi^(-2)*I*MDelta1^(-2)*esfull(5) - 3
   *gam[y93,mu1,y95]*gam[y99,FIVE,mu1,y97]*FourPi^(-2)*I*MDelta1^(-2)*
   esfull(1) - 3*gam[y93,mu1,y95]*gam[y99,FIVE,mu1,y97]*FourPi^(-2)*I*
   MDelta1^(-2)*esfull(2) + 2*gam[y93,mu1,y95]*gam[y99,FIVE,mu1,y97]*
   FourPi^(-2)*I*MDelta1^(-2)*esfull(3) - 2*gam[y93,mu1,y95]*gam[y99,
   FIVE,mu1,y97]*FourPi^(-2)*I*invepsilonbar*MDelta1^(-2)*esfull(1) - 2
   *gam[y93,mu1,y95]*gam[y99,FIVE,mu1,y97]*FourPi^(-2)*I*invepsilonbar*
   MDelta1^(-2)*esfull(2) + 2*gam[y93,mu1,y95]*gam[y99,FIVE,mu1,y97]*
   Log[MDelta1^2]*FourPi^(-2)*I*MDelta1^(-2)*esfull(1) + 2*gam[y93,mu1,
   y95]*gam[y99,FIVE,mu1,y97]*Log[MDelta1^2]*FourPi^(-2)*I*MDelta1^(-2)
   *esfull(2) + 3*gam[y93,mu1,y95]*gam[y99,mu1,y97]*FourPi^(-2)*I*
   MDelta1^(-2)*esfull(1) + 3*gam[y93,mu1,y95]*gam[y99,mu1,y97]*
   FourPi^(-2)*I*MDelta1^(-2)*esfull(2) - 2*gam[y93,mu1,y95]*gam[y99,
   mu1,y97]*FourPi^(-2)*I*MDelta1^(-2)*esfull(3) + 2*gam[y93,mu1,y95]*
   gam[y99,mu1,y97]*FourPi^(-2)*I*invepsilonbar*MDelta1^(-2)*esfull(1)
    + 2*gam[y93,mu1,y95]*gam[y99,mu1,y97]*FourPi^(-2)*I*invepsilonbar*
   MDelta1^(-2)*esfull(2) - 2*gam[y93,mu1,y95]*gam[y99,mu1,y97]*Log[
   MDelta1^2]*FourPi^(-2)*I*MDelta1^(-2)*esfull(1) - 2*gam[y93,mu1,y95]
   *gam[y99,mu1,y97]*Log[MDelta1^2]*FourPi^(-2)*I*MDelta1^(-2)*
   esfull(2) - 2*gam[y93,mu1,y97]*gam[y99,FIVE,mu1,y95]*FourPi^(-2)*I*
   MDelta1^(-2)*esfull(3) + 3*gam[y93,mu1,y97]*gam[y99,FIVE,mu1,y95]*
   FourPi^(-2)*I*MDelta1^(-2)*esfull(4) + 3*gam[y93,mu1,y97]*gam[y99,
   FIVE,mu1,y95]*FourPi^(-2)*I*MDelta1^(-2)*esfull(5) + 2*gam[y93,mu1,
   y97]*gam[y99,FIVE,mu1,y95]*FourPi^(-2)*I*invepsilonbar*MDelta1^(-2)*
   esfull(4) + 2*gam[y93,mu1,y97]*gam[y99,FIVE,mu1,y95]*FourPi^(-2)*I*
   invepsilonbar*MDelta1^(-2)*esfull(5) - 2*gam[y93,mu1,y97]*gam[y99,
   FIVE,mu1,y95]*Log[MDelta1^2]*FourPi^(-2)*I*MDelta1^(-2)*esfull(4) - 
   2*gam[y93,mu1,y97]*gam[y99,FIVE,mu1,y95]*Log[MDelta1^2]*FourPi^(-2)*
   I*MDelta1^(-2)*esfull(5) + 2*gam[y93,mu1,y97]*gam[y99,mu1,y95]*
   FourPi^(-2)*I*MDelta1^(-2)*esfull(3) - 3*gam[y93,mu1,y97]*gam[y99,
   mu1,y95]*FourPi^(-2)*I*MDelta1^(-2)*esfull(4) - 3*gam[y93,mu1,y97]*
   gam[y99,mu1,y95]*FourPi^(-2)*I*MDelta1^(-2)*esfull(5) - 2*gam[y93,
   mu1,y97]*gam[y99,mu1,y95]*FourPi^(-2)*I*invepsilonbar*MDelta1^(-2)*
   esfull(4) - 2*gam[y93,mu1,y97]*gam[y99,mu1,y95]*FourPi^(-2)*I*
   invepsilonbar*MDelta1^(-2)*esfull(5) + 2*gam[y93,mu1,y97]*gam[y99,
   mu1,y95]*Log[MDelta1^2]*FourPi^(-2)*I*MDelta1^(-2)*esfull(4) + 2*
   gam[y93,mu1,y97]*gam[y99,mu1,y95]*Log[MDelta1^2]*FourPi^(-2)*I*
   MDelta1^(-2)*esfull(5)];

