    esfull(1)=lambdaN[fl97]*lambdaDelta1bar[fl99]*YVpbar;
    esfull(2)=lambdaN[fl97]*lambdaNbar[fl1]*ylbar[fl1,fl99];
    esfull(3)=G[6*DEN[MDelta1,MN]^3*gam[y99,FIVE,y97]*p3.p3*sSS^2*
   FourPi^(-2)*I*MN^4*esfull(1) - 6*DEN[MDelta1,MN]^3*gam[y99,FIVE,y97]
   *p3.p3*sSS^2*FourPi^(-2)*I*MDelta1^4*esfull(1) + 4*DEN[MDelta1,MN]^3
   *gam[y99,FIVE,y97]*p3.p3*sSS^2*FourPi^(-2)*I*invepsilonbar*MN^4*
   esfull(1) - 4*DEN[MDelta1,MN]^3*gam[y99,FIVE,y97]*p3.p3*sSS^2*
   FourPi^(-2)*I*invepsilonbar*MDelta1^4*esfull(1) - 4*DEN[MDelta1,MN]^
   3*gam[y99,FIVE,y97]*Log[MN^2]*p3.p3*sSS^2*FourPi^(-2)*I*MN^4*
   esfull(1) + 4*DEN[MDelta1,MN]^3*gam[y99,FIVE,y97]*Log[MDelta1^2]*
   p3.p3*sSS^2*FourPi^(-2)*I*MDelta1^4*esfull(1) - 6*DEN[MDelta1,MN]^3*
   gam[y99,y97]*p3.p3*sSS^2*FourPi^(-2)*I*MN^4*esfull(1) + 6*DEN[
   MDelta1,MN]^3*gam[y99,y97]*p3.p3*sSS^2*FourPi^(-2)*I*MDelta1^4*
   esfull(1) - 4*DEN[MDelta1,MN]^3*gam[y99,y97]*p3.p3*sSS^2*FourPi^(-2)
   *I*invepsilonbar*MN^4*esfull(1) + 4*DEN[MDelta1,MN]^3*gam[y99,y97]*
   p3.p3*sSS^2*FourPi^(-2)*I*invepsilonbar*MDelta1^4*esfull(1) + 4*DEN[
   MDelta1,MN]^3*gam[y99,y97]*Log[MN^2]*p3.p3*sSS^2*FourPi^(-2)*I*MN^4*
   esfull(1) - 4*DEN[MDelta1,MN]^3*gam[y99,y97]*Log[MDelta1^2]*p3.p3*
   sSS^2*FourPi^(-2)*I*MDelta1^4*esfull(1) + 6*DEN[MDelta1,MN]^2*gam[
   y99,FIVE,y97]*p2.p3*sSS^2*FourPi^(-2)*I*MN^2*esfull(1) - 6*DEN[
   MDelta1,MN]^2*gam[y99,FIVE,y97]*p2.p3*sSS^2*FourPi^(-2)*I*MDelta1^2*
   esfull(1) + 4*DEN[MDelta1,MN]^2*gam[y99,FIVE,y97]*p2.p3*sSS^2*
   FourPi^(-2)*I*invepsilonbar*MN^2*esfull(1) - 4*DEN[MDelta1,MN]^2*
   gam[y99,FIVE,y97]*p2.p3*sSS^2*FourPi^(-2)*I*invepsilonbar*MDelta1^2*
   esfull(1) + 7*DEN[MDelta1,MN]^2*gam[y99,FIVE,y97]*p3.p3*sSS^2*
   FourPi^(-2)*I*MN^2*esfull(1) + DEN[MDelta1,MN]^2*gam[y99,FIVE,y97]*
   p3.p3*sSS^2*FourPi^(-2)*I*MDelta1^2*esfull(1) + 6*DEN[MDelta1,MN]^2*
   gam[y99,FIVE,y97]*p3.p3*sSS^2*FourPi^(-2)*I*invepsilonbar*MN^2*
   esfull(1) + 2*DEN[MDelta1,MN]^2*gam[y99,FIVE,y97]*p3.p3*sSS^2*
   FourPi^(-2)*I*invepsilonbar*MDelta1^2*esfull(1) - 4*DEN[MDelta1,MN]^
   2*gam[y99,FIVE,y97]*Log[MN^2]*p2.p3*sSS^2*FourPi^(-2)*I*MN^2*
   esfull(1) - 6*DEN[MDelta1,MN]^2*gam[y99,FIVE,y97]*Log[MN^2]*p3.p3*
   sSS^2*FourPi^(-2)*I*MN^2*esfull(1) + 4*DEN[MDelta1,MN]^2*gam[y99,
   FIVE,y97]*Log[MDelta1^2]*p2.p3*sSS^2*FourPi^(-2)*I*MDelta1^2*
   esfull(1) - 2*DEN[MDelta1,MN]^2*gam[y99,FIVE,y97]*Log[MDelta1^2]*
   p3.p3*sSS^2*FourPi^(-2)*I*MDelta1^2*esfull(1) - 6*DEN[MDelta1,MN]^2*
   gam[y99,y97]*p2.p3*sSS^2*FourPi^(-2)*I*MN^2*esfull(1) + 6*DEN[
   MDelta1,MN]^2*gam[y99,y97]*p2.p3*sSS^2*FourPi^(-2)*I*MDelta1^2*
   esfull(1) - 4*DEN[MDelta1,MN]^2*gam[y99,y97]*p2.p3*sSS^2*FourPi^(-2)
   *I*invepsilonbar*MN^2*esfull(1) + 4*DEN[MDelta1,MN]^2*gam[y99,y97]*
   p2.p3*sSS^2*FourPi^(-2)*I*invepsilonbar*MDelta1^2*esfull(1) - 7*DEN[
   MDelta1,MN]^2*gam[y99,y97]*p3.p3*sSS^2*FourPi^(-2)*I*MN^2*esfull(1)
    - DEN[MDelta1,MN]^2*gam[y99,y97]*p3.p3*sSS^2*FourPi^(-2)*I*
   MDelta1^2*esfull(1) - 6*DEN[MDelta1,MN]^2*gam[y99,y97]*p3.p3*sSS^2*
   FourPi^(-2)*I*invepsilonbar*MN^2*esfull(1) - 2*DEN[MDelta1,MN]^2*
   gam[y99,y97]*p3.p3*sSS^2*FourPi^(-2)*I*invepsilonbar*MDelta1^2*
   esfull(1) + 4*DEN[MDelta1,MN]^2*gam[y99,y97]*Log[MN^2]*p2.p3*sSS^2*
   FourPi^(-2)*I*MN^2*esfull(1) + 6*DEN[MDelta1,MN]^2*gam[y99,y97]*Log[
   MN^2]*p3.p3*sSS^2*FourPi^(-2)*I*MN^2*esfull(1) - 4*DEN[MDelta1,MN]^2
   *gam[y99,y97]*Log[MDelta1^2]*p2.p3*sSS^2*FourPi^(-2)*I*MDelta1^2*
   esfull(1) + 2*DEN[MDelta1,MN]^2*gam[y99,y97]*Log[MDelta1^2]*p3.p3*
   sSS^2*FourPi^(-2)*I*MDelta1^2*esfull(1) - 4*DEN[MDelta1,MN]*gam[y99,
   FIVE,p2,p3,y97]*sSS^2*FourPi^(-2)*I*MDelta1^(-2)*MN^2*esfull(1) + 4*
   DEN[MDelta1,MN]*gam[y99,FIVE,p2,p3,y97]*sSS^2*FourPi^(-2)*I*
   esfull(1) - 4*DEN[MDelta1,MN]*gam[y99,FIVE,p2,p3,y97]*sSS^2*
   FourPi^(-2)*I*invepsilonbar*MDelta1^(-2)*MN^2*esfull(1) + 4*DEN[
   MDelta1,MN]*gam[y99,FIVE,p2,p3,y97]*sSS^2*FourPi^(-2)*I*
   invepsilonbar*esfull(1) + 4*DEN[MDelta1,MN]*gam[y99,FIVE,p2,p3,y97]*
   Log[MN^2]*sSS^2*FourPi^(-2)*I*MDelta1^(-2)*MN^2*esfull(1) - 2*DEN[
   MDelta1,MN]*gam[y99,FIVE,p2,p3,y97]*Log[MN^2]*sSS^2*FourPi^(-2)*I*
   esfull(1) - 2*DEN[MDelta1,MN]*gam[y99,FIVE,p2,p3,y97]*Log[MDelta1^2]
   *sSS^2*FourPi^(-2)*I*esfull(1) + 4*DEN[MDelta1,MN]*gam[y99,FIVE,y97]
   *FourPi^(-2)*I*MN^2*esfull(1) - 4*DEN[MDelta1,MN]*gam[y99,FIVE,y97]*
   FourPi^(-2)*I*MDelta1^2*esfull(1) + 4*DEN[MDelta1,MN]*gam[y99,FIVE,
   y97]*FourPi^(-2)*I*muH^2*MDelta1^(-2)*MN^2*esfull(1) - 4*DEN[MDelta1
   ,MN]*gam[y99,FIVE,y97]*FourPi^(-2)*I*muH^2*esfull(1) + 4*DEN[MDelta1
   ,MN]*gam[y99,FIVE,y97]*FourPi^(-2)*I*invepsilonbar*MN^2*esfull(1) - 
   4*DEN[MDelta1,MN]*gam[y99,FIVE,y97]*FourPi^(-2)*I*invepsilonbar*
   MDelta1^2*esfull(1) + 4*DEN[MDelta1,MN]*gam[y99,FIVE,y97]*
   FourPi^(-2)*I*invepsilonbar*muH^2*MDelta1^(-2)*MN^2*esfull(1) - 4*
   DEN[MDelta1,MN]*gam[y99,FIVE,y97]*FourPi^(-2)*I*invepsilonbar*muH^2*
   esfull(1) + 4*DEN[MDelta1,MN]*gam[y99,FIVE,y97]*p2.p2*sSS^2*
   FourPi^(-2)*I*MDelta1^(-2)*MN^2*esfull(1) - 4*DEN[MDelta1,MN]*gam[
   y99,FIVE,y97]*p2.p2*sSS^2*FourPi^(-2)*I*esfull(1) + 4*DEN[MDelta1,MN
   ]*gam[y99,FIVE,y97]*p2.p2*sSS^2*FourPi^(-2)*I*invepsilonbar*
   MDelta1^(-2)*MN^2*esfull(1) - 4*DEN[MDelta1,MN]*gam[y99,FIVE,y97]*
   p2.p2*sSS^2*FourPi^(-2)*I*invepsilonbar*esfull(1) + 8*DEN[MDelta1,MN
   ]*gam[y99,FIVE,y97]*p2.p3*sSS^2*FourPi^(-2)*I*MDelta1^(-2)*MN^2*
   esfull(1) - 6*DEN[MDelta1,MN]*gam[y99,FIVE,y97]*p2.p3*sSS^2*
   FourPi^(-2)*I*esfull(1) + 8*DEN[MDelta1,MN]*gam[y99,FIVE,y97]*p2.p3*
   sSS^2*FourPi^(-2)*I*invepsilonbar*MDelta1^(-2)*MN^2*esfull(1) - 4*
   DEN[MDelta1,MN]*gam[y99,FIVE,y97]*p2.p3*sSS^2*FourPi^(-2)*I*
   invepsilonbar*esfull(1) + DEN[MDelta1,MN]*gam[y99,FIVE,y97]*p3.p3*
   sSS^2*FourPi^(-2)*I*esfull(1) + 2*DEN[MDelta1,MN]*gam[y99,FIVE,y97]*
   p3.p3*sSS^2*FourPi^(-2)*I*invepsilonbar*esfull(1) - 4*DEN[MDelta1,MN
   ]*gam[y99,FIVE,y97]*Log[MN^2]*FourPi^(-2)*I*MN^2*esfull(1) - 4*DEN[
   MDelta1,MN]*gam[y99,FIVE,y97]*Log[MN^2]*FourPi^(-2)*I*muH^2*
   MDelta1^(-2)*MN^2*esfull(1) - 4*DEN[MDelta1,MN]*gam[y99,FIVE,y97]*
   Log[MN^2]*p2.p2*sSS^2*FourPi^(-2)*I*MDelta1^(-2)*MN^2*esfull(1) + 4*
   DEN[MDelta1,MN]*gam[y99,FIVE,y97]*Log[MN^2]*p2.p2*sSS^2*FourPi^(-2)*
   I*esfull(1) - 8*DEN[MDelta1,MN]*gam[y99,FIVE,y97]*Log[MN^2]*p2.p3*
   sSS^2*FourPi^(-2)*I*MDelta1^(-2)*MN^2*esfull(1) + 4*DEN[MDelta1,MN]*
   gam[y99,FIVE,y97]*Log[MN^2]*p2.p3*sSS^2*FourPi^(-2)*I*esfull(1) + 4*
   DEN[MDelta1,MN]*gam[y99,FIVE,y97]*Log[MDelta1^2]*FourPi^(-2)*I*
   MDelta1^2*esfull(1) + 4*DEN[MDelta1,MN]*gam[y99,FIVE,y97]*Log[
   MDelta1^2]*FourPi^(-2)*I*muH^2*esfull(1) - 2*DEN[MDelta1,MN]*gam[y99
   ,FIVE,y97]*Log[MDelta1^2]*p3.p3*sSS^2*FourPi^(-2)*I*esfull(1) + 4*
   DEN[MDelta1,MN]*gam[y99,p2,p3,y97]*sSS^2*FourPi^(-2)*I*MDelta1^(-2)*
   MN^2*esfull(1) - 4*DEN[MDelta1,MN]*gam[y99,p2,p3,y97]*sSS^2*
   FourPi^(-2)*I*esfull(1) + 4*DEN[MDelta1,MN]*gam[y99,p2,p3,y97]*sSS^2
   *FourPi^(-2)*I*invepsilonbar*MDelta1^(-2)*MN^2*esfull(1) - 4*DEN[
   MDelta1,MN]*gam[y99,p2,p3,y97]*sSS^2*FourPi^(-2)*I*invepsilonbar*
   esfull(1) - 4*DEN[MDelta1,MN]*gam[y99,p2,p3,y97]*Log[MN^2]*sSS^2*
   FourPi^(-2)*I*MDelta1^(-2)*MN^2*esfull(1) + 2*DEN[MDelta1,MN]*gam[
   y99,p2,p3,y97]*Log[MN^2]*sSS^2*FourPi^(-2)*I*esfull(1) + 2*DEN[
   MDelta1,MN]*gam[y99,p2,p3,y97]*Log[MDelta1^2]*sSS^2*FourPi^(-2)*I*
   esfull(1) - 4*DEN[MDelta1,MN]*gam[y99,y97]*FourPi^(-2)*I*MN^2*
   esfull(1) + 4*DEN[MDelta1,MN]*gam[y99,y97]*FourPi^(-2)*I*MDelta1^2*
   esfull(1) - 4*DEN[MDelta1,MN]*gam[y99,y97]*FourPi^(-2)*I*muH^2*
   MDelta1^(-2)*MN^2*esfull(1) + 4*DEN[MDelta1,MN]*gam[y99,y97]*
   FourPi^(-2)*I*muH^2*esfull(1) - 4*DEN[MDelta1,MN]*gam[y99,y97]*
   FourPi^(-2)*I*invepsilonbar*MN^2*esfull(1) + 4*DEN[MDelta1,MN]*gam[
   y99,y97]*FourPi^(-2)*I*invepsilonbar*MDelta1^2*esfull(1) - 4*DEN[
   MDelta1,MN]*gam[y99,y97]*FourPi^(-2)*I*invepsilonbar*muH^2*
   MDelta1^(-2)*MN^2*esfull(1) + 4*DEN[MDelta1,MN]*gam[y99,y97]*
   FourPi^(-2)*I*invepsilonbar*muH^2*esfull(1) - 4*DEN[MDelta1,MN]*gam[
   y99,y97]*p2.p2*sSS^2*FourPi^(-2)*I*MDelta1^(-2)*MN^2*esfull(1) + 4*
   DEN[MDelta1,MN]*gam[y99,y97]*p2.p2*sSS^2*FourPi^(-2)*I*esfull(1) - 4
   *DEN[MDelta1,MN]*gam[y99,y97]*p2.p2*sSS^2*FourPi^(-2)*I*
   invepsilonbar*MDelta1^(-2)*MN^2*esfull(1) + 4*DEN[MDelta1,MN]*gam[
   y99,y97]*p2.p2*sSS^2*FourPi^(-2)*I*invepsilonbar*esfull(1) - 8*DEN[
   MDelta1,MN]*gam[y99,y97]*p2.p3*sSS^2*FourPi^(-2)*I*MDelta1^(-2)*MN^2
   *esfull(1) + 6*DEN[MDelta1,MN]*gam[y99,y97]*p2.p3*sSS^2*FourPi^(-2)*
   I*esfull(1) - 8*DEN[MDelta1,MN]*gam[y99,y97]*p2.p3*sSS^2*FourPi^(-2)
   *I*invepsilonbar*MDelta1^(-2)*MN^2*esfull(1) + 4*DEN[MDelta1,MN]*
   gam[y99,y97]*p2.p3*sSS^2*FourPi^(-2)*I*invepsilonbar*esfull(1) - 
   DEN[MDelta1,MN]*gam[y99,y97]*p3.p3*sSS^2*FourPi^(-2)*I*esfull(1) - 2
   *DEN[MDelta1,MN]*gam[y99,y97]*p3.p3*sSS^2*FourPi^(-2)*I*
   invepsilonbar*esfull(1) + 4*DEN[MDelta1,MN]*gam[y99,y97]*Log[MN^2]*
   FourPi^(-2)*I*MN^2*esfull(1) + 4*DEN[MDelta1,MN]*gam[y99,y97]*Log[
   MN^2]*FourPi^(-2)*I*muH^2*MDelta1^(-2)*MN^2*esfull(1) + 4*DEN[
   MDelta1,MN]*gam[y99,y97]*Log[MN^2]*p2.p2*sSS^2*FourPi^(-2)*I*
   MDelta1^(-2)*MN^2*esfull(1) - 4*DEN[MDelta1,MN]*gam[y99,y97]*Log[
   MN^2]*p2.p2*sSS^2*FourPi^(-2)*I*esfull(1) + 8*DEN[MDelta1,MN]*gam[
   y99,y97]*Log[MN^2]*p2.p3*sSS^2*FourPi^(-2)*I*MDelta1^(-2)*MN^2*
   esfull(1) - 4*DEN[MDelta1,MN]*gam[y99,y97]*Log[MN^2]*p2.p3*sSS^2*
   FourPi^(-2)*I*esfull(1) - 4*DEN[MDelta1,MN]*gam[y99,y97]*Log[
   MDelta1^2]*FourPi^(-2)*I*MDelta1^2*esfull(1) - 4*DEN[MDelta1,MN]*
   gam[y99,y97]*Log[MDelta1^2]*FourPi^(-2)*I*muH^2*esfull(1) + 2*DEN[
   MDelta1,MN]*gam[y99,y97]*Log[MDelta1^2]*p3.p3*sSS^2*FourPi^(-2)*I*
   esfull(1) - 4*gam[y99,FIVE,p2,p3,y97]*sSS^2*FourPi^(-2)*I*
   MDelta1^(-2)*esfull(1) - 3*gam[y99,FIVE,p2,p3,y97]*sSS^2*FourPi^(-2)
   *I*MN^(-2)*esfull(2) - 4*gam[y99,FIVE,p2,p3,y97]*sSS^2*FourPi^(-2)*I
   *invepsilonbar*MDelta1^(-2)*esfull(1) - 2*gam[y99,FIVE,p2,p3,y97]*
   sSS^2*FourPi^(-2)*I*invepsilonbar*MN^(-2)*esfull(2) + 4*gam[y99,FIVE
   ,p2,p3,y97]*Log[MN^2]*sSS^2*FourPi^(-2)*I*MDelta1^(-2)*esfull(1) + 2
   *gam[y99,FIVE,p2,p3,y97]*Log[MN^2]*sSS^2*FourPi^(-2)*I*MN^(-2)*
   esfull(2) + 4*gam[y99,FIVE,y97]*FourPi^(-2)*I*esfull(2) + 4*gam[y99,
   FIVE,y97]*FourPi^(-2)*I*muH^2*MDelta1^(-2)*esfull(1) + 4*gam[y99,
   FIVE,y97]*FourPi^(-2)*I*muH^2*MN^(-2)*esfull(2) + 4*gam[y99,FIVE,y97
   ]*FourPi^(-2)*I*invepsilonbar*esfull(2) + 4*gam[y99,FIVE,y97]*
   FourPi^(-2)*I*invepsilonbar*muH^2*MDelta1^(-2)*esfull(1) + 4*gam[y99
   ,FIVE,y97]*FourPi^(-2)*I*invepsilonbar*muH^2*MN^(-2)*esfull(2) + 
   gam[y99,FIVE,y97]*p2.p2*sSS^2*FourPi^(-2)*I*MDelta1^(-2)*esfull(1)
    + 2*gam[y99,FIVE,y97]*p2.p2*sSS^2*FourPi^(-2)*I*MN^(-2)*esfull(2)
    + 2*gam[y99,FIVE,y97]*p2.p2*sSS^2*FourPi^(-2)*I*invepsilonbar*
   MDelta1^(-2)*esfull(1) + 8*gam[y99,FIVE,y97]*p2.p3*sSS^2*FourPi^(-2)
   *I*MDelta1^(-2)*esfull(1) + 8*gam[y99,FIVE,y97]*p2.p3*sSS^2*
   FourPi^(-2)*I*invepsilonbar*MDelta1^(-2)*esfull(1) - gam[y99,FIVE,
   y97]*p3.p3*sSS^2*FourPi^(-2)*I*MN^(-2)*esfull(2) - 2*gam[y99,FIVE,
   y97]*p3.p3*sSS^2*FourPi^(-2)*I*invepsilonbar*MN^(-2)*esfull(2) - 4*
   gam[y99,FIVE,y97]*Log[MN^2]*FourPi^(-2)*I*esfull(2) - 4*gam[y99,FIVE
   ,y97]*Log[MN^2]*FourPi^(-2)*I*muH^2*MDelta1^(-2)*esfull(1) - 4*gam[
   y99,FIVE,y97]*Log[MN^2]*FourPi^(-2)*I*muH^2*MN^(-2)*esfull(2) - 2*
   gam[y99,FIVE,y97]*Log[MN^2]*p2.p2*sSS^2*FourPi^(-2)*I*MDelta1^(-2)*
   esfull(1) - 8*gam[y99,FIVE,y97]*Log[MN^2]*p2.p3*sSS^2*FourPi^(-2)*I*
   MDelta1^(-2)*esfull(1) + 2*gam[y99,FIVE,y97]*Log[MN^2]*p3.p3*sSS^2*
   FourPi^(-2)*I*MN^(-2)*esfull(2) + 4*gam[y99,p2,p3,y97]*sSS^2*
   FourPi^(-2)*I*MDelta1^(-2)*esfull(1) + 3*gam[y99,p2,p3,y97]*sSS^2*
   FourPi^(-2)*I*MN^(-2)*esfull(2) + 4*gam[y99,p2,p3,y97]*sSS^2*
   FourPi^(-2)*I*invepsilonbar*MDelta1^(-2)*esfull(1) + 2*gam[y99,p2,p3
   ,y97]*sSS^2*FourPi^(-2)*I*invepsilonbar*MN^(-2)*esfull(2) - 4*gam[
   y99,p2,p3,y97]*Log[MN^2]*sSS^2*FourPi^(-2)*I*MDelta1^(-2)*esfull(1)
    - 2*gam[y99,p2,p3,y97]*Log[MN^2]*sSS^2*FourPi^(-2)*I*MN^(-2)*
   esfull(2) - 4*gam[y99,y97]*FourPi^(-2)*I*esfull(2) - 4*gam[y99,y97]*
   FourPi^(-2)*I*muH^2*MDelta1^(-2)*esfull(1) - 4*gam[y99,y97]*
   FourPi^(-2)*I*muH^2*MN^(-2)*esfull(2) - 4*gam[y99,y97]*FourPi^(-2)*I
   *invepsilonbar*esfull(2) - 4*gam[y99,y97]*FourPi^(-2)*I*
   invepsilonbar*muH^2*MDelta1^(-2)*esfull(1) - 4*gam[y99,y97]*
   FourPi^(-2)*I*invepsilonbar*muH^2*MN^(-2)*esfull(2) - gam[y99,y97]*
   p2.p2*sSS^2*FourPi^(-2)*I*MDelta1^(-2)*esfull(1) - 2*gam[y99,y97]*
   p2.p2*sSS^2*FourPi^(-2)*I*MN^(-2)*esfull(2) - 2*gam[y99,y97]*p2.p2*
   sSS^2*FourPi^(-2)*I*invepsilonbar*MDelta1^(-2)*esfull(1) - 8*gam[y99
   ,y97]*p2.p3*sSS^2*FourPi^(-2)*I*MDelta1^(-2)*esfull(1) - 8*gam[y99,
   y97]*p2.p3*sSS^2*FourPi^(-2)*I*invepsilonbar*MDelta1^(-2)*esfull(1)
    + gam[y99,y97]*p3.p3*sSS^2*FourPi^(-2)*I*MN^(-2)*esfull(2) + 2*gam[
   y99,y97]*p3.p3*sSS^2*FourPi^(-2)*I*invepsilonbar*MN^(-2)*esfull(2)
    + 4*gam[y99,y97]*Log[MN^2]*FourPi^(-2)*I*esfull(2) + 4*gam[y99,y97]
   *Log[MN^2]*FourPi^(-2)*I*muH^2*MDelta1^(-2)*esfull(1) + 4*gam[y99,
   y97]*Log[MN^2]*FourPi^(-2)*I*muH^2*MN^(-2)*esfull(2) + 2*gam[y99,y97
   ]*Log[MN^2]*p2.p2*sSS^2*FourPi^(-2)*I*MDelta1^(-2)*esfull(1) + 8*
   gam[y99,y97]*Log[MN^2]*p2.p3*sSS^2*FourPi^(-2)*I*MDelta1^(-2)*
   esfull(1) - 2*gam[y99,y97]*Log[MN^2]*p3.p3*sSS^2*FourPi^(-2)*I*
   MN^(-2)*esfull(2)];

