    esfull(1)=lambdaN[fl97]*lambdaNbar[fl99];
    esfull(2)=G[24*gam[y99,FIVE,p2,y97]*p2.pol3*sSS^2*FourPi^(-2)*I*g2*
   MN^(-2)*esfull(1) + 12*gam[y99,FIVE,p2,y97]*p3.pol3*sSS^2*
   FourPi^(-2)*I*g2*MN^(-2)*esfull(1) + 12*gam[y99,FIVE,p3,y97]*p2.pol3
   *sSS^2*FourPi^(-2)*I*g2*MN^(-2)*esfull(1) + 17*gam[y99,FIVE,p3,y97]*
   p3.pol3*sSS^2*FourPi^(-2)*I*g2*MN^(-2)*esfull(1) + 6*gam[y99,FIVE,p3
   ,y97]*p3.pol3*sSS^2*FourPi^(-2)*I*invepsilonbar*g2*MN^(-2)*esfull(1)
    - 6*gam[y99,FIVE,p3,y97]*Log[MN^2]*p3.pol3*sSS^2*FourPi^(-2)*I*g2*
   MN^(-2)*esfull(1) + 27*gam[y99,FIVE,pol3,y97]*FourPi^(-2)*I*g2*
   esfull(1) + 54*gam[y99,FIVE,pol3,y97]*FourPi^(-2)*I*g2*muH^2*MN^(-2)
   *esfull(1) + 18*gam[y99,FIVE,pol3,y97]*FourPi^(-2)*I*invepsilonbar*
   g2*esfull(1) + 36*gam[y99,FIVE,pol3,y97]*FourPi^(-2)*I*invepsilonbar
   *g2*muH^2*MN^(-2)*esfull(1) + 12*gam[y99,FIVE,pol3,y97]*p2.p2*sSS^2*
   FourPi^(-2)*I*g2*MN^(-2)*esfull(1) + 12*gam[y99,FIVE,pol3,y97]*p2.p3
   *sSS^2*FourPi^(-2)*I*g2*MN^(-2)*esfull(1) - 5*gam[y99,FIVE,pol3,y97]
   *p3.p3*sSS^2*FourPi^(-2)*I*g2*MN^(-2)*esfull(1) - 6*gam[y99,FIVE,
   pol3,y97]*p3.p3*sSS^2*FourPi^(-2)*I*invepsilonbar*g2*MN^(-2)*
   esfull(1) - 18*gam[y99,FIVE,pol3,y97]*Log[MN^2]*FourPi^(-2)*I*g2*
   esfull(1) - 36*gam[y99,FIVE,pol3,y97]*Log[MN^2]*FourPi^(-2)*I*g2*
   muH^2*MN^(-2)*esfull(1) + 6*gam[y99,FIVE,pol3,y97]*Log[MN^2]*p3.p3*
   sSS^2*FourPi^(-2)*I*g2*MN^(-2)*esfull(1) + 24*gam[y99,p2,y97]*
   p2.pol3*sSS^2*FourPi^(-2)*I*g2*MN^(-2)*esfull(1) + 12*gam[y99,p2,y97
   ]*p3.pol3*sSS^2*FourPi^(-2)*I*g2*MN^(-2)*esfull(1) + 12*gam[y99,p3,
   y97]*p2.pol3*sSS^2*FourPi^(-2)*I*g2*MN^(-2)*esfull(1) + 17*gam[y99,
   p3,y97]*p3.pol3*sSS^2*FourPi^(-2)*I*g2*MN^(-2)*esfull(1) + 6*gam[y99
   ,p3,y97]*p3.pol3*sSS^2*FourPi^(-2)*I*invepsilonbar*g2*MN^(-2)*
   esfull(1) - 6*gam[y99,p3,y97]*Log[MN^2]*p3.pol3*sSS^2*FourPi^(-2)*I*
   g2*MN^(-2)*esfull(1) + 27*gam[y99,pol3,y97]*FourPi^(-2)*I*g2*
   esfull(1) + 54*gam[y99,pol3,y97]*FourPi^(-2)*I*g2*muH^2*MN^(-2)*
   esfull(1) + 18*gam[y99,pol3,y97]*FourPi^(-2)*I*invepsilonbar*g2*
   esfull(1) + 36*gam[y99,pol3,y97]*FourPi^(-2)*I*invepsilonbar*g2*
   muH^2*MN^(-2)*esfull(1) + 12*gam[y99,pol3,y97]*p2.p2*sSS^2*
   FourPi^(-2)*I*g2*MN^(-2)*esfull(1) + 12*gam[y99,pol3,y97]*p2.p3*
   sSS^2*FourPi^(-2)*I*g2*MN^(-2)*esfull(1) - 5*gam[y99,pol3,y97]*p3.p3
   *sSS^2*FourPi^(-2)*I*g2*MN^(-2)*esfull(1) - 6*gam[y99,pol3,y97]*
   p3.p3*sSS^2*FourPi^(-2)*I*invepsilonbar*g2*MN^(-2)*esfull(1) - 18*
   gam[y99,pol3,y97]*Log[MN^2]*FourPi^(-2)*I*g2*esfull(1) - 36*gam[y99,
   pol3,y97]*Log[MN^2]*FourPi^(-2)*I*g2*muH^2*MN^(-2)*esfull(1) + 6*
   gam[y99,pol3,y97]*Log[MN^2]*p3.p3*sSS^2*FourPi^(-2)*I*g2*MN^(-2)*
   esfull(1)];

