    esfull(1)=lambdaN[fl97]*yd[fl93,fl1]*lambdaNbar[fl99]*ydbar[fl95,
   fl1];
    esfull(2)=lambdaN[fl97]*yu[fl93,fl1]*lambdaNbar[fl99]*yubar[fl95,
   fl1];
    esfull(3)=G[3*gam[y93,FIVE,mu1,y95]*gam[y99,FIVE,mu1,y97]*
   FourPi^(-2)*I*MN^(-2)*esfull(2) + 2*gam[y93,FIVE,mu1,y95]*gam[y99,
   FIVE,mu1,y97]*FourPi^(-2)*I*invepsilonbar*MN^(-2)*esfull(2) - 2*gam[
   y93,FIVE,mu1,y95]*gam[y99,FIVE,mu1,y97]*Log[MN^2]*FourPi^(-2)*I*
   MN^(-2)*esfull(2) + 3*gam[y93,FIVE,mu1,y95]*gam[y99,mu1,y97]*
   FourPi^(-2)*I*MN^(-2)*esfull(2) + 2*gam[y93,FIVE,mu1,y95]*gam[y99,
   mu1,y97]*FourPi^(-2)*I*invepsilonbar*MN^(-2)*esfull(2) - 2*gam[y93,
   FIVE,mu1,y95]*gam[y99,mu1,y97]*Log[MN^2]*FourPi^(-2)*I*MN^(-2)*
   esfull(2) + 3*gam[y93,mu1,y95]*gam[y99,FIVE,mu1,y97]*FourPi^(-2)*I*
   MN^(-2)*esfull(2) + 2*gam[y93,mu1,y95]*gam[y99,FIVE,mu1,y97]*
   FourPi^(-2)*I*invepsilonbar*MN^(-2)*esfull(2) - 2*gam[y93,mu1,y95]*
   gam[y99,FIVE,mu1,y97]*Log[MN^2]*FourPi^(-2)*I*MN^(-2)*esfull(2) + 3*
   gam[y93,mu1,y95]*gam[y99,mu1,y97]*FourPi^(-2)*I*MN^(-2)*esfull(2) + 
   2*gam[y93,mu1,y95]*gam[y99,mu1,y97]*FourPi^(-2)*I*invepsilonbar*
   MN^(-2)*esfull(2) - 2*gam[y93,mu1,y95]*gam[y99,mu1,y97]*Log[MN^2]*
   FourPi^(-2)*I*MN^(-2)*esfull(2)];
    esfull(4)=G[3*gam[y93,FIVE,mu1,y95]*gam[y99,FIVE,mu1,y97]*
   FourPi^(-2)*I*MN^(-2)*esfull(1) + 2*gam[y93,FIVE,mu1,y95]*gam[y99,
   FIVE,mu1,y97]*FourPi^(-2)*I*invepsilonbar*MN^(-2)*esfull(1) - 2*gam[
   y93,FIVE,mu1,y95]*gam[y99,FIVE,mu1,y97]*Log[MN^2]*FourPi^(-2)*I*
   MN^(-2)*esfull(1) + 3*gam[y93,FIVE,mu1,y95]*gam[y99,mu1,y97]*
   FourPi^(-2)*I*MN^(-2)*esfull(1) + 2*gam[y93,FIVE,mu1,y95]*gam[y99,
   mu1,y97]*FourPi^(-2)*I*invepsilonbar*MN^(-2)*esfull(1) - 2*gam[y93,
   FIVE,mu1,y95]*gam[y99,mu1,y97]*Log[MN^2]*FourPi^(-2)*I*MN^(-2)*
   esfull(1) + 3*gam[y93,mu1,y95]*gam[y99,FIVE,mu1,y97]*FourPi^(-2)*I*
   MN^(-2)*esfull(1) + 2*gam[y93,mu1,y95]*gam[y99,FIVE,mu1,y97]*
   FourPi^(-2)*I*invepsilonbar*MN^(-2)*esfull(1) - 2*gam[y93,mu1,y95]*
   gam[y99,FIVE,mu1,y97]*Log[MN^2]*FourPi^(-2)*I*MN^(-2)*esfull(1) + 3*
   gam[y93,mu1,y95]*gam[y99,mu1,y97]*FourPi^(-2)*I*MN^(-2)*esfull(1) + 
   2*gam[y93,mu1,y95]*gam[y99,mu1,y97]*FourPi^(-2)*I*invepsilonbar*
   MN^(-2)*esfull(1) - 2*gam[y93,mu1,y95]*gam[y99,mu1,y97]*Log[MN^2]*
   FourPi^(-2)*I*MN^(-2)*esfull(1)];

