    esfull(1)=YVp*YVpbar;
    esfull(2)=lambdaN[fl1]*lambdaNbar[fl1];
    esfull(3)=lambdaDelta1[fl1]*lambdaDelta1bar[fl1];
    esfull(4)=G[24*p2.p2*p2.pol3*sSS^3*FourPi^(-2)*I*g2*MN^(-2)*
   esfull(2) + 12*p2.p2*p3.pol3*sSS^3*FourPi^(-2)*I*g2*MN^(-2)*
   esfull(2) + 24*p2.p3*p2.pol3*sSS^3*FourPi^(-2)*I*g2*MN^(-2)*
   esfull(2) + 22*p2.p3*p3.pol3*sSS^3*FourPi^(-2)*I*g2*MN^(-2)*
   esfull(2) + 12*p2.p3*p3.pol3*sSS^3*FourPi^(-2)*I*invepsilonbar*g2*
   MN^(-2)*esfull(2) + 2*p2.pol3*p3.p3*sSS^3*FourPi^(-2)*I*g2*MN^(-2)*
   esfull(2) - 12*p2.pol3*p3.p3*sSS^3*FourPi^(-2)*I*invepsilonbar*g2*
   MN^(-2)*esfull(2) + 18*p2.pol3*sSS*FourPi^(-2)*I*g2*esfull(2) + 36*
   p2.pol3*sSS*FourPi^(-2)*I*invepsilonbar*g2*esfull(2) + 6*p3.p3*
   p3.pol3*sSS^3*FourPi^(-2)*I*g2*MN^(-2)*esfull(2) + 9*p3.pol3*sSS*
   FourPi^(-2)*I*g2*esfull(2) + 18*p3.pol3*sSS*FourPi^(-2)*I*
   invepsilonbar*g2*esfull(2) + 12*DEN[MDelta1,MN]*p2.p3*p3.pol3*sSS^3*
   FourPi^(-2)*I*invepsilonbar*g2*esfull(1) - 12*DEN[MDelta1,MN]*
   p2.pol3*p3.p3*sSS^3*FourPi^(-2)*I*invepsilonbar*g2*esfull(1) + 12*
   DEN[MDelta1,MN]^2*p2.p3*p3.pol3*sSS^3*FourPi^(-2)*I*invepsilonbar*g2
   *MDelta1^2*esfull(1) - 12*DEN[MDelta1,MN]^2*p2.pol3*p3.p3*sSS^3*
   FourPi^(-2)*I*invepsilonbar*g2*MDelta1^2*esfull(1) + 72*DEN[MDelta1,
   MN]^2*p2.pol3*sSS*FourPi^(-2)*I*g2*MN^4*esfull(1) + 126*DEN[MDelta1,
   MN]^2*p2.pol3*sSS*FourPi^(-2)*I*g2*MDelta1^4*esfull(1) + 72*DEN[
   MDelta1,MN]^2*p2.pol3*sSS*FourPi^(-2)*I*invepsilonbar*g2*MN^4*
   esfull(1) + 108*DEN[MDelta1,MN]^2*p2.pol3*sSS*FourPi^(-2)*I*
   invepsilonbar*g2*MDelta1^4*esfull(1) + 36*DEN[MDelta1,MN]^2*p3.pol3*
   sSS*FourPi^(-2)*I*g2*MN^4*esfull(1) + 63*DEN[MDelta1,MN]^2*p3.pol3*
   sSS*FourPi^(-2)*I*g2*MDelta1^4*esfull(1) + 36*DEN[MDelta1,MN]^2*
   p3.pol3*sSS*FourPi^(-2)*I*invepsilonbar*g2*MN^4*esfull(1) + 54*DEN[
   MDelta1,MN]^2*p3.pol3*sSS*FourPi^(-2)*I*invepsilonbar*g2*MDelta1^4*
   esfull(1) + 198*DEN[MDelta1,MN]^3*p2.p2*p2.pol3*sSS^3*FourPi^(-2)*I*
   g2*MN^4*esfull(1) - 360*DEN[MDelta1,MN]^3*p2.p2*p2.pol3*sSS^3*
   FourPi^(-2)*I*g2*MDelta1^4*esfull(1) + 180*DEN[MDelta1,MN]^3*p2.p2*
   p2.pol3*sSS^3*FourPi^(-2)*I*invepsilonbar*g2*MN^4*esfull(1) - 288*
   DEN[MDelta1,MN]^3*p2.p2*p2.pol3*sSS^3*FourPi^(-2)*I*invepsilonbar*g2
   *MDelta1^4*esfull(1) + 99*DEN[MDelta1,MN]^3*p2.p2*p3.pol3*sSS^3*
   FourPi^(-2)*I*g2*MN^4*esfull(1) - 180*DEN[MDelta1,MN]^3*p2.p2*
   p3.pol3*sSS^3*FourPi^(-2)*I*g2*MDelta1^4*esfull(1) + 90*DEN[MDelta1,
   MN]^3*p2.p2*p3.pol3*sSS^3*FourPi^(-2)*I*invepsilonbar*g2*MN^4*
   esfull(1) - 144*DEN[MDelta1,MN]^3*p2.p2*p3.pol3*sSS^3*FourPi^(-2)*I*
   invepsilonbar*g2*MDelta1^4*esfull(1) + 198*DEN[MDelta1,MN]^3*p2.p3*
   p2.pol3*sSS^3*FourPi^(-2)*I*g2*MN^4*esfull(1) - 360*DEN[MDelta1,MN]^
   3*p2.p3*p2.pol3*sSS^3*FourPi^(-2)*I*g2*MDelta1^4*esfull(1) + 180*
   DEN[MDelta1,MN]^3*p2.p3*p2.pol3*sSS^3*FourPi^(-2)*I*invepsilonbar*g2
   *MN^4*esfull(1) - 288*DEN[MDelta1,MN]^3*p2.p3*p2.pol3*sSS^3*
   FourPi^(-2)*I*invepsilonbar*g2*MDelta1^4*esfull(1) + 72*DEN[MDelta1,
   MN]^3*p2.p3*p3.pol3*sSS^3*FourPi^(-2)*I*g2*MN^4*esfull(1) - 306*DEN[
   MDelta1,MN]^3*p2.p3*p3.pol3*sSS^3*FourPi^(-2)*I*g2*MDelta1^4*
   esfull(1) + 72*DEN[MDelta1,MN]^3*p2.p3*p3.pol3*sSS^3*FourPi^(-2)*I*
   invepsilonbar*g2*MN^4*esfull(1) - 252*DEN[MDelta1,MN]^3*p2.p3*
   p3.pol3*sSS^3*FourPi^(-2)*I*invepsilonbar*g2*MDelta1^4*esfull(1) + 
   99*DEN[MDelta1,MN]^3*p2.pol3*p3.p3*sSS^3*FourPi^(-2)*I*g2*MN^4*
   esfull(1) - 54*DEN[MDelta1,MN]^3*p2.pol3*p3.p3*sSS^3*FourPi^(-2)*I*
   g2*MDelta1^4*esfull(1) + 90*DEN[MDelta1,MN]^3*p2.pol3*p3.p3*sSS^3*
   FourPi^(-2)*I*invepsilonbar*g2*MN^4*esfull(1) - 36*DEN[MDelta1,MN]^3
   *p2.pol3*p3.p3*sSS^3*FourPi^(-2)*I*invepsilonbar*g2*MDelta1^4*
   esfull(1) + 54*DEN[MDelta1,MN]^3*p2.pol3*sSS*FourPi^(-2)*I*g2*MN^6*
   esfull(1) + 54*DEN[MDelta1,MN]^3*p2.pol3*sSS*FourPi^(-2)*I*g2*
   MDelta1^2*MN^4*esfull(1) - 108*DEN[MDelta1,MN]^3*p2.pol3*sSS*
   FourPi^(-2)*I*g2*MDelta1^6*esfull(1) + 36*DEN[MDelta1,MN]^3*p2.pol3*
   sSS*FourPi^(-2)*I*invepsilonbar*g2*MN^6*esfull(1) + 36*DEN[MDelta1,
   MN]^3*p2.pol3*sSS*FourPi^(-2)*I*invepsilonbar*g2*MDelta1^2*MN^4*
   esfull(1) - 72*DEN[MDelta1,MN]^3*p2.pol3*sSS*FourPi^(-2)*I*
   invepsilonbar*g2*MDelta1^6*esfull(1) + 36*DEN[MDelta1,MN]^3*p3.p3*
   p3.pol3*sSS^3*FourPi^(-2)*I*g2*MN^4*esfull(1) - 90*DEN[MDelta1,MN]^3
   *p3.p3*p3.pol3*sSS^3*FourPi^(-2)*I*g2*MDelta1^4*esfull(1) + 36*DEN[
   MDelta1,MN]^3*p3.p3*p3.pol3*sSS^3*FourPi^(-2)*I*invepsilonbar*g2*
   MN^4*esfull(1) - 72*DEN[MDelta1,MN]^3*p3.p3*p3.pol3*sSS^3*
   FourPi^(-2)*I*invepsilonbar*g2*MDelta1^4*esfull(1) + 27*DEN[MDelta1,
   MN]^3*p3.pol3*sSS*FourPi^(-2)*I*g2*MN^6*esfull(1) + 27*DEN[MDelta1,
   MN]^3*p3.pol3*sSS*FourPi^(-2)*I*g2*MDelta1^2*MN^4*esfull(1) - 54*
   DEN[MDelta1,MN]^3*p3.pol3*sSS*FourPi^(-2)*I*g2*MDelta1^6*esfull(1)
    + 18*DEN[MDelta1,MN]^3*p3.pol3*sSS*FourPi^(-2)*I*invepsilonbar*g2*
   MN^6*esfull(1) + 18*DEN[MDelta1,MN]^3*p3.pol3*sSS*FourPi^(-2)*I*
   invepsilonbar*g2*MDelta1^2*MN^4*esfull(1) - 36*DEN[MDelta1,MN]^3*
   p3.pol3*sSS*FourPi^(-2)*I*invepsilonbar*g2*MDelta1^6*esfull(1) + 486
   *DEN[MDelta1,MN]^4*p2.p2*p2.pol3*sSS^3*FourPi^(-2)*I*g2*MN^6*
   esfull(1) + 162*DEN[MDelta1,MN]^4*p2.p2*p2.pol3*sSS^3*FourPi^(-2)*I*
   g2*MDelta1^2*MN^4*esfull(1) + 912*DEN[MDelta1,MN]^4*p2.p2*p2.pol3*
   sSS^3*FourPi^(-2)*I*g2*MDelta1^6*esfull(1) + 324*DEN[MDelta1,MN]^4*
   p2.p2*p2.pol3*sSS^3*FourPi^(-2)*I*invepsilonbar*g2*MN^6*esfull(1) + 
   108*DEN[MDelta1,MN]^4*p2.p2*p2.pol3*sSS^3*FourPi^(-2)*I*
   invepsilonbar*g2*MDelta1^2*MN^4*esfull(1) + 576*DEN[MDelta1,MN]^4*
   p2.p2*p2.pol3*sSS^3*FourPi^(-2)*I*invepsilonbar*g2*MDelta1^6*
   esfull(1) + 243*DEN[MDelta1,MN]^4*p2.p2*p3.pol3*sSS^3*FourPi^(-2)*I*
   g2*MN^6*esfull(1) + 81*DEN[MDelta1,MN]^4*p2.p2*p3.pol3*sSS^3*
   FourPi^(-2)*I*g2*MDelta1^2*MN^4*esfull(1) + 456*DEN[MDelta1,MN]^4*
   p2.p2*p3.pol3*sSS^3*FourPi^(-2)*I*g2*MDelta1^6*esfull(1) + 162*DEN[
   MDelta1,MN]^4*p2.p2*p3.pol3*sSS^3*FourPi^(-2)*I*invepsilonbar*g2*
   MN^6*esfull(1) + 54*DEN[MDelta1,MN]^4*p2.p2*p3.pol3*sSS^3*
   FourPi^(-2)*I*invepsilonbar*g2*MDelta1^2*MN^4*esfull(1) + 288*DEN[
   MDelta1,MN]^4*p2.p2*p3.pol3*sSS^3*FourPi^(-2)*I*invepsilonbar*g2*
   MDelta1^6*esfull(1) + 486*DEN[MDelta1,MN]^4*p2.p3*p2.pol3*sSS^3*
   FourPi^(-2)*I*g2*MN^6*esfull(1) + 162*DEN[MDelta1,MN]^4*p2.p3*
   p2.pol3*sSS^3*FourPi^(-2)*I*g2*MDelta1^2*MN^4*esfull(1) + 912*DEN[
   MDelta1,MN]^4*p2.p3*p2.pol3*sSS^3*FourPi^(-2)*I*g2*MDelta1^6*
   esfull(1) + 324*DEN[MDelta1,MN]^4*p2.p3*p2.pol3*sSS^3*FourPi^(-2)*I*
   invepsilonbar*g2*MN^6*esfull(1) + 108*DEN[MDelta1,MN]^4*p2.p3*
   p2.pol3*sSS^3*FourPi^(-2)*I*invepsilonbar*g2*MDelta1^2*MN^4*
   esfull(1) + 576*DEN[MDelta1,MN]^4*p2.p3*p2.pol3*sSS^3*FourPi^(-2)*I*
   invepsilonbar*g2*MDelta1^6*esfull(1) + 270*DEN[MDelta1,MN]^4*p2.p3*
   p3.pol3*sSS^3*FourPi^(-2)*I*g2*MN^6*esfull(1) + 108*DEN[MDelta1,MN]^
   4*p2.p3*p3.pol3*sSS^3*FourPi^(-2)*I*g2*MDelta1^2*MN^4*esfull(1) + 
   662*DEN[MDelta1,MN]^4*p2.p3*p3.pol3*sSS^3*FourPi^(-2)*I*g2*MDelta1^6
   *esfull(1) + 180*DEN[MDelta1,MN]^4*p2.p3*p3.pol3*sSS^3*FourPi^(-2)*I
   *invepsilonbar*g2*MN^6*esfull(1) + 72*DEN[MDelta1,MN]^4*p2.p3*
   p3.pol3*sSS^3*FourPi^(-2)*I*invepsilonbar*g2*MDelta1^2*MN^4*
   esfull(1) + 420*DEN[MDelta1,MN]^4*p2.p3*p3.pol3*sSS^3*FourPi^(-2)*I*
   invepsilonbar*g2*MDelta1^6*esfull(1) + 189*DEN[MDelta1,MN]^4*p2.pol3
   *p3.p3*sSS^3*FourPi^(-2)*I*g2*MN^6*esfull(1) + 81*DEN[MDelta1,MN]^4*
   p2.pol3*p3.p3*sSS^3*FourPi^(-2)*I*g2*MDelta1^2*MN^4*esfull(1) + 250*
   DEN[MDelta1,MN]^4*p2.pol3*p3.p3*sSS^3*FourPi^(-2)*I*g2*MDelta1^6*
   esfull(1) + 126*DEN[MDelta1,MN]^4*p2.pol3*p3.p3*sSS^3*FourPi^(-2)*I*
   invepsilonbar*g2*MN^6*esfull(1) + 54*DEN[MDelta1,MN]^4*p2.pol3*p3.p3
   *sSS^3*FourPi^(-2)*I*invepsilonbar*g2*MDelta1^2*MN^4*esfull(1) + 156
   *DEN[MDelta1,MN]^4*p2.pol3*p3.p3*sSS^3*FourPi^(-2)*I*invepsilonbar*
   g2*MDelta1^6*esfull(1) + 108*DEN[MDelta1,MN]^4*p3.p3*p3.pol3*sSS^3*
   FourPi^(-2)*I*g2*MN^6*esfull(1) + 54*DEN[MDelta1,MN]^4*p3.p3*p3.pol3
   *sSS^3*FourPi^(-2)*I*g2*MDelta1^2*MN^4*esfull(1) + 228*DEN[MDelta1,
   MN]^4*p3.p3*p3.pol3*sSS^3*FourPi^(-2)*I*g2*MDelta1^6*esfull(1) + 72*
   DEN[MDelta1,MN]^4*p3.p3*p3.pol3*sSS^3*FourPi^(-2)*I*invepsilonbar*g2
   *MN^6*esfull(1) + 36*DEN[MDelta1,MN]^4*p3.p3*p3.pol3*sSS^3*
   FourPi^(-2)*I*invepsilonbar*g2*MDelta1^2*MN^4*esfull(1) + 144*DEN[
   MDelta1,MN]^4*p3.p3*p3.pol3*sSS^3*FourPi^(-2)*I*invepsilonbar*g2*
   MDelta1^6*esfull(1) + 264*DEN[MDelta1,MN]^5*p2.p2*p2.pol3*sSS^3*
   FourPi^(-2)*I*g2*MN^8*esfull(1) + 264*DEN[MDelta1,MN]^5*p2.p2*
   p2.pol3*sSS^3*FourPi^(-2)*I*g2*MDelta1^2*MN^6*esfull(1) - 528*DEN[
   MDelta1,MN]^5*p2.p2*p2.pol3*sSS^3*FourPi^(-2)*I*g2*MDelta1^8*
   esfull(1) + 144*DEN[MDelta1,MN]^5*p2.p2*p2.pol3*sSS^3*FourPi^(-2)*I*
   invepsilonbar*g2*MN^8*esfull(1) + 144*DEN[MDelta1,MN]^5*p2.p2*
   p2.pol3*sSS^3*FourPi^(-2)*I*invepsilonbar*g2*MDelta1^2*MN^6*
   esfull(1) - 288*DEN[MDelta1,MN]^5*p2.p2*p2.pol3*sSS^3*FourPi^(-2)*I*
   invepsilonbar*g2*MDelta1^8*esfull(1) + 132*DEN[MDelta1,MN]^5*p2.p2*
   p3.pol3*sSS^3*FourPi^(-2)*I*g2*MN^8*esfull(1) + 132*DEN[MDelta1,MN]^
   5*p2.p2*p3.pol3*sSS^3*FourPi^(-2)*I*g2*MDelta1^2*MN^6*esfull(1) - 
   264*DEN[MDelta1,MN]^5*p2.p2*p3.pol3*sSS^3*FourPi^(-2)*I*g2*MDelta1^8
   *esfull(1) + 72*DEN[MDelta1,MN]^5*p2.p2*p3.pol3*sSS^3*FourPi^(-2)*I*
   invepsilonbar*g2*MN^8*esfull(1) + 72*DEN[MDelta1,MN]^5*p2.p2*p3.pol3
   *sSS^3*FourPi^(-2)*I*invepsilonbar*g2*MDelta1^2*MN^6*esfull(1) - 144
   *DEN[MDelta1,MN]^5*p2.p2*p3.pol3*sSS^3*FourPi^(-2)*I*invepsilonbar*
   g2*MDelta1^8*esfull(1) + 264*DEN[MDelta1,MN]^5*p2.p3*p2.pol3*sSS^3*
   FourPi^(-2)*I*g2*MN^8*esfull(1) + 264*DEN[MDelta1,MN]^5*p2.p3*
   p2.pol3*sSS^3*FourPi^(-2)*I*g2*MDelta1^2*MN^6*esfull(1) - 528*DEN[
   MDelta1,MN]^5*p2.p3*p2.pol3*sSS^3*FourPi^(-2)*I*g2*MDelta1^8*
   esfull(1) + 144*DEN[MDelta1,MN]^5*p2.p3*p2.pol3*sSS^3*FourPi^(-2)*I*
   invepsilonbar*g2*MN^8*esfull(1) + 144*DEN[MDelta1,MN]^5*p2.p3*
   p2.pol3*sSS^3*FourPi^(-2)*I*invepsilonbar*g2*MDelta1^2*MN^6*
   esfull(1) - 288*DEN[MDelta1,MN]^5*p2.p3*p2.pol3*sSS^3*FourPi^(-2)*I*
   invepsilonbar*g2*MDelta1^8*esfull(1) + 176*DEN[MDelta1,MN]^5*p2.p3*
   p3.pol3*sSS^3*FourPi^(-2)*I*g2*MN^8*esfull(1) + 176*DEN[MDelta1,MN]^
   5*p2.p3*p3.pol3*sSS^3*FourPi^(-2)*I*g2*MDelta1^2*MN^6*esfull(1) - 
   352*DEN[MDelta1,MN]^5*p2.p3*p3.pol3*sSS^3*FourPi^(-2)*I*g2*MDelta1^8
   *esfull(1) + 96*DEN[MDelta1,MN]^5*p2.p3*p3.pol3*sSS^3*FourPi^(-2)*I*
   invepsilonbar*g2*MN^8*esfull(1) + 96*DEN[MDelta1,MN]^5*p2.p3*p3.pol3
   *sSS^3*FourPi^(-2)*I*invepsilonbar*g2*MDelta1^2*MN^6*esfull(1) - 192
   *DEN[MDelta1,MN]^5*p2.p3*p3.pol3*sSS^3*FourPi^(-2)*I*invepsilonbar*
   g2*MDelta1^8*esfull(1) + 88*DEN[MDelta1,MN]^5*p2.pol3*p3.p3*sSS^3*
   FourPi^(-2)*I*g2*MN^8*esfull(1) + 88*DEN[MDelta1,MN]^5*p2.pol3*p3.p3
   *sSS^3*FourPi^(-2)*I*g2*MDelta1^2*MN^6*esfull(1) - 176*DEN[MDelta1,
   MN]^5*p2.pol3*p3.p3*sSS^3*FourPi^(-2)*I*g2*MDelta1^8*esfull(1) + 48*
   DEN[MDelta1,MN]^5*p2.pol3*p3.p3*sSS^3*FourPi^(-2)*I*invepsilonbar*g2
   *MN^8*esfull(1) + 48*DEN[MDelta1,MN]^5*p2.pol3*p3.p3*sSS^3*
   FourPi^(-2)*I*invepsilonbar*g2*MDelta1^2*MN^6*esfull(1) - 96*DEN[
   MDelta1,MN]^5*p2.pol3*p3.p3*sSS^3*FourPi^(-2)*I*invepsilonbar*g2*
   MDelta1^8*esfull(1) + 66*DEN[MDelta1,MN]^5*p3.p3*p3.pol3*sSS^3*
   FourPi^(-2)*I*g2*MN^8*esfull(1) + 66*DEN[MDelta1,MN]^5*p3.p3*p3.pol3
   *sSS^3*FourPi^(-2)*I*g2*MDelta1^2*MN^6*esfull(1) - 132*DEN[MDelta1,
   MN]^5*p3.p3*p3.pol3*sSS^3*FourPi^(-2)*I*g2*MDelta1^8*esfull(1) + 36*
   DEN[MDelta1,MN]^5*p3.p3*p3.pol3*sSS^3*FourPi^(-2)*I*invepsilonbar*g2
   *MN^8*esfull(1) + 36*DEN[MDelta1,MN]^5*p3.p3*p3.pol3*sSS^3*
   FourPi^(-2)*I*invepsilonbar*g2*MDelta1^2*MN^6*esfull(1) - 72*DEN[
   MDelta1,MN]^5*p3.p3*p3.pol3*sSS^3*FourPi^(-2)*I*invepsilonbar*g2*
   MDelta1^8*esfull(1) - 144*DEN[MDelta1,MN]^5*Log[MN^2]*p2.p2*p2.pol3*
   sSS^3*FourPi^(-2)*I*g2*MN^8*esfull(1) - 144*DEN[MDelta1,MN]^5*Log[
   MN^2]*p2.p2*p2.pol3*sSS^3*FourPi^(-2)*I*g2*MDelta1^2*MN^6*esfull(1)
    - 72*DEN[MDelta1,MN]^5*Log[MN^2]*p2.p2*p3.pol3*sSS^3*FourPi^(-2)*I*
   g2*MN^8*esfull(1) - 72*DEN[MDelta1,MN]^5*Log[MN^2]*p2.p2*p3.pol3*
   sSS^3*FourPi^(-2)*I*g2*MDelta1^2*MN^6*esfull(1) - 144*DEN[MDelta1,MN
   ]^5*Log[MN^2]*p2.p3*p2.pol3*sSS^3*FourPi^(-2)*I*g2*MN^8*esfull(1) - 
   144*DEN[MDelta1,MN]^5*Log[MN^2]*p2.p3*p2.pol3*sSS^3*FourPi^(-2)*I*g2
   *MDelta1^2*MN^6*esfull(1) - 96*DEN[MDelta1,MN]^5*Log[MN^2]*p2.p3*
   p3.pol3*sSS^3*FourPi^(-2)*I*g2*MN^8*esfull(1) - 96*DEN[MDelta1,MN]^5
   *Log[MN^2]*p2.p3*p3.pol3*sSS^3*FourPi^(-2)*I*g2*MDelta1^2*MN^6*
   esfull(1) - 48*DEN[MDelta1,MN]^5*Log[MN^2]*p2.pol3*p3.p3*sSS^3*
   FourPi^(-2)*I*g2*MN^8*esfull(1) - 48*DEN[MDelta1,MN]^5*Log[MN^2]*
   p2.pol3*p3.p3*sSS^3*FourPi^(-2)*I*g2*MDelta1^2*MN^6*esfull(1) - 36*
   DEN[MDelta1,MN]^5*Log[MN^2]*p3.p3*p3.pol3*sSS^3*FourPi^(-2)*I*g2*
   MN^8*esfull(1) - 36*DEN[MDelta1,MN]^5*Log[MN^2]*p3.p3*p3.pol3*sSS^3*
   FourPi^(-2)*I*g2*MDelta1^2*MN^6*esfull(1) + 288*DEN[MDelta1,MN]^5*
   Log[MDelta1^2]*p2.p2*p2.pol3*sSS^3*FourPi^(-2)*I*g2*MDelta1^8*
   esfull(1) + 144*DEN[MDelta1,MN]^5*Log[MDelta1^2]*p2.p2*p3.pol3*sSS^3
   *FourPi^(-2)*I*g2*MDelta1^8*esfull(1) + 288*DEN[MDelta1,MN]^5*Log[
   MDelta1^2]*p2.p3*p2.pol3*sSS^3*FourPi^(-2)*I*g2*MDelta1^8*esfull(1)
    + 192*DEN[MDelta1,MN]^5*Log[MDelta1^2]*p2.p3*p3.pol3*sSS^3*
   FourPi^(-2)*I*g2*MDelta1^8*esfull(1) + 96*DEN[MDelta1,MN]^5*Log[
   MDelta1^2]*p2.pol3*p3.p3*sSS^3*FourPi^(-2)*I*g2*MDelta1^8*esfull(1)
    + 72*DEN[MDelta1,MN]^5*Log[MDelta1^2]*p3.p3*p3.pol3*sSS^3*
   FourPi^(-2)*I*g2*MDelta1^8*esfull(1) - 324*DEN[MDelta1,MN]^4*Log[
   MN^2]*p2.p2*p2.pol3*sSS^3*FourPi^(-2)*I*g2*MN^6*esfull(1) - 108*DEN[
   MDelta1,MN]^4*Log[MN^2]*p2.p2*p2.pol3*sSS^3*FourPi^(-2)*I*g2*
   MDelta1^2*MN^4*esfull(1) - 162*DEN[MDelta1,MN]^4*Log[MN^2]*p2.p2*
   p3.pol3*sSS^3*FourPi^(-2)*I*g2*MN^6*esfull(1) - 54*DEN[MDelta1,MN]^4
   *Log[MN^2]*p2.p2*p3.pol3*sSS^3*FourPi^(-2)*I*g2*MDelta1^2*MN^4*
   esfull(1) - 324*DEN[MDelta1,MN]^4*Log[MN^2]*p2.p3*p2.pol3*sSS^3*
   FourPi^(-2)*I*g2*MN^6*esfull(1) - 108*DEN[MDelta1,MN]^4*Log[MN^2]*
   p2.p3*p2.pol3*sSS^3*FourPi^(-2)*I*g2*MDelta1^2*MN^4*esfull(1) - 180*
   DEN[MDelta1,MN]^4*Log[MN^2]*p2.p3*p3.pol3*sSS^3*FourPi^(-2)*I*g2*
   MN^6*esfull(1) - 72*DEN[MDelta1,MN]^4*Log[MN^2]*p2.p3*p3.pol3*sSS^3*
   FourPi^(-2)*I*g2*MDelta1^2*MN^4*esfull(1) - 126*DEN[MDelta1,MN]^4*
   Log[MN^2]*p2.pol3*p3.p3*sSS^3*FourPi^(-2)*I*g2*MN^6*esfull(1) - 54*
   DEN[MDelta1,MN]^4*Log[MN^2]*p2.pol3*p3.p3*sSS^3*FourPi^(-2)*I*g2*
   MDelta1^2*MN^4*esfull(1) - 72*DEN[MDelta1,MN]^4*Log[MN^2]*p3.p3*
   p3.pol3*sSS^3*FourPi^(-2)*I*g2*MN^6*esfull(1) - 36*DEN[MDelta1,MN]^4
   *Log[MN^2]*p3.p3*p3.pol3*sSS^3*FourPi^(-2)*I*g2*MDelta1^2*MN^4*
   esfull(1) - 576*DEN[MDelta1,MN]^4*Log[MDelta1^2]*p2.p2*p2.pol3*sSS^3
   *FourPi^(-2)*I*g2*MDelta1^6*esfull(1) - 288*DEN[MDelta1,MN]^4*Log[
   MDelta1^2]*p2.p2*p3.pol3*sSS^3*FourPi^(-2)*I*g2*MDelta1^6*esfull(1)
    - 576*DEN[MDelta1,MN]^4*Log[MDelta1^2]*p2.p3*p2.pol3*sSS^3*
   FourPi^(-2)*I*g2*MDelta1^6*esfull(1) - 420*DEN[MDelta1,MN]^4*Log[
   MDelta1^2]*p2.p3*p3.pol3*sSS^3*FourPi^(-2)*I*g2*MDelta1^6*esfull(1)
    - 156*DEN[MDelta1,MN]^4*Log[MDelta1^2]*p2.pol3*p3.p3*sSS^3*
   FourPi^(-2)*I*g2*MDelta1^6*esfull(1) - 144*DEN[MDelta1,MN]^4*Log[
   MDelta1^2]*p3.p3*p3.pol3*sSS^3*FourPi^(-2)*I*g2*MDelta1^6*esfull(1)
    - 180*DEN[MDelta1,MN]^3*Log[MN^2]*p2.p2*p2.pol3*sSS^3*FourPi^(-2)*I
   *g2*MN^4*esfull(1) - 90*DEN[MDelta1,MN]^3*Log[MN^2]*p2.p2*p3.pol3*
   sSS^3*FourPi^(-2)*I*g2*MN^4*esfull(1) - 180*DEN[MDelta1,MN]^3*Log[
   MN^2]*p2.p3*p2.pol3*sSS^3*FourPi^(-2)*I*g2*MN^4*esfull(1) - 72*DEN[
   MDelta1,MN]^3*Log[MN^2]*p2.p3*p3.pol3*sSS^3*FourPi^(-2)*I*g2*MN^4*
   esfull(1) - 90*DEN[MDelta1,MN]^3*Log[MN^2]*p2.pol3*p3.p3*sSS^3*
   FourPi^(-2)*I*g2*MN^4*esfull(1) - 36*DEN[MDelta1,MN]^3*Log[MN^2]*
   p2.pol3*sSS*FourPi^(-2)*I*g2*MN^6*esfull(1) - 36*DEN[MDelta1,MN]^3*
   Log[MN^2]*p2.pol3*sSS*FourPi^(-2)*I*g2*MDelta1^2*MN^4*esfull(1) - 36
   *DEN[MDelta1,MN]^3*Log[MN^2]*p3.p3*p3.pol3*sSS^3*FourPi^(-2)*I*g2*
   MN^4*esfull(1) - 18*DEN[MDelta1,MN]^3*Log[MN^2]*p3.pol3*sSS*
   FourPi^(-2)*I*g2*MN^6*esfull(1) - 18*DEN[MDelta1,MN]^3*Log[MN^2]*
   p3.pol3*sSS*FourPi^(-2)*I*g2*MDelta1^2*MN^4*esfull(1) + 288*DEN[
   MDelta1,MN]^3*Log[MDelta1^2]*p2.p2*p2.pol3*sSS^3*FourPi^(-2)*I*g2*
   MDelta1^4*esfull(1) + 144*DEN[MDelta1,MN]^3*Log[MDelta1^2]*p2.p2*
   p3.pol3*sSS^3*FourPi^(-2)*I*g2*MDelta1^4*esfull(1) + 288*DEN[MDelta1
   ,MN]^3*Log[MDelta1^2]*p2.p3*p2.pol3*sSS^3*FourPi^(-2)*I*g2*MDelta1^4
   *esfull(1) + 252*DEN[MDelta1,MN]^3*Log[MDelta1^2]*p2.p3*p3.pol3*
   sSS^3*FourPi^(-2)*I*g2*MDelta1^4*esfull(1) + 36*DEN[MDelta1,MN]^3*
   Log[MDelta1^2]*p2.pol3*p3.p3*sSS^3*FourPi^(-2)*I*g2*MDelta1^4*
   esfull(1) + 72*DEN[MDelta1,MN]^3*Log[MDelta1^2]*p2.pol3*sSS*
   FourPi^(-2)*I*g2*MDelta1^6*esfull(1) + 72*DEN[MDelta1,MN]^3*Log[
   MDelta1^2]*p3.p3*p3.pol3*sSS^3*FourPi^(-2)*I*g2*MDelta1^4*esfull(1)
    + 36*DEN[MDelta1,MN]^3*Log[MDelta1^2]*p3.pol3*sSS*FourPi^(-2)*I*g2*
   MDelta1^6*esfull(1) - 72*DEN[MDelta1,MN]^2*Log[MN^2]*p2.pol3*sSS*
   FourPi^(-2)*I*g2*MN^4*esfull(1) - 36*DEN[MDelta1,MN]^2*Log[MN^2]*
   p3.pol3*sSS*FourPi^(-2)*I*g2*MN^4*esfull(1) - 12*DEN[MDelta1,MN]^2*
   Log[MDelta1^2]*p2.p3*p3.pol3*sSS^3*FourPi^(-2)*I*g2*MDelta1^2*
   esfull(1) + 12*DEN[MDelta1,MN]^2*Log[MDelta1^2]*p2.pol3*p3.p3*sSS^3*
   FourPi^(-2)*I*g2*MDelta1^2*esfull(1) - 108*DEN[MDelta1,MN]^2*Log[
   MDelta1^2]*p2.pol3*sSS*FourPi^(-2)*I*g2*MDelta1^4*esfull(1) - 54*
   DEN[MDelta1,MN]^2*Log[MDelta1^2]*p3.pol3*sSS*FourPi^(-2)*I*g2*
   MDelta1^4*esfull(1) - 12*DEN[MDelta1,MN]*Log[MDelta1^2]*p2.p3*
   p3.pol3*sSS^3*FourPi^(-2)*I*g2*esfull(1) + 12*DEN[MDelta1,MN]*Log[
   MDelta1^2]*p2.pol3*p3.p3*sSS^3*FourPi^(-2)*I*g2*esfull(1) - 12*Log[
   MN^2]*p2.p3*p3.pol3*sSS^3*FourPi^(-2)*I*g2*MN^(-2)*esfull(2) + 12*
   Log[MN^2]*p2.pol3*p3.p3*sSS^3*FourPi^(-2)*I*g2*MN^(-2)*esfull(2) - 
   36*Log[MN^2]*p2.pol3*sSS*FourPi^(-2)*I*g2*esfull(2) - 18*Log[MN^2]*
   p3.pol3*sSS*FourPi^(-2)*I*g2*esfull(2)];
    esfull(5)=G[24*p2.p2*p2.pol3*sSS^3*FourPi^(-2)*I*g2*MDelta1^(-2)*
   esfull(3) + 12*p2.p2*p3.pol3*sSS^3*FourPi^(-2)*I*g2*MDelta1^(-2)*
   esfull(3) + 24*p2.p3*p2.pol3*sSS^3*FourPi^(-2)*I*g2*MDelta1^(-2)*
   esfull(3) + 4*p2.p3*p3.pol3*sSS^3*FourPi^(-2)*I*g2*MDelta1^(-2)*
   esfull(3) + 20*p2.pol3*p3.p3*sSS^3*FourPi^(-2)*I*g2*MDelta1^(-2)*
   esfull(3) + 18*p2.pol3*sSS*FourPi^(-2)*I*g2*esfull(3) + 36*p2.pol3*
   sSS*FourPi^(-2)*I*invepsilonbar*g2*esfull(3) + 6*p3.p3*p3.pol3*sSS^3
   *FourPi^(-2)*I*g2*MDelta1^(-2)*esfull(3) + 9*p3.pol3*sSS*FourPi^(-2)
   *I*g2*esfull(3) + 18*p3.pol3*sSS*FourPi^(-2)*I*invepsilonbar*g2*
   esfull(3) - 36*Log[MDelta1^2]*p2.pol3*sSS*FourPi^(-2)*I*g2*esfull(3)
    - 18*Log[MDelta1^2]*p3.pol3*sSS*FourPi^(-2)*I*g2*esfull(3)];

