FORM 4.2.1 (Aug 28 2019, v4.2.1-5-g4057c65) 64-bits  Run: Mon Aug 14 15:13:59 2023
    #-

   amplPhiPhiPhiPhibarPhibarPhibar =
       - 2*dd[2,l89,l95]*dd[2,l91,l97]*dd[2,l93,l99]*esfull(10) - 2*dd[
      2,l89,l95]*dd[2,l91,l99]*dd[2,l93,l97]*esfull(10) - 2*dd[2,l89,
      l97]*dd[2,l91,l95]*dd[2,l93,l99]*esfull(10) - 2*dd[2,l89,l97]*dd[
      2,l91,l99]*dd[2,l93,l95]*esfull(10) - 2*dd[2,l89,l99]*dd[2,l91,
      l95]*dd[2,l93,l97]*esfull(10) - 2*dd[2,l89,l99]*dd[2,l91,l97]*dd[
      2,l93,l95]*esfull(10) + ee2[l1,l89]*ee2[l1,l95]*ee2[l2,l91]*ee2[
      l2,l97]*ee2[l3,l93]*ee2[l3,l99]*esfull(11) + ee2[l1,l89]*ee2[l1,
      l95]*ee2[l2,l93]*ee2[l2,l97]*ee2[l3,l91]*ee2[l3,l99]*esfull(11)
       + ee2[l1,l89]*ee2[l1,l97]*ee2[l2,l91]*ee2[l2,l95]*ee2[l3,l93]*
      ee2[l3,l99]*esfull(11) + ee2[l1,l89]*ee2[l1,l97]*ee2[l2,l93]*ee2[
      l2,l95]*ee2[l3,l91]*ee2[l3,l99]*esfull(11) + ee2[l1,l91]*ee2[l1,
      l95]*ee2[l2,l89]*ee2[l2,l97]*ee2[l3,l93]*ee2[l3,l99]*esfull(11)
       + ee2[l1,l91]*ee2[l1,l95]*ee2[l2,l93]*ee2[l2,l97]*ee2[l3,l89]*
      ee2[l3,l99]*esfull(11) + ee2[l1,l91]*ee2[l1,l97]*ee2[l2,l89]*ee2[
      l2,l95]*ee2[l3,l93]*ee2[l3,l99]*esfull(11) + ee2[l1,l91]*ee2[l1,
      l97]*ee2[l2,l93]*ee2[l2,l95]*ee2[l3,l89]*ee2[l3,l99]*esfull(11)
       + ee2[l1,l93]*ee2[l1,l95]*ee2[l2,l89]*ee2[l2,l97]*ee2[l3,l91]*
      ee2[l3,l99]*esfull(11) + ee2[l1,l93]*ee2[l1,l95]*ee2[l2,l91]*ee2[
      l2,l97]*ee2[l3,l89]*ee2[l3,l99]*esfull(11) + ee2[l1,l93]*ee2[l1,
      l97]*ee2[l2,l89]*ee2[l2,l95]*ee2[l3,l91]*ee2[l3,l99]*esfull(11)
       + ee2[l1,l93]*ee2[l1,l97]*ee2[l2,l91]*ee2[l2,l95]*ee2[l3,l89]*
      ee2[l3,l99]*esfull(11);

  34.67 sec out of 36.19 sec
